
 Fujitsu Fortran Version 4.8.1  Thu Nov 24 16:46:38 2022

 Compilation information
   Current directory : /vol0005/mdt2/home/u10588/SRC/lbm/ver.59.01
   Source file       : cbc115.f

 Option information
   Command line options : -Kident_mpi -f2004 -I/vol0005/mdt2/home/u10588/FFB/include -I/include/mpi/fujitsu/ -Kvisimpact,ocl,optmsg=2,openmp -Dcputime -Nlst=t -Cpp -Cfpp -c -I/opt/FJSVxtclanga/.common/MELI028/include/mpi/fujitsu -I/opt/FJSVxtclanga/.common/MELI028/lib64 -Knointentopt
   Cpp options          : -I/vol0005/mdt2/home/u10588/FFB/include -I/include/mpi/fujitsu/ -Dcputime -I/opt/FJSVxtclanga/.common/MELI028/include/mpi/fujitsu -I/opt/FJSVxtclanga/.common/MELI028/lib64 -Dunix -Dlinux -D__FUJITSU -D__FRT_major__=4 -D__FRT_minor__=8 -D__FRT_patchlevel__=1 -D__FRT_version__="4.8.1" -D__aarch64__ -D__unix -D_OPENMP=201511 -D__frt_version=800 -D__ARM_ARCH=8 -D__ARM_FEATURE_SVE -D__ELF__ -D__unix__ -D__linux__ -D__linux -Asystem(unix) -otmp
   Effective options    : -fi -g0 -AE -Fixed -O3 -X08
                          -x0 -xaccept=nomodule_allocatable
                          -KA64FX -KARMV8_3_A -KSVE -Kalign_commons
                          -Kalign_loops -Knoarray_declaration_opt
                          -Kassume=noshortloop -Kassume=nomemory_bandwidth
                          -Kassume=notime_saving_compilation -Kauto
                          -Kautoobjstack -Knocalleralloc -Kcmodel=small
                          -Keval -Keval_noconcurrent -Knoextract_stride_store
                          -Knofenv_access -Kfp_contract -Kfp_relaxed
                          -Kfsimple -Kfz -Khpctag -Kilfunc=procedure
                          -Knointentopt -Klargepage -Kloop_blocking
                          -Kloop_fission -Kloop_nofission_stripmining
                          -Kloop_fission_threshold=50 -Kloop_fusion
                          -Kloop_interchange -Kloop_part_parallel
                          -Kloop_part_simd -Kloop_perfect_nest
                          -Kloop_noversioning -Knolto -Kmfunc=1 -Kocl
                          -Komitfp -Knooptlib_string -Koptmsg=2
                          -Knopc_relative_literal_loads -Kplt -Knopreex
                          -Kprefetch_noconditional -Kprefetch_noindirect
                          -Kprefetch_sequential=auto -Kprefetch_nostride
                          -Kprefetch_cache_level=all -Kprefetch_noinfer
                          -Kprefetch_strong -Kprefetch_strong_L2 -Knopreload
                          -Ksch_post_ra -Ksch_pre_ra -Ksibling_calls
                          -Ksimd=auto -Ksimd_packed_promotion
                          -Ksimd_reduction_product -Ksimd_reg_size=512
                          -Ksimd_nouncounted_loop
                          -Ksimd_use_multiple_structures -Knostriping
                          -Knosubscript_opt -Kswp -Kswp_freg_rate=100
                          -Kswp_ireg_rate=100 -Kswp_preg_rate=100
                          -Kswp_policy=auto -Ktemparraystack -Kunroll
                          -Knounroll_and_jam -Knozfill
                          -Kopenmp -Kopenmp_noassume_norecurrence
                          -Kopenmp_nocollapse_except_innermost
                          -Kopenmp_noordered_reduction -Knoopenmp_simd
                          -Kthreadsafe -Kparallel -Kparallel_nofp_precision
                          -Knoarray_private -Knodynamic_iteration -Kreduction
                          -Kregion_extension
                          -Nallextput -Nalloc_assign
                          -Ncancel_overtime_compilation -Nnocheck_global
                          -Nnocoarray -Nnocompdisp -Nnocopyarg -Nnocoverage
                          -Nfjprof -Nfreealloc -Nf90move -Nnohook_func
                          -Nnohook_time -Nlibomp -Nline -Nlst -Nlst=p -Nlst=t
                          -Nnomallocfree -Nnoobsfun -Nnoprivatealloc
                          -Nquickdbg=noargchk -Nquickdbg=nosubchk
                          -Nquickdbg=noundef -NRnotrap -Nnorecursive
                          -Nnoreordered_variable_stack -Nrt_notune -Nnosave
                          -Nsetvalue=noheap -Nsetvalue=nostack
                          -Nsetvalue=noscalar -Nsetvalue=noarray
                          -Nsetvalue=nostruct -Nuse_rodata

 External subroutine subprogram "CBC115"
  (line-no.)(nest)(optimize)
          1                           SUBROUTINE CBC115(NG,NP,ILEVEL,IPOSI,F,FBC2)
          2                           IMPLICIT NONE
          3                           INTEGER*4 NG,NP,ILEVEL,IPOSI
          4                           REAL*8    F(0:NG+2,0:NG+2,0:NG+2,NP),FBC2(NP,NG+1)
          5                           INTEGER*4 I,J,K,I1,J1,K1,I2,J2,K2
          6                     C
          7                     C     ====FUNCTION====
          8                     C     SET B.C. DATA TO F FROM EDGE-TYPE B.C. BUFFER WITH B.C. FLAG-TYPE OF 015
          9                     C     NOTE THAT B.C. TYPE IS DEFINED AT SEND-SIDE CUBE
         10                     C
         11                     C     ====VARIABLES LIST====
         12                     C
         13                     C[IN]
         14                     C     NG            :GRID SIZE (2^N)
         15                     C     NP            :NUMBER OF PARTICLES (=15)
         16                     C     ILEVEL        :LEVEL (RESOLUTION) OF RECIEVE SIDE CUBE
         17                     C     FBC2 (II,I)   :WORK REGION FOR FACE-TYPE  B.C. GROUPS
         18                     C
         19                     C[OUT]
         20                     C     F(I,J,K,IP)   :PARTICLE DISTRIBUTION FUNCTION
         21                     C
         22                           I=NG+2
         23                           J=NG+2
         24                           IF(ILEVEL.EQ.-1) I=NG+1
         25                           IF(ILEVEL.EQ.-1) J=NG+1
         26     1                     IF(ILEVEL.EQ.0 .OR. ILEVEL.EQ.-1) THEN
                              <<< Loop-information Start >>>
                              <<<  [PARALLELIZATION]
                              <<<    Standard iteration count: 7
                              <<<  [OPTIMIZATION]
                              <<<    PREFETCH(HARD) Expected by compiler :
                              <<<      FBC2
                              <<< Loop-information  End >>>
         27     2  pp                     DO 1000 K=1,NG+1
                              <<< Loop-information Start >>>
                              <<<  [OPTIMIZATION]
                              <<<    SIMD(VL: 8)
                              <<<    SOFTWARE PIPELINING(IPC: 2.75, ITR: 112, MVE: 4, POL: S)
                              <<<    PREFETCH(HARD) Expected by compiler :
                              <<<      FBC2
                              <<< Loop-information  End >>>
         28     2   p   2v                    F(I,J,K,1:NP)=FBC2(1:NP,K)
         29     2   p            1000     CONTINUE
         30     1                     ELSE
         31     1               C
         32     2                         IF(IPOSI.EQ.1) THEN
         33     2                             K1=0
         34     2                         ELSE IF(IPOSI.EQ.2) THEN
         35     2                             K1=NG/2
         36     2                         ELSE
         37     2                             RETURN
         38     2                         ENDIF
         39     1               C
                              <<< Loop-information Start >>>
                              <<<  [PARALLELIZATION]
                              <<<    Standard iteration count: 7
                              <<<  [OPTIMIZATION]
                              <<<    PREFETCH(HARD) Expected by compiler :
                              <<<      FBC2
                              <<< Loop-information  End >>>
         40     2  pp                     DO 2000 K=1,NG/2+1
         41     2   p                         K2=K1+K
                              <<< Loop-information Start >>>
                              <<<  [OPTIMIZATION]
                              <<<    SIMD(VL: 8)
                              <<<    SOFTWARE PIPELINING(IPC: 2.75, ITR: 112, MVE: 4, POL: S)
                              <<<    PREFETCH(HARD) Expected by compiler :
                              <<<      FBC2
                              <<< Loop-information  End >>>
         42     2   p   2v                    F(I,J,K2,1:NP)=FBC2(1:NP,K)
         43     2   p            2000     CONTINUE
         44     1               C
         45     1                     ENDIF
         46                     
         47                           RETURN
         48                           END

 Diagnostic messages: program name(CBC115)
   jwd2006i-i  "cbc115.f", line 5: 'J2' is declared but never referenced.
   jwd2006i-i  "cbc115.f", line 5: 'I2' is declared but never referenced.
   jwd2006i-i  "cbc115.f", line 5: 'J1' is declared but never referenced.
   jwd2006i-i  "cbc115.f", line 5: 'I1' is declared but never referenced.
   jwd5001p-i  "cbc115.f", line 27: DO loop with DO variable 'K' is parallelized.
   jwd6003s-i  "cbc115.f", line 28: SIMD conversion is applied to array description.
   jwd8204o-i  "cbc115.f", line 28: This loop is software pipelined.
   jwd8205o-i  "cbc115.f", line 28: The software-pipelined loop is chosen at run time when the iteration count is greater than or equal to 112.
   jwd5001p-i  "cbc115.f", line 40: DO loop with DO variable 'K' is parallelized.
   jwd6003s-i  "cbc115.f", line 42: SIMD conversion is applied to array description.
   jwd8204o-i  "cbc115.f", line 42: This loop is software pipelined.
   jwd8205o-i  "cbc115.f", line 42: The software-pipelined loop is chosen at run time when the iteration count is greater than or equal to 112.

 Procedure information
   Lines      : 48
   Statements : 28
   Stack(byte): 1152
   Prefetch num: 0

 Total information
   Procedures       : 1
   Total lines      : 48
   Total statements : 28
   Total stack(byte): 1152
   Total prefetch num: 0

