
 Fujitsu Fortran Version 4.8.1  Thu Nov 24 16:46:40 2022

 Compilation information
   Current directory : /vol0005/mdt2/home/u10588/SRC/lbm/ver.59.01
   Source file       : cbc219.f

 Option information
   Command line options : -Kident_mpi -f2004 -I/vol0005/mdt2/home/u10588/FFB/include -I/include/mpi/fujitsu/ -Kvisimpact,ocl,optmsg=2,openmp -Dcputime -Nlst=t -Cpp -Cfpp -c -I/opt/FJSVxtclanga/.common/MELI028/include/mpi/fujitsu -I/opt/FJSVxtclanga/.common/MELI028/lib64 -Knointentopt
   Cpp options          : -I/vol0005/mdt2/home/u10588/FFB/include -I/include/mpi/fujitsu/ -Dcputime -I/opt/FJSVxtclanga/.common/MELI028/include/mpi/fujitsu -I/opt/FJSVxtclanga/.common/MELI028/lib64 -Dunix -Dlinux -D__FUJITSU -D__FRT_major__=4 -D__FRT_minor__=8 -D__FRT_patchlevel__=1 -D__FRT_version__="4.8.1" -D__aarch64__ -D__unix -D_OPENMP=201511 -D__frt_version=800 -D__ARM_ARCH=8 -D__ARM_FEATURE_SVE -D__ELF__ -D__unix__ -D__linux__ -D__linux -Asystem(unix) -otmp
   Effective options    : -fi -g0 -AE -Fixed -O3 -X08
                          -x0 -xaccept=nomodule_allocatable
                          -KA64FX -KARMV8_3_A -KSVE -Kalign_commons
                          -Kalign_loops -Knoarray_declaration_opt
                          -Kassume=noshortloop -Kassume=nomemory_bandwidth
                          -Kassume=notime_saving_compilation -Kauto
                          -Kautoobjstack -Knocalleralloc -Kcmodel=small
                          -Keval -Keval_noconcurrent -Knoextract_stride_store
                          -Knofenv_access -Kfp_contract -Kfp_relaxed
                          -Kfsimple -Kfz -Khpctag -Kilfunc=procedure
                          -Knointentopt -Klargepage -Kloop_blocking
                          -Kloop_fission -Kloop_nofission_stripmining
                          -Kloop_fission_threshold=50 -Kloop_fusion
                          -Kloop_interchange -Kloop_part_parallel
                          -Kloop_part_simd -Kloop_perfect_nest
                          -Kloop_noversioning -Knolto -Kmfunc=1 -Kocl
                          -Komitfp -Knooptlib_string -Koptmsg=2
                          -Knopc_relative_literal_loads -Kplt -Knopreex
                          -Kprefetch_noconditional -Kprefetch_noindirect
                          -Kprefetch_sequential=auto -Kprefetch_nostride
                          -Kprefetch_cache_level=all -Kprefetch_noinfer
                          -Kprefetch_strong -Kprefetch_strong_L2 -Knopreload
                          -Ksch_post_ra -Ksch_pre_ra -Ksibling_calls
                          -Ksimd=auto -Ksimd_packed_promotion
                          -Ksimd_reduction_product -Ksimd_reg_size=512
                          -Ksimd_nouncounted_loop
                          -Ksimd_use_multiple_structures -Knostriping
                          -Knosubscript_opt -Kswp -Kswp_freg_rate=100
                          -Kswp_ireg_rate=100 -Kswp_preg_rate=100
                          -Kswp_policy=auto -Ktemparraystack -Kunroll
                          -Knounroll_and_jam -Knozfill
                          -Kopenmp -Kopenmp_noassume_norecurrence
                          -Kopenmp_nocollapse_except_innermost
                          -Kopenmp_noordered_reduction -Knoopenmp_simd
                          -Kthreadsafe -Kparallel -Kparallel_nofp_precision
                          -Knoarray_private -Knodynamic_iteration -Kreduction
                          -Kregion_extension
                          -Nallextput -Nalloc_assign
                          -Ncancel_overtime_compilation -Nnocheck_global
                          -Nnocoarray -Nnocompdisp -Nnocopyarg -Nnocoverage
                          -Nfjprof -Nfreealloc -Nf90move -Nnohook_func
                          -Nnohook_time -Nlibomp -Nline -Nlst -Nlst=p -Nlst=t
                          -Nnomallocfree -Nnoobsfun -Nnoprivatealloc
                          -Nquickdbg=noargchk -Nquickdbg=nosubchk
                          -Nquickdbg=noundef -NRnotrap -Nnorecursive
                          -Nnoreordered_variable_stack -Nrt_notune -Nnosave
                          -Nsetvalue=noheap -Nsetvalue=nostack
                          -Nsetvalue=noscalar -Nsetvalue=noarray
                          -Nsetvalue=nostruct -Nuse_rodata

 External subroutine subprogram "CBC219"
  (line-no.)(nest)(optimize)
          1                           SUBROUTINE CBC219(NG,NP,BUFSND,FBC3)
          2                           IMPLICIT NONE
          3                           INTEGER*4 NG,NP
          4                           REAL*8    FBC3(NP)
          5                           REAL*8    BUFSND(*)
          6                           INTEGER*4 IP
          7                     C
                              <<< Loop-information Start >>>
                              <<<  [PARALLELIZATION]
                              <<<    Standard iteration count: 1455
                              <<<  [OPTIMIZATION]
                              <<<    SIMD(VL: 8)
                              <<<    SOFTWARE PIPELINING(IPC: 2.00, ITR: 160, MVE: 3, POL: S)
                              <<<    PREFETCH(HARD) Expected by compiler :
                              <<<      FBC3, BUFSND
                              <<< Loop-information  End >>>
          8     1  pp   4v            DO 1000 IP=1,NP
          9     1   p   4v                BUFSND(IP)=FBC3(IP)
         10     1   p   4v       1000 CONTINUE
         11                     C
         12                           RETURN
         13                           END

 Diagnostic messages: program name(CBC219)
   jwd2008i-i  "cbc219.f", line 1: Dummy argument 'NG' not used in this subprogram.
   jwd5001p-i  "cbc219.f", line 8: DO loop with DO variable 'IP' is parallelized.
   jwd6001s-i  "cbc219.f", line 8: SIMD conversion is applied to DO loop with DO variable 'IP'.
   jwd8204o-i  "cbc219.f", line 8: This loop is software pipelined.
   jwd8205o-i  "cbc219.f", line 8: The software-pipelined loop is chosen at run time when the iteration count is greater than or equal to 160.

 Procedure information
   Lines      : 13
   Statements : 11
   Stack(byte): 768
   Prefetch num: 0

 Total information
   Procedures       : 1
   Total lines      : 13
   Total statements : 11
   Total stack(byte): 768
   Total prefetch num: 0

