
 Fujitsu Fortran Version 4.8.1  Thu Nov 24 16:46:39 2022

 Compilation information
   Current directory : /vol0005/mdt2/home/u10588/SRC/lbm/ver.59.01
   Source file       : cbc207.f

 Option information
   Command line options : -Kident_mpi -f2004 -I/vol0005/mdt2/home/u10588/FFB/include -I/include/mpi/fujitsu/ -Kvisimpact,ocl,optmsg=2,openmp -Dcputime -Nlst=t -Cpp -Cfpp -c -I/opt/FJSVxtclanga/.common/MELI028/include/mpi/fujitsu -I/opt/FJSVxtclanga/.common/MELI028/lib64 -Knointentopt
   Cpp options          : -I/vol0005/mdt2/home/u10588/FFB/include -I/include/mpi/fujitsu/ -Dcputime -I/opt/FJSVxtclanga/.common/MELI028/include/mpi/fujitsu -I/opt/FJSVxtclanga/.common/MELI028/lib64 -Dunix -Dlinux -D__FUJITSU -D__FRT_major__=4 -D__FRT_minor__=8 -D__FRT_patchlevel__=1 -D__FRT_version__="4.8.1" -D__aarch64__ -D__unix -D_OPENMP=201511 -D__frt_version=800 -D__ARM_ARCH=8 -D__ARM_FEATURE_SVE -D__ELF__ -D__unix__ -D__linux__ -D__linux -Asystem(unix) -otmp
   Effective options    : -fi -g0 -AE -Fixed -O3 -X08
                          -x0 -xaccept=nomodule_allocatable
                          -KA64FX -KARMV8_3_A -KSVE -Kalign_commons
                          -Kalign_loops -Knoarray_declaration_opt
                          -Kassume=noshortloop -Kassume=nomemory_bandwidth
                          -Kassume=notime_saving_compilation -Kauto
                          -Kautoobjstack -Knocalleralloc -Kcmodel=small
                          -Keval -Keval_noconcurrent -Knoextract_stride_store
                          -Knofenv_access -Kfp_contract -Kfp_relaxed
                          -Kfsimple -Kfz -Khpctag -Kilfunc=procedure
                          -Knointentopt -Klargepage -Kloop_blocking
                          -Kloop_fission -Kloop_nofission_stripmining
                          -Kloop_fission_threshold=50 -Kloop_fusion
                          -Kloop_interchange -Kloop_part_parallel
                          -Kloop_part_simd -Kloop_perfect_nest
                          -Kloop_noversioning -Knolto -Kmfunc=1 -Kocl
                          -Komitfp -Knooptlib_string -Koptmsg=2
                          -Knopc_relative_literal_loads -Kplt -Knopreex
                          -Kprefetch_noconditional -Kprefetch_noindirect
                          -Kprefetch_sequential=auto -Kprefetch_nostride
                          -Kprefetch_cache_level=all -Kprefetch_noinfer
                          -Kprefetch_strong -Kprefetch_strong_L2 -Knopreload
                          -Ksch_post_ra -Ksch_pre_ra -Ksibling_calls
                          -Ksimd=auto -Ksimd_packed_promotion
                          -Ksimd_reduction_product -Ksimd_reg_size=512
                          -Ksimd_nouncounted_loop
                          -Ksimd_use_multiple_structures -Knostriping
                          -Knosubscript_opt -Kswp -Kswp_freg_rate=100
                          -Kswp_ireg_rate=100 -Kswp_preg_rate=100
                          -Kswp_policy=auto -Ktemparraystack -Kunroll
                          -Knounroll_and_jam -Knozfill
                          -Kopenmp -Kopenmp_noassume_norecurrence
                          -Kopenmp_nocollapse_except_innermost
                          -Kopenmp_noordered_reduction -Knoopenmp_simd
                          -Kthreadsafe -Kparallel -Kparallel_nofp_precision
                          -Knoarray_private -Knodynamic_iteration -Kreduction
                          -Kregion_extension
                          -Nallextput -Nalloc_assign
                          -Ncancel_overtime_compilation -Nnocheck_global
                          -Nnocoarray -Nnocompdisp -Nnocopyarg -Nnocoverage
                          -Nfjprof -Nfreealloc -Nf90move -Nnohook_func
                          -Nnohook_time -Nlibomp -Nline -Nlst -Nlst=p -Nlst=t
                          -Nnomallocfree -Nnoobsfun -Nnoprivatealloc
                          -Nquickdbg=noargchk -Nquickdbg=nosubchk
                          -Nquickdbg=noundef -NRnotrap -Nnorecursive
                          -Nnoreordered_variable_stack -Nrt_notune -Nnosave
                          -Nsetvalue=noheap -Nsetvalue=nostack
                          -Nsetvalue=noscalar -Nsetvalue=noarray
                          -Nsetvalue=nostruct -Nuse_rodata

 External subroutine subprogram "CBC207"
  (line-no.)(nest)(optimize)
          1                           SUBROUTINE CBC207(NG,NP,BUFSND,FBC2)
          2                           IMPLICIT NONE
          3                           INTEGER*4 NG,NP
          4                           REAL*8    FBC2(NP,NG+1)
          5                           REAL*8    BUFSND(*)
          6                           INTEGER*4 I,IP,II
          7                     C
          8                           II=0
                              <<< Loop-information Start >>>
                              <<<  [OPTIMIZATION]
                              <<<    PREFETCH(HARD) Expected by compiler :
                              <<<      FBC2, BUFSND
                              <<< Loop-information  End >>>
          9     1                     DO 1000 I =1,NG+1
                              <<< Loop-information Start >>>
                              <<<  [PARALLELIZATION]
                              <<<    Standard iteration count: 1231
                              <<<  [OPTIMIZATION]
                              <<<    SIMD(VL: 8)
                              <<<    SOFTWARE PIPELINING(IPC: 3.00, ITR: 144, MVE: 5, POL: S)
                              <<<    PREFETCH(HARD) Expected by compiler :
                              <<<      FBC2, BUFSND
                              <<< Loop-information  End >>>
         10     2  pp   2v            DO 1100 IP=1,NP
         11     2   p   2v                II=II+1
         12     2   p   2v                BUFSND(II)=FBC2(IP,I)
         13     2   p   2v       1100 CONTINUE
         14     1                1000 CONTINUE
         15                     C
         16                           RETURN
         17                           END

 Diagnostic messages: program name(CBC207)
   jwd5202p-i  "cbc207.f", line 9: DO loop is not parallelized: data dependency of variable 'II' may cause different results from serial execution for loop.
   jwd5208p-i  "cbc207.f", line 9: DO loop is not parallelized: the assign-refer order of 'BUFSND' in a parallel execution may differ from the assign-refer order in the serial execution.
   jwd5001p-i  "cbc207.f", line 10: DO loop with DO variable 'IP' is parallelized.
   jwd6001s-i  "cbc207.f", line 10: SIMD conversion is applied to DO loop with DO variable 'IP'.
   jwd8204o-i  "cbc207.f", line 10: This loop is software pipelined.
   jwd8205o-i  "cbc207.f", line 10: The software-pipelined loop is chosen at run time when the iteration count is greater than or equal to 144.

 Procedure information
   Lines      : 17
   Statements : 15
   Stack(byte): 768
   Prefetch num: 0

 Total information
   Procedures       : 1
   Total lines      : 17
   Total statements : 15
   Total stack(byte): 768
   Total prefetch num: 0

