
 Fujitsu Fortran Version 4.8.1  Thu Nov 24 16:46:10 2022

 Compilation information
   Current directory : /vol0005/mdt2/home/u10588/SRC/lbm/ver.59.01
   Source file       : chkdup.f

 Option information
   Command line options : -Kident_mpi -f2004 -I/vol0005/mdt2/home/u10588/FFB/include -I/include/mpi/fujitsu/ -Kvisimpact,ocl,optmsg=2,openmp -Dcputime -Nlst=t -Cpp -Cfpp -c -I/opt/FJSVxtclanga/.common/MELI028/include/mpi/fujitsu -I/opt/FJSVxtclanga/.common/MELI028/lib64 -Knointentopt
   Cpp options          : -I/vol0005/mdt2/home/u10588/FFB/include -I/include/mpi/fujitsu/ -Dcputime -I/opt/FJSVxtclanga/.common/MELI028/include/mpi/fujitsu -I/opt/FJSVxtclanga/.common/MELI028/lib64 -Dunix -Dlinux -D__FUJITSU -D__FRT_major__=4 -D__FRT_minor__=8 -D__FRT_patchlevel__=1 -D__FRT_version__="4.8.1" -D__aarch64__ -D__unix -D_OPENMP=201511 -D__frt_version=800 -D__ARM_ARCH=8 -D__ARM_FEATURE_SVE -D__ELF__ -D__unix__ -D__linux__ -D__linux -Asystem(unix) -otmp
   Effective options    : -fi -g0 -AE -Fixed -O3 -X08
                          -x0 -xaccept=nomodule_allocatable
                          -KA64FX -KARMV8_3_A -KSVE -Kalign_commons
                          -Kalign_loops -Knoarray_declaration_opt
                          -Kassume=noshortloop -Kassume=nomemory_bandwidth
                          -Kassume=notime_saving_compilation -Kauto
                          -Kautoobjstack -Knocalleralloc -Kcmodel=small
                          -Keval -Keval_noconcurrent -Knoextract_stride_store
                          -Knofenv_access -Kfp_contract -Kfp_relaxed
                          -Kfsimple -Kfz -Khpctag -Kilfunc=procedure
                          -Knointentopt -Klargepage -Kloop_blocking
                          -Kloop_fission -Kloop_nofission_stripmining
                          -Kloop_fission_threshold=50 -Kloop_fusion
                          -Kloop_interchange -Kloop_part_parallel
                          -Kloop_part_simd -Kloop_perfect_nest
                          -Kloop_noversioning -Knolto -Kmfunc=1 -Kocl
                          -Komitfp -Knooptlib_string -Koptmsg=2
                          -Knopc_relative_literal_loads -Kplt -Knopreex
                          -Kprefetch_noconditional -Kprefetch_noindirect
                          -Kprefetch_sequential=auto -Kprefetch_nostride
                          -Kprefetch_cache_level=all -Kprefetch_noinfer
                          -Kprefetch_strong -Kprefetch_strong_L2 -Knopreload
                          -Ksch_post_ra -Ksch_pre_ra -Ksibling_calls
                          -Ksimd=auto -Ksimd_packed_promotion
                          -Ksimd_reduction_product -Ksimd_reg_size=512
                          -Ksimd_nouncounted_loop
                          -Ksimd_use_multiple_structures -Knostriping
                          -Knosubscript_opt -Kswp -Kswp_freg_rate=100
                          -Kswp_ireg_rate=100 -Kswp_preg_rate=100
                          -Kswp_policy=auto -Ktemparraystack -Kunroll
                          -Knounroll_and_jam -Knozfill
                          -Kopenmp -Kopenmp_noassume_norecurrence
                          -Kopenmp_nocollapse_except_innermost
                          -Kopenmp_noordered_reduction -Knoopenmp_simd
                          -Kthreadsafe -Kparallel -Kparallel_nofp_precision
                          -Knoarray_private -Knodynamic_iteration -Kreduction
                          -Kregion_extension
                          -Nallextput -Nalloc_assign
                          -Ncancel_overtime_compilation -Nnocheck_global
                          -Nnocoarray -Nnocompdisp -Nnocopyarg -Nnocoverage
                          -Nfjprof -Nfreealloc -Nf90move -Nnohook_func
                          -Nnohook_time -Nlibomp -Nline -Nlst -Nlst=p -Nlst=t
                          -Nnomallocfree -Nnoobsfun -Nnoprivatealloc
                          -Nquickdbg=noargchk -Nquickdbg=nosubchk
                          -Nquickdbg=noundef -NRnotrap -Nnorecursive
                          -Nnoreordered_variable_stack -Nrt_notune -Nnosave
                          -Nsetvalue=noheap -Nsetvalue=nostack
                          -Nsetvalue=noscalar -Nsetvalue=noarray
                          -Nsetvalue=nostruct -Nuse_rodata

 External subroutine subprogram "CHKDUP"
  (line-no.)(nest)(optimize)
          1                           SUBROUTINE CHKDUP(NP,NG,MPBOUN,NPBOUN,LPBOUN,LWORK,IERR)
          2                           IMPLICIT NONE
          3                           INTEGER*4 NP,NG,IERR
          4                           INTEGER*4 MPBOUN,NPBOUN,LPBOUN(5,MPBOUN)
          5                           INTEGER*4 LWORK(NP,NG+1,NG+1,NG+1)
          6                           INTEGER*4 I,J,K,IP,IPB
          7                     C
          8                           IERR=0
          9                     C
                              <<< Loop-information Start >>>
                              <<<  [PARALLELIZATION]
                              <<<    Standard iteration count: 1455
                              <<<  [OPTIMIZATION]
                              <<<    COLLAPSED
                              <<<    SIMD(VL: 16)
                              <<<    PREFETCH(HARD) Expected by compiler :
                              <<<      LWORK
                              <<< Loop-information  End >>>
         10     1  pp   4v            DO 100 K =1,NG+1
                              <<< Loop-information Start >>>
                              <<<  [OPTIMIZATION]
                              <<<    COLLAPSED
                              <<< Loop-information  End >>>
         11     2   p   4             DO 110 J =1,NG+1
                              <<< Loop-information Start >>>
                              <<<  [OPTIMIZATION]
                              <<<    COLLAPSED
                              <<< Loop-information  End >>>
         12     3   p   4             DO 120 I =1,NG+1
                              <<< Loop-information Start >>>
                              <<<  [OPTIMIZATION]
                              <<<    COLLAPSED
                              <<< Loop-information  End >>>
         13     4   p   4             DO 130 IP=1,NP
         14     4   p   4v                LWORK(IP,I,J,K)=0
         15     4   p   4v        130 CONTINUE
         16     3   p             120 CONTINUE
         17     2   p             110 CONTINUE
         18     1   p             100 CONTINUE
         19                     C
                              <<< Loop-information Start >>>
                              <<<  [OPTIMIZATION]
                              <<<    PREFETCH(HARD) Expected by compiler :
                              <<<      LPBOUN
                              <<< Loop-information  End >>>
         20     1                     DO 200 IPB=1,NPBOUN
         21     1                         I =LPBOUN(1,IPB)
         22     1                         J =LPBOUN(2,IPB)
         23     1                         K =LPBOUN(3,IPB)
         24     1                         IP=LPBOUN(4,IPB)
         25     2                         IF(LWORK(IP,I,J,K).EQ.1) THEN
         26     2                             IERR=1
         27     2                             RETURN
         28     2                         ENDIF
         29     1                         LWORK(IP,I,J,K)=1
         30     1                200  CONTINUE
         31                     C
         32                           RETURN
         33                           END

 Diagnostic messages: program name(CHKDUP)
   jwd8220o-i  "chkdup.f", line 1: Optimizations is performed in this program unit with possibility of side effects. See informational messages below to determine which such optimizations have been performed.
   jwd6002s-i  "chkdup.f", line 10: SIMD conversion is applied to DO loop.
   jwd8663o-i  "chkdup.f", line 10: This loop is not software pipelined because the software pipelining does not improve the performance.
   jwd8202o-i  "chkdup.f", line 10: Loop unrolled 4 times.
   jwd5002p-i  "chkdup.f", line 13: DO loop is parallelized.
   jwd8209o-i  "chkdup.f", line 14: Evaluation order of polynomial expression is changed according to commutative law of addition and multiplication.
   jwd8330o-i  "chkdup.f", line 14: Nested DO loops were coalesced into a single loop by DO variables K,...,IP.
   jwd5131p-i  "chkdup.f", line 20: DO loop is not parallelized: multiple exits were found in the loop.
   jwd6131s-i  "chkdup.f", line 20: SIMD conversion cannot be applied to DO loop: multiple exits are found in the loop.
   jwd8671o-i  "chkdup.f", line 20: This loop cannot be software pipelined because the shape of the loop is not covered by software pipelining.

 Procedure information
   Lines      : 33
   Statements : 29
   Stack(byte): 752
   Prefetch num: 0

 Total information
   Procedures       : 1
   Total lines      : 33
   Total statements : 29
   Total stack(byte): 752
   Total prefetch num: 0

