
 Fujitsu Fortran Version 4.8.1  Thu Nov 24 16:46:04 2022

 Compilation information
   Current directory : /vol0005/mdt2/home/u10588/SRC/lbm/ver.59.01
   Source file       : chksrf.f

 Option information
   Command line options : -Kident_mpi -f2004 -I/vol0005/mdt2/home/u10588/FFB/include -I/include/mpi/fujitsu/ -Kvisimpact,ocl,optmsg=2,openmp -Dcputime -Nlst=t -Cpp -Cfpp -c -I/opt/FJSVxtclanga/.common/MELI028/include/mpi/fujitsu -I/opt/FJSVxtclanga/.common/MELI028/lib64 -Knointentopt
   Cpp options          : -I/vol0005/mdt2/home/u10588/FFB/include -I/include/mpi/fujitsu/ -Dcputime -I/opt/FJSVxtclanga/.common/MELI028/include/mpi/fujitsu -I/opt/FJSVxtclanga/.common/MELI028/lib64 -Dunix -Dlinux -D__FUJITSU -D__FRT_major__=4 -D__FRT_minor__=8 -D__FRT_patchlevel__=1 -D__FRT_version__="4.8.1" -D__aarch64__ -D__unix -D_OPENMP=201511 -D__frt_version=800 -D__ARM_ARCH=8 -D__ARM_FEATURE_SVE -D__ELF__ -D__unix__ -D__linux__ -D__linux -Asystem(unix) -otmp
   Effective options    : -fi -g0 -AE -Fixed -O3 -X08
                          -x0 -xaccept=nomodule_allocatable
                          -KA64FX -KARMV8_3_A -KSVE -Kalign_commons
                          -Kalign_loops -Knoarray_declaration_opt
                          -Kassume=noshortloop -Kassume=nomemory_bandwidth
                          -Kassume=notime_saving_compilation -Kauto
                          -Kautoobjstack -Knocalleralloc -Kcmodel=small
                          -Keval -Keval_noconcurrent -Knoextract_stride_store
                          -Knofenv_access -Kfp_contract -Kfp_relaxed
                          -Kfsimple -Kfz -Khpctag -Kilfunc=procedure
                          -Knointentopt -Klargepage -Kloop_blocking
                          -Kloop_fission -Kloop_nofission_stripmining
                          -Kloop_fission_threshold=50 -Kloop_fusion
                          -Kloop_interchange -Kloop_part_parallel
                          -Kloop_part_simd -Kloop_perfect_nest
                          -Kloop_noversioning -Knolto -Kmfunc=1 -Kocl
                          -Komitfp -Knooptlib_string -Koptmsg=2
                          -Knopc_relative_literal_loads -Kplt -Knopreex
                          -Kprefetch_noconditional -Kprefetch_noindirect
                          -Kprefetch_sequential=auto -Kprefetch_nostride
                          -Kprefetch_cache_level=all -Kprefetch_noinfer
                          -Kprefetch_strong -Kprefetch_strong_L2 -Knopreload
                          -Ksch_post_ra -Ksch_pre_ra -Ksibling_calls
                          -Ksimd=auto -Ksimd_packed_promotion
                          -Ksimd_reduction_product -Ksimd_reg_size=512
                          -Ksimd_nouncounted_loop
                          -Ksimd_use_multiple_structures -Knostriping
                          -Knosubscript_opt -Kswp -Kswp_freg_rate=100
                          -Kswp_ireg_rate=100 -Kswp_preg_rate=100
                          -Kswp_policy=auto -Ktemparraystack -Kunroll
                          -Knounroll_and_jam -Knozfill
                          -Kopenmp -Kopenmp_noassume_norecurrence
                          -Kopenmp_nocollapse_except_innermost
                          -Kopenmp_noordered_reduction -Knoopenmp_simd
                          -Kthreadsafe -Kparallel -Kparallel_nofp_precision
                          -Knoarray_private -Knodynamic_iteration -Kreduction
                          -Kregion_extension
                          -Nallextput -Nalloc_assign
                          -Ncancel_overtime_compilation -Nnocheck_global
                          -Nnocoarray -Nnocompdisp -Nnocopyarg -Nnocoverage
                          -Nfjprof -Nfreealloc -Nf90move -Nnohook_func
                          -Nnohook_time -Nlibomp -Nline -Nlst -Nlst=p -Nlst=t
                          -Nnomallocfree -Nnoobsfun -Nnoprivatealloc
                          -Nquickdbg=noargchk -Nquickdbg=nosubchk
                          -Nquickdbg=noundef -NRnotrap -Nnorecursive
                          -Nnoreordered_variable_stack -Nrt_notune -Nnosave
                          -Nsetvalue=noheap -Nsetvalue=nostack
                          -Nsetvalue=noscalar -Nsetvalue=noarray
                          -Nsetvalue=nostruct -Nuse_rodata

 External subroutine subprogram "CHKSRF"
  (line-no.)(nest)(optimize)
          1                           SUBROUTINE CHKSRF(MPG,NPSURF,LSURF,LPSURF,CSURF,JSURF)
          2                           IMPLICIT NONE
          3                           INTEGER*4 MPG,NPSURF(2),LSURF(4,MPG,2),LPSURF(MPG,2)
          4                           REAL*8    CSURF(3,MPG,2)
          5                           INTEGER*4 JSURF
          6                     C
          7                           INTEGER*4 NP1,NP2
          8                     C
          9                           NP1=NPSURF(1)
         10                           NP2=NPSURF(2)
         11                     C
         12     1                     IF(NP1.EQ.0 .AND. NP2.EQ.0) THEN
         13     1                         JSURF=0
         14     1                         RETURN
         15     1                     ENDIF
         16                     C
         17                           JSURF=1
         18                           IF(NP1.GT.0 .AND. NP2.GT.0) RETURN
         19                     C
         20     1                     IF(NP1.EQ.0) THEN
         21     1                         NPSURF(1)=1
         22     1                         LSURF (1,1,1)=1
         23     1                         LSURF (2,1,1)=1
         24     1                         LSURF (3,1,1)=1
         25     1                         LSURF (4,1,1)=1
         26     1                         CSURF (1,1,1)=0.0D0
         27     1                         CSURF (2,1,1)=0.0D0
         28     1                         CSURF (3,1,1)=0.0D0
         29     1                         LPSURF(1,1)=0
         30     1                     ENDIF
         31                     C
         32     1                     IF(NP2.EQ.0) THEN
         33     1                         NPSURF(2)=1
         34     1                         LSURF (1,1,2)=1
         35     1                         LSURF (2,1,2)=1
         36     1                         LSURF (3,1,2)=1
         37     1                         LSURF (4,1,2)=1
         38     1                         CSURF (1,1,2)=0.0D0
         39     1                         CSURF (2,1,2)=0.0D0
         40     1                         CSURF (3,1,2)=0.0D0
         41     1                         LPSURF(  1,2)=0
         42     1                     ENDIF
         43                     C
         44                           RETURN
         45                           END

 Procedure information
   Lines      : 45
   Statements : 38
   Stack(byte): 352
   Prefetch num: 0

 Total information
   Procedures       : 1
   Total lines      : 45
   Total statements : 38
   Total stack(byte): 352
   Total prefetch num: 0

