
 Fujitsu Fortran Version 4.8.1  Thu Nov 24 16:46:04 2022

 Compilation information
   Current directory : /vol0005/mdt2/home/u10588/SRC/lbm/ver.59.01
   Source file       : deb001.f

 Option information
   Command line options : -Kident_mpi -f2004 -I/vol0005/mdt2/home/u10588/FFB/include -I/include/mpi/fujitsu/ -Kvisimpact,ocl,optmsg=2,openmp -Dcputime -Nlst=t -Cpp -Cfpp -c -I/opt/FJSVxtclanga/.common/MELI028/include/mpi/fujitsu -I/opt/FJSVxtclanga/.common/MELI028/lib64 -Knointentopt
   Cpp options          : -I/vol0005/mdt2/home/u10588/FFB/include -I/include/mpi/fujitsu/ -Dcputime -I/opt/FJSVxtclanga/.common/MELI028/include/mpi/fujitsu -I/opt/FJSVxtclanga/.common/MELI028/lib64 -Dunix -Dlinux -D__FUJITSU -D__FRT_major__=4 -D__FRT_minor__=8 -D__FRT_patchlevel__=1 -D__FRT_version__="4.8.1" -D__aarch64__ -D__unix -D_OPENMP=201511 -D__frt_version=800 -D__ARM_ARCH=8 -D__ARM_FEATURE_SVE -D__ELF__ -D__unix__ -D__linux__ -D__linux -Asystem(unix) -otmp
   Effective options    : -fi -g0 -AE -Fixed -O3 -X08
                          -x0 -xaccept=nomodule_allocatable
                          -KA64FX -KARMV8_3_A -KSVE -Kalign_commons
                          -Kalign_loops -Knoarray_declaration_opt
                          -Kassume=noshortloop -Kassume=nomemory_bandwidth
                          -Kassume=notime_saving_compilation -Kauto
                          -Kautoobjstack -Knocalleralloc -Kcmodel=small
                          -Keval -Keval_noconcurrent -Knoextract_stride_store
                          -Knofenv_access -Kfp_contract -Kfp_relaxed
                          -Kfsimple -Kfz -Khpctag -Kilfunc=procedure
                          -Knointentopt -Klargepage -Kloop_blocking
                          -Kloop_fission -Kloop_nofission_stripmining
                          -Kloop_fission_threshold=50 -Kloop_fusion
                          -Kloop_interchange -Kloop_part_parallel
                          -Kloop_part_simd -Kloop_perfect_nest
                          -Kloop_noversioning -Knolto -Kmfunc=1 -Kocl
                          -Komitfp -Knooptlib_string -Koptmsg=2
                          -Knopc_relative_literal_loads -Kplt -Knopreex
                          -Kprefetch_noconditional -Kprefetch_noindirect
                          -Kprefetch_sequential=auto -Kprefetch_nostride
                          -Kprefetch_cache_level=all -Kprefetch_noinfer
                          -Kprefetch_strong -Kprefetch_strong_L2 -Knopreload
                          -Ksch_post_ra -Ksch_pre_ra -Ksibling_calls
                          -Ksimd=auto -Ksimd_packed_promotion
                          -Ksimd_reduction_product -Ksimd_reg_size=512
                          -Ksimd_nouncounted_loop
                          -Ksimd_use_multiple_structures -Knostriping
                          -Knosubscript_opt -Kswp -Kswp_freg_rate=100
                          -Kswp_ireg_rate=100 -Kswp_preg_rate=100
                          -Kswp_policy=auto -Ktemparraystack -Kunroll
                          -Knounroll_and_jam -Knozfill
                          -Kopenmp -Kopenmp_noassume_norecurrence
                          -Kopenmp_nocollapse_except_innermost
                          -Kopenmp_noordered_reduction -Knoopenmp_simd
                          -Kthreadsafe -Kparallel -Kparallel_nofp_precision
                          -Knoarray_private -Knodynamic_iteration -Kreduction
                          -Kregion_extension
                          -Nallextput -Nalloc_assign
                          -Ncancel_overtime_compilation -Nnocheck_global
                          -Nnocoarray -Nnocompdisp -Nnocopyarg -Nnocoverage
                          -Nfjprof -Nfreealloc -Nf90move -Nnohook_func
                          -Nnohook_time -Nlibomp -Nline -Nlst -Nlst=p -Nlst=t
                          -Nnomallocfree -Nnoobsfun -Nnoprivatealloc
                          -Nquickdbg=noargchk -Nquickdbg=nosubchk
                          -Nquickdbg=noundef -NRnotrap -Nnorecursive
                          -Nnoreordered_variable_stack -Nrt_notune -Nnosave
                          -Nsetvalue=noheap -Nsetvalue=nostack
                          -Nsetvalue=noscalar -Nsetvalue=noarray
                          -Nsetvalue=nostruct -Nuse_rodata

 External subroutine subprogram "DEB001"
  (line-no.)(nest)(optimize)
          1                           SUBROUTINE DEB001(NG,ITIME,IMODE,IVAR,IPOSI,V3D,ISTOP,IUT6)
          2                           IMPLICIT NONE
          3                           INTEGER*4 NG,ITIME,IVAR,IMODE,IPOSI,ISTOP,IUT6
          4                           REAL*8    V3D(10,0:NG+2,0:NG+2,0:NG+2)
          5                           INTEGER*4 I,J,K
          6                     C
          7                           WRITE(IUT6,*)
          8                           WRITE(IUT6,*) '===ITIME===',ITIME
          9                           IF(IVAR.EQ.1) WRITE(IUT6,*)  '===RHO==='
         10                           IF(IVAR.EQ.2) WRITE(IUT6,*)  '=== U ==='
         11                           IF(IVAR.EQ.3) WRITE(IUT6,*)  '=== V ==='
         12                           IF(IVAR.EQ.4) WRITE(IUT6,*)  '=== W ==='
         13                     C
         14     1                     IF(IMODE.EQ.1) THEN
         15     1                        WRITE(IUT6,*) 'I=   ',IPOSI
                              <<< Loop-information Start >>>
                              <<<  [OPTIMIZATION]
                              <<<    SPILLS :
                              <<<      GENERAL   : SPILL 0  FILL 2
                              <<<      SIMD&FP   : SPILL 0  FILL 0
                              <<<      SCALABLE  : SPILL 0  FILL 0
                              <<<      PREDICATE : SPILL 0  FILL 0
                              <<< Loop-information  End >>>
         16     2   s    s               DO 1000 K=NG+2,0,-1
         17     2   m    m                   WRITE(IUT6,'(70F6.3)') (V3D(IVAR,IPOSI,J,K),J=0,NG+2)
         18     2   p    v       1000    CONTINUE
         19     1                     ELSE IF(IMODE.EQ.2) THEN
         20     1                        WRITE(IUT6,*) 'J=   ',IPOSI
                              <<< Loop-information Start >>>
                              <<<  [OPTIMIZATION]
                              <<<    SPILLS :
                              <<<      GENERAL   : SPILL 0  FILL 1
                              <<<      SIMD&FP   : SPILL 0  FILL 0
                              <<<      SCALABLE  : SPILL 0  FILL 0
                              <<<      PREDICATE : SPILL 0  FILL 0
                              <<< Loop-information  End >>>
         21     2   s    s               DO 2000 K=NG+2,0,-1
         22     2   m    s                   WRITE(IUT6,'(70F6.3)') (V3D(IVAR,I,IPOSI,K),I=0,NG+2)
         23     2   p    s       2000    CONTINUE
         24     1                     ELSE IF(IMODE.EQ.3) THEN
         25     1                        WRITE(IUT6,*) 'K=   ',IPOSI
                              <<< Loop-information Start >>>
                              <<<  [OPTIMIZATION]
                              <<<    SPILLS :
                              <<<      GENERAL   : SPILL 0  FILL 1
                              <<<      SIMD&FP   : SPILL 0  FILL 0
                              <<<      SCALABLE  : SPILL 0  FILL 0
                              <<<      PREDICATE : SPILL 0  FILL 0
                              <<< Loop-information  End >>>
         26     2   s    s               DO 3000 J=NG+2,0,-1
         27     2   m    s                   WRITE(IUT6,'(70F6.3)') (V3D(IVAR,I,J,IPOSI),I=0,NG+2)
         28     2   p    s       3000    CONTINUE
         29     1                     ENDIF
         30                     C
         31                           IF(ISTOP.EQ.1) STOP
         32                     C
         33                           RETURN
         34                           END

 Diagnostic messages: program name(DEB001)
   jwd5302p-i  "deb001.f", line 16: This loop is not parallelized: the performance of a partial parallelization execution may not be improved.
   jwd6302s-i  "deb001.f", line 16: SIMD conversion is not applied to DO loop: the performance of a partial SIMD execution may not be improved.
   jwd8664o-i  "deb001.f", line 16: This loop cannot be software pipelined because the loop contains an instruction, such as function call, which is not supported by software pipelining.
   jwd5121p-i  "deb001.f", line 17: DO loop is not parallelized: an input/output statement was found in the loop.
   jwd6121s-i  "deb001.f", line 17: SIMD conversion cannot be applied to DO loop: an input/output statement was found in the loop.
   jwd5302p-i  "deb001.f", line 21: This loop is not parallelized: the performance of a partial parallelization execution may not be improved.
   jwd8664o-i  "deb001.f", line 21: This loop cannot be software pipelined because the loop contains an instruction, such as function call, which is not supported by software pipelining.
   jwd5121p-i  "deb001.f", line 22: DO loop is not parallelized: an input/output statement was found in the loop.
   jwd6121s-i  "deb001.f", line 22: SIMD conversion cannot be applied to DO loop: an input/output statement was found in the loop.
   jwd5302p-i  "deb001.f", line 26: This loop is not parallelized: the performance of a partial parallelization execution may not be improved.
   jwd8664o-i  "deb001.f", line 26: This loop cannot be software pipelined because the loop contains an instruction, such as function call, which is not supported by software pipelining.
   jwd5121p-i  "deb001.f", line 27: DO loop is not parallelized: an input/output statement was found in the loop.
   jwd6121s-i  "deb001.f", line 27: SIMD conversion cannot be applied to DO loop: an input/output statement was found in the loop.

 Procedure information
   Lines      : 34
   Statements : 30
   Stack(byte): 1760
   Prefetch num: 0

 Total information
   Procedures       : 1
   Total lines      : 34
   Total statements : 30
   Total stack(byte): 1760
   Total prefetch num: 0

