
 Fujitsu Fortran Version 4.8.1  Thu Nov 24 16:46:15 2022

 Compilation information
   Current directory : /vol0005/mdt2/home/u10588/SRC/lbm/ver.59.01
   Source file       : extfnc.f

 Option information
   Command line options : -Kident_mpi -f2004 -I/vol0005/mdt2/home/u10588/FFB/include -I/include/mpi/fujitsu/ -Kvisimpact,ocl,optmsg=2,openmp -Dcputime -Nlst=t -Cpp -Cfpp -c -I/opt/FJSVxtclanga/.common/MELI028/include/mpi/fujitsu -I/opt/FJSVxtclanga/.common/MELI028/lib64 -Knointentopt
   Cpp options          : -I/vol0005/mdt2/home/u10588/FFB/include -I/include/mpi/fujitsu/ -Dcputime -I/opt/FJSVxtclanga/.common/MELI028/include/mpi/fujitsu -I/opt/FJSVxtclanga/.common/MELI028/lib64 -Dunix -Dlinux -D__FUJITSU -D__FRT_major__=4 -D__FRT_minor__=8 -D__FRT_patchlevel__=1 -D__FRT_version__="4.8.1" -D__aarch64__ -D__unix -D_OPENMP=201511 -D__frt_version=800 -D__ARM_ARCH=8 -D__ARM_FEATURE_SVE -D__ELF__ -D__unix__ -D__linux__ -D__linux -Asystem(unix) -otmp
   Effective options    : -fi -g0 -AE -Fixed -O3 -X08
                          -x0 -xaccept=nomodule_allocatable
                          -KA64FX -KARMV8_3_A -KSVE -Kalign_commons
                          -Kalign_loops -Knoarray_declaration_opt
                          -Kassume=noshortloop -Kassume=nomemory_bandwidth
                          -Kassume=notime_saving_compilation -Kauto
                          -Kautoobjstack -Knocalleralloc -Kcmodel=small
                          -Keval -Keval_noconcurrent -Knoextract_stride_store
                          -Knofenv_access -Kfp_contract -Kfp_relaxed
                          -Kfsimple -Kfz -Khpctag -Kilfunc=procedure
                          -Knointentopt -Klargepage -Kloop_blocking
                          -Kloop_fission -Kloop_nofission_stripmining
                          -Kloop_fission_threshold=50 -Kloop_fusion
                          -Kloop_interchange -Kloop_part_parallel
                          -Kloop_part_simd -Kloop_perfect_nest
                          -Kloop_noversioning -Knolto -Kmfunc=1 -Kocl
                          -Komitfp -Knooptlib_string -Koptmsg=2
                          -Knopc_relative_literal_loads -Kplt -Knopreex
                          -Kprefetch_noconditional -Kprefetch_noindirect
                          -Kprefetch_sequential=auto -Kprefetch_nostride
                          -Kprefetch_cache_level=all -Kprefetch_noinfer
                          -Kprefetch_strong -Kprefetch_strong_L2 -Knopreload
                          -Ksch_post_ra -Ksch_pre_ra -Ksibling_calls
                          -Ksimd=auto -Ksimd_packed_promotion
                          -Ksimd_reduction_product -Ksimd_reg_size=512
                          -Ksimd_nouncounted_loop
                          -Ksimd_use_multiple_structures -Knostriping
                          -Knosubscript_opt -Kswp -Kswp_freg_rate=100
                          -Kswp_ireg_rate=100 -Kswp_preg_rate=100
                          -Kswp_policy=auto -Ktemparraystack -Kunroll
                          -Knounroll_and_jam -Knozfill
                          -Kopenmp -Kopenmp_noassume_norecurrence
                          -Kopenmp_nocollapse_except_innermost
                          -Kopenmp_noordered_reduction -Knoopenmp_simd
                          -Kthreadsafe -Kparallel -Kparallel_nofp_precision
                          -Knoarray_private -Knodynamic_iteration -Kreduction
                          -Kregion_extension
                          -Nallextput -Nalloc_assign
                          -Ncancel_overtime_compilation -Nnocheck_global
                          -Nnocoarray -Nnocompdisp -Nnocopyarg -Nnocoverage
                          -Nfjprof -Nfreealloc -Nf90move -Nnohook_func
                          -Nnohook_time -Nlibomp -Nline -Nlst -Nlst=p -Nlst=t
                          -Nnomallocfree -Nnoobsfun -Nnoprivatealloc
                          -Nquickdbg=noargchk -Nquickdbg=nosubchk
                          -Nquickdbg=noundef -NRnotrap -Nnorecursive
                          -Nnoreordered_variable_stack -Nrt_notune -Nnosave
                          -Nsetvalue=noheap -Nsetvalue=nostack
                          -Nsetvalue=noscalar -Nsetvalue=noarray
                          -Nsetvalue=nostruct -Nuse_rodata

 External subroutine subprogram "EXTFNC"
  (line-no.)(nest)(optimize)
          1                           SUBROUTINE EXTFNC(NG,NP,MBC,NBC,LBC,F)
          2                           IMPLICIT NONE
          3                           INTEGER*4 NG,NP
          4                           INTEGER*4 MBC,NBC,LBC(5,MBC)
          5                           REAL*8    F(0:NG+2,0:NG+2,0:NG+2,NP)
          6                     C
          7                     C    LBC(II,IBC)   ATTRIBUTE DATA OF B.C. GROUPS
          8                     C                   II=1 B.C. GROUP ID (1-26) IN AN ADJACENT CUBE
          9                     C                   II=2 SUB-DOMAIN NUMBER OF AN ADJACENT CUBE
         10                     C                   II=3 CUBE NUMBER OF AN ADJACENT CUBE IN A DOMAIN
         11                     C                   II=4 RELATIVE LEVEL OF AN ADJACENT CUBE
         12                     C                    (-1: FINE, 0:SAME, 1:COARSE)
         13                     C                   II=5 POSITION IN COARSER CUBE
         14                     C
         15                           INTEGER*4 LSHIFT(3,26)
         16                           DATA LSHIFT /-1,0,0, 1,0,0, 0,-1,0, 0,1,0, 0,0,-1, 0,0,1,
         17                     C
         18                          *             0,-1,-1, 0,1,-1, 0,1,1, 0,-1,1,
         19                          *             -1,0,-1, 1,0,-1, 1,0,1, -1,0,1,
         20                          *             -1,-1,0, 1,-1,0, 1,1,0, -1,1,0,
         21                     C
         22                          *             -1,-1,-1, 1,-1,-1, 1,1,-1, -1,1,-1,
         23                          *             -1,-1, 1, 1,-1, 1, 1,1, 1, -1,1, 1/
         24                     C
         25                     C
         26                           INTEGER*4 I,J,K,I2,J2,K2,IBC,IP,ID,ILEVEL,NS,NE,IS,JS,KS,IE,JE,KE
         27                     C
         28                           NS=1
         29                           NE=NG+1
         30     1                     DO 1000 IBC=1,NBC
         31     1                         ID    =LBC(1,IBC)
         32     1                         ILEVEL=LBC(4,IBC)
         33     1                         IF(ILEVEL.NE.1) GOTO 1000
         34     1               C
         35     2                         IF(ID.EQ.1) THEN
         36     2                             IS=NS;IE=NS;JS=NS;JE=NE;KS=NS;KE=NE
         37     2                         ELSE IF(ID.EQ.2) THEN
         38     2                             IS=NE;IE=NE;JS=NS;JE=NE;KS=NS;KE=NE
         39     2                         ELSE IF(ID.EQ.3) THEN
         40     2                             IS=NS;IE=NE;JS=NS;JE=NS;KS=NS;KE=NE
         41     2                         ELSE IF(ID.EQ.4) THEN
         42     2                             IS=NS;IE=NE;JS=NE;JE=NE;KS=NS;KE=NE
         43     2                         ELSE IF(ID.EQ.5) THEN
         44     2                             IS=NS;IE=NE;JS=NS;JE=NE;KS=NS;KE=NS
         45     2                         ELSE IF(ID.EQ.6) THEN
         46     2                             IS=NS;IE=NE;JS=NS;JE=NE;KS=NE;KE=NE
         47     2                         ELSE IF(ID.EQ.7) THEN
         48     2                             IS=NS;IE=NE;JS=NS;JE=NS;KS=NS;KE=NS
         49     2                         ELSE IF(ID.EQ.8) THEN
         50     2                             IS=NS;IE=NE;JS=NE;JE=NE;KS=NS;KE=NS
         51     2                         ELSE IF(ID.EQ.9) THEN
         52     2                             IS=NS;IE=NE;JS=NE;JE=NE;KS=NE;KE=NE
         53     2                         ELSE IF(ID.EQ.10) THEN
         54     2                             IS=NS;IE=NE;JS=NS;JE=NS;KS=NE;KE=NE
         55     2                         ELSE IF(ID.EQ.11) THEN
         56     2                             IS=NS;IE=NS;JS=NS;JE=NE;KS=NS;KE=NS
         57     2                         ELSE IF(ID.EQ.12) THEN
         58     2                             IS=NE;IE=NE;JS=NS;JE=NE;KS=NS;KE=NS
         59     2                         ELSE IF(ID.EQ.13) THEN
         60     2                             IS=NE;IE=NE;JS=NS;JE=NE;KS=NE;KE=NE
         61     2                         ELSE IF(ID.EQ.14) THEN
         62     2                             IS=NS;IE=NS;JS=NS;JE=NE;KS=NE;KE=NE
         63     2                         ELSE IF(ID.EQ.15) THEN
         64     2                             IS=NS;IE=NS;JS=NS;JE=NS;KS=NS;KE=NE
         65     2                         ELSE IF(ID.EQ.16) THEN
         66     2                             IS=NE;IE=NE;JS=NS;JE=NS;KS=NS;KE=NE
         67     2                         ELSE IF(ID.EQ.17) THEN
         68     2                             IS=NE;IE=NE;JS=NE;JE=NE;KS=NS;KE=NE
         69     2                         ELSE IF(ID.EQ.18) THEN
         70     2                             IS=NS;IE=NS;JS=NE;JE=NE;KS=NS;KE=NE
         71     2                         ELSE IF(ID.EQ.19) THEN
         72     2                             IS=NS;IE=NS;JS=NS;JE=NS;KS=NS;KE=NS
         73     2                         ELSE IF(ID.EQ.20) THEN
         74     2                             IS=NE;IE=NE;JS=NS;JE=NS;KS=NS;KE=NS
         75     2                         ELSE IF(ID.EQ.21) THEN
         76     2                             IS=NE;IE=NE;JS=NE;JE=NE;KS=NS;KE=NS
         77     2                         ELSE IF(ID.EQ.22) THEN
         78     2                             IS=NS;IE=NS;JS=NE;JE=NE;KS=NS;KE=NS
         79     2                         ELSE IF(ID.EQ.23) THEN
         80     2                             IS=NS;IE=NS;JS=NS;JE=NS;KS=NE;KE=NE
         81     2                         ELSE IF(ID.EQ.24) THEN
         82     2                             IS=NE;IE=NE;JS=NS;JE=NS;KS=NE;KE=NE
         83     2                         ELSE IF(ID.EQ.25) THEN
         84     2                             IS=NE;IE=NE;JS=NE;JE=NE;KS=NE;KE=NE
         85     2                         ELSE IF(ID.EQ.26) THEN
         86     2                             IS=NS;IE=NS;JS=NE;JE=NE;KS=NE;KE=NE
         87     2                         ENDIF
         88     1               
                              <<< Loop-information Start >>>
                              <<<  [PARALLELIZATION]
                              <<<    Standard iteration count: 2
                              <<< Loop-information  End >>>
         89     2  pp                     DO 1100 IP=1,NP
         90     3   p                     DO 1200 K =KS,KE
         91     4   p                     DO 1300 J =JS,JE
                              <<< Loop-information Start >>>
                              <<<  [OPTIMIZATION]
                              <<<    PREFETCH(HARD) Expected by compiler :
                              <<<      F
                              <<< Loop-information  End >>>
         92     5   p   4s                DO 1400 I =IS,IE
         93     5   p   4s                    I2=I+LSHIFT(1,ID)
         94     5   p   4s                    J2=J+LSHIFT(2,ID)
         95     5   p   4s                    K2=K+LSHIFT(3,ID)
         96     5   p   4s                    F(I2,J2,K2,IP)=F(I,J,K,IP)
         97     5   p   4s       1400     CONTINUE
         98     4   p            1300     CONTINUE
         99     3   p            1200     CONTINUE
        100     2   p            1100     CONTINUE
        101     1               C
        102     1                1000 CONTINUE
        103                     C
        104                           RETURN
        105                           END

 Diagnostic messages: program name(EXTFNC)
   jwd5202p-i  "extfnc.f", line 30: DO loop is not parallelized: data dependency of variable 'KE' may cause different results from serial execution for loop.
   jwd5202p-i  "extfnc.f", line 30: DO loop is not parallelized: data dependency of variable 'KS' may cause different results from serial execution for loop.
   jwd5202p-i  "extfnc.f", line 30: DO loop is not parallelized: data dependency of variable 'JE' may cause different results from serial execution for loop.
   jwd5202p-i  "extfnc.f", line 30: DO loop is not parallelized: data dependency of variable 'JS' may cause different results from serial execution for loop.
   jwd5202p-i  "extfnc.f", line 30: DO loop is not parallelized: data dependency of variable 'IE' may cause different results from serial execution for loop.
   jwd5202p-i  "extfnc.f", line 30: DO loop is not parallelized: data dependency of variable 'IS' may cause different results from serial execution for loop.
   jwd5208p-i  "extfnc.f", line 30: DO loop is not parallelized: the assign-refer order of 'F' in a parallel execution may differ from the assign-refer order in the serial execution.
   jwd5001p-i  "extfnc.f", line 89: DO loop with DO variable 'IP' is parallelized.
   jwd8663o-i  "extfnc.f", line 92: This loop is not software pipelined because the software pipelining does not improve the performance.
   jwd8202o-i  "extfnc.f", line 92: Loop unrolled 4 times.
   jwd6205s-i  "extfnc.f", line 96: SIMD conversion cannot be applied to DO loop: the same array (the rank 1 of array 'F') is referred using different subscripts.

 Procedure information
   Lines      : 105
   Statements : 212
   Stack(byte): 832
   Prefetch num: 0

 Total information
   Procedures       : 1
   Total lines      : 105
   Total statements : 212
   Total stack(byte): 832
   Total prefetch num: 0

