
 Fujitsu Fortran Version 4.8.1  Thu Nov 24 16:46:01 2022

 Compilation information
   Current directory : /vol0005/mdt2/home/u10588/SRC/lbm/ver.59.01
   Source file       : fndcub.f

 Option information
   Command line options : -Kident_mpi -f2004 -I/vol0005/mdt2/home/u10588/FFB/include -I/include/mpi/fujitsu/ -Kvisimpact,ocl,optmsg=2,openmp -Dcputime -Nlst=t -Cpp -Cfpp -c -I/opt/FJSVxtclanga/.common/MELI028/include/mpi/fujitsu -I/opt/FJSVxtclanga/.common/MELI028/lib64 -Knointentopt
   Cpp options          : -I/vol0005/mdt2/home/u10588/FFB/include -I/include/mpi/fujitsu/ -Dcputime -I/opt/FJSVxtclanga/.common/MELI028/include/mpi/fujitsu -I/opt/FJSVxtclanga/.common/MELI028/lib64 -Dunix -Dlinux -D__FUJITSU -D__FRT_major__=4 -D__FRT_minor__=8 -D__FRT_patchlevel__=1 -D__FRT_version__="4.8.1" -D__aarch64__ -D__unix -D_OPENMP=201511 -D__frt_version=800 -D__ARM_ARCH=8 -D__ARM_FEATURE_SVE -D__ELF__ -D__unix__ -D__linux__ -D__linux -Asystem(unix) -otmp
   Effective options    : -fi -g0 -AE -Fixed -O3 -X08
                          -x0 -xaccept=nomodule_allocatable
                          -KA64FX -KARMV8_3_A -KSVE -Kalign_commons
                          -Kalign_loops -Knoarray_declaration_opt
                          -Kassume=noshortloop -Kassume=nomemory_bandwidth
                          -Kassume=notime_saving_compilation -Kauto
                          -Kautoobjstack -Knocalleralloc -Kcmodel=small
                          -Keval -Keval_noconcurrent -Knoextract_stride_store
                          -Knofenv_access -Kfp_contract -Kfp_relaxed
                          -Kfsimple -Kfz -Khpctag -Kilfunc=procedure
                          -Knointentopt -Klargepage -Kloop_blocking
                          -Kloop_fission -Kloop_nofission_stripmining
                          -Kloop_fission_threshold=50 -Kloop_fusion
                          -Kloop_interchange -Kloop_part_parallel
                          -Kloop_part_simd -Kloop_perfect_nest
                          -Kloop_noversioning -Knolto -Kmfunc=1 -Kocl
                          -Komitfp -Knooptlib_string -Koptmsg=2
                          -Knopc_relative_literal_loads -Kplt -Knopreex
                          -Kprefetch_noconditional -Kprefetch_noindirect
                          -Kprefetch_sequential=auto -Kprefetch_nostride
                          -Kprefetch_cache_level=all -Kprefetch_noinfer
                          -Kprefetch_strong -Kprefetch_strong_L2 -Knopreload
                          -Ksch_post_ra -Ksch_pre_ra -Ksibling_calls
                          -Ksimd=auto -Ksimd_packed_promotion
                          -Ksimd_reduction_product -Ksimd_reg_size=512
                          -Ksimd_nouncounted_loop
                          -Ksimd_use_multiple_structures -Knostriping
                          -Knosubscript_opt -Kswp -Kswp_freg_rate=100
                          -Kswp_ireg_rate=100 -Kswp_preg_rate=100
                          -Kswp_policy=auto -Ktemparraystack -Kunroll
                          -Knounroll_and_jam -Knozfill
                          -Kopenmp -Kopenmp_noassume_norecurrence
                          -Kopenmp_nocollapse_except_innermost
                          -Kopenmp_noordered_reduction -Knoopenmp_simd
                          -Kthreadsafe -Kparallel -Kparallel_nofp_precision
                          -Knoarray_private -Knodynamic_iteration -Kreduction
                          -Kregion_extension
                          -Nallextput -Nalloc_assign
                          -Ncancel_overtime_compilation -Nnocheck_global
                          -Nnocoarray -Nnocompdisp -Nnocopyarg -Nnocoverage
                          -Nfjprof -Nfreealloc -Nf90move -Nnohook_func
                          -Nnohook_time -Nlibomp -Nline -Nlst -Nlst=p -Nlst=t
                          -Nnomallocfree -Nnoobsfun -Nnoprivatealloc
                          -Nquickdbg=noargchk -Nquickdbg=nosubchk
                          -Nquickdbg=noundef -NRnotrap -Nnorecursive
                          -Nnoreordered_variable_stack -Nrt_notune -Nnosave
                          -Nsetvalue=noheap -Nsetvalue=nostack
                          -Nsetvalue=noscalar -Nsetvalue=noarray
                          -Nsetvalue=nostruct -Nuse_rodata

 External subroutine subprogram "FNDCUB"
  (line-no.)(nest)(optimize)
          1                     C
          2                           SUBROUTINE FNDCUB(NG,NC,LLEVEL,LPOSI,D0,
          3                          *                  MSAMPL,NSAMPL,XX,YY,ZZ,LSAMPL,CSAMPL,
          4                          *                  MRESV,LHIST,COMHST,IUT6)
          5                           IMPLICIT NONE
          6                           INTEGER*4 NG,NC,LLEVEL(NC),LPOSI(3,NC)
          7                           REAL*8    D0,D1
          8                           INTEGER*4 MSAMPL,NSAMPL,LSAMPL(5,MSAMPL),MRESV,LHIST(MSAMPL)
          9                           REAL*8    XX(NSAMPL),YY(NSAMPL),ZZ(NSAMPL),CSAMPL(3,NSAMPL)
         10                           CHARACTER*60 COMHST(MSAMPL)
         11                           INTEGER*4 IUT6
         12                     C
         13                           CHARACTER*15 COMDAT(4)
         14                           DATA COMDAT(1) / ' DENSITY      ;' /
         15                           DATA COMDAT(2) / ' VELOCITY-U   ;' /
         16                           DATA COMDAT(3) / ' VELOCITY-V   ;' /
         17                           DATA COMDAT(4) / ' VELOCITY-W   ;' /
         18                     C
         19                           INTEGER*4 I,IC,II,JJ,KK,NFOUND
         20                           REAL*8    X0,Y0,Z0,X1,Y1,Z1,DX,DY,DZ
         21                     C
         22                           NFOUND=0
         23     1                     DO 1000 I=1,NSAMPL
         24     1                          LSAMPL(2,I) = 0
         25     1                          LSAMPL(3,I) = 0
         26     1                          LSAMPL(4,I) = 0
         27     1                          LSAMPL(5,I) = 0
         28     1                          CSAMPL(1,I) = 99.0
         29     1                          CSAMPL(2,I) = 99.0
         30     1                          CSAMPL(3,I) = 99.0
                              <<< Loop-information Start >>>
                              <<<  [OPTIMIZATION]
                              <<<    PREFETCH(HARD) Expected by compiler :
                              <<<      LLEVEL, LPOSI
                              <<< Loop-information  End >>>
         31     2                          DO 1100 IC=1,NC
         32     2                              D1=D0*2.0**(LLEVEL(IC)-1)
         33     2                              X0=D0*REAL(LPOSI(1,IC))
         34     2                              Y0=D0*REAL(LPOSI(2,IC))
         35     2                              Z0=D0*REAL(LPOSI(3,IC))
         36     2                              X1=X0+D1
         37     2                              Y1=Y0+D1
         38     2                              Z1=Z0+D1
         39     3                              IF(     X0.LE.XX(I) .AND. XX(I).LT.X1
         40     3                    *           .AND. Y0.LE.YY(I) .AND. YY(I).LT.Y1
         41     3                    *           .AND. Z0.LE.ZZ(I) .AND. ZZ(I).LT.Z1 ) THEN
         42     3               C
         43     3                                  NFOUND=NFOUND+1
         44     3               C
         45     3                                  II=INT(REAL(NG)*(XX(I)-X0)/D1)+1
         46     3                                  JJ=INT(REAL(NG)*(YY(I)-Y0)/D1)+1
         47     3                                  KK=INT(REAL(NG)*(ZZ(I)-Z0)/D1)+1
         48     3                                  DX=   (REAL(NG)*(XX(I)-X0)/D1)-REAL(II-1)
         49     3                                  DY=   (REAL(NG)*(YY(I)-Y0)/D1)-REAL(JJ-1)
         50     3                                  DZ=   (REAL(NG)*(ZZ(I)-Z0)/D1)-REAL(KK-1)
         51     3                                  LSAMPL(1,NFOUND) = LSAMPL(1,I)
         52     3                                  LSAMPL(2,NFOUND) = IC
         53     3                                  LSAMPL(3,NFOUND) = II
         54     3                                  LSAMPL(4,NFOUND) = JJ
         55     3                                  LSAMPL(5,NFOUND) = KK
         56     3                                  CSAMPL(1,NFOUND) = DX
         57     3                                  CSAMPL(2,NFOUND) = DY
         58     3                                  CSAMPL(3,NFOUND) = DZ
         59     3                                  LHIST (MRESV+NFOUND)   = I
         60     3               C
         61     3                                  WRITE(IUT6,600) COMDAT(LSAMPL(1,I)),XX(I),YY(I),ZZ(I)
         62     3               C
         63     3                                  WRITE(COMHST(MRESV+NFOUND),701)
         64     3                    *             COMDAT(LSAMPL(1,I)),XX(I),YY(I),ZZ(I)
         65     3               C
         66     3                                  GOTO 1000
         67     3                              ENDIF
         68     2                1100      CONTINUE
         69     1                1000 CONTINUE
         70                     C
         71                           NSAMPL=NFOUND
         72                     CC    WRITE(IUT6,601)  NSAMPL
         73                     C
         74                           RETURN
         75                     C
         76                      600  FORMAT( 'FOUND::'  , A15 ,
         77                          *        ' XSMPL =' , 1PE12.5,
         78                          *        ' YSMPL =' , 1PE12.5,
         79                          *        ' ZSMPL =' , 1PE12.5  )
         80                      601  FORMAT( '   FNDCUB NSAMPL   ::', I6 )
         81                      701  FORMAT(A15 , '  X=' , F11.5 , '  Y=', F11.5 , '  Z=', F11.5 )
         82                           END

 Diagnostic messages: program name(FNDCUB)
   jwd8220o-i  "fndcub.f", line 2: Optimizations is performed in this program unit with possibility of side effects. See informational messages below to determine which such optimizations have been performed.
   jwd5121p-i  "fndcub.f", line 23: DO loop is not parallelized: an input/output statement was found in the loop.
   jwd5133p-i  "fndcub.f", line 23: DO loop is not parallelized: its structure is too complicated.
   jwd5131p-i  "fndcub.f", line 31: DO loop is not parallelized: multiple exits were found in the loop.
   jwd6131s-i  "fndcub.f", line 31: SIMD conversion cannot be applied to DO loop: multiple exits are found in the loop.
   jwd8664o-i  "fndcub.f", line 31: This loop cannot be software pipelined because the loop contains an instruction, such as function call, which is not supported by software pipelining.
   jwd8209o-i  "fndcub.f", line 45: Evaluation order of polynomial expression is changed according to commutative law of addition and multiplication.
   jwd8209o-i  "fndcub.f", line 46: Evaluation order of polynomial expression is changed according to commutative law of addition and multiplication.
   jwd8209o-i  "fndcub.f", line 47: Evaluation order of polynomial expression is changed according to commutative law of addition and multiplication.

 Procedure information
   Lines      : 82
   Statements : 61
   Stack(byte): 896
   Prefetch num: 0

 Total information
   Procedures       : 1
   Total lines      : 82
   Total statements : 61
   Total stack(byte): 896
   Total prefetch num: 0

