
 Fujitsu Fortran Version 4.8.1  Thu Nov 24 16:46:15 2022

 Compilation information
   Current directory : /vol0005/mdt2/home/u10588/SRC/lbm/ver.59.01
   Source file       : force3.f

 Option information
   Command line options : -Kident_mpi -f2004 -I/vol0005/mdt2/home/u10588/FFB/include -I/include/mpi/fujitsu/ -Kvisimpact,ocl,optmsg=2,openmp -Dcputime -Nlst=t -Cpp -Cfpp -c -I/opt/FJSVxtclanga/.common/MELI028/include/mpi/fujitsu -I/opt/FJSVxtclanga/.common/MELI028/lib64 -Knointentopt
   Cpp options          : -I/vol0005/mdt2/home/u10588/FFB/include -I/include/mpi/fujitsu/ -Dcputime -I/opt/FJSVxtclanga/.common/MELI028/include/mpi/fujitsu -I/opt/FJSVxtclanga/.common/MELI028/lib64 -Dunix -Dlinux -D__FUJITSU -D__FRT_major__=4 -D__FRT_minor__=8 -D__FRT_patchlevel__=1 -D__FRT_version__="4.8.1" -D__aarch64__ -D__unix -D_OPENMP=201511 -D__frt_version=800 -D__ARM_ARCH=8 -D__ARM_FEATURE_SVE -D__ELF__ -D__unix__ -D__linux__ -D__linux -Asystem(unix) -otmp
   Effective options    : -fi -g0 -AE -Fixed -O3 -X08
                          -x0 -xaccept=nomodule_allocatable
                          -KA64FX -KARMV8_3_A -KSVE -Kalign_commons
                          -Kalign_loops -Knoarray_declaration_opt
                          -Kassume=noshortloop -Kassume=nomemory_bandwidth
                          -Kassume=notime_saving_compilation -Kauto
                          -Kautoobjstack -Knocalleralloc -Kcmodel=small
                          -Keval -Keval_noconcurrent -Knoextract_stride_store
                          -Knofenv_access -Kfp_contract -Kfp_relaxed
                          -Kfsimple -Kfz -Khpctag -Kilfunc=procedure
                          -Knointentopt -Klargepage -Kloop_blocking
                          -Kloop_fission -Kloop_nofission_stripmining
                          -Kloop_fission_threshold=50 -Kloop_fusion
                          -Kloop_interchange -Kloop_part_parallel
                          -Kloop_part_simd -Kloop_perfect_nest
                          -Kloop_noversioning -Knolto -Kmfunc=1 -Kocl
                          -Komitfp -Knooptlib_string -Koptmsg=2
                          -Knopc_relative_literal_loads -Kplt -Knopreex
                          -Kprefetch_noconditional -Kprefetch_noindirect
                          -Kprefetch_sequential=auto -Kprefetch_nostride
                          -Kprefetch_cache_level=all -Kprefetch_noinfer
                          -Kprefetch_strong -Kprefetch_strong_L2 -Knopreload
                          -Ksch_post_ra -Ksch_pre_ra -Ksibling_calls
                          -Ksimd=auto -Ksimd_packed_promotion
                          -Ksimd_reduction_product -Ksimd_reg_size=512
                          -Ksimd_nouncounted_loop
                          -Ksimd_use_multiple_structures -Knostriping
                          -Knosubscript_opt -Kswp -Kswp_freg_rate=100
                          -Kswp_ireg_rate=100 -Kswp_preg_rate=100
                          -Kswp_policy=auto -Ktemparraystack -Kunroll
                          -Knounroll_and_jam -Knozfill
                          -Kopenmp -Kopenmp_noassume_norecurrence
                          -Kopenmp_nocollapse_except_innermost
                          -Kopenmp_noordered_reduction -Knoopenmp_simd
                          -Kthreadsafe -Kparallel -Kparallel_nofp_precision
                          -Knoarray_private -Knodynamic_iteration -Kreduction
                          -Kregion_extension
                          -Nallextput -Nalloc_assign
                          -Ncancel_overtime_compilation -Nnocheck_global
                          -Nnocoarray -Nnocompdisp -Nnocopyarg -Nnocoverage
                          -Nfjprof -Nfreealloc -Nf90move -Nnohook_func
                          -Nnohook_time -Nlibomp -Nline -Nlst -Nlst=p -Nlst=t
                          -Nnomallocfree -Nnoobsfun -Nnoprivatealloc
                          -Nquickdbg=noargchk -Nquickdbg=nosubchk
                          -Nquickdbg=noundef -NRnotrap -Nnorecursive
                          -Nnoreordered_variable_stack -Nrt_notune -Nnosave
                          -Nsetvalue=noheap -Nsetvalue=nostack
                          -Nsetvalue=noscalar -Nsetvalue=noarray
                          -Nsetvalue=nostruct -Nuse_rodata

 External subroutine subprogram "FORCE3"
  (line-no.)(nest)(optimize)
          1                           SUBROUTINE FORCE3(NC,LLEVEL,FXC,FYC,FZC,FX,FY,FZ)
          2                           IMPLICIT NONE
          3                           INTEGER*4 NC,LLEVEL(NC)
          4                           REAL*8    FXC(NC),FYC(NC),FZC(NC)
          5                           REAL*4    FX,FY,FZ
          6                     C
          7                           INTEGER*4 IC
          8                           REAL*4    COEF
          9                     C
         10                           FX=0.0E0
         11                           FY=0.0E0
         12                           FZ=0.0E0
         13                     C
                              <<< Loop-information Start >>>
                              <<<  [PARALLELIZATION]
                              <<<    Standard iteration count: 39
                              <<<  [OPTIMIZATION]
                              <<<    SIMD(VL: 8)
                              <<<    SPILLS :
                              <<<      GENERAL   : SPILL 3  FILL 3
                              <<<      SIMD&FP   : SPILL 0  FILL 0
                              <<<      SCALABLE  : SPILL 4  FILL 4
                              <<<      PREDICATE : SPILL 0  FILL 0
                              <<< Loop-information  End >>>
         14     1  pp    v            DO 1000 IC=1,NC
         15     1   p    v                COEF=2.0**(LLEVEL(IC)-1)
         16     1   p    v                COEF=COEF*COEF
         17     1   p    v                FX=FX+FXC(IC)*COEF
         18     1   p    v                FY=FY+FYC(IC)*COEF
         19     1   p    v                FZ=FZ+FZC(IC)*COEF
         20     1   p    v       1000 CONTINUE
         21                     C
         22                           RETURN
         23                           END
         24                     

 Diagnostic messages: program name(FORCE3)
   jwd5004p-i  "force3.f", line 14: DO loop with DO variable 'IC' is parallelized. The DO loop contains the reduction operation.
   jwd8300o-i  "force3.f", line 14: The intrinsic function was changed to a multi-operation function.
   jwd6004s-i  "force3.f", line 14: SIMD conversion is applied to DO loop with DO variable 'IC'. The DO loop contains a reduction operation.

 Procedure information
   Lines      : 24
   Statements : 19
   Stack(byte): 40928
   Prefetch num: 0

 Total information
   Procedures       : 1
   Total lines      : 24
   Total statements : 19
   Total stack(byte): 40928
   Total prefetch num: 0

