
 Fujitsu Fortran Version 4.5.0  Thu May  6 16:54:04 2021

 Compilation information
   Current directory : /vol0004/hp120295/u00324/FFBs/FFB.63.02.02/lib/src/fort
   Source file       : gaus3d.f

 Option information
   Command line options : -Kident_mpi -f2004 -I/vol0004/hp120295/u00324/FFB/include -I/include/mpi/fujitsu/ -Kvisimpact,ocl,optmsg=2,openmp -Dcputime -DUSE_TIMER -DUSE_BARRIER -Nlst=t -Cpp -Nfjomplib -c -I/opt/FJSVxtclanga/.common/MELI024/include/mpi/fujitsu -I/opt/FJSVxtclanga/.common/MELI024/lib64 -Knointentopt
   Cpp options          : -I/vol0004/hp120295/u00324/FFB/include -I/include/mpi/fujitsu/ -Dcputime -DUSE_TIMER -DUSE_BARRIER -I/opt/FJSVxtclanga/.common/MELI024/include/mpi/fujitsu -I/opt/FJSVxtclanga/.common/MELI024/lib64 -Dunix -Dlinux -D__FUJITSU -D__FRT_major__=4 -D__FRT_minor__=5 -D__FRT_patchlevel__=0 -D__FRT_version__="4.5.0" -D__aarch64__ -D__unix -D_OPENMP=201511 -D__frt_version=800 -D__ARM_ARCH=8 -D__ARM_FEATURE_SVE -D__ELF__ -D__unix__ -D__linux__ -D__linux -Asystem(unix) -otmp
   Effective options    : -fi -g0 -AE -Fixed -O3 -X08
                          -x0 -xaccept=nomodule_allocatable
                          -KA64FX -KARMV8_3_A -KSVE -Kalign_commons
                          -Kalign_loops -Karray_declaration_opt
                          -Kassume=noshortloop -Kassume=nomemory_bandwidth
                          -Kassume=notime_saving_compilation -Kauto
                          -Kautoobjstack -Knocalleralloc -Kcmodel=small
                          -Keval -Keval_noconcurrent -Knoextract_stride_store
                          -Knofenv_access -Kfp_contract -Kfp_relaxed
                          -Kfsimple -Kfz -Khpctag -Kilfunc=procedure
                          -Knointentopt -Klargepage -Kloop_blocking
                          -Kloop_fission -Kloop_nofission_stripmining
                          -Kloop_fission_threshold=50 -Kloop_fusion
                          -Kloop_interchange -Kloop_part_parallel
                          -Kloop_part_simd -Kloop_perfect_nest
                          -Kloop_noversioning -Knolto -Kmfunc=1 -Kocl
                          -Komitfp -Knooptlib_string -Koptmsg=2
                          -Knopc_relative_literal_loads -Kplt -Knopreex
                          -Kprefetch_noconditional -Kprefetch_noindirect
                          -Kprefetch_sequential=auto -Kprefetch_nostride
                          -Kprefetch_cache_level=all -Kprefetch_noinfer
                          -Kprefetch_strong -Kprefetch_strong_L2 -Knopreload
                          -Ksch_post_ra -Ksch_pre_ra -Ksibling_calls
                          -Ksimd=auto -Ksimd_packed_promotion
                          -Ksimd_reduction_product -Ksimd_reg_size=512
                          -Ksimd_nouncounted_loop
                          -Ksimd_use_multiple_structures -Knostriping
                          -Knosubscript_opt -Kswp -Kswp_freg_rate=100
                          -Kswp_ireg_rate=100 -Kswp_preg_rate=100
                          -Kswp_policy=auto -Ktemparraystack -Kunroll
                          -Knounroll_and_jam -Knozfill
                          -Kopenmp -Kopenmp_noassume_norecurrence
                          -Kopenmp_nocollapse_except_innermost
                          -Kopenmp_noordered_reduction -Knoopenmp_simd
                          -Kthreadsafe -Kparallel -Kparallel_nofp_precision
                          -Knoarray_private -Knodynamic_iteration -Kreduction
                          -Kregion_extension
                          -Nallextput -Nalloc_assign
                          -Ncancel_overtime_compilation -Nnocheck_global
                          -Nnocoarray -Nnocompdisp -Nnocopyarg -Nnocoverage
                          -Nfjprof -Nfreealloc -Nf90move -Nnohook_func
                          -Nnohook_time -Nfjomplib -Nline -Nlst -Nlst=p
                          -Nlst=t -Nnomallocfree -Nnoobsfun -Nnoprivatealloc
                          -Nquickdbg=noargchk -Nquickdbg=nosubchk
                          -Nquickdbg=noundef -NRnotrap -Nnorecursive
                          -Nnoreordered_variable_stack -Nrt_notune -Nnosave
                          -Nsetvalue=noheap -Nsetvalue=nostack
                          -Nsetvalue=noscalar -Nsetvalue=noarray
                          -Nsetvalue=nostruct -Nuse_rodata

 External subroutine subprogram "GAUS3D"
  (line-no.)(nest)(optimize)
          1                     C======================================================================C
          2                     C                                                                      C
          3                     C SOFTWARE NAME : FRONTFLOW_BLUE.1.0                                   C
          4                     C                                                                      C
          5                     C  SUB ROUTINE    GAUS3D                                               C
          6                     C                                                                      C
          7                     C                                       WRITTEN BY C.KATO              C
          8                     C                                                                      C
          9                     C                                                                      C
         10                     C Contact address: The University of Tokyo, FSIS project               C
         11                     C                                                                      C
         12                     C======================================================================C
         13                           SUBROUTINE GAUS3D(IGAUSS,MPOINT,GP,EP,TP,WP,NPOINT,IUT0,IERR)
         14                           IMPLICIT REAL*4(A-H,O-Z)
         15                           DIMENSION GP(MPOINT),EP(MPOINT),TP(MPOINT),WP(MPOINT)
         16                           PARAMETER ( MGAUSS = 4 )
         17                           DIMENSION P(MGAUSS),H(MGAUSS)
         18                     C
         19                           CHARACTER*60 ERMSGB
         20                          & /' ## SUBROUTINE GAUS3D: FATAL      ERROR OCCURENCE; RETURNED' /
         21                           CHARACTER*60 EREXP1
         22                          & /' SPECIFIED GAUSS POINT  IS NOT CURRENTLY SUPPORTED         ' /
         23                           CHARACTER*60 EREXP2
         24                          & /' THE DIMENSION OF ARRAY GP , EP , TP , WP IS NOT SUFFICIENT' /
         25                     C
         26                     C
         27                     C      SET GAUSS POINTS, AND CORRESPONDING WEIGHTING FUNCTIONS
         28                     C         ( 3-D CALCULATION : SINGLE WORD VERSION )
         29                     C
         30                     C
         31                     C     ARGUMENT LISTINGS
         32                     C       (1) INPUT
         33                     C          IGAUSS      ; SPECIFIES NUMBER OF GAUSS POINTS IN ONE DIR.
         34                     C          MPOINT      ; THE DIMENSION OF THE ARRAY GP , EP , TP , WP
         35                     C          IUT0        ; FILE NUMBER TO REPORT ERROR OCCURENCE
         36                     C
         37                     C       (2) OUTPUT
         38                     C          GP(IPOINT)  ; GZAI-COORDINATE    OF GAUSS POINTS
         39                     C          EP(IPOINT)  ; EATA-COORDINATE    OF GAUSS POINTS
         40                     C          TP(IPOINT)  ; TETA-COORDINATE    OF GAUSS POINTS
         41                     C          WP(IPOINT)  ; WEIGHTING FUNCTION OF GAUSS POINTS
         42                     C          NPOINT      ; NUMBER             OF GAUSS POINTS
         43                     C          IERR        ; RETURN CODE TO REPORT ERROR OCCURENCE
         44                     C                   0 --- NORMAL TERMINATION
         45                     C                   1 --- A FATAL ERROR HAS OCCURED
         46                     C
         47                     C
         48                           IERR = 0
         49                     C
         50     1                     IF(IGAUSS.LT.1 .OR. IGAUSS.GT.4) THEN
         51     1                         WRITE(IUT0,*) ERMSGB
         52     1                         WRITE(IUT0,*) EREXP1
         53     1                         IERR = 1
         54     1                         RETURN
         55     1                     ENDIF
         56                     C
         57                           GO TO ( 100 , 200 , 300 , 400 ) , IGAUSS
         58                     C
         59                     C      1 POINT
         60                     C
         61                       100 CONTINUE
         62                               P(1) =  0.E0
         63                               H(1) =  2.E0
         64                           GO TO 500
         65                     C
         66                     C      2 POINTS
         67                     C
         68                       200 CONTINUE
         69                               P(1) = -0.577350E0
         70                               H(1) = 1.E0
         71                               P(2) =  0.577350E0
         72                               H(2) = 1.E0
         73                           GO TO 500
         74                     C
         75                     C      3 POINTS
         76                     C
         77                       300 CONTINUE
         78                               P(1) = -0.774590E0
         79                               H(1) = 0.555555E0
         80                               P(2) =  0.000000E0
         81                               H(2) = 0.888888E0
         82                               P(3) =  0.774590E0
         83                               H(3) = 0.555555E0
         84                           GO TO 500
         85                     C
         86                     C      4 POINTS
         87                     C
         88                       400 CONTINUE
         89                               P(1) = -0.861136E0
         90                               H(1) = 0.3478548E0
         91                               P(2) = -0.339980E0
         92                               H(2) = 0.6521451E0
         93                               P(3) =  0.339980E0
         94                               H(3) = 0.6521451E0
         95                               P(4) =  0.861136E0
         96                               H(4) = 0.3478548E0
         97                           GO TO 500
         98                     C
         99                     C
        100                       500 CONTINUE
        101                     C
        102                           NPOINT = 0
        103     1                     DO 620 I = 1 , IGAUSS
        104     2                         DO 610 J = 1 , IGAUSS
        105     3                             DO 600 K = 1 , IGAUSS
        106     3                                 NPOINT = NPOINT+1
        107     3               C
        108     4                                 IF(NPOINT.GT.MPOINT) THEN
        109     4                                     WRITE(IUT0,*) ERMSGB
        110     4                                     WRITE(IUT0,*) EREXP2
        111     4                                     IERR = 1
        112     4                                     RETURN
        113     4                                 ENDIF
        114     3               C
        115     3                                 GP(NPOINT) = P(I)
        116     3                                 EP(NPOINT) = P(J)
        117     3                                 TP(NPOINT) = P(K)
        118     3                                 WP(NPOINT) = H(I)*H(J)*H(K)
        119     3                 600         CONTINUE
        120     2                 610     CONTINUE
        121     1                 620 CONTINUE
        122                     C
        123                     C
        124                           RETURN
        125                      6300 FORMAT(A72)
        126                           END

 Diagnostic messages: program name(GAUS3D)
   jwd5131p-i  "gaus3d.f", line 103: DO loop is not parallelized: multiple exits were found in the loop.
   jwd5131p-i  "gaus3d.f", line 104: DO loop is not parallelized: multiple exits were found in the loop.
   jwd5131p-i  "gaus3d.f", line 105: DO loop is not parallelized: multiple exits were found in the loop.
   jwd6131s-i  "gaus3d.f", line 105: SIMD conversion cannot be applied to DO loop: multiple exits are found in the loop.
   jwd8671o-i  "gaus3d.f", line 105: This loop cannot be software pipelined because the shape of the loop is not covered by software pipelining.

 Procedure information
   Lines      : 126
   Statements : 66
   Stack(byte): 768
   Prefetch num: 0

 Total information
   Procedures       : 1
   Total lines      : 126
   Total statements : 66
   Total stack(byte): 768
   Total prefetch num: 0

