
 Fujitsu Fortran Version 4.5.0  Thu May  6 16:54:08 2021

 Compilation information
   Current directory : /vol0004/hp120295/u00324/FFBs/FFB.63.02.02/lib/src/fort
   Source file       : locate.f

 Option information
   Command line options : -Kident_mpi -f2004 -I/vol0004/hp120295/u00324/FFB/include -I/include/mpi/fujitsu/ -Kvisimpact,ocl,optmsg=2,openmp -Dcputime -DUSE_TIMER -DUSE_BARRIER -Nlst=t -Cpp -Nfjomplib -c -I/opt/FJSVxtclanga/.common/MELI024/include/mpi/fujitsu -I/opt/FJSVxtclanga/.common/MELI024/lib64 -Knointentopt
   Cpp options          : -I/vol0004/hp120295/u00324/FFB/include -I/include/mpi/fujitsu/ -Dcputime -DUSE_TIMER -DUSE_BARRIER -I/opt/FJSVxtclanga/.common/MELI024/include/mpi/fujitsu -I/opt/FJSVxtclanga/.common/MELI024/lib64 -Dunix -Dlinux -D__FUJITSU -D__FRT_major__=4 -D__FRT_minor__=5 -D__FRT_patchlevel__=0 -D__FRT_version__="4.5.0" -D__aarch64__ -D__unix -D_OPENMP=201511 -D__frt_version=800 -D__ARM_ARCH=8 -D__ARM_FEATURE_SVE -D__ELF__ -D__unix__ -D__linux__ -D__linux -Asystem(unix) -otmp
   Effective options    : -fi -g0 -AE -Fixed -O3 -X08
                          -x0 -xaccept=nomodule_allocatable
                          -KA64FX -KARMV8_3_A -KSVE -Kalign_commons
                          -Kalign_loops -Karray_declaration_opt
                          -Kassume=noshortloop -Kassume=nomemory_bandwidth
                          -Kassume=notime_saving_compilation -Kauto
                          -Kautoobjstack -Knocalleralloc -Kcmodel=small
                          -Keval -Keval_noconcurrent -Knoextract_stride_store
                          -Knofenv_access -Kfp_contract -Kfp_relaxed
                          -Kfsimple -Kfz -Khpctag -Kilfunc=procedure
                          -Knointentopt -Klargepage -Kloop_blocking
                          -Kloop_fission -Kloop_nofission_stripmining
                          -Kloop_fission_threshold=50 -Kloop_fusion
                          -Kloop_interchange -Kloop_part_parallel
                          -Kloop_part_simd -Kloop_perfect_nest
                          -Kloop_noversioning -Knolto -Kmfunc=1 -Kocl
                          -Komitfp -Knooptlib_string -Koptmsg=2
                          -Knopc_relative_literal_loads -Kplt -Knopreex
                          -Kprefetch_noconditional -Kprefetch_noindirect
                          -Kprefetch_sequential=auto -Kprefetch_nostride
                          -Kprefetch_cache_level=all -Kprefetch_noinfer
                          -Kprefetch_strong -Kprefetch_strong_L2 -Knopreload
                          -Ksch_post_ra -Ksch_pre_ra -Ksibling_calls
                          -Ksimd=auto -Ksimd_packed_promotion
                          -Ksimd_reduction_product -Ksimd_reg_size=512
                          -Ksimd_nouncounted_loop
                          -Ksimd_use_multiple_structures -Knostriping
                          -Knosubscript_opt -Kswp -Kswp_freg_rate=100
                          -Kswp_ireg_rate=100 -Kswp_preg_rate=100
                          -Kswp_policy=auto -Ktemparraystack -Kunroll
                          -Knounroll_and_jam -Knozfill
                          -Kopenmp -Kopenmp_noassume_norecurrence
                          -Kopenmp_nocollapse_except_innermost
                          -Kopenmp_noordered_reduction -Knoopenmp_simd
                          -Kthreadsafe -Kparallel -Kparallel_nofp_precision
                          -Knoarray_private -Knodynamic_iteration -Kreduction
                          -Kregion_extension
                          -Nallextput -Nalloc_assign
                          -Ncancel_overtime_compilation -Nnocheck_global
                          -Nnocoarray -Nnocompdisp -Nnocopyarg -Nnocoverage
                          -Nfjprof -Nfreealloc -Nf90move -Nnohook_func
                          -Nnohook_time -Nfjomplib -Nline -Nlst -Nlst=p
                          -Nlst=t -Nnomallocfree -Nnoobsfun -Nnoprivatealloc
                          -Nquickdbg=noargchk -Nquickdbg=nosubchk
                          -Nquickdbg=noundef -NRnotrap -Nnorecursive
                          -Nnoreordered_variable_stack -Nrt_notune -Nnosave
                          -Nsetvalue=noheap -Nsetvalue=nostack
                          -Nsetvalue=noscalar -Nsetvalue=noarray
                          -Nsetvalue=nostruct -Nuse_rodata

 External subroutine subprogram "LOCATE"
  (line-no.)(nest)(optimize)
          1                     C======================================================================C
          2                     C                                                                      C
          3                     C SOFTWARE NAME : FRONTFLOW_BLUE.1.0                                   C
          4                     C                                                                      C
          5                     C  SUB ROUTINE    LOCATE                                               C
          6                     C                                                                      C
          7                     C                                       WRITTEN BY C.KATO              C
          8                     C                                                                      C
          9                     C                                                                      C
         10                     C Contact address: The University of Tokyo, FSIS project               C
         11                     C                                                                      C
         12                     C======================================================================C
         13                           SUBROUTINE LOCATE(X,Y,NODE,NE,NP,N,XM,YM,NM,IEM,IUT0,IWRN)
         14                           IMPLICIT REAL*4 (A-H,O-Z)
         15                           DIMENSION X(NP),Y(NP),NODE(N,NE),XM(NM),YM(NM),IEM(NM)
         16                     C
         17                           CHARACTER*60 WRMSG
         18                           CHARACTER*60 WREXP1
         19                           DATA WRMSG
         20                          & /' *** SUBROUTINE LOCATE ISSUES WARNING ***'/
         21                           DATA WREXP1
         22                          & /' GIVEN LOCATION BELONGS TO NO ELEMENT    '/
         23                     C
         24                     C
         25                     C      FIND ELEMENT WHERE MARKERS BELONG TO
         26                     C         ( 2-D GRAPHICS )
         27                     C
         28                     C
         29                     C     NOTE 1 ; IF ANY OF GIVEN LOCATION BELONGS TO NO ELEMENTS , LOCATE
         30                     C             WILL ISSUES WARNING MESSAGE AND THEN RETURN
         31                     C
         32                     C     ARGUMENT LISTINGS
         33                     C       (1) INPUT
         34                     C          X       (IP); X-DIR. COORDINATE OF NODE
         35                     C          Y       (IP); Y-DIR. COORDINATE OF NODE
         36                     C          NODE  (I,IE); NODE TABLE BASED ON ELEMENT
         37                     C          NE          ; NUMBER OF TOTAL ELEMENTS
         38                     C          NP          ; NUMBER OF TOTAL NODES
         39                     C          N           ; NUMBER OF NODES ASSIGNED TO ONE ELEMENT
         40                     C          XM      (IM); MARKER LOCATION ( X-DIR. )
         41                     C          YM      (IM); MARKER LOCATION ( Y-DIR. )
         42                     C          NM          ; NUMBER OF MARKERS
         43                     C          IUT0       ; DEVICE NUMBER TO ISSUE  WARNING
         44                     C
         45                     C       (2) OUTPUT
         46                     C          IEM     (IM); ELEMENT NO. WHERE MARKERS BELONG TO
         47                     C          IWRN        ; RETURN CODE TO ISSUE  WARNING
         48                     C                   0 --- NORMAL TERMINATION
         49                     C                   1 --- ELEMENT NOT FOUND
         50                     C
         51                     C
         52                           IWRN = 0
         53     1                     DO 20 IM = 1 , NM
         54     1                        XP = XM(IM)
         55     1                        YP = YM(IM)
                              <<< Loop-information Start >>>
                              <<<  [OPTIMIZATION]
                              <<<    SPILLS :
                              <<<      GENERAL   : SPILL 0  FILL 2
                              <<<      SIMD&FP   : SPILL 0  FILL 0
                              <<<      SCALABLE  : SPILL 0  FILL 0
                              <<<      PREDICATE : SPILL 0  FILL 0
                              <<< Loop-information  End >>>
         56     2                        DO 10 IE = 1 , NE
         57     2                            CALL INCLUD(IE,X,Y,NODE,NE,NP,N,XP,YP,IRN)
         58     3                            IF(IRN.EQ.1) THEN
         59     3                              IEM(IM) = IE
         60     3                              GO TO 20
         61     3                            ENDIF
         62     2                  10    CONTINUE
         63     1                        WRITE(IUT0,*) WRMSG
         64     1                        WRITE(IUT0,*) WREXP1
         65     1                        WRITE(IUT0,   *) ' IM = ' , IM
         66     1                        IWRN = 1
         67     1                        RETURN
         68     1                  20 CONTINUE
         69                     C
         70                     C
         71                           RETURN
         72                           END

 Diagnostic messages: program name(LOCATE)
   jwd5131p-i  "locate.f", line 53: DO loop is not parallelized: multiple exits were found in the loop.
   jwd5131p-i  "locate.f", line 56: DO loop is not parallelized: multiple exits were found in the loop.
   jwd6131s-i  "locate.f", line 56: SIMD conversion cannot be applied to DO loop: multiple exits are found in the loop.
   jwd8664o-i  "locate.f", line 56: This loop cannot be software pipelined because the loop contains an instruction, such as function call, which is not supported by software pipelining.

 Procedure information
   Lines      : 72
   Statements : 26
   Stack(byte): 768
   Prefetch num: 0

 Total information
   Procedures       : 1
   Total lines      : 72
   Total statements : 26
   Total stack(byte): 768
   Total prefetch num: 0

