
 Fujitsu Fortran Version 4.5.0  Thu May  6 16:54:09 2021

 Compilation information
   Current directory : /vol0004/hp120295/u00324/FFBs/FFB.63.02.02/lib/src/fort
   Source file       : markf1.f

 Option information
   Command line options : -Kident_mpi -f2004 -I/vol0004/hp120295/u00324/FFB/include -I/include/mpi/fujitsu/ -Kvisimpact,ocl,optmsg=2,openmp -Dcputime -DUSE_TIMER -DUSE_BARRIER -Nlst=t -Cpp -Nfjomplib -c -I/opt/FJSVxtclanga/.common/MELI024/include/mpi/fujitsu -I/opt/FJSVxtclanga/.common/MELI024/lib64 -Knointentopt
   Cpp options          : -I/vol0004/hp120295/u00324/FFB/include -I/include/mpi/fujitsu/ -Dcputime -DUSE_TIMER -DUSE_BARRIER -I/opt/FJSVxtclanga/.common/MELI024/include/mpi/fujitsu -I/opt/FJSVxtclanga/.common/MELI024/lib64 -Dunix -Dlinux -D__FUJITSU -D__FRT_major__=4 -D__FRT_minor__=5 -D__FRT_patchlevel__=0 -D__FRT_version__="4.5.0" -D__aarch64__ -D__unix -D_OPENMP=201511 -D__frt_version=800 -D__ARM_ARCH=8 -D__ARM_FEATURE_SVE -D__ELF__ -D__unix__ -D__linux__ -D__linux -Asystem(unix) -otmp
   Effective options    : -fi -g0 -AE -Fixed -O3 -X08
                          -x0 -xaccept=nomodule_allocatable
                          -KA64FX -KARMV8_3_A -KSVE -Kalign_commons
                          -Kalign_loops -Karray_declaration_opt
                          -Kassume=noshortloop -Kassume=nomemory_bandwidth
                          -Kassume=notime_saving_compilation -Kauto
                          -Kautoobjstack -Knocalleralloc -Kcmodel=small
                          -Keval -Keval_noconcurrent -Knoextract_stride_store
                          -Knofenv_access -Kfp_contract -Kfp_relaxed
                          -Kfsimple -Kfz -Khpctag -Kilfunc=procedure
                          -Knointentopt -Klargepage -Kloop_blocking
                          -Kloop_fission -Kloop_nofission_stripmining
                          -Kloop_fission_threshold=50 -Kloop_fusion
                          -Kloop_interchange -Kloop_part_parallel
                          -Kloop_part_simd -Kloop_perfect_nest
                          -Kloop_noversioning -Knolto -Kmfunc=1 -Kocl
                          -Komitfp -Knooptlib_string -Koptmsg=2
                          -Knopc_relative_literal_loads -Kplt -Knopreex
                          -Kprefetch_noconditional -Kprefetch_noindirect
                          -Kprefetch_sequential=auto -Kprefetch_nostride
                          -Kprefetch_cache_level=all -Kprefetch_noinfer
                          -Kprefetch_strong -Kprefetch_strong_L2 -Knopreload
                          -Ksch_post_ra -Ksch_pre_ra -Ksibling_calls
                          -Ksimd=auto -Ksimd_packed_promotion
                          -Ksimd_reduction_product -Ksimd_reg_size=512
                          -Ksimd_nouncounted_loop
                          -Ksimd_use_multiple_structures -Knostriping
                          -Knosubscript_opt -Kswp -Kswp_freg_rate=100
                          -Kswp_ireg_rate=100 -Kswp_preg_rate=100
                          -Kswp_policy=auto -Ktemparraystack -Kunroll
                          -Knounroll_and_jam -Knozfill
                          -Kopenmp -Kopenmp_noassume_norecurrence
                          -Kopenmp_nocollapse_except_innermost
                          -Kopenmp_noordered_reduction -Knoopenmp_simd
                          -Kthreadsafe -Kparallel -Kparallel_nofp_precision
                          -Knoarray_private -Knodynamic_iteration -Kreduction
                          -Kregion_extension
                          -Nallextput -Nalloc_assign
                          -Ncancel_overtime_compilation -Nnocheck_global
                          -Nnocoarray -Nnocompdisp -Nnocopyarg -Nnocoverage
                          -Nfjprof -Nfreealloc -Nf90move -Nnohook_func
                          -Nnohook_time -Nfjomplib -Nline -Nlst -Nlst=p
                          -Nlst=t -Nnomallocfree -Nnoobsfun -Nnoprivatealloc
                          -Nquickdbg=noargchk -Nquickdbg=nosubchk
                          -Nquickdbg=noundef -NRnotrap -Nnorecursive
                          -Nnoreordered_variable_stack -Nrt_notune -Nnosave
                          -Nsetvalue=noheap -Nsetvalue=nostack
                          -Nsetvalue=noscalar -Nsetvalue=noarray
                          -Nsetvalue=nostruct -Nuse_rodata

 External subroutine subprogram "MARKF1"
  (line-no.)(nest)(optimize)
          1                     C======================================================================C
          2                     C                                                                      C
          3                     C SOFTWARE NAME : FRONTFLOW_BLUE.1.0                                   C
          4                     C                                                                      C
          5                     C  SUB ROUTINE    MARKF1                                               C
          6                     C                                                                      C
          7                     C                                       WRITTEN BY C.KATO              C
          8                     C                                                                      C
          9                     C                                                                      C
         10                     C Contact address: The University of Tokyo, FSIS project               C
         11                     C                                                                      C
         12                     C======================================================================C
         13                           SUBROUTINE MARKF1(X,Y,F,NODE,N,XM,YM,IEM,NM,FM)
         14                           IMPLICIT REAL*8(A-H,O-Z)
         15                           DIMENSION X(*),Y(*),F(*),NODE(N,*),XM(NM),YM(NM),IEM(NM),FM(NM)
         16                     C
         17                           E = 1.D-50
         18                     C
         19                     C
         20                     C      INTERPOLATE FIELD DATA ; MARKER OPERATION 1 ( INTERPOLATION )
         21                     C         ( 2-D CALCULATION )
         22                     C
         23                     C
         24                     C     ARGUMENT LISTINGS
         25                     C       (1) INPUT
         26                     C          X     (IP)  ; X-DIR. COORDINATE         OF NODE
         27                     C          Y     (IP)  ; Y-DIR. COORDINATE         OF NODE
         28                     C          F     (IP)  ; FIELD DATA NODALLY DEFINED
         29                     C          NODE(I,IE)  ; NODE TABLE BASED ON ELEMENT
         30                     C          N           ; NUMBER OF NODES ASSIGNED TO ONE ELEMENT
         31                     C          XM    (IM)  ; LOCATION    OF INTERPOLATION
         32                     C          YM    (IM)  ; LOCATION    OF INTERPOLATION
         33                     C          IEM   (IM)  ; ELEMENT NO. OF INTERPOLATION
         34                     C          NM          ; NUMBER      OF INTERPOLATION
         35                     C
         36                     C       (2) OUTPUT
         37                     C          FM    (IM)  ; INTERPOLATED VALUE
         38                     C
         39                     C
                              <<< Loop-information Start >>>
                              <<<  [PARALLELIZATION]
                              <<<    Standard iteration count: 94
                              <<<  [OPTIMIZATION]
                              <<<    PREFETCH(HARD) Expected by compiler :
                              <<<      IEM
                              <<< Loop-information  End >>>
         40     1  pp    s            DO 100 IM = 1 , NM
         41     1   p    v             IE  = IEM(IM)
         42     1   p    s             IF(IE.EQ.0) GO TO 100
         43     1   p    s             R1 = 1.D0/((XM(IM)-X(NODE(1,IE)))**2+(YM(IM)-Y(NODE(1,IE)))**2+E)
         44     1   p    s             R2 = 1.D0/((XM(IM)-X(NODE(2,IE)))**2+(YM(IM)-Y(NODE(2,IE)))**2+E)
         45     1   p    s             R3 = 1.D0/((XM(IM)-X(NODE(3,IE)))**2+(YM(IM)-Y(NODE(3,IE)))**2+E)
         46     1   p    s             R4 = 1.D0/((XM(IM)-X(NODE(4,IE)))**2+(YM(IM)-Y(NODE(4,IE)))**2+E)
         47     1               C
         48     1   p    s             FM(IM) = (R1*F(NODE(1,IE))+R2*F(NODE(2,IE))
         49     1                    &          +R3*F(NODE(3,IE))+R4*F(NODE(4,IE)))/(R1+R2+R3+R4)
         50     1   p    v        100 CONTINUE
         51                     C
         52                     C
         53                           RETURN
         54                           END

 Diagnostic messages: program name(MARKF1)
   jwd8220o-i  "markf1.f", line 13: Optimizations is performed in this program unit with possibility of side effects. See informational messages below to determine which such optimizations have been performed.
   jwd5001p-i  "markf1.f", line 40: DO loop with DO variable 'IM' is parallelized.
   jwd6229s-i  "markf1.f", line 40: SIMD conversion is not applied to DO loop: there are IF statements in the loop.
   jwd8670o-i  "markf1.f", line 40: This loop cannot be software pipelined because the loop contains a branch instruction.
   jwd8209o-i  "markf1.f", line 43: Evaluation order of polynomial expression is changed according to commutative law of addition and multiplication.
   jwd8209o-i  "markf1.f", line 44: Evaluation order of polynomial expression is changed according to commutative law of addition and multiplication.
   jwd8209o-i  "markf1.f", line 45: Evaluation order of polynomial expression is changed according to commutative law of addition and multiplication.
   jwd8209o-i  "markf1.f", line 46: Evaluation order of polynomial expression is changed according to commutative law of addition and multiplication.
   jwd8209o-i  "markf1.f", line 48: Evaluation order of polynomial expression is changed according to commutative law of addition and multiplication.

 Procedure information
   Lines      : 54
   Statements : 15
   Stack(byte): 848
   Prefetch num: 0

 Total information
   Procedures       : 1
   Total lines      : 54
   Total statements : 15
   Total stack(byte): 848
   Total prefetch num: 0

