
 Fujitsu Fortran Version 4.5.0  Thu May  6 16:54:11 2021

 Compilation information
   Current directory : /vol0004/hp120295/u00324/FFBs/FFB.63.02.02/lib/src/fort
   Source file       : nodale.f

 Option information
   Command line options : -Kident_mpi -f2004 -I/vol0004/hp120295/u00324/FFB/include -I/include/mpi/fujitsu/ -Kvisimpact,ocl,optmsg=2,openmp -Dcputime -DUSE_TIMER -DUSE_BARRIER -Nlst=t -Cpp -Nfjomplib -c -I/opt/FJSVxtclanga/.common/MELI024/include/mpi/fujitsu -I/opt/FJSVxtclanga/.common/MELI024/lib64 -Knointentopt
   Cpp options          : -I/vol0004/hp120295/u00324/FFB/include -I/include/mpi/fujitsu/ -Dcputime -DUSE_TIMER -DUSE_BARRIER -I/opt/FJSVxtclanga/.common/MELI024/include/mpi/fujitsu -I/opt/FJSVxtclanga/.common/MELI024/lib64 -Dunix -Dlinux -D__FUJITSU -D__FRT_major__=4 -D__FRT_minor__=5 -D__FRT_patchlevel__=0 -D__FRT_version__="4.5.0" -D__aarch64__ -D__unix -D_OPENMP=201511 -D__frt_version=800 -D__ARM_ARCH=8 -D__ARM_FEATURE_SVE -D__ELF__ -D__unix__ -D__linux__ -D__linux -Asystem(unix) -otmp
   Effective options    : -fi -g0 -AE -Fixed -O3 -X08
                          -x0 -xaccept=nomodule_allocatable
                          -KA64FX -KARMV8_3_A -KSVE -Kalign_commons
                          -Kalign_loops -Karray_declaration_opt
                          -Kassume=noshortloop -Kassume=nomemory_bandwidth
                          -Kassume=notime_saving_compilation -Kauto
                          -Kautoobjstack -Knocalleralloc -Kcmodel=small
                          -Keval -Keval_noconcurrent -Knoextract_stride_store
                          -Knofenv_access -Kfp_contract -Kfp_relaxed
                          -Kfsimple -Kfz -Khpctag -Kilfunc=procedure
                          -Knointentopt -Klargepage -Kloop_blocking
                          -Kloop_fission -Kloop_nofission_stripmining
                          -Kloop_fission_threshold=50 -Kloop_fusion
                          -Kloop_interchange -Kloop_part_parallel
                          -Kloop_part_simd -Kloop_perfect_nest
                          -Kloop_noversioning -Knolto -Kmfunc=1 -Kocl
                          -Komitfp -Knooptlib_string -Koptmsg=2
                          -Knopc_relative_literal_loads -Kplt -Knopreex
                          -Kprefetch_noconditional -Kprefetch_noindirect
                          -Kprefetch_sequential=auto -Kprefetch_nostride
                          -Kprefetch_cache_level=all -Kprefetch_noinfer
                          -Kprefetch_strong -Kprefetch_strong_L2 -Knopreload
                          -Ksch_post_ra -Ksch_pre_ra -Ksibling_calls
                          -Ksimd=auto -Ksimd_packed_promotion
                          -Ksimd_reduction_product -Ksimd_reg_size=512
                          -Ksimd_nouncounted_loop
                          -Ksimd_use_multiple_structures -Knostriping
                          -Knosubscript_opt -Kswp -Kswp_freg_rate=100
                          -Kswp_ireg_rate=100 -Kswp_preg_rate=100
                          -Kswp_policy=auto -Ktemparraystack -Kunroll
                          -Knounroll_and_jam -Knozfill
                          -Kopenmp -Kopenmp_noassume_norecurrence
                          -Kopenmp_nocollapse_except_innermost
                          -Kopenmp_noordered_reduction -Knoopenmp_simd
                          -Kthreadsafe -Kparallel -Kparallel_nofp_precision
                          -Knoarray_private -Knodynamic_iteration -Kreduction
                          -Kregion_extension
                          -Nallextput -Nalloc_assign
                          -Ncancel_overtime_compilation -Nnocheck_global
                          -Nnocoarray -Nnocompdisp -Nnocopyarg -Nnocoverage
                          -Nfjprof -Nfreealloc -Nf90move -Nnohook_func
                          -Nnohook_time -Nfjomplib -Nline -Nlst -Nlst=p
                          -Nlst=t -Nnomallocfree -Nnoobsfun -Nnoprivatealloc
                          -Nquickdbg=noargchk -Nquickdbg=nosubchk
                          -Nquickdbg=noundef -NRnotrap -Nnorecursive
                          -Nnoreordered_variable_stack -Nrt_notune -Nnosave
                          -Nsetvalue=noheap -Nsetvalue=nostack
                          -Nsetvalue=noscalar -Nsetvalue=noarray
                          -Nsetvalue=nostruct -Nuse_rodata

 External subroutine subprogram "NODALE"
  (line-no.)(nest)(optimize)
          1                     C======================================================================C
          2                     C                                                                      C
          3                     C SOFTWARE NAME : FRONTFLOW_BLUE.1.0                                   C
          4                     C                                                                      C
          5                     C  SUB ROUTINE    NODALE                                               C
          6                     C                                                                      C
          7                     C                                       WRITTEN BY C.KATO              C
          8                     C                                                                      C
          9                     C                                                                      C
         10                     C Contact address: The University of Tokyo, FSIS project               C
         11                     C                                                                      C
         12                     C======================================================================C
         13                           SUBROUTINE NODALE(IDIM,SN,CM,IENP,JENP,NEP,ME,MEP,NE,NP,N,
         14                          *                  IPART,LDOM,NBPDOM,NDOM,IPSLF,IPSND,MBPDOM,
         15                          *                  VALE,VALN,IUT0,IERR,BUFSND,BUFRCV,MAXBUF)
         16                           IMPLICIT REAL*4(A-H,O-Z)
         17                           DIMENSION SN(N,NE),CM(NP),IENP(MEP,NP),JENP(MEP,NP),NEP(NP)
         18                     C
         19                           DIMENSION LDOM(NDOM),NBPDOM(NDOM),
         20                          1          IPSLF(MBPDOM,NDOM),IPSND(MBPDOM,NDOM)
         21                     C
         22                           DIMENSION VALE(NE),VALN(NP),BUFSND(MAXBUF),BUFRCV(MAXBUF)
         23                     C
         24                           CHARACTER*60 ERMSGC
         25                          & /' ## SUBROUTINE NODALE: FATAL      ERROR REPORT   ; RETURNED' /
         26                     C
         27                     C
         28                     C
         29                     C      ASSIGN ELEMENT VALUES TO NODES BASED ON THE WEIGHTED RESIDUALS
         30                     C         ( 3-D CALCULATION : SINGLE WORD VERSION )
         31                     C
         32                     C
         33                     C     ARGUMENT LISTINGS
         34                     C       (1) INPUT
         35                     C          IDIM        ; SPECIFIES THE SPACE DIMENSION AS FOLLOWS
         36                     C                   2 --- TWO   DIMENSIONAL PROBLEM
         37                     C                   3 --- THREE DIMENSIONAL PROBLEM
         38                     C          SN    (I,IE); INTEGRATED ELEMENT VECTOR OF N
         39                     C          CM      (IP); INVERSED LUMPED MASS MATRIX
         40                     C
         41                     C          IENP(IEP,IP); ADJACENT ELEMENT NUMBER TO NODE IP
         42                     C                      ( IF NEP(IP).LT.MEP , THEN IENP(NEP(IP)+1,IP),
         43                     C                       IENP(MEP,IP) MUST BE SET TO AN IMAGINARY
         44                     C                       ELEMENT NO. BETWEEN NE+1,ME.)
         45                     C          JENP(IEP,IP); LOCAL NODE NUMBER OF IP IN ELEMENT IENP(IEP,IP)
         46                     C          NEP     (IP); NUMBER OF ADJACENT ELEMENTS TO NODE IP
         47                     C          ME          ; THE MAXIMUM NUMBER  OF ELEMETS
         48                     C          MEP         ; THE FIRST DIMENSION OF ARRAY IENP,JENP
         49                     C          NE          ; NUMBER OF TOTAL ELEMENTS
         50                     C          NP          ; NUMBER OF TOTAL    NODES
         51                     C          N           ; NUMBER OF NODES ASSIGNED TO ONE ELEMENT
         52                     C
         53                     C          IPART       ; SUB-DOMAIN NUMBER THAT THIS TASK SHOULD TAKE/IS
         54                     C                       TAKING CARE OF. IPART BEING SET ZERO MEANS THAT
         55                     C                       THE PROGRAM SHOULD RUN/IS RUNNING IN SERIAL
         56                     C                       MODE.
         57                     C          LDOM  (IDOM); NEIBERING SUB-DOMAIN NUMBER
         58                     C          NBPDOM(IDOM); NUMBER OF INTER-CONNECT BOUNDARY NODES
         59                     C                       SHARING WITH THE IDOM'TH NEIBERING SUB-DOMAIN,
         60                     C                       LDOM(IDOM)
         61                     C          NDOM        ; NUMBER OF THE NERIBERING SUB-DOMAINS
         62                     C          IPSLF (IBP,IDOM); INTER-CONNECT BOUNDARY NODE NUMBER IN THE
         63                     C                           CALLING TASK'S SUB-DOMAIN, FOR THE IDOM'TH
         64                     C                           NEIBERING SUB-DOMAIN, LDOM(IDOM)
         65                     C          IPSND (IBP,IDOM); INTER-CONNECT BOUNDARY NODE NUMBER IN THE
         66                     C                           SUB-DOMAIN THAT IS RECEIVING THE CALLING
         67                     C                           TASK'S RESIDUALS.
         68                     C          MBPDOM      ; THE MAXIMUM NUMBER OF THE INTER-CONNECT
         69                     C                       BOUNDARY NODES FOR ONE NEIBERING SUB-DOMAIN
         70                     C          MAXBUF      ; LENGTH OF THE PASSED COMMUNICATION BUFFERS
         71                     C                       'BUFSND' AND 'BUFRCV' IN WORDS. 'MAXBUF'
         72                     C                        MUST BE NO SMALLER THAN 4 TIMES THE TOTAL
         73                     C                        NUMBER OF INTER-CONNECT BOUNDARY NODES IN
         74                     C                        THE CALLING TASK
         75                     C
         76                     C          VALE(IE)    ; ELEMENT VALUE
         77                     C
         78                     C       (2) OUTPUT
         79                     C          VALN(IP)    ; NODE ASSIGNED VALUE
         80                     C
         81                     C          IERR        ; RETURN CODE TO REPORT ERROR OCCURENCE
         82                     C                   0 --- NORMAL TERMINATION
         83                     C                   1 --- A FATAL ERROR HAS OCCURED
         84                     C
         85                     C       (4) WORK
         86                     C          BUFSND(IBUF); HOLDS THE VALUES OF THE INTER-CONNECT
         87                     C                       BOUNDARY NODE NUMBER IN THE NEIBERING
         88                     C                       SUB-DOMAINS AND THE RESIDUALS OF THE
         89                     C                       CALLING TASK'S SUB-DOMAIN WHEN SENDING
         90                     C                       THE RESIDUALS
         91                     C
         92                     C          BUFRCV(IBUF); HOLDS THE VALUES OF THE INTER-CONNECT
         93                     C                       BOUNDAYR NODE NUMBER IN THE CALLING TASK'S
         94                     C                       SUB-DOMAIN AND THE RESIDUALS OF THE
         95                     C                       NEIBERING SUB-DOMAINS AT THE RECEIT OF THE
         96                     C                       RESIDUALS FROM THE NEIBERING SUB-DOMAINS
         97                     C
         98                     C
         99                     C CALCULATE WEIGHTED RESIDUALS
        100                     C
        101                     C
        102                           CALL SUPUE1(IDIM,VALE,SN,IENP,JENP,NEP,ME,MEP,NE,NP,N,
        103                          *            VALN,IUT0,IERR)
        104                     C
        105     1                     IF(IERR.EQ.1) THEN
        106     1                         WRITE(IUT0,*) ERMSGC
        107     1                         RETURN
        108     1                     ENDIF
        109                     C
        110                     C
        111                     C SUPERIMPOSE NEIBERING ELEMENT CONTRIBUTIONS
        112                     C
        113                     C
        114     1                     IF(IPART.GE.1) THEN
        115     1                         IDUM = 1
        116     1                         CALL DDCOM3(IPART,IDUM,LDOM,NBPDOM,NDOM,IPSLF,IPSND,MBPDOM,
        117     1                    *                VALN,VALN,VALN,NP,IUT0,IERR,BUFSND,BUFRCV,MAXBUF)
        118     2                         IF(IERR.NE.0) THEN
        119     2                             WRITE(IUT0,*)
        120     2                             WRITE(IUT0,*) ERMSGC
        121     2                             RETURN
        122     2                         ENDIF
        123     1                     ENDIF
        124                     C
        125                     C
        126                     C INVERSE MASS MATRIX
        127                     C
        128                     C
                              <<< Loop-information Start >>>
                              <<<  [PARALLELIZATION]
                              <<<    Standard iteration count: 1067
                              <<<  [OPTIMIZATION]
                              <<<    SIMD(VL: 16)
                              <<<    SOFTWARE PIPELINING(IPC: 3.00, ITR: 384, MVE: 7, POL: S)
                              <<<    PREFETCH(HARD) Expected by compiler :
                              <<<      VALN, CM
                              <<< Loop-information  End >>>
        129     1  pp   2v            DO 100 IP = 1 , NP
        130     1   p   2v                VALN(IP) = CM(IP)*VALN(IP)
        131     1   p   2v        100 CONTINUE
        132                     C
        133                     C
        134                           RETURN
        135                           END

 Diagnostic messages: program name(NODALE)
   jwd5001p-i  "nodale.f", line 129: DO loop with DO variable 'IP' is parallelized.
   jwd6001s-i  "nodale.f", line 129: SIMD conversion is applied to DO loop with DO variable 'IP'.
   jwd8204o-i  "nodale.f", line 129: This loop is software pipelined.
   jwd8205o-i  "nodale.f", line 129: The software-pipelined loop is chosen at run time when the iteration count is greater than or equal to 384.

 Procedure information
   Lines      : 135
   Statements : 25
   Stack(byte): 1056
   Prefetch num: 0

 Total information
   Procedures       : 1
   Total lines      : 135
   Total statements : 25
   Total stack(byte): 1056
   Total prefetch num: 0

