
 Fujitsu Fortran Version 4.5.0  Thu May  6 16:54:14 2021

 Compilation information
   Current directory : /vol0004/hp120295/u00324/FFBs/FFB.63.02.02/lib/src/fort
   Source file       : patche.f

 Option information
   Command line options : -Kident_mpi -f2004 -I/vol0004/hp120295/u00324/FFB/include -I/include/mpi/fujitsu/ -Kvisimpact,ocl,optmsg=2,openmp -Dcputime -DUSE_TIMER -DUSE_BARRIER -Nlst=t -Cpp -Nfjomplib -c -I/opt/FJSVxtclanga/.common/MELI024/include/mpi/fujitsu -I/opt/FJSVxtclanga/.common/MELI024/lib64 -Knointentopt
   Cpp options          : -I/vol0004/hp120295/u00324/FFB/include -I/include/mpi/fujitsu/ -Dcputime -DUSE_TIMER -DUSE_BARRIER -I/opt/FJSVxtclanga/.common/MELI024/include/mpi/fujitsu -I/opt/FJSVxtclanga/.common/MELI024/lib64 -Dunix -Dlinux -D__FUJITSU -D__FRT_major__=4 -D__FRT_minor__=5 -D__FRT_patchlevel__=0 -D__FRT_version__="4.5.0" -D__aarch64__ -D__unix -D_OPENMP=201511 -D__frt_version=800 -D__ARM_ARCH=8 -D__ARM_FEATURE_SVE -D__ELF__ -D__unix__ -D__linux__ -D__linux -Asystem(unix) -otmp
   Effective options    : -fi -g0 -AE -Fixed -O3 -X08
                          -x0 -xaccept=nomodule_allocatable
                          -KA64FX -KARMV8_3_A -KSVE -Kalign_commons
                          -Kalign_loops -Karray_declaration_opt
                          -Kassume=noshortloop -Kassume=nomemory_bandwidth
                          -Kassume=notime_saving_compilation -Kauto
                          -Kautoobjstack -Knocalleralloc -Kcmodel=small
                          -Keval -Keval_noconcurrent -Knoextract_stride_store
                          -Knofenv_access -Kfp_contract -Kfp_relaxed
                          -Kfsimple -Kfz -Khpctag -Kilfunc=procedure
                          -Knointentopt -Klargepage -Kloop_blocking
                          -Kloop_fission -Kloop_nofission_stripmining
                          -Kloop_fission_threshold=50 -Kloop_fusion
                          -Kloop_interchange -Kloop_part_parallel
                          -Kloop_part_simd -Kloop_perfect_nest
                          -Kloop_noversioning -Knolto -Kmfunc=1 -Kocl
                          -Komitfp -Knooptlib_string -Koptmsg=2
                          -Knopc_relative_literal_loads -Kplt -Knopreex
                          -Kprefetch_noconditional -Kprefetch_noindirect
                          -Kprefetch_sequential=auto -Kprefetch_nostride
                          -Kprefetch_cache_level=all -Kprefetch_noinfer
                          -Kprefetch_strong -Kprefetch_strong_L2 -Knopreload
                          -Ksch_post_ra -Ksch_pre_ra -Ksibling_calls
                          -Ksimd=auto -Ksimd_packed_promotion
                          -Ksimd_reduction_product -Ksimd_reg_size=512
                          -Ksimd_nouncounted_loop
                          -Ksimd_use_multiple_structures -Knostriping
                          -Knosubscript_opt -Kswp -Kswp_freg_rate=100
                          -Kswp_ireg_rate=100 -Kswp_preg_rate=100
                          -Kswp_policy=auto -Ktemparraystack -Kunroll
                          -Knounroll_and_jam -Knozfill
                          -Kopenmp -Kopenmp_noassume_norecurrence
                          -Kopenmp_nocollapse_except_innermost
                          -Kopenmp_noordered_reduction -Knoopenmp_simd
                          -Kthreadsafe -Kparallel -Kparallel_nofp_precision
                          -Knoarray_private -Knodynamic_iteration -Kreduction
                          -Kregion_extension
                          -Nallextput -Nalloc_assign
                          -Ncancel_overtime_compilation -Nnocheck_global
                          -Nnocoarray -Nnocompdisp -Nnocopyarg -Nnocoverage
                          -Nfjprof -Nfreealloc -Nf90move -Nnohook_func
                          -Nnohook_time -Nfjomplib -Nline -Nlst -Nlst=p
                          -Nlst=t -Nnomallocfree -Nnoobsfun -Nnoprivatealloc
                          -Nquickdbg=noargchk -Nquickdbg=nosubchk
                          -Nquickdbg=noundef -NRnotrap -Nnorecursive
                          -Nnoreordered_variable_stack -Nrt_notune -Nnosave
                          -Nsetvalue=noheap -Nsetvalue=nostack
                          -Nsetvalue=noscalar -Nsetvalue=noarray
                          -Nsetvalue=nostruct -Nuse_rodata

 External subroutine subprogram "PATCHE"
  (line-no.)(nest)(optimize)
          1                     C======================================================================C
          2                     C                                                                      C
          3                     C SOFTWARE NAME : FRONTFLOW_BLUE.1.0                                   C
          4                     C                                                                      C
          5                     C  SUB ROUTINE    PATCHE                                               C
          6                     C                                                                      C
          7                     C                                       WRITTEN BY C.KATO              C
          8                     C                                                                      C
          9                     C                                                                      C
         10                     C Contact address: The University of Tokyo, FSIS project               C
         11                     C                                                                      C
         12                     C======================================================================C
         13                           SUBROUTINE PATCHE(JPSOUT,IUTPS,X,Y,SR,NODE,NE,NP,N,SRMIN,SRMAX,
         14                          *                  XMIN,YMIN,SFC,LCL,NCL)
         15                           IMPLICIT REAL*4(A-H,O-Z)
         16                           DIMENSION X(NP),Y(NP),SR(NP),NODE(N,NE),LCL(NCL)
         17                     C
         18                     #ifdef VOS
         19                           INCLUDE (GN)
         20                     #else
         21                           INCLUDE 'gn.h'
         22                     #endif
         23                     C
         24                           DIMENSION XP(4),YP(4)
         25                     C
         26                     C
         27                     C      PATCH ELEMENTS WITH CORRESPONDING COLOR TO SR(IP)
         28                     C         ( 2-D GRAPHICS )
         29                     C
         30                     C
         31                     C     NOTE 1 ; CALLING GENERIC GRAPHIC AND POSTSCRIPT INTERFACES.
         32                     C
         33                     C
         34                     C     ARGUMENT LISTINGS
         35                     C       (1) INPUT
         36                     C          JPSOUT      ; POSTSCRIPT FILE WILL BE OUTPUT IF SET TO 1 OR 2
         37                     C          IUTPS       ; FILE NUMBER TO ACCESS POSTSCRIPT FILE
         38                     C          X       (IP); X-COORDINATE OF NODES
         39                     C          Y       (IP); Y-COORDINATE OF NODES
         40                     C          SR      (IP); SCALAR
         41                     C          NODE  (I,IE); NODE TABLE
         42                     C          NE          ; NUMBER OF TOTAL ELEMENTS
         43                     C          NP          ; NUMBER OF TOTAL NODES
         44                     C          N           ; NUMBER OF ASSIGNED TO ONE ELEMENT
         45                     C          SRMIN       ; MIN. SCALAR VALUE SPECIFIED
         46                     C          SRMAX       ; MAX. SCALAR VALUE SPECIFIED
         47                     C          XMIN        ; MIN. X OF GRAPHIC RANGE SPECIFIED
         48                     C          YMIN        ; MIN. Y OF GRAPHIC RANGE SPECIFIED
         49                     C          SFC         ; GRAPHIC SCALING FACTOR
         50                     C          LCL    (ICL); COLOR INDECES
         51                     C          NCL         ; NUMBER OF COLOR INDECES DEFINED
         52                     C
         53                     C       (2) OUTPUT
         54                     C          NONE
         55                     C
         56                     C
                              <<< Loop-information Start >>>
                              <<<  [OPTIMIZATION]
                              <<<    SPILLS :
                              <<<      GENERAL   : SPILL 2  FILL 10
                              <<<      SIMD&FP   : SPILL 0  FILL 0
                              <<<      SCALABLE  : SPILL 0  FILL 3
                              <<<      PREDICATE : SPILL 0  FILL 0
                              <<< Loop-information  End >>>
         57     1                     DO 20 IE = 1 , NE
         58     1                         SRG = 0.25*(SR(NODE(1,IE))+SR(NODE(2,IE))
         59     1                    &               +SR(NODE(3,IE))+SR(NODE(4,IE)))
         60     1                         RATIO = (SRG-SRMIN)/(SRMAX-SRMIN)
         61     1                         ICL   = RATIO*NCL+1
         62     2                         IF(ICL.LT.1  ) THEN
         63     2                             ICL = 1
         64     2                         ENDIF
         65     2                         IF(ICL.GT.NCL) THEN
         66     2                             ICL = NCL
         67     2                         ENDIF
         68     1               C
         69     1                         CALL GNCSET (LCL(ICL))
         70     1                         IF(JPSOUT.EQ.1) CALL PSGRAY (IUTPS,LCL(ICL))
         71     1                         IF(JPSOUT.EQ.2) CALL PSCSET (IUTPS,LCL(ICL))
         72     1               C
                              <<< Loop-information Start >>>
                              <<<  [PARALLELIZATION]
                              <<<    Standard iteration count: 552
                              <<<  [OPTIMIZATION]
                              <<<    SIMD(VL: 16)
                              <<< Loop-information  End >>>
         73     2   s    v                DO 10 I = 1 , N
         74     2   p    v                    XP(I) = SFC*(X(NODE(I,IE))-XMIN)
         75     2   p    v                    YP(I) = SFC*(Y(NODE(I,IE))-YMIN)
         76     2   p    v         10     CONTINUE
         77     1                         CALL GNFILL(XP,YP,4)
         78     1                         IF(JPSOUT.GE.1) CALL PSFILL(IUTPS,XP,YP,4)
         79     1                  20 CONTINUE
         80                     C
         81                     C
         82                           RETURN
         83                           END

 Diagnostic messages: program name(PATCHE)
   jwd8220o-i  "patche.f", line 13: Optimizations is performed in this program unit with possibility of side effects. See informational messages below to determine which such optimizations have been performed.
   jwd5122p-i  "patche.f", line 57: DO loop is not parallelized: a procedure reference was found in the loop.
   jwd8664o-i  "patche.f", line 57: This loop cannot be software pipelined because the loop contains an instruction, such as function call, which is not supported by software pipelining.
   jwd8209o-i  "patche.f", line 61: Evaluation order of polynomial expression is changed according to commutative law of addition and multiplication.
   jwd5143p-i  "patche.f", line 73: DO loop is not parallelized: the value of its iteration count is insufficient to make parallelization worthwhile.
   jwd8325o-i  "patche.f", line 73: Assume that the maximum number of iterations for this loop is 4 from the array declaration.
   jwd6001s-i  "patche.f", line 73: SIMD conversion is applied to DO loop with DO variable 'I'.

 Procedure information
   Lines      : 271
   Statements : 96
   Stack(byte): 432
   Prefetch num: 0

 Total information
   Procedures       : 1
   Total lines      : 271
   Total statements : 96
   Total stack(byte): 432
   Total prefetch num: 0

