
 Fujitsu Fortran Version 4.5.0  Thu May  6 16:54:23 2021

 Compilation information
   Current directory : /vol0004/hp120295/u00324/FFBs/FFB.63.02.02/lib/src/fort
   Source file       : readm2.f

 Option information
   Command line options : -Kident_mpi -f2004 -I/vol0004/hp120295/u00324/FFB/include -I/include/mpi/fujitsu/ -Kvisimpact,ocl,optmsg=2,openmp -Dcputime -DUSE_TIMER -DUSE_BARRIER -Nlst=t -Cpp -Nfjomplib -c -I/opt/FJSVxtclanga/.common/MELI024/include/mpi/fujitsu -I/opt/FJSVxtclanga/.common/MELI024/lib64 -Knointentopt
   Cpp options          : -I/vol0004/hp120295/u00324/FFB/include -I/include/mpi/fujitsu/ -Dcputime -DUSE_TIMER -DUSE_BARRIER -I/opt/FJSVxtclanga/.common/MELI024/include/mpi/fujitsu -I/opt/FJSVxtclanga/.common/MELI024/lib64 -Dunix -Dlinux -D__FUJITSU -D__FRT_major__=4 -D__FRT_minor__=5 -D__FRT_patchlevel__=0 -D__FRT_version__="4.5.0" -D__aarch64__ -D__unix -D_OPENMP=201511 -D__frt_version=800 -D__ARM_ARCH=8 -D__ARM_FEATURE_SVE -D__ELF__ -D__unix__ -D__linux__ -D__linux -Asystem(unix) -otmp
   Effective options    : -fi -g0 -AE -Fixed -O3 -X08
                          -x0 -xaccept=nomodule_allocatable
                          -KA64FX -KARMV8_3_A -KSVE -Kalign_commons
                          -Kalign_loops -Karray_declaration_opt
                          -Kassume=noshortloop -Kassume=nomemory_bandwidth
                          -Kassume=notime_saving_compilation -Kauto
                          -Kautoobjstack -Knocalleralloc -Kcmodel=small
                          -Keval -Keval_noconcurrent -Knoextract_stride_store
                          -Knofenv_access -Kfp_contract -Kfp_relaxed
                          -Kfsimple -Kfz -Khpctag -Kilfunc=procedure
                          -Knointentopt -Klargepage -Kloop_blocking
                          -Kloop_fission -Kloop_nofission_stripmining
                          -Kloop_fission_threshold=50 -Kloop_fusion
                          -Kloop_interchange -Kloop_part_parallel
                          -Kloop_part_simd -Kloop_perfect_nest
                          -Kloop_noversioning -Knolto -Kmfunc=1 -Kocl
                          -Komitfp -Knooptlib_string -Koptmsg=2
                          -Knopc_relative_literal_loads -Kplt -Knopreex
                          -Kprefetch_noconditional -Kprefetch_noindirect
                          -Kprefetch_sequential=auto -Kprefetch_nostride
                          -Kprefetch_cache_level=all -Kprefetch_noinfer
                          -Kprefetch_strong -Kprefetch_strong_L2 -Knopreload
                          -Ksch_post_ra -Ksch_pre_ra -Ksibling_calls
                          -Ksimd=auto -Ksimd_packed_promotion
                          -Ksimd_reduction_product -Ksimd_reg_size=512
                          -Ksimd_nouncounted_loop
                          -Ksimd_use_multiple_structures -Knostriping
                          -Knosubscript_opt -Kswp -Kswp_freg_rate=100
                          -Kswp_ireg_rate=100 -Kswp_preg_rate=100
                          -Kswp_policy=auto -Ktemparraystack -Kunroll
                          -Knounroll_and_jam -Knozfill
                          -Kopenmp -Kopenmp_noassume_norecurrence
                          -Kopenmp_nocollapse_except_innermost
                          -Kopenmp_noordered_reduction -Knoopenmp_simd
                          -Kthreadsafe -Kparallel -Kparallel_nofp_precision
                          -Knoarray_private -Knodynamic_iteration -Kreduction
                          -Kregion_extension
                          -Nallextput -Nalloc_assign
                          -Ncancel_overtime_compilation -Nnocheck_global
                          -Nnocoarray -Nnocompdisp -Nnocopyarg -Nnocoverage
                          -Nfjprof -Nfreealloc -Nf90move -Nnohook_func
                          -Nnohook_time -Nfjomplib -Nline -Nlst -Nlst=p
                          -Nlst=t -Nnomallocfree -Nnoobsfun -Nnoprivatealloc
                          -Nquickdbg=noargchk -Nquickdbg=nosubchk
                          -Nquickdbg=noundef -NRnotrap -Nnorecursive
                          -Nnoreordered_variable_stack -Nrt_notune -Nnosave
                          -Nsetvalue=noheap -Nsetvalue=nostack
                          -Nsetvalue=noscalar -Nsetvalue=noarray
                          -Nsetvalue=nostruct -Nuse_rodata

 External subroutine subprogram "READM2"
  (line-no.)(nest)(optimize)
          1                     C======================================================================C
          2                     C                                                                      C
          3                     C SOFTWARE NAME : FRONTFLOW_BLUE.1.0                                   C
          4                     C                                                                      C
          5                     C  SUB ROUTINE    READM2                                               C
          6                     C                                                                      C
          7                     C                                       WRITTEN BY C.KATO              C
          8                     C                                                                      C
          9                     C                                                                      C
         10                     C Contact address: The University of Tokyo, FSIS project               C
         11                     C                                                                      C
         12                     C======================================================================C
         13                           SUBROUTINE READM2(IUTMS,FILEMS,MAXE,MAXP,N,
         14                          *                  NE,NP,NODE,X,Y,IUT0,IERR)
         15                           IMPLICIT REAL*8(A-H,O-Z)
         16                           DIMENSION NODE(N,MAXE),X(MAXP),Y(MAXP)
         17                     C
         18                           CHARACTER*60 FILEMS
         19                     C
         20                           CHARACTER*72 ERMSG
         21                          & /' *** SUBROUTINE READM2 REPORTS A FATAL ERROR OCCURENCE ***' /
         22                           CHARACTER*72 EREXP1
         23                          & /' NUMBER OF TOTAL ELEMENTS OR NODES HAS  EXCEEDED THE LIMIT' /
         24                     C
         25                     C
         26                     C      READ MESH DATA
         27                     C         ( 2-D CALCULATION )
         28                     C
         29                     C
         30                     C     ARGUMENT LISTINGS
         31                     C       (1) INPUT
         32                     C          IUTMS       ; EXTERNAL DEVICE NO. SPECIFIED
         33                     C          FILEMS      ; FILE NAME TO READ MESH DATA
         34                     C          MAXE        ; THE SECOND DIMENSION OF ARRAY NODE
         35                     C          MAXP        ; THE        DIMENSION OF ARRAY X , Y
         36                     C          N           ; NUMBER OF NODES ASSIGNED TO ONE ELEMENT
         37                     C          IUT0        ; DEVICE NUMBER TO REPORT ERROR OCCURENCE
         38                     C
         39                     C       (2) OUTPUT
         40                     C          NE          ; NUMBER OF TOTAL ELEMENTS
         41                     C          NP          ; NUMBER OF TOTAL    NODES
         42                     C          NODE(I,IE)  ; NODE NO. TABLE BASED ON ELEMENT
         43                     C          X     (IP)  ; X-COORDINATE OF EACH NODE ( ORTHOGONAL )
         44                     C          Y     (IP)  ; Y-COORDINATE OF EACH NODE ( ORTHOGONAL )
         45                     C          IERR        ; RETURN CODE TO REPORT ERROR OCCURENCE
         46                     C                   0 --- NORMAL TERMINATION
         47                     C                   1 --- A FATAL ERROR HAS OCCURED
         48                     C
         49                     C
         50                           IERR = 0
         51                     C
         52                     #ifdef VOS
         53                           OPEN(IUTMS,FILE=FILEMS,FORM='FORMATTED',ACTION='READ')
         54                     #else
         55                           OPEN(IUTMS,FILE=FILEMS,FORM='FORMATTED')
         56                     #endif
         57                     C
         58                           READ(IUTMS,500) NE , NP
         59                     C
         60     1                     IF(NE.GT.MAXE .OR. NP.GT.MAXP) THEN
         61     1                         WRITE(IUT0,6300) ERMSG
         62     1                         WRITE(IUT0,6300) EREXP1
         63     1                         IERR = 1
         64     1                         RETURN
         65     1                     ENDIF
         66                     C
         67                           READ(IUTMS,500) ((NODE(I,IE) , I = 1 , N) , IE = 1 , NE )
         68                           READ(IUTMS,520) ( X  (IP) , IP = 1 , NP )
         69                           READ(IUTMS,520) ( Y  (IP) , IP = 1 , NP )
         70                     C
         71                           CLOSE(IUTMS)
         72                     C
         73                     C
         74                           RETURN
         75                       500 FORMAT(14I5)
         76                       520 FORMAT(4D20.13)
         77                      6300 FORMAT(A72)
         78                           END

 Procedure information
   Lines      : 78
   Statements : 24
   Stack(byte): 1568
   Prefetch num: 0

 Total information
   Procedures       : 1
   Total lines      : 78
   Total statements : 24
   Total stack(byte): 1568
   Total prefetch num: 0

