
 Fujitsu Fortran Version 4.5.0  Thu May  6 16:54:25 2021

 Compilation information
   Current directory : /vol0004/hp120295/u00324/FFBs/FFB.63.02.02/lib/src/fort
   Source file       : releas.f

 Option information
   Command line options : -Kident_mpi -f2004 -I/vol0004/hp120295/u00324/FFB/include -I/include/mpi/fujitsu/ -Kvisimpact,ocl,optmsg=2,openmp -Dcputime -DUSE_TIMER -DUSE_BARRIER -Nlst=t -Cpp -Nfjomplib -c -I/opt/FJSVxtclanga/.common/MELI024/include/mpi/fujitsu -I/opt/FJSVxtclanga/.common/MELI024/lib64 -Knointentopt
   Cpp options          : -I/vol0004/hp120295/u00324/FFB/include -I/include/mpi/fujitsu/ -Dcputime -DUSE_TIMER -DUSE_BARRIER -I/opt/FJSVxtclanga/.common/MELI024/include/mpi/fujitsu -I/opt/FJSVxtclanga/.common/MELI024/lib64 -Dunix -Dlinux -D__FUJITSU -D__FRT_major__=4 -D__FRT_minor__=5 -D__FRT_patchlevel__=0 -D__FRT_version__="4.5.0" -D__aarch64__ -D__unix -D_OPENMP=201511 -D__frt_version=800 -D__ARM_ARCH=8 -D__ARM_FEATURE_SVE -D__ELF__ -D__unix__ -D__linux__ -D__linux -Asystem(unix) -otmp
   Effective options    : -fi -g0 -AE -Fixed -O3 -X08
                          -x0 -xaccept=nomodule_allocatable
                          -KA64FX -KARMV8_3_A -KSVE -Kalign_commons
                          -Kalign_loops -Karray_declaration_opt
                          -Kassume=noshortloop -Kassume=nomemory_bandwidth
                          -Kassume=notime_saving_compilation -Kauto
                          -Kautoobjstack -Knocalleralloc -Kcmodel=small
                          -Keval -Keval_noconcurrent -Knoextract_stride_store
                          -Knofenv_access -Kfp_contract -Kfp_relaxed
                          -Kfsimple -Kfz -Khpctag -Kilfunc=procedure
                          -Knointentopt -Klargepage -Kloop_blocking
                          -Kloop_fission -Kloop_nofission_stripmining
                          -Kloop_fission_threshold=50 -Kloop_fusion
                          -Kloop_interchange -Kloop_part_parallel
                          -Kloop_part_simd -Kloop_perfect_nest
                          -Kloop_noversioning -Knolto -Kmfunc=1 -Kocl
                          -Komitfp -Knooptlib_string -Koptmsg=2
                          -Knopc_relative_literal_loads -Kplt -Knopreex
                          -Kprefetch_noconditional -Kprefetch_noindirect
                          -Kprefetch_sequential=auto -Kprefetch_nostride
                          -Kprefetch_cache_level=all -Kprefetch_noinfer
                          -Kprefetch_strong -Kprefetch_strong_L2 -Knopreload
                          -Ksch_post_ra -Ksch_pre_ra -Ksibling_calls
                          -Ksimd=auto -Ksimd_packed_promotion
                          -Ksimd_reduction_product -Ksimd_reg_size=512
                          -Ksimd_nouncounted_loop
                          -Ksimd_use_multiple_structures -Knostriping
                          -Knosubscript_opt -Kswp -Kswp_freg_rate=100
                          -Kswp_ireg_rate=100 -Kswp_preg_rate=100
                          -Kswp_policy=auto -Ktemparraystack -Kunroll
                          -Knounroll_and_jam -Knozfill
                          -Kopenmp -Kopenmp_noassume_norecurrence
                          -Kopenmp_nocollapse_except_innermost
                          -Kopenmp_noordered_reduction -Knoopenmp_simd
                          -Kthreadsafe -Kparallel -Kparallel_nofp_precision
                          -Knoarray_private -Knodynamic_iteration -Kreduction
                          -Kregion_extension
                          -Nallextput -Nalloc_assign
                          -Ncancel_overtime_compilation -Nnocheck_global
                          -Nnocoarray -Nnocompdisp -Nnocopyarg -Nnocoverage
                          -Nfjprof -Nfreealloc -Nf90move -Nnohook_func
                          -Nnohook_time -Nfjomplib -Nline -Nlst -Nlst=p
                          -Nlst=t -Nnomallocfree -Nnoobsfun -Nnoprivatealloc
                          -Nquickdbg=noargchk -Nquickdbg=nosubchk
                          -Nquickdbg=noundef -NRnotrap -Nnorecursive
                          -Nnoreordered_variable_stack -Nrt_notune -Nnosave
                          -Nsetvalue=noheap -Nsetvalue=nostack
                          -Nsetvalue=noscalar -Nsetvalue=noarray
                          -Nsetvalue=nostruct -Nuse_rodata

 External subroutine subprogram "RELEAS"
  (line-no.)(nest)(optimize)
          1                     C======================================================================C
          2                     C                                                                      C
          3                     C SOFTWARE NAME : FRONTFLOW_BLUE.1.0                                   C
          4                     C                                                                      C
          5                     C  SUB ROUTINE    RELEAS                                               C
          6                     C                                                                      C
          7                     C                                       WRITTEN BY C.KATO              C
          8                     C                                                                      C
          9                     C                                                                      C
         10                     C Contact address: The University of Tokyo, FSIS project               C
         11                     C                                                                      C
         12                     C======================================================================C
         13                           SUBROUTINE RELEAS(XMR,YMR,IEMR,NMR,XM,YM,IEM,NM,MRK,IUT0,IERR)
         14                           IMPLICIT REAL*8 (A-H,O-Z)
         15                           DIMENSION XMR(NMR),YMR(NMR),IEMR(NMR),XM(NM),YM(NM),IEM(NM)
         16                     C
         17                           CHARACTER*72 ERMSG
         18                          & /' *** SUBROUTINE RELEAS REPORTS A FATAL ERROR OCCURENCE ***' /
         19                           CHARACTER*72 EREXP1
         20                          & /' NUMBER OF TOTAL MARKER PARTICLES HAS EXCEEDED LIMIT' /
         21                     C
         22                     C
         23                     C      RELEASE MARKER PARTICLES TO THE FLOW FIELD
         24                     C         ( 2-D CALCULATION )
         25                     C
         26                     C
         27                     C     ARGUMENT LISTINGS
         28                     C       (1) INPUT
         29                     C          XMR (IMR)   ; LOCATION    WHERE PARTICLES RELEASED
         30                     C          YMR (IMR)   ; LOCATION    WHERE PARTICLES RELEASED
         31                     C          IEMR(IMR)   ; ELEMENT NO. WHERE PARTICLES RELEASED
         32                     C          NMR         ; NUMBER OF PARTICLES RELEASED SIMULTANEOUSLY
         33                     C          MRK         ; LIMIT OF EXISTING MARKER PARTICLES' NUMBER
         34                     C          IUT0        ; DEVICE NUMBER TO REPORT ERROR OCCURENCE
         35                     C
         36                     C       (3) INPUT-OUTPUT
         37                     C          XM (IM)     ; LOCATION    OF PARTICLES EXISTING IN THE FIELD
         38                     C          YM (IM)     ; LOCATION    OF PARTICLES EXISTING IN THE FIELD
         39                     C          IEM(IM)     ; ELEMENT NO. OF PARTICLES EXISTING IN THE FIELD
         40                     C          NM          ; NUMBER      OF PARTICLES EXISTING IN THE FIELD
         41                     C          IERR        ; RETURN CODE TO REPORT ERROR OCCURENCE
         42                     C                   0 --- NORMAL TERMINATION
         43                     C                   1 --- A FATAL ERROR HAS OCCURED
         44                     C
         45                     C
         46                           IERR = 0
         47     1                     IF(NM+NMR.GT.MRK) THEN
         48     1                         WRITE(IUT0,6300) ERMSG
         49     1                         WRITE(IUT0,6300) EREXP1
         50     1                         IERR = 1
         51     1                         RETURN
         52     1                     ENDIF
         53                     C
                              <<< Loop-information Start >>>
                              <<<  [OPTIMIZATION]
                              <<<    SIMD(VL: 8)
                              <<<    SOFTWARE PIPELINING(IPC: 2.40, ITR: 40, MVE: 3, POL: S)
                              <<<    PREFETCH(HARD) Expected by compiler :
                              <<<      XMR, YMR, IEMR, (unknown)
                              <<< Loop-information  End >>>
         54     1   s   4m            DO 100 IMR = 1 , NMR
         55     1   s   4m                NM = NM+1
         56     1   m    v                 XM(NM) =  XMR(IMR)
         57     1   s    v                 YM(NM) =  YMR(IMR)
         58     1   s    v                IEM(NM) = IEMR(IMR)
         59     1   p    v        100 CONTINUE
         60                     C
         61                     C
         62                           RETURN
         63                      6300 FORMAT(A72)
         64                           END

 Diagnostic messages: program name(RELEAS)
   jwd6005s-i  "releas.f", line 54: SIMD conversion is applied partially to DO loop with DO variable 'IMR'.
   jwd8204o-i  "releas.f", line 54: This loop is software pipelined.
   jwd8205o-i  "releas.f", line 54: The software-pipelined loop is chosen at run time when the iteration count is greater than or equal to 12.
   jwd8205o-i  "releas.f", line 54: The software-pipelined loop is chosen at run time when the iteration count is greater than or equal to 40.
   jwd5202p-i  "releas.f", line 55: DO loop is not parallelized: data dependency of variable 'NM' may cause different results from serial execution for loop.
   jwd6202s-i  "releas.f", line 55: SIMD conversion cannot be applied to DO loop: data dependency of variable 'NM' may cause different results from serial execution for loop.
   jwd5209p-i  "releas.f", line 56: DO loop is not parallelized: the variable 'NM' referenced in the subscript expression of array 'XM' is assigned to in DO loop.
   jwd5209p-i  "releas.f", line 57: DO loop is not parallelized: the variable 'NM' referenced in the subscript expression of array 'YM' is assigned to in DO loop.
   jwd5209p-i  "releas.f", line 58: DO loop is not parallelized: the variable 'NM' referenced in the subscript expression of array 'IEM' is assigned to in DO loop.

 Procedure information
   Lines      : 64
   Statements : 21
   Stack(byte): 560
   Prefetch num: 0

 Total information
   Procedures       : 1
   Total lines      : 64
   Total statements : 21
   Total stack(byte): 560
   Total prefetch num: 0

