
 Fujitsu Fortran Version 4.5.0  Thu May  6 16:54:26 2021

 Compilation information
   Current directory : /vol0004/hp120295/u00324/FFBs/FFB.63.02.02/lib/src/fort
   Source file       : scaleg.f

 Option information
   Command line options : -Kident_mpi -f2004 -I/vol0004/hp120295/u00324/FFB/include -I/include/mpi/fujitsu/ -Kvisimpact,ocl,optmsg=2,openmp -Dcputime -DUSE_TIMER -DUSE_BARRIER -Nlst=t -Cpp -Nfjomplib -c -I/opt/FJSVxtclanga/.common/MELI024/include/mpi/fujitsu -I/opt/FJSVxtclanga/.common/MELI024/lib64 -Knointentopt
   Cpp options          : -I/vol0004/hp120295/u00324/FFB/include -I/include/mpi/fujitsu/ -Dcputime -DUSE_TIMER -DUSE_BARRIER -I/opt/FJSVxtclanga/.common/MELI024/include/mpi/fujitsu -I/opt/FJSVxtclanga/.common/MELI024/lib64 -Dunix -Dlinux -D__FUJITSU -D__FRT_major__=4 -D__FRT_minor__=5 -D__FRT_patchlevel__=0 -D__FRT_version__="4.5.0" -D__aarch64__ -D__unix -D_OPENMP=201511 -D__frt_version=800 -D__ARM_ARCH=8 -D__ARM_FEATURE_SVE -D__ELF__ -D__unix__ -D__linux__ -D__linux -Asystem(unix) -otmp
   Effective options    : -fi -g0 -AE -Fixed -O3 -X08
                          -x0 -xaccept=nomodule_allocatable
                          -KA64FX -KARMV8_3_A -KSVE -Kalign_commons
                          -Kalign_loops -Karray_declaration_opt
                          -Kassume=noshortloop -Kassume=nomemory_bandwidth
                          -Kassume=notime_saving_compilation -Kauto
                          -Kautoobjstack -Knocalleralloc -Kcmodel=small
                          -Keval -Keval_noconcurrent -Knoextract_stride_store
                          -Knofenv_access -Kfp_contract -Kfp_relaxed
                          -Kfsimple -Kfz -Khpctag -Kilfunc=procedure
                          -Knointentopt -Klargepage -Kloop_blocking
                          -Kloop_fission -Kloop_nofission_stripmining
                          -Kloop_fission_threshold=50 -Kloop_fusion
                          -Kloop_interchange -Kloop_part_parallel
                          -Kloop_part_simd -Kloop_perfect_nest
                          -Kloop_noversioning -Knolto -Kmfunc=1 -Kocl
                          -Komitfp -Knooptlib_string -Koptmsg=2
                          -Knopc_relative_literal_loads -Kplt -Knopreex
                          -Kprefetch_noconditional -Kprefetch_noindirect
                          -Kprefetch_sequential=auto -Kprefetch_nostride
                          -Kprefetch_cache_level=all -Kprefetch_noinfer
                          -Kprefetch_strong -Kprefetch_strong_L2 -Knopreload
                          -Ksch_post_ra -Ksch_pre_ra -Ksibling_calls
                          -Ksimd=auto -Ksimd_packed_promotion
                          -Ksimd_reduction_product -Ksimd_reg_size=512
                          -Ksimd_nouncounted_loop
                          -Ksimd_use_multiple_structures -Knostriping
                          -Knosubscript_opt -Kswp -Kswp_freg_rate=100
                          -Kswp_ireg_rate=100 -Kswp_preg_rate=100
                          -Kswp_policy=auto -Ktemparraystack -Kunroll
                          -Knounroll_and_jam -Knozfill
                          -Kopenmp -Kopenmp_noassume_norecurrence
                          -Kopenmp_nocollapse_except_innermost
                          -Kopenmp_noordered_reduction -Knoopenmp_simd
                          -Kthreadsafe -Kparallel -Kparallel_nofp_precision
                          -Knoarray_private -Knodynamic_iteration -Kreduction
                          -Kregion_extension
                          -Nallextput -Nalloc_assign
                          -Ncancel_overtime_compilation -Nnocheck_global
                          -Nnocoarray -Nnocompdisp -Nnocopyarg -Nnocoverage
                          -Nfjprof -Nfreealloc -Nf90move -Nnohook_func
                          -Nnohook_time -Nfjomplib -Nline -Nlst -Nlst=p
                          -Nlst=t -Nnomallocfree -Nnoobsfun -Nnoprivatealloc
                          -Nquickdbg=noargchk -Nquickdbg=nosubchk
                          -Nquickdbg=noundef -NRnotrap -Nnorecursive
                          -Nnoreordered_variable_stack -Nrt_notune -Nnosave
                          -Nsetvalue=noheap -Nsetvalue=nostack
                          -Nsetvalue=noscalar -Nsetvalue=noarray
                          -Nsetvalue=nostruct -Nuse_rodata

 External subroutine subprogram "SCALEG"
  (line-no.)(nest)(optimize)
          1                     C======================================================================C
          2                     C                                                                      C
          3                     C SOFTWARE NAME : FRONTFLOW_BLUE.1.0                                   C
          4                     C                                                                      C
          5                     C  SUB ROUTINE    SCALEG                                               C
          6                     C                                                                      C
          7                     C                                       WRITTEN BY C.KATO              C
          8                     C                                                                      C
          9                     C                                                                      C
         10                     C Contact address: The University of Tokyo, FSIS project               C
         11                     C                                                                      C
         12                     C======================================================================C
         13                           SUBROUTINE SCALEG(X,Y,NP,RNGX,RNGY,RATIO,XMIN,XMAX,YMIN,YMAX,SFC)
         14                           IMPLICIT REAL*4(A-H,O-Z)
         15                           DIMENSION X(NP),Y(NP)
         16                     C
         17                     C
         18                     C      SCALE 2-DIMENSIONAL FIELD
         19                     C         ( 2-D GRAPHICS )
         20                     C
         21                     C
         22                     C     ARGUMENT LISTINGS
         23                     C       (1) INPUT
         24                     C          X(IP)       ; X-DIR. COORDINATE
         25                     C          Y(IP)       ; Y-DIR. COORDINATE
         26                     C          NP          ; NUMBER OF TOTAL NODES
         27                     C          RNGX        ; X-DIR. GRAPHIC RANGE SPECIFIED
         28                     C          RNGY        ; Y-DIR. GRAPHIC RANGE SPECIFIED
         29                     C          RATIO       ; SCALING COEFFICIENT
         30                     C                RATIO < 1.0 --- UNDER SCALING
         31                     C                RATIO > 1.0 --- OVER  SCALING
         32                     C
         33                     C       (2) OUTPUT
         34                     C          XMIN        ; MINIMUM X-VALUE
         35                     C          XMAX        ; MAXIMUM X-VALUE
         36                     C          YMIN        ; MINIMUM Y-VALUE
         37                     C          YMAX        ; MAXIMUM Y-VALUE
         38                     C          SFC         ; SCALING FACTOR
         39                     C
         40                     C
         41                           CALL FINDMM(X,NP,OXMIN,OXMAX)
         42                           CALL FINDMM(Y,NP,OYMIN,OYMAX)
         43                     C
         44                           XMIN = OXMIN-0.5*(1.0-RATIO)/RATIO*(OXMAX-OXMIN)
         45                           XMAX = OXMAX+0.5*(1.0-RATIO)/RATIO*(OXMAX-OXMIN)
         46                           YMIN = OYMIN-0.5*(1.0-RATIO)/RATIO*(OYMAX-OYMIN)
         47                           YMAX = OYMAX+0.5*(1.0-RATIO)/RATIO*(OYMAX-OYMIN)
         48                     C
         49                           SFC = AMIN1(RNGX/(XMAX-XMIN) , RNGY/(YMAX-YMIN))
         50                     C
         51                     C
         52                           RETURN
         53                           END

 Diagnostic messages: program name(SCALEG)
   jwd8220o-i  "scaleg.f", line 13: Optimizations is performed in this program unit with possibility of side effects. See informational messages below to determine which such optimizations have been performed.
   jwd8209o-i  "scaleg.f", line 44: Evaluation order of polynomial expression is changed according to commutative law of addition and multiplication.

 Procedure information
   Lines      : 53
   Statements : 12
   Stack(byte): 384
   Prefetch num: 0

 Total information
   Procedures       : 1
   Total lines      : 53
   Total statements : 12
   Total stack(byte): 384
   Total prefetch num: 0

