
 Fujitsu Fortran Version 4.5.0  Thu May  6 16:54:27 2021

 Compilation information
   Current directory : /vol0004/hp120295/u00324/FFBs/FFB.63.02.02/lib/src/fort
   Source file       : shapeg.f

 Option information
   Command line options : -Kident_mpi -f2004 -I/vol0004/hp120295/u00324/FFB/include -I/include/mpi/fujitsu/ -Kvisimpact,ocl,optmsg=2,openmp -Dcputime -DUSE_TIMER -DUSE_BARRIER -Nlst=t -Cpp -Nfjomplib -c -I/opt/FJSVxtclanga/.common/MELI024/include/mpi/fujitsu -I/opt/FJSVxtclanga/.common/MELI024/lib64 -Knointentopt
   Cpp options          : -I/vol0004/hp120295/u00324/FFB/include -I/include/mpi/fujitsu/ -Dcputime -DUSE_TIMER -DUSE_BARRIER -I/opt/FJSVxtclanga/.common/MELI024/include/mpi/fujitsu -I/opt/FJSVxtclanga/.common/MELI024/lib64 -Dunix -Dlinux -D__FUJITSU -D__FRT_major__=4 -D__FRT_minor__=5 -D__FRT_patchlevel__=0 -D__FRT_version__="4.5.0" -D__aarch64__ -D__unix -D_OPENMP=201511 -D__frt_version=800 -D__ARM_ARCH=8 -D__ARM_FEATURE_SVE -D__ELF__ -D__unix__ -D__linux__ -D__linux -Asystem(unix) -otmp
   Effective options    : -fi -g0 -AE -Fixed -O3 -X08
                          -x0 -xaccept=nomodule_allocatable
                          -KA64FX -KARMV8_3_A -KSVE -Kalign_commons
                          -Kalign_loops -Karray_declaration_opt
                          -Kassume=noshortloop -Kassume=nomemory_bandwidth
                          -Kassume=notime_saving_compilation -Kauto
                          -Kautoobjstack -Knocalleralloc -Kcmodel=small
                          -Keval -Keval_noconcurrent -Knoextract_stride_store
                          -Knofenv_access -Kfp_contract -Kfp_relaxed
                          -Kfsimple -Kfz -Khpctag -Kilfunc=procedure
                          -Knointentopt -Klargepage -Kloop_blocking
                          -Kloop_fission -Kloop_nofission_stripmining
                          -Kloop_fission_threshold=50 -Kloop_fusion
                          -Kloop_interchange -Kloop_part_parallel
                          -Kloop_part_simd -Kloop_perfect_nest
                          -Kloop_noversioning -Knolto -Kmfunc=1 -Kocl
                          -Komitfp -Knooptlib_string -Koptmsg=2
                          -Knopc_relative_literal_loads -Kplt -Knopreex
                          -Kprefetch_noconditional -Kprefetch_noindirect
                          -Kprefetch_sequential=auto -Kprefetch_nostride
                          -Kprefetch_cache_level=all -Kprefetch_noinfer
                          -Kprefetch_strong -Kprefetch_strong_L2 -Knopreload
                          -Ksch_post_ra -Ksch_pre_ra -Ksibling_calls
                          -Ksimd=auto -Ksimd_packed_promotion
                          -Ksimd_reduction_product -Ksimd_reg_size=512
                          -Ksimd_nouncounted_loop
                          -Ksimd_use_multiple_structures -Knostriping
                          -Knosubscript_opt -Kswp -Kswp_freg_rate=100
                          -Kswp_ireg_rate=100 -Kswp_preg_rate=100
                          -Kswp_policy=auto -Ktemparraystack -Kunroll
                          -Knounroll_and_jam -Knozfill
                          -Kopenmp -Kopenmp_noassume_norecurrence
                          -Kopenmp_nocollapse_except_innermost
                          -Kopenmp_noordered_reduction -Knoopenmp_simd
                          -Kthreadsafe -Kparallel -Kparallel_nofp_precision
                          -Knoarray_private -Knodynamic_iteration -Kreduction
                          -Kregion_extension
                          -Nallextput -Nalloc_assign
                          -Ncancel_overtime_compilation -Nnocheck_global
                          -Nnocoarray -Nnocompdisp -Nnocopyarg -Nnocoverage
                          -Nfjprof -Nfreealloc -Nf90move -Nnohook_func
                          -Nnohook_time -Nfjomplib -Nline -Nlst -Nlst=p
                          -Nlst=t -Nnomallocfree -Nnoobsfun -Nnoprivatealloc
                          -Nquickdbg=noargchk -Nquickdbg=nosubchk
                          -Nquickdbg=noundef -NRnotrap -Nnorecursive
                          -Nnoreordered_variable_stack -Nrt_notune -Nnosave
                          -Nsetvalue=noheap -Nsetvalue=nostack
                          -Nsetvalue=noscalar -Nsetvalue=noarray
                          -Nsetvalue=nostruct -Nuse_rodata

 External function subprogram "SHAPEG"
  (line-no.)(nest)(optimize)
          1                     C======================================================================C
          2                     C                                                                      C
          3                     C SOFTWARE NAME : FRONTFLOW_BLUE.1.0                                   C
          4                     C                                                                      C
          5                     C  SUB ROUTINE    SHAPEG                                               C
          6                     C                                                                      C
          7                     C                                       WRITTEN BY C.KATO              C
          8                     C                                                                      C
          9                     C                                                                      C
         10                     C Contact address: The University of Tokyo, FSIS project               C
         11                     C                                                                      C
         12                     C======================================================================C
         13                           FUNCTION SHAPEG(I,G,E,J)
         14                           IMPLICIT REAL*4 (A-H,O-Z)
         15                           DIMENSION GI(4),EI(4)
         16                           DATA GI /-1.E0 , 1.E0 , 1.E0 ,-1.E0 /
         17                           DATA EI /-1.E0 ,-1.E0 , 1.E0 , 1.E0 /
         18                           DATA U  / 1.E0 /
         19                     C
         20                     C
         21                     C      CALCULATE SHAPE FUNCTION AND ITS DERIVERTIVES AT A GIVEN POINT
         22                     C         ( 2-D GRAPHICS )
         23                     C
         24                     C
         25                     C     ARGUMENT LISTINGS
         26                     C       (1) INPUT
         27                     C          I           ; SPECIFIES ELEMENT-WISE NODE NO.
         28                     C          G           ; GZI -COORDINATE
         29                     C          E           ; ETA -COORDINATE
         30                     C          J           ; SPECIFIES FUNCTION AS FOLLOWS
         31                     C                   1 --- SHAPE FUNCTION
         32                     C                   2 --- GZI  DERIVERTIVE OF SHAPE FUNCTION
         33                     C                   3 --- ETA  DERIVERTIVE OF SHAPE FUNCTION
         34                     C
         35                     C       (2) OUTPUT
         36                     C          SHAPEG
         37                     C
         38                     C
         39                           GO TO (100,200,300) , J
         40                     C
         41                     C      J = 1 ----- SHAPE FUNCTION N
         42                     C
         43                       100 CONTINUE
         44                               SHAPEG = .25E0*(U+GI(I)*G)*(U+EI(I)*E)
         45                           RETURN
         46                     C
         47                     C      J = 2 ----- DN/DG
         48                     C
         49                       200 CONTINUE
         50                               SHAPEG = .25E0*GI(I)*(U+EI(I)*E)
         51                           RETURN
         52                     C
         53                     C      J = 3 ----- DN/DE
         54                     C
         55                       300 CONTINUE
         56                               SHAPEG = .25E0*EI(I)*(U+GI(I)*G)
         57                           RETURN
         58                     C
         59                     C
         60                           END

 Procedure information
   Lines      : 60
   Statements : 17
   Stack(byte): 352
   Prefetch num: 0

 Total information
   Procedures       : 1
   Total lines      : 60
   Total statements : 17
   Total stack(byte): 352
   Total prefetch num: 0

