
 Fujitsu Fortran Version 4.5.0  Thu May  6 16:54:35 2021

 Compilation information
   Current directory : /vol0004/hp120295/u00324/FFBs/FFB.63.02.02/lib/src/fort
   Source file       : vbsetf.f

 Option information
   Command line options : -Kident_mpi -f2004 -I/vol0004/hp120295/u00324/FFB/include -I/include/mpi/fujitsu/ -Kvisimpact,ocl,optmsg=2,openmp -Dcputime -DUSE_TIMER -DUSE_BARRIER -Nlst=t -Cpp -Nfjomplib -c -I/opt/FJSVxtclanga/.common/MELI024/include/mpi/fujitsu -I/opt/FJSVxtclanga/.common/MELI024/lib64 -Knointentopt
   Cpp options          : -I/vol0004/hp120295/u00324/FFB/include -I/include/mpi/fujitsu/ -Dcputime -DUSE_TIMER -DUSE_BARRIER -I/opt/FJSVxtclanga/.common/MELI024/include/mpi/fujitsu -I/opt/FJSVxtclanga/.common/MELI024/lib64 -Dunix -Dlinux -D__FUJITSU -D__FRT_major__=4 -D__FRT_minor__=5 -D__FRT_patchlevel__=0 -D__FRT_version__="4.5.0" -D__aarch64__ -D__unix -D_OPENMP=201511 -D__frt_version=800 -D__ARM_ARCH=8 -D__ARM_FEATURE_SVE -D__ELF__ -D__unix__ -D__linux__ -D__linux -Asystem(unix) -otmp
   Effective options    : -fi -g0 -AE -Fixed -O3 -X08
                          -x0 -xaccept=nomodule_allocatable
                          -KA64FX -KARMV8_3_A -KSVE -Kalign_commons
                          -Kalign_loops -Karray_declaration_opt
                          -Kassume=noshortloop -Kassume=nomemory_bandwidth
                          -Kassume=notime_saving_compilation -Kauto
                          -Kautoobjstack -Knocalleralloc -Kcmodel=small
                          -Keval -Keval_noconcurrent -Knoextract_stride_store
                          -Knofenv_access -Kfp_contract -Kfp_relaxed
                          -Kfsimple -Kfz -Khpctag -Kilfunc=procedure
                          -Knointentopt -Klargepage -Kloop_blocking
                          -Kloop_fission -Kloop_nofission_stripmining
                          -Kloop_fission_threshold=50 -Kloop_fusion
                          -Kloop_interchange -Kloop_part_parallel
                          -Kloop_part_simd -Kloop_perfect_nest
                          -Kloop_noversioning -Knolto -Kmfunc=1 -Kocl
                          -Komitfp -Knooptlib_string -Koptmsg=2
                          -Knopc_relative_literal_loads -Kplt -Knopreex
                          -Kprefetch_noconditional -Kprefetch_noindirect
                          -Kprefetch_sequential=auto -Kprefetch_nostride
                          -Kprefetch_cache_level=all -Kprefetch_noinfer
                          -Kprefetch_strong -Kprefetch_strong_L2 -Knopreload
                          -Ksch_post_ra -Ksch_pre_ra -Ksibling_calls
                          -Ksimd=auto -Ksimd_packed_promotion
                          -Ksimd_reduction_product -Ksimd_reg_size=512
                          -Ksimd_nouncounted_loop
                          -Ksimd_use_multiple_structures -Knostriping
                          -Knosubscript_opt -Kswp -Kswp_freg_rate=100
                          -Kswp_ireg_rate=100 -Kswp_preg_rate=100
                          -Kswp_policy=auto -Ktemparraystack -Kunroll
                          -Knounroll_and_jam -Knozfill
                          -Kopenmp -Kopenmp_noassume_norecurrence
                          -Kopenmp_nocollapse_except_innermost
                          -Kopenmp_noordered_reduction -Knoopenmp_simd
                          -Kthreadsafe -Kparallel -Kparallel_nofp_precision
                          -Knoarray_private -Knodynamic_iteration -Kreduction
                          -Kregion_extension
                          -Nallextput -Nalloc_assign
                          -Ncancel_overtime_compilation -Nnocheck_global
                          -Nnocoarray -Nnocompdisp -Nnocopyarg -Nnocoverage
                          -Nfjprof -Nfreealloc -Nf90move -Nnohook_func
                          -Nnohook_time -Nfjomplib -Nline -Nlst -Nlst=p
                          -Nlst=t -Nnomallocfree -Nnoobsfun -Nnoprivatealloc
                          -Nquickdbg=noargchk -Nquickdbg=nosubchk
                          -Nquickdbg=noundef -NRnotrap -Nnorecursive
                          -Nnoreordered_variable_stack -Nrt_notune -Nnosave
                          -Nsetvalue=noheap -Nsetvalue=nostack
                          -Nsetvalue=noscalar -Nsetvalue=noarray
                          -Nsetvalue=nostruct -Nuse_rodata

 External subroutine subprogram "VBSETF"
  (line-no.)(nest)(optimize)
          1                     C======================================================================C
          2                     C                                                                      C
          3                     C SOFTWARE NAME : FRONTFLOW_BLUE.1.0                                   C
          4                     C                                                                      C
          5                     C  SUB ROUTINE    VBSETF                                               C
          6                     C                                                                      C
          7                     C                                       WRITTEN BY C.KATO              C
          8                     C                                                                      C
          9                     C                                                                      C
         10                     C Contact address: The University of Tokyo, FSIS project               C
         11                     C                                                                      C
         12                     C======================================================================C
         13                           SUBROUTINE VBSETF(LB,BB,NB,VN)
         14                           IMPLICIT REAL*8(A-H,O-Z)
         15                           DIMENSION LB(NB),BB(NB),VN(*)
         16                     C
         17                     C
         18                     C      GIVE PRESCRIBED BOUNDARY VALUES TO VN(IP)
         19                     C         ( 2-D , 3-D CALCULATION )
         20                     C
         21                     C
         22                     C     ARGUMENT LISTINGS
         23                     C       (1) INPUT
         24                     C          LB   (IB)   ; BOUNDARY NODE SPECIFYING LIST VECTOR
         25                     C          BB   (IB)   ; PRESCRIBED BOUNDARY VALUES
         26                     C          NB          ; NUMBER OF PRESCRIBED BOUNDARY NODES
         27                     C
         28                     C       (3) INPUT-OUTPUT
         29                     C          VN   (IP)   ; NODALLY DEFINED VARIABLE GIVEN B.C.
         30                     C
         31                     C
                              <<< Loop-information Start >>>
                              <<<  [OPTIMIZATION]
                              <<<    SIMD(VL: 8)
                              <<<    SOFTWARE PIPELINING(IPC: 2.50, ITR: 112, MVE: 4, POL: S)
                              <<<    PREFETCH(HARD) Expected by compiler :
                              <<<      LB, BB
                              <<< Loop-information  End >>>
         32     1   s   2v            DO 100 IB = 1 , NB
         33     1   m   2v                VN(LB(IB)) = BB(IB)
         34     1   p   2v        100 CONTINUE
         35                     C
         36                     C
         37                           RETURN
         38                           END

 Diagnostic messages: program name(VBSETF)
   jwd6001s-i  "vbsetf.f", line 32: SIMD conversion is applied to DO loop with DO variable 'IB'.
   jwd8204o-i  "vbsetf.f", line 32: This loop is software pipelined.
   jwd8205o-i  "vbsetf.f", line 32: The software-pipelined loop is chosen at run time when the iteration count is greater than or equal to 112.
   jwd5228p-i  "vbsetf.f", line 33: DO loop is not parallelized: data dependency of variable may cause different results from serial execution for loop.

 Procedure information
   Lines      : 38
   Statements : 8
   Stack(byte): 352
   Prefetch num: 0

 Total information
   Procedures       : 1
   Total lines      : 38
   Total statements : 8
   Total stack(byte): 352
   Total prefetch num: 0

