
 Fujitsu Fortran Version 4.1.0  Tue Apr 28 18:53:37 2020

 Compilation information
   Current directory : /vol0001/g9300001/u93021/09.FFB/2020.04.28a_v630202_from_Yamade/FFB.63.02.02/ver.63.02.02
   Source file       : ale_movbc2.f

 Option information
   Command line options : -Kident_mpi -f2004 -I/home/g9300001/u93021/09.FFB/2020.04.28a_v630202_from_Yamade/FFB.63.02.02/include -I/include/mpi/fujitsu/ -Kvisimpact,ocl,optmsg=2,openmp -Dcputime -DUSE_TIMER -DUSE_BARRIER -Nlst=t -Cpp -Nfjomplib -c -I/opt/FJSVxtclanga/.common/MELI014/include/mpi/fujitsu -I/opt/FJSVxtclanga/.common/MELI014/lib64 -Knointentopt
   Cpp options          : -I/home/g9300001/u93021/09.FFB/2020.04.28a_v630202_from_Yamade/FFB.63.02.02/include -I/include/mpi/fujitsu/ -Dcputime -DUSE_TIMER -DUSE_BARRIER -I/opt/FJSVxtclanga/.common/MELI014/include/mpi/fujitsu -I/opt/FJSVxtclanga/.common/MELI014/lib64 -Dunix -Dlinux -D__FUJITSU -D__FRT_major__=4 -D__FRT_minor__=1 -D__FRT_patchlevel__=0 -D__FRT_version__="4.1.0" -D__aarch64__ -D__unix -D_OPENMP=201511 -D__frt_version=800 -D__ARM_ARCH=8 -D__ARM_FEATURE_SVE -D__ELF__ -D__unix__ -D__linux__ -D__linux -Asystem(unix) -otmp
   Effective options    : -fi -g0 -AE -Fixed -O3 -X08
                          -x0 -xaccept=nomodule_allocatable
                          -KA64FX -KARMV8_3_A -KSVE -Kalign_commons
                          -Kalign_loops -Kassume=noshortloop
                          -Kassume=nomemory_bandwidth
                          -Kassume=notime_saving_compilation -Kauto
                          -Kautoobjstack -Knocalleralloc -Kcmodel=small
                          -Keval -Keval_noconcurrent -Knofenv_access
                          -Kfp_contract -Kfp_relaxed -Kfsimple -Kfz -Khpctag
                          -Kilfunc=procedure -Knointentopt -Klargepage
                          -Kloop_blocking -Kloop_fission
                          -Kloop_nofission_stripmining
                          -Kloop_fission_threshold=50 -Kloop_fusion
                          -Kloop_interchange -Kloop_part_parallel
                          -Kloop_part_simd -Kloop_perfect_nest
                          -Kloop_noversioning -Knolto -Kmfunc=1 -Kocl
                          -Komitfp -Knooptlib_string -Koptmsg=2
                          -Knopc_relative_literal_loads -Kplt -Knopreex
                          -Kprefetch_noconditional -Kprefetch_noindirect
                          -Kprefetch_sequential=auto -Kprefetch_nostride
                          -Kprefetch_cache_level=all -Kprefetch_noinfer
                          -Kprefetch_strong -Kprefetch_strong_L2 -Knopreload
                          -Ksch_post_ra -Ksch_pre_ra -Ksibling_calls
                          -Ksimd=auto -Ksimd_packed_promotion
                          -Ksimd_reduction_product -Ksimd_reg_size=512
                          -Ksimd_nouncounted_loop
                          -Ksimd_use_multiple_structures -Knostriping -Kswp
                          -Kswp_freg_rate=100 -Kswp_ireg_rate=100
                          -Kswp_preg_rate=100 -Ktemparraystack -Kunroll
                          -Knounroll_and_jam -Knozfill
                          -Kopenmp -Kopenmp_noassume_norecurrence
                          -Kopenmp_nocollapse_except_innermost
                          -Kopenmp_noordered_reduction -Knoopenmp_simd
                          -Kthreadsafe -Kparallel -Kparallel_nofp_precision
                          -Knoarray_private -Knodynamic_iteration -Kreduction
                          -Kregion_extension
                          -Nallextput -Nnoalloc_assign
                          -Ncancel_overtime_compilation -Nnocheck_global
                          -Nnocoarray -Nnocompdisp -Nnocopyarg -Nnocoverage
                          -Nfjprof -Nfreealloc -Nf90move -Nnohook_func
                          -Nnohook_time -Nfjomplib -Nline -Nlst -Nlst=p
                          -Nlst=t -Nnomallocfree -Nnoobsfun -Nnoprivatealloc
                          -Nquickdbg=noargchk -Nquickdbg=nosubchk
                          -Nquickdbg=noundef -NRnotrap -Nnorecursive
                          -Nnoreordered_variable_stack -Nrt_notune -Nnosave
                          -Nsetvalue=noheap -Nsetvalue=nostack
                          -Nsetvalue=noscalar -Nsetvalue=noarray
                          -Nsetvalue=nostruct -Nuse_rodata

 External subroutine subprogram "ALE_MOVBC2"
  (line-no.)(nest)(optimize)
          1                           SUBROUTINE ALE_MOVBC2(NP,NPBODY,LPBODY,NPMVB,UMVB,VMVB,WMVB,
          2                          *                      NMODE,AOBJ,TOBJ,TIME,DT,X,Y,Z)
          3                     C
          4                           IMPLICIT NONE
          5                     C
          6                           INTEGER*4 NP,NPBODY,NPMVB,NMODE
          7                           INTEGER*4 LPBODY(NPBODY)
          8                           REAL*4    AOBJ,TOBJ,TIME,DT
          9                           REAL*4    UMVB(NPMVB),VMVB(NPMVB),WMVB(NPMVB),X(NP),Y(NP),Z(NP)
         10                     C     WORK
         11                           INTEGER*4 IBP,IP
         12                           REAL*4    PI,RV,OMG,DN,XN,YN,ZN
         13                     C
         14                           PARAMETER (PI=3.141593)
         15                     C
         16                           OMG=2.0E0*PI/TOBJ
         17                           RV =AOBJ*(SIN(OMG*TIME)-SIN(OMG*(TIME-DT)))/DT
         18     1                     IF (NMODE.EQ.1) THEN
                              <<< Loop-information Start >>>
                              <<<  [PARALLELIZATION]
                              <<<    Standard iteration count: 254
                              <<<  [OPTIMIZATION]
                              <<<    SIMD(VL: 16)
                              <<<    SOFTWARE PIPELINING(IPC: 1.13, ITR: 144, MVE: 4)
                              <<<    PREFETCH(HARD) Expected by compiler :
                              <<<      LPBODY, UMVB, WMVB, VMVB
                              <<< Loop-information  End >>>
         19     2  pp    v               DO 100 IBP=1,NPBODY
         20     2   p    v                  IP=LPBODY(IBP)
         21     2   p    v                  DN=SQRT(X(IP)**2.0E0+Y(IP)**2.0E0+Z(IP)**2.0E0)
         22     2   p    v                  XN=X(IP)/DN
         23     2   p    v                  YN=Y(IP)/DN
         24     2   p    v                  ZN=Z(IP)/DN
         25     2   p    v                  UMVB(IBP)=RV*XN
         26     2   p    v                  VMVB(IBP)=RV*YN
         27     2   p    v                  WMVB(IBP)=RV*ZN
         28     2   p    v       100     CONTINUE
         29     1                     ELSE IF (NMODE.EQ.2) THEN
                              <<< Loop-information Start >>>
                              <<<  [PARALLELIZATION]
                              <<<    Standard iteration count: 1143
                              <<<  [OPTIMIZATION]
                              <<<    SIMD(VL: 16)
                              <<<    PREFETCH(HARD) Expected by compiler :
                              <<<      WMVB, VMVB, UMVB
                              <<< Loop-information  End >>>
         30     2  pp   2v               DO 200 IBP=1,NPBODY
         31     2   p   2v                  UMVB(IBP)=0.0E0
         32     2   p   2v                  VMVB(IBP)=RV
         33     2   p   2v                  WMVB(IBP)=0.0E0
         34     2   p   2v       200     CONTINUE
         35     1                     ELSE IF (NMODE.EQ.3) THEN
                              <<< Loop-information Start >>>
                              <<<  [PARALLELIZATION]
                              <<<    Standard iteration count: 43
                              <<<  [OPTIMIZATION]
                              <<<    SIMD(VL: 16)
                              <<<    SOFTWARE PIPELINING(IPC: 0.93, ITR: 144, MVE: 4)
                              <<<    PREFETCH(HARD) Expected by compiler :
                              <<<      LPBODY, WMVB, UMVB, VMVB
                              <<< Loop-information  End >>>
         36     2  pp    v               DO 300 IBP=1,NPBODY
         37     2   p    v                  IP=LPBODY(IBP)
         38     2   p    v                  UMVB(IBP)=0.0E0
         39     2   p    v                  VMVB(IBP)=RV*SIN(PI/2.0E0*(X(IP)-5.5)/4.0)
         40     2   p    v                  WMVB(IBP)=0.0E0
         41     2   p    v       300     CONTINUE
         42     1                     ENDIF
         43                     C
         44                           RETURN
         45                           END

 Diagnostic messages: program name(ALE_MOVBC2)
   jwd8220o-i  "ale_movbc2.f", line 1: 副作用の可能性のある最適化を行いました。
   jwd8209o-i  "ale_movbc2.f", line 17: 多項式の演算順序を変更しました。
   jwd5001p-i  "ale_movbc2.f", line 19: このDOループを並列化しました。(名前:IBP)
   jwd6001s-i  "ale_movbc2.f", line 19: このDOループをSIMD化しました。(名前:IBP)
   jwd8204o-i  "ale_movbc2.f", line 19: ループにソフトウェアパイプライニングを適用しました。
   jwd8205o-i  "ale_movbc2.f", line 19: ループの繰返し数が144回以上の時、ソフトウェアパイプライニングを適用したループが実行時に選択されます。
   jwd8209o-i  "ale_movbc2.f", line 21: 多項式の演算順序を変更しました。
   jwd8206o-i  "ale_movbc2.f", line 23: 除算を逆数の乗算に変更しました。
   jwd8206o-i  "ale_movbc2.f", line 24: 除算を逆数の乗算に変更しました。
   jwd8209o-i  "ale_movbc2.f", line 25: 多項式の演算順序を変更しました。
   jwd5001p-i  "ale_movbc2.f", line 30: このDOループを並列化しました。(名前:IBP)
   jwd6001s-i  "ale_movbc2.f", line 30: このDOループをSIMD化しました。(名前:IBP)
   jwd8663o-i  "ale_movbc2.f", line 30: ソフトウェアパイプライニングの効果がないループと判断したため、ソフトウェアパイプライニングを抑止しました。
   jwd8202o-i  "ale_movbc2.f", line 30: ループを展開数2回でアンローリングしました。
   jwd5001p-i  "ale_movbc2.f", line 36: このDOループを並列化しました。(名前:IBP)
   jwd6001s-i  "ale_movbc2.f", line 36: このDOループをSIMD化しました。(名前:IBP)
   jwd8204o-i  "ale_movbc2.f", line 36: ループにソフトウェアパイプライニングを適用しました。
   jwd8205o-i  "ale_movbc2.f", line 36: ループの繰返し数が144回以上の時、ソフトウェアパイプライニングを適用したループが実行時に選択されます。
   jwd8209o-i  "ale_movbc2.f", line 39: 多項式の演算順序を変更しました。

 Procedure information
   Lines      : 45
   Statements : 38
   Stack(byte): 1552
   Prefetch num: 0

 Total information
   Procedures       : 1
   Total lines      : 45
   Total statements : 38
   Total stack(byte): 1552
   Total prefetch num: 0

