
 Fujitsu Fortran Version 4.1.0  Tue Apr 28 18:52:51 2020

 Compilation information
   Current directory : /vol0001/g9300001/u93021/09.FFB/2020.04.28a_v630202_from_Yamade/FFB.63.02.02/ver.63.02.02
   Source file       : aveprt.f

 Option information
   Command line options : -Kident_mpi -f2004 -I/home/g9300001/u93021/09.FFB/2020.04.28a_v630202_from_Yamade/FFB.63.02.02/include -I/include/mpi/fujitsu/ -Kvisimpact,ocl,optmsg=2,openmp -Dcputime -DUSE_TIMER -DUSE_BARRIER -Nlst=t -Cpp -Nfjomplib -c -I/opt/FJSVxtclanga/.common/MELI014/include/mpi/fujitsu -I/opt/FJSVxtclanga/.common/MELI014/lib64 -Knointentopt
   Cpp options          : -I/home/g9300001/u93021/09.FFB/2020.04.28a_v630202_from_Yamade/FFB.63.02.02/include -I/include/mpi/fujitsu/ -Dcputime -DUSE_TIMER -DUSE_BARRIER -I/opt/FJSVxtclanga/.common/MELI014/include/mpi/fujitsu -I/opt/FJSVxtclanga/.common/MELI014/lib64 -Dunix -Dlinux -D__FUJITSU -D__FRT_major__=4 -D__FRT_minor__=1 -D__FRT_patchlevel__=0 -D__FRT_version__="4.1.0" -D__aarch64__ -D__unix -D_OPENMP=201511 -D__frt_version=800 -D__ARM_ARCH=8 -D__ARM_FEATURE_SVE -D__ELF__ -D__unix__ -D__linux__ -D__linux -Asystem(unix) -otmp
   Effective options    : -fi -g0 -AE -Fixed -O3 -X08
                          -x0 -xaccept=nomodule_allocatable
                          -KA64FX -KARMV8_3_A -KSVE -Kalign_commons
                          -Kalign_loops -Kassume=noshortloop
                          -Kassume=nomemory_bandwidth
                          -Kassume=notime_saving_compilation -Kauto
                          -Kautoobjstack -Knocalleralloc -Kcmodel=small
                          -Keval -Keval_noconcurrent -Knofenv_access
                          -Kfp_contract -Kfp_relaxed -Kfsimple -Kfz -Khpctag
                          -Kilfunc=procedure -Knointentopt -Klargepage
                          -Kloop_blocking -Kloop_fission
                          -Kloop_nofission_stripmining
                          -Kloop_fission_threshold=50 -Kloop_fusion
                          -Kloop_interchange -Kloop_part_parallel
                          -Kloop_part_simd -Kloop_perfect_nest
                          -Kloop_noversioning -Knolto -Kmfunc=1 -Kocl
                          -Komitfp -Knooptlib_string -Koptmsg=2
                          -Knopc_relative_literal_loads -Kplt -Knopreex
                          -Kprefetch_noconditional -Kprefetch_noindirect
                          -Kprefetch_sequential=auto -Kprefetch_nostride
                          -Kprefetch_cache_level=all -Kprefetch_noinfer
                          -Kprefetch_strong -Kprefetch_strong_L2 -Knopreload
                          -Ksch_post_ra -Ksch_pre_ra -Ksibling_calls
                          -Ksimd=auto -Ksimd_packed_promotion
                          -Ksimd_reduction_product -Ksimd_reg_size=512
                          -Ksimd_nouncounted_loop
                          -Ksimd_use_multiple_structures -Knostriping -Kswp
                          -Kswp_freg_rate=100 -Kswp_ireg_rate=100
                          -Kswp_preg_rate=100 -Ktemparraystack -Kunroll
                          -Knounroll_and_jam -Knozfill
                          -Kopenmp -Kopenmp_noassume_norecurrence
                          -Kopenmp_nocollapse_except_innermost
                          -Kopenmp_noordered_reduction -Knoopenmp_simd
                          -Kthreadsafe -Kparallel -Kparallel_nofp_precision
                          -Knoarray_private -Knodynamic_iteration -Kreduction
                          -Kregion_extension
                          -Nallextput -Nnoalloc_assign
                          -Ncancel_overtime_compilation -Nnocheck_global
                          -Nnocoarray -Nnocompdisp -Nnocopyarg -Nnocoverage
                          -Nfjprof -Nfreealloc -Nf90move -Nnohook_func
                          -Nnohook_time -Nfjomplib -Nline -Nlst -Nlst=p
                          -Nlst=t -Nnomallocfree -Nnoobsfun -Nnoprivatealloc
                          -Nquickdbg=noargchk -Nquickdbg=nosubchk
                          -Nquickdbg=noundef -NRnotrap -Nnorecursive
                          -Nnoreordered_variable_stack -Nrt_notune -Nnosave
                          -Nsetvalue=noheap -Nsetvalue=nostack
                          -Nsetvalue=noscalar -Nsetvalue=noarray
                          -Nsetvalue=nostruct -Nuse_rodata

 External subroutine subprogram "AVEPRT"
  (line-no.)(nest)(optimize)
          1                     C=======================================================================
          2                           SUBROUTINE AVEPRT(NP,V,
          3                          *                  IPART,IDUM,LDOM,NBPDOM,NDOM,IPSLF,IPSND,MBPDOM,
          4                          *                  IUT0,IERR,RX,RY,MAXBUF,NUMIP,WEIGHT)
          5                     C=======================================================================
          6                           IMPLICIT NONE
          7                           INTEGER NP, NE, NCRS
          8                           INTEGER IP, K, ICRS, IP2,NUMIP(NP)
          9                           REAL*4  BUF,WEIGHT(NP),V(NP)
         10                     C
         11                           INTEGER MAXBUF,IDUM,ICRDIG
         12                           INTEGER N,ME,IUT0,IERR
         13                     C
         14                           INTEGER IPART,LDOM,NBPDOM,NDOM,IPSLF,IPSND,MBPDOM
         15                           REAL*4  RX(MAXBUF),RY(MAXBUF)
         16                     C
         17                           CHARACTER*60 ERMSGC
         18                          & /' ## SUBROUTINE RELAXM: FATAL      ERROR REPORT   ; RETURNED'/
         19                     C
         20                     C     CALCULATE THE PRODUCT OF MATRIX A AND VECTOR X IN PRESSURE EQUATION
         21                     C         ( 3-D CALCULATION : SINGLE WORD & MULTI ELEMENT VERSION )
         22                     C                                              2009.12.01 RIST
         23                     C
         24                     C          OPERATION COUNTS:   FLOP /ELEMENT
         25                     C          DATA LOADINGS   :   WORDS/ELEMENT
         26                     C                           (  WORDS CONTIGUOUSLY,
         27                     C                              WORDS BY 4-WORD STRIDE, AND
         28                     C                              WORDS BY LIST )
         29                     C
         30                     C     ARGUMENT LISTINGS
         31                     C
         32                     C       (1) INPUT
         33                     C          ME          ; MAX. NUMBER OF TOTAL ELEMENTS
         34                     C          N           ; NUMBER OF NODES ASSIGNED TO ONE ELEMENT
         35                     C          NE          ; NUMBER OF TOTAL ELEMENTS
         36                     C          NP          ; NUMBER OF TOTAL    NODES
         37                     C
         38                     C          NCRS        ; NUMBER OF NONZERO ELEMENTS IN MATRIX
         39                     C                        OF CRS FORMAT
         40                     C          A     (ICRS); NODE-WISE COEFFICIENT MATRIX IN CRS FORMAT
         41                     C          S       (IP); GLOBAL FORCE VECTOR
         42                     C          IPCRS (ICRS); NODE NO. TABLE BASED ON CRS FORMAT
         43                     C          NPP     (IP); NUMBER OF ADJACENT NODES    TO NODE    IP
         44                     C
         45                     C          IPART       ; SUB-DOMAIN NUMBER THAT THIS TASK SHOULD TAKE/IS
         46                     C                       TAKING CARE OF. IPART BEING SET ZERO MEANS THAT
         47                     C                       THE PROGRAM SHOULD RUN/IS RUNNING IN SERIAL
         48                     C                       MODE.
         49                     C          LDOM  (IDOM); NEIBERING SUB-DOMAIN NUMBER
         50                     C          NBPDOM(IDOM); NUMBER OF INTER-CONNECT BOUNDARY NODES
         51                     C                       SHARING WITH THE IDOM'TH NEIBERING SUB-DOMAIN,
         52                     C                       LDOM(IDOM)
         53                     C          NDOM        ; NUMBER OF THE NERIBERING SUB-DOMAINS
         54                     C          IPSLF (IBP,IDOM); INTER-CONNECT BOUNDARY NODE NUMBER IN THE
         55                     C                           CALLING TASK'S SUB-DOMAIN, FOR THE IDOM'TH
         56                     C                           NEIBERING SUB-DOMAIN, LDOM(IDOM)
         57                     C          IPSND (IBP,IDOM); INTER-CONNECT BOUNDARY NODE NUMBER IN THE
         58                     C                           SUB-DOMAIN THAT IS RECEIVING THE CALLING
         59                     C                           TASK'S RESIDUALS.
         60                     C          MBPDOM      ; THE MAXIMUM NUMBER OF THE INTER-CONNECT
         61                     C                       BOUNDARY NODES FOR ONE NEIBERING SUB-DOMAIN
         62                     C
         63                     C          IUT0        ; FILE NUMBER TO REPORT ERROR OCCURRENCE
         64                     C
         65                     C       (2) OUTPUT
         66                     C          AS      (IP); GLOBAL SOLUTION VECTOR (PROVIDE INITIAL GUESS)
         67                     C          IERR        ; RETURN CODE TO REPORT ERROR OCCURENCE
         68                     C
         69                     C       (3) WORK
         70                     C          RX    (I,IE); USED IN DDCOMX
         71                     C          RY    (I,IE); USED IN DDCOMX
         72                     C
         73                     C
         74                           IERR=0
         75                     C
         76                     C
                              <<< Loop-information Start >>>
                              <<<  [PARALLELIZATION]
                              <<<    Standard iteration count: 445
                              <<<  [OPTIMIZATION]
                              <<<    FUSED(lines: 77,81)
                              <<<    SIMD(VL: 16)
                              <<<    SOFTWARE PIPELINING(IPC: 2.45, ITR: 320, MVE: 3)
                              <<<    PREFETCH(HARD) Expected by compiler :
                              <<<      V, NUMIP, WEIGHT
                              <<< Loop-information  End >>>
         77     1  pp   2v            DO 1100 IP = 1 , NP
         78     1   p   2v                WEIGHT(IP) = 1.E0/(FLOAT(NUMIP(IP))+1.E0)
         79     1   p   2v       1100 CONTINUE
         80                     C
                              <<< Loop-information Start >>>
                              <<<  [OPTIMIZATION]
                              <<<    FUSED
                              <<< Loop-information  End >>>
         81     1                     DO 2000 IP=1,NP
         82     1                         V(IP) = V(IP)*WEIGHT(IP)
         83     1                2000 CONTINUE
         84                     C
         85                           IDUM=1
         86                           CALL DDCOMX(IPART,IDUM,LDOM,NBPDOM,NDOM,IPSLF,IPSND,MBPDOM,
         87                          *            V,V,V,NP,IUT0,IERR,RX,RY,MAXBUF)
         88                     C
         89                           RETURN
         90                           END

 Diagnostic messages: program name(AVEPRT)
   jwd2006i-i  "aveprt.f", line 7: この名前'NCRS'は、宣言だけされていて引用されていません。
   jwd2006i-i  "aveprt.f", line 7: この名前'NE'は、宣言だけされていて引用されていません。
   jwd2006i-i  "aveprt.f", line 8: この名前'IP2'は、宣言だけされていて引用されていません。
   jwd2006i-i  "aveprt.f", line 8: この名前'ICRS'は、宣言だけされていて引用されていません。
   jwd2006i-i  "aveprt.f", line 8: この名前'K'は、宣言だけされていて引用されていません。
   jwd2006i-i  "aveprt.f", line 9: この名前'BUF'は、宣言だけされていて引用されていません。
   jwd2006i-i  "aveprt.f", line 11: この名前'ICRDIG'は、宣言だけされていて引用されていません。
   jwd2006i-i  "aveprt.f", line 12: この名前'ME'は、宣言だけされていて引用されていません。
   jwd2006i-i  "aveprt.f", line 12: この名前'N'は、宣言だけされていて引用されていません。
   jwd8210o-i  "aveprt.f", line 77: ループを融合しました。(行:81)
   jwd5001p-i  "aveprt.f", line 77: このDOループを並列化しました。(名前:IP)
   jwd6001s-i  "aveprt.f", line 77: このDOループをSIMD化しました。(名前:IP)
   jwd8204o-i  "aveprt.f", line 77: ループにソフトウェアパイプライニングを適用しました。
   jwd8205o-i  "aveprt.f", line 77: ループの繰返し数が320回以上の時、ソフトウェアパイプライニングを適用したループが実行時に選択されます。

 Procedure information
   Lines      : 90
   Statements : 21
   Stack(byte): 800
   Prefetch num: 0

 Total information
   Procedures       : 1
   Total lines      : 90
   Total statements : 21
   Total stack(byte): 800
   Total prefetch num: 0

