
 Fujitsu Fortran Version 4.1.0  Tue Apr 28 18:53:33 2020

 Compilation information
   Current directory : /vol0001/g9300001/u93021/09.FFB/2020.04.28a_v630202_from_Yamade/FFB.63.02.02/ver.63.02.02
   Source file       : calaxv.f

 Option information
   Command line options : -Kident_mpi -f2004 -I/home/g9300001/u93021/09.FFB/2020.04.28a_v630202_from_Yamade/FFB.63.02.02/include -I/include/mpi/fujitsu/ -Kvisimpact,ocl,optmsg=2,openmp -Dcputime -DUSE_TIMER -DUSE_BARRIER -Nlst=t -Cpp -Nfjomplib -c -I/opt/FJSVxtclanga/.common/MELI014/include/mpi/fujitsu -I/opt/FJSVxtclanga/.common/MELI014/lib64 -Knointentopt
   Cpp options          : -I/home/g9300001/u93021/09.FFB/2020.04.28a_v630202_from_Yamade/FFB.63.02.02/include -I/include/mpi/fujitsu/ -Dcputime -DUSE_TIMER -DUSE_BARRIER -I/opt/FJSVxtclanga/.common/MELI014/include/mpi/fujitsu -I/opt/FJSVxtclanga/.common/MELI014/lib64 -Dunix -Dlinux -D__FUJITSU -D__FRT_major__=4 -D__FRT_minor__=1 -D__FRT_patchlevel__=0 -D__FRT_version__="4.1.0" -D__aarch64__ -D__unix -D_OPENMP=201511 -D__frt_version=800 -D__ARM_ARCH=8 -D__ARM_FEATURE_SVE -D__ELF__ -D__unix__ -D__linux__ -D__linux -Asystem(unix) -otmp
   Effective options    : -fi -g0 -AE -Fixed -O3 -X08
                          -x0 -xaccept=nomodule_allocatable
                          -KA64FX -KARMV8_3_A -KSVE -Kalign_commons
                          -Kalign_loops -Kassume=noshortloop
                          -Kassume=nomemory_bandwidth
                          -Kassume=notime_saving_compilation -Kauto
                          -Kautoobjstack -Knocalleralloc -Kcmodel=small
                          -Keval -Keval_noconcurrent -Knofenv_access
                          -Kfp_contract -Kfp_relaxed -Kfsimple -Kfz -Khpctag
                          -Kilfunc=procedure -Knointentopt -Klargepage
                          -Kloop_blocking -Kloop_fission
                          -Kloop_nofission_stripmining
                          -Kloop_fission_threshold=50 -Kloop_fusion
                          -Kloop_interchange -Kloop_part_parallel
                          -Kloop_part_simd -Kloop_perfect_nest
                          -Kloop_noversioning -Knolto -Kmfunc=1 -Kocl
                          -Komitfp -Knooptlib_string -Koptmsg=2
                          -Knopc_relative_literal_loads -Kplt -Knopreex
                          -Kprefetch_noconditional -Kprefetch_noindirect
                          -Kprefetch_sequential=auto -Kprefetch_nostride
                          -Kprefetch_cache_level=all -Kprefetch_noinfer
                          -Kprefetch_strong -Kprefetch_strong_L2 -Knopreload
                          -Ksch_post_ra -Ksch_pre_ra -Ksibling_calls
                          -Ksimd=auto -Ksimd_packed_promotion
                          -Ksimd_reduction_product -Ksimd_reg_size=512
                          -Ksimd_nouncounted_loop
                          -Ksimd_use_multiple_structures -Knostriping -Kswp
                          -Kswp_freg_rate=100 -Kswp_ireg_rate=100
                          -Kswp_preg_rate=100 -Ktemparraystack -Kunroll
                          -Knounroll_and_jam -Knozfill
                          -Kopenmp -Kopenmp_noassume_norecurrence
                          -Kopenmp_nocollapse_except_innermost
                          -Kopenmp_noordered_reduction -Knoopenmp_simd
                          -Kthreadsafe -Kparallel -Kparallel_nofp_precision
                          -Knoarray_private -Knodynamic_iteration -Kreduction
                          -Kregion_extension
                          -Nallextput -Nnoalloc_assign
                          -Ncancel_overtime_compilation -Nnocheck_global
                          -Nnocoarray -Nnocompdisp -Nnocopyarg -Nnocoverage
                          -Nfjprof -Nfreealloc -Nf90move -Nnohook_func
                          -Nnohook_time -Nfjomplib -Nline -Nlst -Nlst=p
                          -Nlst=t -Nnomallocfree -Nnoobsfun -Nnoprivatealloc
                          -Nquickdbg=noargchk -Nquickdbg=nosubchk
                          -Nquickdbg=noundef -NRnotrap -Nnorecursive
                          -Nnoreordered_variable_stack -Nrt_notune -Nnosave
                          -Nsetvalue=noheap -Nsetvalue=nostack
                          -Nsetvalue=noscalar -Nsetvalue=noarray
                          -Nsetvalue=nostruct -Nuse_rodata

 External subroutine subprogram "CALAXV"
  (line-no.)(nest)(optimize)
          1                     C======================================================================C
          2                     C                                                                      C
          3                     C SOFTWARE NAME : FRONTFLOW_BLUE.8.1                                   C
          4                     C                                                                      C
          5                     C  SUB ROUTINE : CALAXV                                                C
          6                     C                                                                      C
          7                     C                                       WRITTEN BY H.YOSHIMURA         C
          8                     C                                                                      C
          9                     C                                                                      C
         10                     C CONTACT ADDRESS : IIS, THE UNIVERSITY OF TOKYO, CISS                 C
         11                     C                                                                      C
         12                     C THERMO-FLUID ANALYSIS SOLVERS FOR LARGE-SCALE-ASSEMBLY               C
         13                     C                                                                      C
         14                     C======================================================================C
         15                           SUBROUTINE CALAXV(NE,NFACE3,LEFACE,A,AD,S,AS,SWRK,IUT6,IUT0,IERR)
         16                     C
         17                           IMPLICIT NONE
         18                     C
         19                     C     [INPUT]
         20                           INTEGER*4 NE,NFACE3,LEFACE(6,NE)
         21                           REAL*4    A(6,NE),AD(NE),S(NE),SWRK(NFACE3)
         22                     C
         23                     C     [IN-OUTPUT]
         24                           REAL*4    AS(NE)
         25                           INTEGER*4 IUT6,IUT0,IERR
         26                     C
         27                     C     [LOCAL]
         28                           REAL*4    S1
         29                           INTEGER*4 IE,IE2,IS,IFACE
         30                     C
                              <<< Loop-information Start >>>
                              <<<  [PARALLELIZATION]
                              <<<    Standard iteration count: 57
                              <<<  [OPTIMIZATION]
                              <<<    PREFETCH(HARD) Expected by compiler :
                              <<<      AD, S, LEFACE, AS
                              <<< Loop-information  End >>>
         31     1  pp                 DO 1000 IE=1,NE
         32     1   p                    AS(IE)=AD(IE)*S(IE)
                              <<< Loop-information Start >>>
                              <<<  [OPTIMIZATION]
                              <<<    FULL UNROLLING
                              <<< Loop-information  End >>>
         33     2   p   fs               DO 1100 IS=1,6
         34     2   p   fv                  IE2=LEFACE(IS,IE)
         35     2   p   fs                  IF (IE2.EQ.0) GOTO 1100
         36     3   p   fs                  IF (IE2.LT.0) THEN
         37     3   p   fs                     S1=SWRK(-IE2)
         38     3   p   fs                  ELSE
         39     3   p   fs                     S1=S(IE2)
         40     3   p   fs                  ENDIF
         41     2   p   fs                  AS(IE)=AS(IE)+A(IS,IE)*S1
         42     2   p   fv       1100    CONTINUE
         43     1   p            1000 CONTINUE
         44                     C
         45                           RETURN
         46                           END

 Diagnostic messages: program name(CALAXV)
   jwd2008i-i  "calaxv.f", line 15: この仮引数'IERR'は、副プログラム中で使用されていません。
   jwd2008i-i  "calaxv.f", line 15: この仮引数'IUT0'は、副プログラム中で使用されていません。
   jwd2008i-i  "calaxv.f", line 15: この仮引数'IUT6'は、副プログラム中で使用されていません。
   jwd2006i-i  "calaxv.f", line 29: この名前'IFACE'は、宣言だけされていて引用されていません。
   jwd5001p-i  "calaxv.f", line 31: このDOループを並列化しました。(名前:IE)
   jwd8670o-i  "calaxv.f", line 31: ループ内に分岐命令があるため、ソフトウェアパイプライニングを適用できません。
   jwd6229s-i  "calaxv.f", line 33: IF文が存在するため、このDOループのSIMD化を抑止しました。
   jwd8203o-i  "calaxv.f", line 33: ループをフルアンローリングしました。

 Procedure information
   Lines      : 46
   Statements : 23
   Stack(byte): 816
   Prefetch num: 0

 Total information
   Procedures       : 1
   Total lines      : 46
   Total statements : 23
   Total stack(byte): 816
   Total prefetch num: 0

