
 Fujitsu Fortran Version 4.1.0  Tue Apr 28 18:53:34 2020

 Compilation information
   Current directory : /vol0001/g9300001/u93021/09.FFB/2020.04.28a_v630202_from_Yamade/FFB.63.02.02/ver.63.02.02
   Source file       : calflo.f

 Option information
   Command line options : -Kident_mpi -f2004 -I/home/g9300001/u93021/09.FFB/2020.04.28a_v630202_from_Yamade/FFB.63.02.02/include -I/include/mpi/fujitsu/ -Kvisimpact,ocl,optmsg=2,openmp -Dcputime -DUSE_TIMER -DUSE_BARRIER -Nlst=t -Cpp -Nfjomplib -c -I/opt/FJSVxtclanga/.common/MELI014/include/mpi/fujitsu -I/opt/FJSVxtclanga/.common/MELI014/lib64 -Knointentopt
   Cpp options          : -I/home/g9300001/u93021/09.FFB/2020.04.28a_v630202_from_Yamade/FFB.63.02.02/include -I/include/mpi/fujitsu/ -Dcputime -DUSE_TIMER -DUSE_BARRIER -I/opt/FJSVxtclanga/.common/MELI014/include/mpi/fujitsu -I/opt/FJSVxtclanga/.common/MELI014/lib64 -Dunix -Dlinux -D__FUJITSU -D__FRT_major__=4 -D__FRT_minor__=1 -D__FRT_patchlevel__=0 -D__FRT_version__="4.1.0" -D__aarch64__ -D__unix -D_OPENMP=201511 -D__frt_version=800 -D__ARM_ARCH=8 -D__ARM_FEATURE_SVE -D__ELF__ -D__unix__ -D__linux__ -D__linux -Asystem(unix) -otmp
   Effective options    : -fi -g0 -AE -Fixed -O3 -X08
                          -x0 -xaccept=nomodule_allocatable
                          -KA64FX -KARMV8_3_A -KSVE -Kalign_commons
                          -Kalign_loops -Kassume=noshortloop
                          -Kassume=nomemory_bandwidth
                          -Kassume=notime_saving_compilation -Kauto
                          -Kautoobjstack -Knocalleralloc -Kcmodel=small
                          -Keval -Keval_noconcurrent -Knofenv_access
                          -Kfp_contract -Kfp_relaxed -Kfsimple -Kfz -Khpctag
                          -Kilfunc=procedure -Knointentopt -Klargepage
                          -Kloop_blocking -Kloop_fission
                          -Kloop_nofission_stripmining
                          -Kloop_fission_threshold=50 -Kloop_fusion
                          -Kloop_interchange -Kloop_part_parallel
                          -Kloop_part_simd -Kloop_perfect_nest
                          -Kloop_noversioning -Knolto -Kmfunc=1 -Kocl
                          -Komitfp -Knooptlib_string -Koptmsg=2
                          -Knopc_relative_literal_loads -Kplt -Knopreex
                          -Kprefetch_noconditional -Kprefetch_noindirect
                          -Kprefetch_sequential=auto -Kprefetch_nostride
                          -Kprefetch_cache_level=all -Kprefetch_noinfer
                          -Kprefetch_strong -Kprefetch_strong_L2 -Knopreload
                          -Ksch_post_ra -Ksch_pre_ra -Ksibling_calls
                          -Ksimd=auto -Ksimd_packed_promotion
                          -Ksimd_reduction_product -Ksimd_reg_size=512
                          -Ksimd_nouncounted_loop
                          -Ksimd_use_multiple_structures -Knostriping -Kswp
                          -Kswp_freg_rate=100 -Kswp_ireg_rate=100
                          -Kswp_preg_rate=100 -Ktemparraystack -Kunroll
                          -Knounroll_and_jam -Knozfill
                          -Kopenmp -Kopenmp_noassume_norecurrence
                          -Kopenmp_nocollapse_except_innermost
                          -Kopenmp_noordered_reduction -Knoopenmp_simd
                          -Kthreadsafe -Kparallel -Kparallel_nofp_precision
                          -Knoarray_private -Knodynamic_iteration -Kreduction
                          -Kregion_extension
                          -Nallextput -Nnoalloc_assign
                          -Ncancel_overtime_compilation -Nnocheck_global
                          -Nnocoarray -Nnocompdisp -Nnocopyarg -Nnocoverage
                          -Nfjprof -Nfreealloc -Nf90move -Nnohook_func
                          -Nnohook_time -Nfjomplib -Nline -Nlst -Nlst=p
                          -Nlst=t -Nnomallocfree -Nnoobsfun -Nnoprivatealloc
                          -Nquickdbg=noargchk -Nquickdbg=nosubchk
                          -Nquickdbg=noundef -NRnotrap -Nnorecursive
                          -Nnoreordered_variable_stack -Nrt_notune -Nnosave
                          -Nsetvalue=noheap -Nsetvalue=nostack
                          -Nsetvalue=noscalar -Nsetvalue=noarray
                          -Nsetvalue=nostruct -Nuse_rodata

 External subroutine subprogram "CALFLO"
  (line-no.)(nest)(optimize)
          1                     C======================================================================C
          2                     C                                                                      C
          3                     C SOFTWARE NAME : FRONTFLOW_BLUE.8.1                                   C
          4                     C                                                                      C
          5                     C  SUB ROUTINE : CALFLX                                                C
          6                     C                                                                      C
          7                     C                                       WRITTEN BY H.YOSHIMURA         C
          8                     C                                                                      C
          9                     C                                                                      C
         10                     C CONTACT ADDRESS : IIS, THE UNIVERSITY OF TOKYO, CISS                 C
         11                     C                                                                      C
         12                     C THERMO-FLUID ANALYSIS SOLVERS FOR LARGE-SCALE-ASSEMBLY               C
         13                     C                                                                      C
         14                     C======================================================================C
         15                           SUBROUTINE CALFLO(ITIME,NE,NP,MMRF,MFRM,N2,NSP,NS,
         16                          *                  NODE,LEFRM,LOCAL,
         17                          *                  NBESET,LBESET,NESET,LESET4,
         18                          *                  AESET,XNESET,YNESET,ZNESET,
         19                          *                  NPSET,LPSET1,LPSET3,LPSET4,LWORK,
         20                          *                  U,V,W,IUT6,FLSET,IERR)
         21                     C
         22                           IMPLICIT NONE
         23                     C
         24                     C     [INPUT]
         25                           INTEGER*4 ITIME,NE,NP,MMRF,MFRM,N2,NSP,NS
         26                           INTEGER*4 NBESET,LBESET(2,NBESET),NESET,LESET4(NESET)
         27                           INTEGER*4 NODE(N2,NE),LEFRM(NE),LOCAL(NSP,NS,4)
         28                           INTEGER*4 IUT6
         29                           REAL*4    AESET(NBESET),
         30                          *          XNESET(NBESET),YNESET(NBESET),ZNESET(NBESET)
         31                           REAL*4    U(NP),V(NP),W(NP)
         32                           INTEGER*4 NPSET,LPSET1(NPSET),LPSET3(NPSET),
         33                          *          LPSET4(NPSET),LWORK(NP)
         34                     C
         35                     C     [OUTPUT]
         36                           INTEGER*4 IERR
         37                           REAL*4    FLSET(MMRF,MMRF)
         38                     C
         39                     C     [LOCAL]
         40                           INTEGER*4 IE,IS,IP,IPB,ISEND,
         41                          *          IP1,IP2,IP3,IP4,IBE,IETYPE,IFRM1,IFRM2
         42                           REAL*4    UF,VF,WF,UN,DQ,DUM
         43                     C
         44                           IERR=0
         45                     C
                              <<< Loop-information Start >>>
                              <<<  [PARALLELIZATION]
                              <<<    Standard iteration count: 2000
                              <<<  [OPTIMIZATION]
                              <<<    SIMD(VL: 16)
                              <<<    PREFETCH(HARD) Expected by compiler :
                              <<<      LWORK
                              <<< Loop-information  End >>>
         46     1  pp   4v            DO 100 IP=1,NP
         47     1   p   4v                LWORK(IP)=0
         48     1   p   4v       100  CONTINUE
         49                     C
                              <<< Loop-information Start >>>
                              <<<  [OPTIMIZATION]
                              <<<    SIMD(VL: 16)
                              <<<    SOFTWARE PIPELINING(IPC: 2.50, ITR: 224, MVE: 4)
                              <<<    PREFETCH(HARD) Expected by compiler :
                              <<<      LPSET1, LPSET4
                              <<< Loop-information  End >>>
         50     1   s   2v            DO 200 IPB=1,NPSET
         51     1   p   2v                IP    = LPSET1(IPB)
         52     1   p   2v                ISEND = LPSET3(IPB)
         53     1   m   2v                LWORK(IP)=LPSET4(IPB)
         54     1   p   2v       200  CONTINUE
         55                     C
                              <<< Loop-information Start >>>
                              <<<  [OPTIMIZATION]
                              <<<    INTERCHANGED(nest: 2)
                              <<<    SIMD(VL: 16)
                              <<<    PREFETCH(HARD) Expected by compiler :
                              <<<      FLSET
                              <<< Loop-information  End >>>
         56     1   p   4v            DO 1000 IFRM1=1,MFRM
                              <<< Loop-information Start >>>
                              <<<  [PARALLELIZATION]
                              <<<    Standard iteration count: 5
                              <<<  [OPTIMIZATION]
                              <<<    INTERCHANGED(nest: 1)
                              <<< Loop-information  End >>>
         57     2  pp   4                 DO 1100 IFRM2=1,MFRM
         58     2   p   4v                    FLSET(IFRM1,IFRM2)=0.0E0
         59     2   p   4        1100     CONTINUE
         60     1   p            1000 CONTINUE
         61                     C
                              <<< Loop-information Start >>>
                              <<<  [OPTIMIZATION]
                              <<<    PREFETCH(HARD) Expected by compiler :
                              <<<      LBESET, YNESET, XNESET, ZNESET, AESET
                              <<<    SPILLS :
                              <<<      GENERAL   : SPILL 0  FILL 3
                              <<<      SIMD&FP   : SPILL 0  FILL 0
                              <<<      SCALABLE  : SPILL 0  FILL 0
                              <<<      PREDICATE : SPILL 0  FILL 0
                              <<< Loop-information  End >>>
         62     1   s    s            DO 2000 IBE=1,NBESET
         63     1   p    v               IE=LBESET(1,IBE)
         64     1   p    v               IS=LBESET(2,IBE)
         65     1               C
         66     2   p    m               IF(     NODE(8,IE).GE.1) THEN ! HEX
         67     2   p    s                  IETYPE=4
         68     2   p    s               ELSE IF(NODE(6,IE).GE.1) THEN ! PRS
         69     2   p    m                  IETYPE=3
         70     2   p    s               ELSE IF(NODE(5,IE).GE.1) THEN ! PYR
         71     2   p    s                  IETYPE=2
         72     2   p    s               ELSE                          ! TET
         73     2   p    s                  IETYPE=1
         74     2   p    v               ENDIF
         75     1               C
         76     1   p    v               IP1=NODE(LOCAL(1,IS,IETYPE),IE)
         77     1   p    v               IP2=NODE(LOCAL(2,IS,IETYPE),IE)
         78     1   p    v               IP3=NODE(LOCAL(3,IS,IETYPE),IE)
         79     1               C
         80     2   p    s               IF ((IETYPE.EQ.1            ).OR. ! TRI
         81     2                    *       (IETYPE.EQ.2.AND.IS.LE.4).OR.
         82     2                    *       (IETYPE.EQ.3.AND.IS.LE.2)) THEN
         83     2   p    s                  UF=(U(IP1)+U(IP2)+U(IP3))/3.0E0
         84     2   p    s                  VF=(V(IP1)+V(IP2)+V(IP3))/3.0E0
         85     2   p    s                  WF=(W(IP1)+W(IP2)+W(IP3))/3.0E0
         86     2   p    s               ELSE                              ! QUAD
         87     2   m    s                  IP4=NODE(LOCAL(4,IS,IETYPE),IE)
         88     2   p    s                  UF=(U(IP1)+U(IP2)+U(IP3)+U(IP4))/4.0E0
         89     2   p    s                  VF=(V(IP1)+V(IP2)+V(IP3)+V(IP4))/4.0E0
         90     2   p    s                  WF=(W(IP1)+W(IP2)+W(IP3)+W(IP4))/4.0E0
         91     2   p    v               ENDIF
         92     1               C
         93     1   p    v                  DQ=( UF*XNESET(IBE)
         94     1                    *          +VF*YNESET(IBE)
         95     1                    *          +WF*ZNESET(IBE) )*AESET(IBE)
         96     1               C
         97     1   p    v               IFRM1=LEFRM(IE)
         98     1   p    v               IFRM2=LWORK(IP1)
         99     1   p    s               IF(IFRM2.EQ.0) IFRM2=LWORK(IP2)
        100     1   p    m               IF(IFRM2.EQ.0) IFRM2=LWORK(IP3)
        101     1   p    m               IF(IFRM2.EQ.0) IFRM2=LWORK(IP4)
        102     1               C
        103     1   m    m               FLSET(IFRM1,IFRM2)=FLSET(IFRM1,IFRM2)+DQ
        104     1               C
        105     1   p    v       2000 CONTINUE
        106                     C
        107                     C
        108     1                     DO 3000 IFRM1=1,MFRM
        109     2   s    s                DO 3100 IFRM2=1,MFRM
        110     2   s    s                    CALL DDCOM2(FLSET(IFRM1,IFRM2),DUM)
        111     2   s    s                    FLSET(IFRM1,IFRM2)=DUM
        112     2   s    s       3100     CONTINUE
        113     1                3000 CONTINUE
        114                     C
                              <<< Loop-information Start >>>
                              <<<  [OPTIMIZATION]
                              <<<    SPILLS :
                              <<<      GENERAL   : SPILL 0  FILL 4
                              <<<      SIMD&FP   : SPILL 0  FILL 0
                              <<<      SCALABLE  : SPILL 0  FILL 0
                              <<<      PREDICATE : SPILL 0  FILL 0
                              <<< Loop-information  End >>>
        115     1   s    s            DO 4000 IFRM1=1,MFRM
        116     1   m    m                WRITE(IUT6,'(A13,2I6,20E13.5)')
        117     1                    *    ' **CALFLO**: ',
        118     1                    *    ITIME,IFRM1,(FLSET(IFRM1,IFRM2),IFRM2=1,MFRM)
        119     1   p    v       4000 CONTINUE
        120                     C
        121                           RETURN
        122                           END

 Diagnostic messages: program name(CALFLO)
   jwd8220o-i  "calflo.f", line 15: 副作用の可能性のある最適化を行いました。
   jwd2008i-i  "calflo.f", line 26: この仮引数'LESET4'は、副プログラム中で使用されていません。
   jwd2006i-i  "calflo.f", line 42: この名前'UN'は、宣言だけされていて引用されていません。
   jwd5001p-i  "calflo.f", line 46: このDOループを並列化しました。(名前:IP)
   jwd6001s-i  "calflo.f", line 46: このDOループをSIMD化しました。(名前:IP)
   jwd8663o-i  "calflo.f", line 46: ソフトウェアパイプライニングの効果がないループと判断したため、ソフトウェアパイプライニングを抑止しました。
   jwd8202o-i  "calflo.f", line 46: ループを展開数4回でアンローリングしました。
   jwd6001s-i  "calflo.f", line 50: このDOループをSIMD化しました。(名前:IPB)
   jwd8204o-i  "calflo.f", line 50: ループにソフトウェアパイプライニングを適用しました。
   jwd8205o-i  "calflo.f", line 50: ループの繰返し数が224回以上の時、ソフトウェアパイプライニングを適用したループが実行時に選択されます。
   jwd5209p-i  "calflo.f", line 53: 配列'LWORK'の添字式中の変数'IP'をループ中で定義しているため、このDOループは並列化できません。
   jwd8211o-i  "calflo.f", line 56: ループを入れ換えました。(行:57)
   jwd6001s-i  "calflo.f", line 56: このDOループをSIMD化しました。(名前:IFRM1)
   jwd8663o-i  "calflo.f", line 56: ソフトウェアパイプライニングの効果がないループと判断したため、ソフトウェアパイプライニングを抑止しました。
   jwd8202o-i  "calflo.f", line 56: ループを展開数4回でアンローリングしました。
   jwd8211o-i  "calflo.f", line 57: ループを入れ換えました。(行:56)
   jwd5001p-i  "calflo.f", line 57: このDOループを並列化しました。(名前:IFRM2)
   jwd6229s-i  "calflo.f", line 62: IF文が存在するため、このDOループのSIMD化を抑止しました。
   jwd8670o-i  "calflo.f", line 62: ループ内に分岐命令があるため、ソフトウェアパイプライニングを適用できません。
   jwd8206o-i  "calflo.f", line 83: 除算を逆数の乗算に変更しました。
   jwd8206o-i  "calflo.f", line 84: 除算を逆数の乗算に変更しました。
   jwd8206o-i  "calflo.f", line 85: 除算を逆数の乗算に変更しました。
   jwd5202p-i  "calflo.f", line 87: データの定義引用の順序が逐次実行と異なるため、このDOループは並列化できません。(名前:IP4)
   jwd6202s-i  "calflo.f", line 87: データの定義引用の順序が逐次実行と異なるため、このDOループはSIMD化できません。(名前:IP4)
   jwd8209o-i  "calflo.f", line 88: 多項式の演算順序を変更しました。
   jwd8209o-i  "calflo.f", line 89: 多項式の演算順序を変更しました。
   jwd8209o-i  "calflo.f", line 90: 多項式の演算順序を変更しました。
   jwd8209o-i  "calflo.f", line 93: 多項式の演算順序を変更しました。
   jwd5209p-i  "calflo.f", line 103: 配列'FLSET'の添字式中の変数'IFRM2'をループ中で定義しているため、このDOループは並列化できません。
   jwd6209s-i  "calflo.f", line 103: 配列'FLSET'の添字式中の変数'IFRM2'をループ中で定義しているため、このDOループはSIMD化できません。
   jwd5122p-i  "calflo.f", line 108: DOループ内に、自動並列化の制約となる手続引用が存在します。
   jwd8664o-i  "calflo.f", line 109: ループ内に関数呼出しなどの最適化対象外の命令があるため、ソフトウェアパイプライニングを適用できません。
   jwd5208p-i  "calflo.f", line 110: 定義引用の順序が分からないため、定義引用順序が逐次実行と異なる可能性があり、このDOループは並列化できません。(名前:DUM)
   jwd5208p-i  "calflo.f", line 110: 定義引用の順序が分からないため、定義引用順序が逐次実行と異なる可能性があり、このDOループは並列化できません。(名前:FLSET)
   jwd5122p-i  "calflo.f", line 110: DOループ内に、自動並列化の制約となる手続引用が存在します。
   jwd6208s-i  "calflo.f", line 110: 定義引用の順序が分からないため、定義引用順序が逐次実行と異なる可能性があり、このDOループはSIMD化できません。(名前:DUM)
   jwd6208s-i  "calflo.f", line 110: 定義引用の順序が分からないため、定義引用順序が逐次実行と異なる可能性があり、このDOループはSIMD化できません。(名前:FLSET)
   jwd6122s-i  "calflo.f", line 110: DOループ内に、SIMD化の制約となる手続引用が存在します。
   jwd5302p-i  "calflo.f", line 115: 部分的な並列化による性能向上が得られない可能性があるため、このDOループの並列化を抑止しました。
   jwd6302s-i  "calflo.f", line 115: 部分的なSIMD化による性能向上が得られない可能性があるため、このDOループのSIMD化を抑止しました。
   jwd8664o-i  "calflo.f", line 115: ループ内に関数呼出しなどの最適化対象外の命令があるため、ソフトウェアパイプライニングを適用できません。
   jwd5121p-i  "calflo.f", line 116: DOループ内に、自動並列化の制約となる入出力文が存在します。
   jwd6121s-i  "calflo.f", line 116: DOループ内に、SIMD化の制約となる入出力文が存在します。

 Procedure information
   Lines      : 122
   Statements : 71
   Stack(byte): 1488
   Prefetch num: 0

 Total information
   Procedures       : 1
   Total lines      : 122
   Total statements : 71
   Total stack(byte): 1488
   Total prefetch num: 0

