
 Fujitsu Fortran Version 4.1.0  Tue Apr 28 18:53:31 2020

 Compilation information
   Current directory : /vol0001/g9300001/u93021/09.FFB/2020.04.28a_v630202_from_Yamade/FFB.63.02.02/ver.63.02.02
   Source file       : chkosb.f

 Option information
   Command line options : -Kident_mpi -f2004 -I/home/g9300001/u93021/09.FFB/2020.04.28a_v630202_from_Yamade/FFB.63.02.02/include -I/include/mpi/fujitsu/ -Kvisimpact,ocl,optmsg=2,openmp -Dcputime -DUSE_TIMER -DUSE_BARRIER -Nlst=t -Cpp -Nfjomplib -c -I/opt/FJSVxtclanga/.common/MELI014/include/mpi/fujitsu -I/opt/FJSVxtclanga/.common/MELI014/lib64 -Knointentopt
   Cpp options          : -I/home/g9300001/u93021/09.FFB/2020.04.28a_v630202_from_Yamade/FFB.63.02.02/include -I/include/mpi/fujitsu/ -Dcputime -DUSE_TIMER -DUSE_BARRIER -I/opt/FJSVxtclanga/.common/MELI014/include/mpi/fujitsu -I/opt/FJSVxtclanga/.common/MELI014/lib64 -Dunix -Dlinux -D__FUJITSU -D__FRT_major__=4 -D__FRT_minor__=1 -D__FRT_patchlevel__=0 -D__FRT_version__="4.1.0" -D__aarch64__ -D__unix -D_OPENMP=201511 -D__frt_version=800 -D__ARM_ARCH=8 -D__ARM_FEATURE_SVE -D__ELF__ -D__unix__ -D__linux__ -D__linux -Asystem(unix) -otmp
   Effective options    : -fi -g0 -AE -Fixed -O3 -X08
                          -x0 -xaccept=nomodule_allocatable
                          -KA64FX -KARMV8_3_A -KSVE -Kalign_commons
                          -Kalign_loops -Kassume=noshortloop
                          -Kassume=nomemory_bandwidth
                          -Kassume=notime_saving_compilation -Kauto
                          -Kautoobjstack -Knocalleralloc -Kcmodel=small
                          -Keval -Keval_noconcurrent -Knofenv_access
                          -Kfp_contract -Kfp_relaxed -Kfsimple -Kfz -Khpctag
                          -Kilfunc=procedure -Knointentopt -Klargepage
                          -Kloop_blocking -Kloop_fission
                          -Kloop_nofission_stripmining
                          -Kloop_fission_threshold=50 -Kloop_fusion
                          -Kloop_interchange -Kloop_part_parallel
                          -Kloop_part_simd -Kloop_perfect_nest
                          -Kloop_noversioning -Knolto -Kmfunc=1 -Kocl
                          -Komitfp -Knooptlib_string -Koptmsg=2
                          -Knopc_relative_literal_loads -Kplt -Knopreex
                          -Kprefetch_noconditional -Kprefetch_noindirect
                          -Kprefetch_sequential=auto -Kprefetch_nostride
                          -Kprefetch_cache_level=all -Kprefetch_noinfer
                          -Kprefetch_strong -Kprefetch_strong_L2 -Knopreload
                          -Ksch_post_ra -Ksch_pre_ra -Ksibling_calls
                          -Ksimd=auto -Ksimd_packed_promotion
                          -Ksimd_reduction_product -Ksimd_reg_size=512
                          -Ksimd_nouncounted_loop
                          -Ksimd_use_multiple_structures -Knostriping -Kswp
                          -Kswp_freg_rate=100 -Kswp_ireg_rate=100
                          -Kswp_preg_rate=100 -Ktemparraystack -Kunroll
                          -Knounroll_and_jam -Knozfill
                          -Kopenmp -Kopenmp_noassume_norecurrence
                          -Kopenmp_nocollapse_except_innermost
                          -Kopenmp_noordered_reduction -Knoopenmp_simd
                          -Kthreadsafe -Kparallel -Kparallel_nofp_precision
                          -Knoarray_private -Knodynamic_iteration -Kreduction
                          -Kregion_extension
                          -Nallextput -Nnoalloc_assign
                          -Ncancel_overtime_compilation -Nnocheck_global
                          -Nnocoarray -Nnocompdisp -Nnocopyarg -Nnocoverage
                          -Nfjprof -Nfreealloc -Nf90move -Nnohook_func
                          -Nnohook_time -Nfjomplib -Nline -Nlst -Nlst=p
                          -Nlst=t -Nnomallocfree -Nnoobsfun -Nnoprivatealloc
                          -Nquickdbg=noargchk -Nquickdbg=nosubchk
                          -Nquickdbg=noundef -NRnotrap -Nnorecursive
                          -Nnoreordered_variable_stack -Nrt_notune -Nnosave
                          -Nsetvalue=noheap -Nsetvalue=nostack
                          -Nsetvalue=noscalar -Nsetvalue=noarray
                          -Nsetvalue=nostruct -Nuse_rodata

 External subroutine subprogram "CHKOSB"
  (line-no.)(nest)(optimize)
          1                           SUBROUTINE CHKOSB(NP,NPSET,LPSET1,X,Y,Z,
          2                          *                  OSXMIN,OSYMIN,OSZMIN,
          3                          *                  OSXMAX,OSYMAX,OSZMAX,
          4                          *                  IUT0,IUT6,IERR)
          5                           IMPLICIT NONE
          6                     C
          7                     C[INPUT]
          8                           INTEGER*4 NP,NPSET,LPSET1(NPSET) ,IUT0,IUT6
          9                           REAL*4    X(NP),Y(NP),Z(NP)
         10                     C
         11                     C[OUTPUT]
         12                           INTEGER*4 IERR
         13                           REAL*4    OSXMIN,OSYMIN,OSZMIN,
         14                          *          OSXMAX,OSYMAX,OSZMAX
         15                     C
         16                     C[WORK]
         17                           INTEGER*4  IPB,IP,JMIN,JMAX
         18                           REAL*4     XMIN,YMIN,ZMIN,XMAX,YMAX,ZMAX,DX,DY,DZ
         19                     C
         20                           DATA JMIN /3/
         21                           DATA JMAX /2/
         22                     C
         23                           IERR=0
         24                     C
         25                           XMIN= 1.0E10
         26                           YMIN= 1.0E10
         27                           ZMIN= 1.0E10
         28                           XMAX=-1.0E10
         29                           YMAX=-1.0E10
         30                           ZMAX=-1.0E10
         31                     C
                              <<< Loop-information Start >>>
                              <<<  [PARALLELIZATION]
                              <<<    Standard iteration count: 259
                              <<< Loop-information  End >>>
         32     1  pp    s            DO 1000 IPB=1,NPSET
         33     1   p    s                IP=LPSET1(IPB)
         34     1   p    m                IF(X(IP).LE.XMIN) XMIN=X(IP)
         35     1   p    m                IF(Y(IP).LE.YMIN) YMIN=Y(IP)
         36     1   p    v                IF(Z(IP).LE.ZMIN) ZMIN=Z(IP)
         37     1   p    s                IF(X(IP).GE.XMAX) XMAX=X(IP)
         38     1   p    s                IF(Y(IP).GE.YMAX) YMAX=Y(IP)
         39     1   p    s                IF(Z(IP).GE.ZMAX) ZMAX=Z(IP)
         40     1   p    v       1000 CONTINUE
         41                     C
         42                           WRITE(IUT6,*) 'CHKOSB: XMIN',XMIN
         43                           WRITE(IUT6,*) 'CHKOSB: YMIN',YMIN
         44                           WRITE(IUT6,*) 'CHKOSB: ZMIN',ZMIN
         45                           WRITE(IUT6,*) 'CHKOSB: XMAX',XMAX
         46                           WRITE(IUT6,*) 'CHKOSB: YMAX',YMAX
         47                           WRITE(IUT6,*) 'CHKOSB: ZMAX',ZMAX
         48                     C
         49                           CALL DDALLD(XMIN,OSXMIN,JMIN,IUT0,IERR)
         50                           CALL DDALLD(YMIN,OSYMIN,JMIN,IUT0,IERR)
         51                           CALL DDALLD(ZMIN,OSZMIN,JMIN,IUT0,IERR)
         52                           CALL DDALLD(XMAX,OSXMAX,JMAX,IUT0,IERR)
         53                           CALL DDALLD(YMAX,OSYMAX,JMAX,IUT0,IERR)
         54                           CALL DDALLD(ZMAX,OSZMAX,JMAX,IUT0,IERR)
         55                     C
         56                           DX=OSXMAX-OSXMIN
         57                           DY=OSYMAX-OSYMIN
         58                           DZ=OSZMAX-OSZMIN
         59                     C
         60                           OSXMIN = OSXMIN - DX*0.1E0
         61                           OSYMIN = OSYMIN - DY*0.1E0
         62                           OSZMIN = OSZMIN - DZ*0.1E0
         63                           OSXMAX = OSXMAX + DX*0.1E0
         64                           OSYMAX = OSYMAX + DY*0.1E0
         65                           OSZMAX = OSZMAX + DZ*0.1E0
         66                     C
         67                           WRITE(IUT6,*)
         68                           WRITE(IUT6,*) 'CHKOSB: OSXMIN',OSXMIN
         69                           WRITE(IUT6,*) 'CHKOSB: OSYMIN',OSYMIN
         70                           WRITE(IUT6,*) 'CHKOSB: OSZMIN',OSZMIN
         71                           WRITE(IUT6,*) 'CHKOSB: OSXMAX',OSXMAX
         72                           WRITE(IUT6,*) 'CHKOSB: OSYMAX',OSYMAX
         73                           WRITE(IUT6,*) 'CHKOSB: OSZMAX',OSZMAX
         74                     C
         75                           RETURN
         76                           END

 Diagnostic messages: program name(CHKOSB)
   jwd5004p-i  "chkosb.f", line 32: リダクション演算を含むDOループを並列化しました。(名前:IPB)
   jwd6302s-i  "chkosb.f", line 32: 部分的なSIMD化による性能向上が得られない可能性があるため、このDOループのSIMD化を抑止しました。
   jwd6229s-i  "chkosb.f", line 32: IF文が存在するため、このDOループのSIMD化を抑止しました。
   jwd6202s-i  "chkosb.f", line 33: データの定義引用の順序が逐次実行と異なるため、このDOループはSIMD化できません。(名前:ZMIN)
   jwd6202s-i  "chkosb.f", line 34: データの定義引用の順序が逐次実行と異なるため、このDOループはSIMD化できません。(名前:XMIN)
   jwd6202s-i  "chkosb.f", line 35: データの定義引用の順序が逐次実行と異なるため、このDOループはSIMD化できません。(名前:YMIN)
   jwd6202s-i  "chkosb.f", line 37: データの定義引用の順序が逐次実行と異なるため、このDOループはSIMD化できません。(名前:XMAX)
   jwd6202s-i  "chkosb.f", line 38: データの定義引用の順序が逐次実行と異なるため、このDOループはSIMD化できません。(名前:YMAX)
   jwd6202s-i  "chkosb.f", line 39: データの定義引用の順序が逐次実行と異なるため、このDOループはSIMD化できません。(名前:ZMAX)

 Procedure information
   Lines      : 76
   Statements : 56
   Stack(byte): 82368
   Prefetch num: 0

 Total information
   Procedures       : 1
   Total lines      : 76
   Total statements : 56
   Total stack(byte): 82368
   Total prefetch num: 0

