
 Fujitsu Fortran Version 4.1.0  Tue Apr 28 18:53:31 2020

 Compilation information
   Current directory : /vol0001/g9300001/u93021/09.FFB/2020.04.28a_v630202_from_Yamade/FFB.63.02.02/ver.63.02.02
   Source file       : chkos2.f

 Option information
   Command line options : -Kident_mpi -f2004 -I/home/g9300001/u93021/09.FFB/2020.04.28a_v630202_from_Yamade/FFB.63.02.02/include -I/include/mpi/fujitsu/ -Kvisimpact,ocl,optmsg=2,openmp -Dcputime -DUSE_TIMER -DUSE_BARRIER -Nlst=t -Cpp -Nfjomplib -c -I/opt/FJSVxtclanga/.common/MELI014/include/mpi/fujitsu -I/opt/FJSVxtclanga/.common/MELI014/lib64 -Knointentopt
   Cpp options          : -I/home/g9300001/u93021/09.FFB/2020.04.28a_v630202_from_Yamade/FFB.63.02.02/include -I/include/mpi/fujitsu/ -Dcputime -DUSE_TIMER -DUSE_BARRIER -I/opt/FJSVxtclanga/.common/MELI014/include/mpi/fujitsu -I/opt/FJSVxtclanga/.common/MELI014/lib64 -Dunix -Dlinux -D__FUJITSU -D__FRT_major__=4 -D__FRT_minor__=1 -D__FRT_patchlevel__=0 -D__FRT_version__="4.1.0" -D__aarch64__ -D__unix -D_OPENMP=201511 -D__frt_version=800 -D__ARM_ARCH=8 -D__ARM_FEATURE_SVE -D__ELF__ -D__unix__ -D__linux__ -D__linux -Asystem(unix) -otmp
   Effective options    : -fi -g0 -AE -Fixed -O3 -X08
                          -x0 -xaccept=nomodule_allocatable
                          -KA64FX -KARMV8_3_A -KSVE -Kalign_commons
                          -Kalign_loops -Kassume=noshortloop
                          -Kassume=nomemory_bandwidth
                          -Kassume=notime_saving_compilation -Kauto
                          -Kautoobjstack -Knocalleralloc -Kcmodel=small
                          -Keval -Keval_noconcurrent -Knofenv_access
                          -Kfp_contract -Kfp_relaxed -Kfsimple -Kfz -Khpctag
                          -Kilfunc=procedure -Knointentopt -Klargepage
                          -Kloop_blocking -Kloop_fission
                          -Kloop_nofission_stripmining
                          -Kloop_fission_threshold=50 -Kloop_fusion
                          -Kloop_interchange -Kloop_part_parallel
                          -Kloop_part_simd -Kloop_perfect_nest
                          -Kloop_noversioning -Knolto -Kmfunc=1 -Kocl
                          -Komitfp -Knooptlib_string -Koptmsg=2
                          -Knopc_relative_literal_loads -Kplt -Knopreex
                          -Kprefetch_noconditional -Kprefetch_noindirect
                          -Kprefetch_sequential=auto -Kprefetch_nostride
                          -Kprefetch_cache_level=all -Kprefetch_noinfer
                          -Kprefetch_strong -Kprefetch_strong_L2 -Knopreload
                          -Ksch_post_ra -Ksch_pre_ra -Ksibling_calls
                          -Ksimd=auto -Ksimd_packed_promotion
                          -Ksimd_reduction_product -Ksimd_reg_size=512
                          -Ksimd_nouncounted_loop
                          -Ksimd_use_multiple_structures -Knostriping -Kswp
                          -Kswp_freg_rate=100 -Kswp_ireg_rate=100
                          -Kswp_preg_rate=100 -Ktemparraystack -Kunroll
                          -Knounroll_and_jam -Knozfill
                          -Kopenmp -Kopenmp_noassume_norecurrence
                          -Kopenmp_nocollapse_except_innermost
                          -Kopenmp_noordered_reduction -Knoopenmp_simd
                          -Kthreadsafe -Kparallel -Kparallel_nofp_precision
                          -Knoarray_private -Knodynamic_iteration -Kreduction
                          -Kregion_extension
                          -Nallextput -Nnoalloc_assign
                          -Ncancel_overtime_compilation -Nnocheck_global
                          -Nnocoarray -Nnocompdisp -Nnocopyarg -Nnocoverage
                          -Nfjprof -Nfreealloc -Nf90move -Nnohook_func
                          -Nnohook_time -Nfjomplib -Nline -Nlst -Nlst=p
                          -Nlst=t -Nnomallocfree -Nnoobsfun -Nnoprivatealloc
                          -Nquickdbg=noargchk -Nquickdbg=nosubchk
                          -Nquickdbg=noundef -NRnotrap -Nnorecursive
                          -Nnoreordered_variable_stack -Nrt_notune -Nnosave
                          -Nsetvalue=noheap -Nsetvalue=nostack
                          -Nsetvalue=noscalar -Nsetvalue=noarray
                          -Nsetvalue=nostruct -Nuse_rodata

 External subroutine subprogram "CHKOS2"
  (line-no.)(nest)(optimize)
          1                           SUBROUTINE CHKOS2(NP,NPSET,IFATTR,LPSET1,LPSET4,
          2                          *                  X,Y,Z,IPATTR,OMEGA,TIME,OSBOX,
          3                          *                  IUT0,IUT6,IERR)
          4                           IMPLICIT NONE
          5                     C
          6                     C[INPUT]
          7                           INTEGER*4 NP,NPSET,LPSET1(NPSET),LPSET4(NPSET),
          8                          *          IPATTR(NP),IFATTR(*),
          9                          *          IUT0,IUT6
         10                           REAL*4    X(NP),Y(NP),Z(NP),OMEGA,TIME,DX,DY,DZ
         11                     C
         12                     C[OUTPUT]
         13                           INTEGER*4 IERR
         14                           REAL*4    OSBOX(6)
         15                          *
         16                     C
         17                     C[WORK]
         18                           INTEGER*4  IPB,IP
         19                           REAL*4     XMIN,YMIN,ZMIN,XMAX,YMAX,ZMAX,COSA,SINA,
         20                          *           XBUF,YBUF,ZBUF
         21                     C
         22     1                     IF(NPSET.EQ.0) THEN
         23     1                         XMIN= 1.0E10
         24     1                         YMIN= 1.0E10
         25     1                         ZMIN= 1.0E10
         26     1                         XMAX= 1.0E10
         27     1                         YMAX= 1.0E10
         28     1                         ZMAX= 1.0E10
         29     1                         OSBOX(1)=XMIN
         30     1                         OSBOX(2)=YMIN
         31     1                         OSBOX(3)=ZMIN
         32     1                         OSBOX(4)=XMAX
         33     1                         OSBOX(5)=YMAX
         34     1                         OSBOX(6)=ZMAX
         35     1                         RETURN
         36     1                     ENDIF
         37                     C
         38                           COSA=COS(OMEGA*TIME)
         39                           SINA=SIN(OMEGA*TIME)
         40                     C
         41                           XMIN=-1.0E10
         42                           YMIN=-1.0E10
         43                           ZMIN=-1.0E10
         44                           XMAX= 1.0E10
         45                           YMAX= 1.0E10
         46                           ZMAX= 1.0E10
         47                     C
                              <<< Loop-information Start >>>
                              <<<  [PARALLELIZATION]
                              <<<    Standard iteration count: 128
                              <<< Loop-information  End >>>
         48     1  pp    s            DO 1000 IPB=1,NPSET
         49     1   p    v                IP=LPSET1(IPB)
         50     1               C
         51     1   p    v                XBUF=X(IP)
         52     1   p    v                YBUF=Y(IP)
         53     1   p    v                ZBUF=Z(IP)
         54     1               C
         55     2   p    v                IF(IPATTR(IP)         .GE. 0 .AND.
         56     2                    *       IFATTR(LPSET4(IPB)).EQ.-1) THEN
         57     2   p    v                    XBUF= COSA*X(IP)+SINA*Y(IP)
         58     2   p    v                    YBUF=-SINA*X(IP)+COSA*Y(IP)
         59     2   p    v                    ZBUF=      Z(IP)
         60     2   p    v                ENDIF
         61     1               C
         62     2   p    v                IF(IPATTR(IP)         .EQ.-1 .AND.
         63     2                    *       IFATTR(LPSET4(IPB)).GE. 0) THEN
         64     2   p    v                    XBUF= COSA*X(IP)-SINA*Y(IP)
         65     2   p    v                    YBUF= SINA*X(IP)+COSA*Y(IP)
         66     2   p    v                    ZBUF=      Z(IP)
         67     2   p    s                ENDIF
         68     1               C
         69     1   p    s                IF(XBUF.LE.XMIN) XMIN=XBUF
         70     1   p                     IF(YBUF.LE.YMIN) YMIN=YBUF
         71     1   p    s                IF(ZBUF.LE.ZMIN) ZMIN=ZBUF
         72     1   p    s                IF(XBUF.GE.XMAX) XMAX=XBUF
         73     1   p    s                IF(YBUF.GE.YMAX) YMAX=YBUF
         74     1   p    s                IF(ZBUF.GE.ZMAX) ZMAX=ZBUF
         75     1               C
         76     1   p    m       1000 CONTINUE
         77                     C
         78                           DX=XMAX-XMIN
         79                           DY=YMAX-YMIN
         80                           DZ=ZMAX-ZMIN
         81                           OSBOX(1)=XMIN-DX*0.1E0
         82                           OSBOX(2)=YMIN-DY*0.1E0
         83                           OSBOX(3)=ZMIN-DZ*0.1E0
         84                           OSBOX(4)=XMAX+DX*0.1E0
         85                           OSBOX(5)=YMAX+DY*0.1E0
         86                           OSBOX(6)=ZMAX+DZ*0.1E0
         87                     C
         88                           RETURN
         89                           END

 Diagnostic messages: program name(CHKOS2)
   jwd2008i-i  "chkos2.f", line 1: この仮引数'IERR'は、副プログラム中で使用されていません。
   jwd2008i-i  "chkos2.f", line 1: この仮引数'IUT6'は、副プログラム中で使用されていません。
   jwd2008i-i  "chkos2.f", line 1: この仮引数'IUT0'は、副プログラム中で使用されていません。
   jwd8220o-i  "chkos2.f", line 1: 副作用の可能性のある最適化を行いました。
   jwd5004p-i  "chkos2.f", line 48: リダクション演算を含むDOループを並列化しました。(名前:IPB)
   jwd6229s-i  "chkos2.f", line 48: IF文が存在するため、このDOループのSIMD化を抑止しました。
   jwd8209o-i  "chkos2.f", line 58: 多項式の演算順序を変更しました。
   jwd6202s-i  "chkos2.f", line 67: データの定義引用の順序が逐次実行と異なるため、このDOループはSIMD化できません。(名前:YMAX)
   jwd6202s-i  "chkos2.f", line 69: データの定義引用の順序が逐次実行と異なるため、このDOループはSIMD化できません。(名前:XMIN)
   jwd6202s-i  "chkos2.f", line 70: データの定義引用の順序が逐次実行と異なるため、このDOループはSIMD化できません。(名前:YMIN)
   jwd6202s-i  "chkos2.f", line 71: データの定義引用の順序が逐次実行と異なるため、このDOループはSIMD化できません。(名前:ZMIN)
   jwd6202s-i  "chkos2.f", line 72: データの定義引用の順序が逐次実行と異なるため、このDOループはSIMD化できません。(名前:XMAX)
   jwd6202s-i  "chkos2.f", line 74: データの定義引用の順序が逐次実行と異なるため、このDOループはSIMD化できません。(名前:ZMAX)

 Procedure information
   Lines      : 89
   Statements : 64
   Stack(byte): 80720
   Prefetch num: 0

 Total information
   Procedures       : 1
   Total lines      : 89
   Total statements : 64
   Total stack(byte): 80720
   Total prefetch num: 0

