
 Fujitsu Fortran Version 4.1.0  Tue Apr 28 18:52:55 2020

 Compilation information
   Current directory : /vol0001/g9300001/u93021/09.FFB/2020.04.28a_v630202_from_Yamade/FFB.63.02.02/ver.63.02.02
   Source file       : chkovs.f

 Option information
   Command line options : -Kident_mpi -f2004 -I/home/g9300001/u93021/09.FFB/2020.04.28a_v630202_from_Yamade/FFB.63.02.02/include -I/include/mpi/fujitsu/ -Kvisimpact,ocl,optmsg=2,openmp -Dcputime -DUSE_TIMER -DUSE_BARRIER -Nlst=t -Cpp -Nfjomplib -c -I/opt/FJSVxtclanga/.common/MELI014/include/mpi/fujitsu -I/opt/FJSVxtclanga/.common/MELI014/lib64 -Knointentopt
   Cpp options          : -I/home/g9300001/u93021/09.FFB/2020.04.28a_v630202_from_Yamade/FFB.63.02.02/include -I/include/mpi/fujitsu/ -Dcputime -DUSE_TIMER -DUSE_BARRIER -I/opt/FJSVxtclanga/.common/MELI014/include/mpi/fujitsu -I/opt/FJSVxtclanga/.common/MELI014/lib64 -Dunix -Dlinux -D__FUJITSU -D__FRT_major__=4 -D__FRT_minor__=1 -D__FRT_patchlevel__=0 -D__FRT_version__="4.1.0" -D__aarch64__ -D__unix -D_OPENMP=201511 -D__frt_version=800 -D__ARM_ARCH=8 -D__ARM_FEATURE_SVE -D__ELF__ -D__unix__ -D__linux__ -D__linux -Asystem(unix) -otmp
   Effective options    : -fi -g0 -AE -Fixed -O3 -X08
                          -x0 -xaccept=nomodule_allocatable
                          -KA64FX -KARMV8_3_A -KSVE -Kalign_commons
                          -Kalign_loops -Kassume=noshortloop
                          -Kassume=nomemory_bandwidth
                          -Kassume=notime_saving_compilation -Kauto
                          -Kautoobjstack -Knocalleralloc -Kcmodel=small
                          -Keval -Keval_noconcurrent -Knofenv_access
                          -Kfp_contract -Kfp_relaxed -Kfsimple -Kfz -Khpctag
                          -Kilfunc=procedure -Knointentopt -Klargepage
                          -Kloop_blocking -Kloop_fission
                          -Kloop_nofission_stripmining
                          -Kloop_fission_threshold=50 -Kloop_fusion
                          -Kloop_interchange -Kloop_part_parallel
                          -Kloop_part_simd -Kloop_perfect_nest
                          -Kloop_noversioning -Knolto -Kmfunc=1 -Kocl
                          -Komitfp -Knooptlib_string -Koptmsg=2
                          -Knopc_relative_literal_loads -Kplt -Knopreex
                          -Kprefetch_noconditional -Kprefetch_noindirect
                          -Kprefetch_sequential=auto -Kprefetch_nostride
                          -Kprefetch_cache_level=all -Kprefetch_noinfer
                          -Kprefetch_strong -Kprefetch_strong_L2 -Knopreload
                          -Ksch_post_ra -Ksch_pre_ra -Ksibling_calls
                          -Ksimd=auto -Ksimd_packed_promotion
                          -Ksimd_reduction_product -Ksimd_reg_size=512
                          -Ksimd_nouncounted_loop
                          -Ksimd_use_multiple_structures -Knostriping -Kswp
                          -Kswp_freg_rate=100 -Kswp_ireg_rate=100
                          -Kswp_preg_rate=100 -Ktemparraystack -Kunroll
                          -Knounroll_and_jam -Knozfill
                          -Kopenmp -Kopenmp_noassume_norecurrence
                          -Kopenmp_nocollapse_except_innermost
                          -Kopenmp_noordered_reduction -Knoopenmp_simd
                          -Kthreadsafe -Kparallel -Kparallel_nofp_precision
                          -Knoarray_private -Knodynamic_iteration -Kreduction
                          -Kregion_extension
                          -Nallextput -Nnoalloc_assign
                          -Ncancel_overtime_compilation -Nnocheck_global
                          -Nnocoarray -Nnocompdisp -Nnocopyarg -Nnocoverage
                          -Nfjprof -Nfreealloc -Nf90move -Nnohook_func
                          -Nnohook_time -Nfjomplib -Nline -Nlst -Nlst=p
                          -Nlst=t -Nnomallocfree -Nnoobsfun -Nnoprivatealloc
                          -Nquickdbg=noargchk -Nquickdbg=nosubchk
                          -Nquickdbg=noundef -NRnotrap -Nnorecursive
                          -Nnoreordered_variable_stack -Nrt_notune -Nnosave
                          -Nsetvalue=noheap -Nsetvalue=nostack
                          -Nsetvalue=noscalar -Nsetvalue=noarray
                          -Nsetvalue=nostruct -Nuse_rodata

 External subroutine subprogram "CHKOVS"
  (line-no.)(nest)(optimize)
          1                           SUBROUTINE CHKOVS(N2,NE,NODE,NPSET,ERRMAX,
          2                          *                  LPSET2,LPSET3,COVER1,COVER2,COVER3,IUT6)
          3                           IMPLICIT NONE
          4                           INTEGER*4 N2,NE,NODE(N2,NE)
          5                           INTEGER*4 NPSET,LPSET2(NPSET),LPSET3(NPSET),IUT6
          6                           REAL*4    ERRMAX
          7                           REAL*4    COVER1(NPSET),COVER2(NPSET),COVER3(NPSET)
          8                     C
          9                           INTEGER*4 IE,IBP,ISEND,IBPMAX
         10                           REAL*4    ERR1,ERR2,ERR3,ERR,GP,EP,TP
         11                     C
         12                           ERRMAX=0.0E0
         13                           IBPMAX=0
         14                     C
                              <<< Loop-information Start >>>
                              <<<  [OPTIMIZATION]
                              <<<    PREFETCH(HARD) Expected by compiler :
                              <<<      LPSET3
                              <<< Loop-information  End >>>
         15     1   s    s            DO 1000 IBP = 1 , NPSET
         16     1   p    v                ISEND = LPSET3(IBP)
         17     1   p    v                IF(ISEND.LT.0) GO TO 1000
         18     1               C
         19     1   p    v                IE = LPSET2(IBP)
         20     1   p    v                GP = COVER1(IBP)
         21     1   p    v                EP = COVER2(IBP)
         22     1   p    v                TP = COVER3(IBP)
         23     1               C
         24     2   p    v                IF(NODE(8,IE).NE.0) THEN
         25     2   p    v                    ERR1= ABS(GP)-1.E0
         26     2   p    v                    ERR2= ABS(EP)-1.E0
         27     2   p    v                    ERR3= ABS(TP)-1.E0
         28     2   p    v                ELSE IF(NODE(6,IE).NE.0) THEN
         29     2   p    v                    ERR1=(ABS(GP-0.5E0)-0.5E0)/2.0E0
         30     2   p    v                    ERR2=(ABS(EP-0.5E0)-0.5E0)/2.0E0
         31     2   p    v                    ERR3= ABS(TP)-1.E0
         32     2   p    v                ELSE IF(NODE(5,IE).NE.0) THEN
         33     2   p    v                    ERR1= ABS(GP)-1.E0
         34     2   p    v                    ERR2= ABS(EP)-1.E0
         35     2   p    v                    ERR3=(ABS(TP-0.5E0)-0.5E0)/2.0E0
         36     2   p    v                ELSE
         37     2   p    v                    ERR1=(ABS(GP-0.5E0)-0.5E0)/2.0E0
         38     2   p    v                    ERR2=(ABS(EP-0.5E0)-0.5E0)/2.0E0
         39     2   p    v                    ERR3=(ABS(TP-0.5E0)-0.5E0)/2.0E0
         40     2   p    v                ENDIF
         41     1               C
         42     1   p    v                    ERR    = AMAX1(ERR1,ERR2,ERR3,0.E0)
         43     1   m    m                    IF(ERR.GE.ERRMAX) IBPMAX=IBP
         44     1   m    m                    ERRMAX = AMAX1(ERR,ERRMAX)
         45     1               C
         46     1   p    v       1000 CONTINUE
         47                     C
         48                           WRITE(IUT6,*)
         49                           WRITE(IUT6,*) ' CHECKING MAX. ERR IN OVERSET COEF.'
         50                           WRITE(IUT6,*) ' MAX. ERR :' ,  ERRMAX,IBPMAX
         51                           WRITE(IUT6,*)
         52                     C
         53                           RETURN
         54                           END

 Diagnostic messages: program name(CHKOVS)
   jwd8220o-i  "chkovs.f", line 1: 副作用の可能性のある最適化を行いました。
   jwd6229s-i  "chkovs.f", line 15: IF文が存在するため、このDOループのSIMD化を抑止しました。
   jwd8670o-i  "chkovs.f", line 15: ループ内に分岐命令があるため、ソフトウェアパイプライニングを適用できません。
   jwd8209o-i  "chkovs.f", line 42: 多項式の演算順序を変更しました。
   jwd5202p-i  "chkovs.f", line 43: データの定義引用の順序が逐次実行と異なるため、このDOループは並列化できません。(名前:ERRMAX)
   jwd6202s-i  "chkovs.f", line 43: データの定義引用の順序が逐次実行と異なるため、このDOループはSIMD化できません。(名前:ERRMAX)

 Procedure information
   Lines      : 54
   Statements : 44
   Stack(byte): 752
   Prefetch num: 0

 Total information
   Procedures       : 1
   Total lines      : 54
   Total statements : 44
   Total stack(byte): 752
   Total prefetch num: 0

