
 Fujitsu Fortran Version 4.1.0  Tue Apr 28 18:52:55 2020

 Compilation information
   Current directory : /vol0001/g9300001/u93021/09.FFB/2020.04.28a_v630202_from_Yamade/FFB.63.02.02/ver.63.02.02
   Source file       : cntblk.f

 Option information
   Command line options : -Kident_mpi -f2004 -I/home/g9300001/u93021/09.FFB/2020.04.28a_v630202_from_Yamade/FFB.63.02.02/include -I/include/mpi/fujitsu/ -Kvisimpact,ocl,optmsg=2,openmp -Dcputime -DUSE_TIMER -DUSE_BARRIER -Nlst=t -Cpp -Nfjomplib -c -I/opt/FJSVxtclanga/.common/MELI014/include/mpi/fujitsu -I/opt/FJSVxtclanga/.common/MELI014/lib64 -Knointentopt
   Cpp options          : -I/home/g9300001/u93021/09.FFB/2020.04.28a_v630202_from_Yamade/FFB.63.02.02/include -I/include/mpi/fujitsu/ -Dcputime -DUSE_TIMER -DUSE_BARRIER -I/opt/FJSVxtclanga/.common/MELI014/include/mpi/fujitsu -I/opt/FJSVxtclanga/.common/MELI014/lib64 -Dunix -Dlinux -D__FUJITSU -D__FRT_major__=4 -D__FRT_minor__=1 -D__FRT_patchlevel__=0 -D__FRT_version__="4.1.0" -D__aarch64__ -D__unix -D_OPENMP=201511 -D__frt_version=800 -D__ARM_ARCH=8 -D__ARM_FEATURE_SVE -D__ELF__ -D__unix__ -D__linux__ -D__linux -Asystem(unix) -otmp
   Effective options    : -fi -g0 -AE -Fixed -O3 -X08
                          -x0 -xaccept=nomodule_allocatable
                          -KA64FX -KARMV8_3_A -KSVE -Kalign_commons
                          -Kalign_loops -Kassume=noshortloop
                          -Kassume=nomemory_bandwidth
                          -Kassume=notime_saving_compilation -Kauto
                          -Kautoobjstack -Knocalleralloc -Kcmodel=small
                          -Keval -Keval_noconcurrent -Knofenv_access
                          -Kfp_contract -Kfp_relaxed -Kfsimple -Kfz -Khpctag
                          -Kilfunc=procedure -Knointentopt -Klargepage
                          -Kloop_blocking -Kloop_fission
                          -Kloop_nofission_stripmining
                          -Kloop_fission_threshold=50 -Kloop_fusion
                          -Kloop_interchange -Kloop_part_parallel
                          -Kloop_part_simd -Kloop_perfect_nest
                          -Kloop_noversioning -Knolto -Kmfunc=1 -Kocl
                          -Komitfp -Knooptlib_string -Koptmsg=2
                          -Knopc_relative_literal_loads -Kplt -Knopreex
                          -Kprefetch_noconditional -Kprefetch_noindirect
                          -Kprefetch_sequential=auto -Kprefetch_nostride
                          -Kprefetch_cache_level=all -Kprefetch_noinfer
                          -Kprefetch_strong -Kprefetch_strong_L2 -Knopreload
                          -Ksch_post_ra -Ksch_pre_ra -Ksibling_calls
                          -Ksimd=auto -Ksimd_packed_promotion
                          -Ksimd_reduction_product -Ksimd_reg_size=512
                          -Ksimd_nouncounted_loop
                          -Ksimd_use_multiple_structures -Knostriping -Kswp
                          -Kswp_freg_rate=100 -Kswp_ireg_rate=100
                          -Kswp_preg_rate=100 -Ktemparraystack -Kunroll
                          -Knounroll_and_jam -Knozfill
                          -Kopenmp -Kopenmp_noassume_norecurrence
                          -Kopenmp_nocollapse_except_innermost
                          -Kopenmp_noordered_reduction -Knoopenmp_simd
                          -Kthreadsafe -Kparallel -Kparallel_nofp_precision
                          -Knoarray_private -Knodynamic_iteration -Kreduction
                          -Kregion_extension
                          -Nallextput -Nnoalloc_assign
                          -Ncancel_overtime_compilation -Nnocheck_global
                          -Nnocoarray -Nnocompdisp -Nnocopyarg -Nnocoverage
                          -Nfjprof -Nfreealloc -Nf90move -Nnohook_func
                          -Nnohook_time -Nfjomplib -Nline -Nlst -Nlst=p
                          -Nlst=t -Nnomallocfree -Nnoobsfun -Nnoprivatealloc
                          -Nquickdbg=noargchk -Nquickdbg=nosubchk
                          -Nquickdbg=noundef -NRnotrap -Nnorecursive
                          -Nnoreordered_variable_stack -Nrt_notune -Nnosave
                          -Nsetvalue=noheap -Nsetvalue=nostack
                          -Nsetvalue=noscalar -Nsetvalue=noarray
                          -Nsetvalue=nostruct -Nuse_rodata

 External subroutine subprogram "CNTBLK"
  (line-no.)(nest)(optimize)
          1                     C======================================================================C
          2                     C                                                                      C
          3                     C SOFTWARE NAME : FRONTFLOW_BLUE.8.1                                   C
          4                     C                                                                      C
          5                     C  SUB ROUTINE : CNTBLK                                                C
          6                     C                                                                      C
          7                     C                                       WRITTEN BY C.KATO              C
          8                     C                                                                      C
          9                     C                                                                      C
         10                     C CONTACT ADDRESS : IIS, THE UNIVERSITY OF TOKYO, CISS                 C
         11                     C                                                                      C
         12                     C THERMO-FLUID ANALYSIS SOLVERS FOR LARGE-SCALE-ASSEMBLY               C
         13                     C                                                                      C
         14                     C======================================================================C
         15                           SUBROUTINE CNTBLK(X,Y,Z,NODE,NE,NP,N2,NDIVX,NDIVY,NDIVZ,
         16                          *                  EPS,BLKMIN,
         17                          *                  XMIN,YMIN,ZMIN,XMAX,YMAX,ZMAX,
         18                          *                  OSXMIN,OSYMIN,OSZMIN,
         19                          *                  OSXMAX,OSYMAX,OSZMAX,MBLK)
         20                           IMPLICIT NONE
         21                     C
         22                           INTEGER*4 NODE,NE,NP,N2,NDIVX,NDIVY,NDIVZ,MBLK
         23                     C
         24                           REAL*4    X,Y,Z,EPS,BLKMIN,
         25                          *          XMIN,YMIN,ZMIN,XMAX,YMAX,ZMAX,
         26                          *          OSXMIN,OSYMIN,OSZMIN,
         27                          *          OSXMAX,OSYMAX,OSZMAX
         28                     C
         29                           INTEGER*4 IP,IBUF,IE,I,
         30                          *          INXMIN,INYMIN,INZMIN,INXMAX,INYMAX,INZMAX,
         31                          *          INX,INY,INZ,IZ
         32                     C
         33                           REAL*4    DELX,DELY,DELZ,XEMIN,YEMIN,ZEMIN,XEMAX,YEMAX,ZEMAX
         34                     C
         35                           DIMENSION X(NP),Y(NP),Z(NP),NODE(N2,NE)
         36                     C
         37                     C
         38                     C      COUNT BLOCK DATA SIZE
         39                     C
         40                     C
         41                     C     ARGUMENT LISTINGS
         42                     C       (1) INPUT
         43                     C          X       (IP); X-DIR. COORDINATE OF NODE
         44                     C          Y       (IP); Y-DIR. COORDINATE OF NODE
         45                     C          Z       (IP); Z-DIR. COORDINATE OF NODE
         46                     C          NODE  (I,IE); NODE TABLE
         47                     C          NE          ; NUMBER OF TOTAL ELEMENTS
         48                     C          NP          ; NUMBER OF TOTAL    NODES
         49                     C          N           ; NUMBER OF NODES ASSIGNED TO ONE ELEMENT
         50                     C
         51                     C          NDIVX       ; NUMBER OF ZONE DIVISIONS IN X-DIRECTION
         52                     C          NDIVY       ; NUMBER OF ZONE DIVISIONS IN Y-DIRECTION
         53                     C          NDIVZ       ; NUMBER OF ZONE DIVISIONS IN Z-DIRECTION
         54                     C          EPS         ; OVERLAPING MARGIN OF TWO ADJACENT ZONES
         55                     C
         56                     C          MAX         ; DIMENSION LIMIT FOR ARRAYS 'IELIST' AND 'IEBUF'
         57                     C          MZ          ; MAXIMUM NUMBER OF ZONES TO BE GENERATED
         58                     C
         59                     C       (2) OUTPUT
         60                     C          MBLK     ; BLOCL DATA SIZE
         61                     C
         62                     C
         63                     C
         64                     C
         65                     C FIND COMPUTAIONAL MESH BOUNDS AND SET OVERLAPPING MARGINS
         66                     C
         67                     C
         68                     C
         69                           XMIN = X(1)
         70                           YMIN = Y(1)
         71                           ZMIN = Z(1)
         72                     C
         73                           XMAX = X(1)
         74                           YMAX = Y(1)
         75                           ZMAX = Z(1)
         76                     C
                              <<< Loop-information Start >>>
                              <<<  [PARALLELIZATION]
                              <<<    Standard iteration count: 187
                              <<< Loop-information  End >>>
         77     1  pp    s            DO 100 IP = 2 , NP
         78     1   p    v                IF(X(IP).LE.XMIN) XMIN = X(IP)
         79     1   p    v                IF(Y(IP).LE.YMIN) YMIN = Y(IP)
         80     1   p    v                IF(Z(IP).LE.ZMIN) ZMIN = Z(IP)
         81     1               C
         82     1   p    v                IF(X(IP).GE.XMAX) XMAX = X(IP)
         83     1   p    v                IF(Y(IP).GE.YMAX) YMAX = Y(IP)
         84     1   p    v                IF(Z(IP).GE.ZMAX) ZMAX = Z(IP)
         85     1   p    s        100 CONTINUE
         86                     C
         87                           IF(XMIN.LT.OSXMIN) XMIN= OSXMIN
         88                           IF(YMIN.LT.OSYMIN) YMIN= OSYMIN
         89                           IF(ZMIN.LT.OSZMIN) ZMIN= OSZMIN
         90                           IF(XMAX.GT.OSXMAX) XMAX= OSXMAX
         91                           IF(YMAX.GT.OSYMAX) YMAX= OSYMAX
         92                           IF(ZMAX.GT.OSZMAX) ZMAX= OSZMAX
         93                     C
         94                           IF(XMIN.GT.XMAX) XMIN=XMAX
         95                           IF(YMIN.GT.YMAX) YMIN=YMAX
         96                           IF(ZMIN.GT.ZMAX) ZMIN=ZMAX
         97                     C
         98                     CC      XMIN= OSXMIN
         99                     CC      YMIN= OSYMIN
        100                     CC      ZMIN= OSZMIN
        101                     CC      XMAX= OSXMAX
        102                     CC      YMAX= OSYMAX
        103                     CC      ZMAX= OSZMAX
        104                     C
        105                           DELX = EPS*(XMAX-XMIN)/NDIVX
        106                           DELY = EPS*(YMAX-YMIN)/NDIVY
        107                           DELZ = EPS*(ZMAX-ZMIN)/NDIVZ
        108                     C
        109                           IF(DELX.LT.BLKMIN) DELX=BLKMIN
        110                           IF(DELY.LT.BLKMIN) DELY=BLKMIN
        111                           IF(DELZ.LT.BLKMIN) DELZ=BLKMIN
        112                     C
        113                     C
        114                     C
        115                     C FIRST, SCATTER EACH ELEMENTS TO APPROPRIATE ZONE(S)
        116                     C
        117                     C
        118                     C
        119                           IBUF = 0
        120     1                     DO 250 IE = 1 , NE
                              <<< Loop-information Start >>>
                              <<<  [OPTIMIZATION]
                              <<<    PREFETCH(HARD) Expected by compiler :
                              <<<      NODE
                              <<< Loop-information  End >>>
        121     2   s    s                DO 210 I = 1 , N2
        122     2   p    v                    IP = NODE(I,IE)
        123     2   p    s                    IF (IP.EQ.0) GOTO 210
        124     2   m    s                    IF(I.EQ.1 .OR. X(IP).LE.XEMIN) XEMIN = X(IP)
        125     2   m    s                    IF(I.EQ.1 .OR. Y(IP).LE.YEMIN) YEMIN = Y(IP)
        126     2   m    s                    IF(I.EQ.1 .OR. Z(IP).LE.ZEMIN) ZEMIN = Z(IP)
        127     2               C
        128     2   m    s                    IF(I.EQ.1 .OR. X(IP).GE.XEMAX) XEMAX = X(IP)
        129     2   m    s                    IF(I.EQ.1 .OR. Y(IP).GE.YEMAX) YEMAX = Y(IP)
        130     2   m    s                    IF(I.EQ.1 .OR. Z(IP).GE.ZEMAX) ZEMAX = Z(IP)
        131     2   p    v        210     CONTINUE
        132     1               C
        133     1                         INXMIN = NDIVX*(XEMIN-XMIN-DELX)/(XMAX-XMIN)+1
        134     1                         INYMIN = NDIVY*(YEMIN-YMIN-DELY)/(YMAX-YMIN)+1
        135     1                         INZMIN = NDIVZ*(ZEMIN-ZMIN-DELZ)/(ZMAX-ZMIN)+1
        136     1               C
        137     1                         INXMAX = NDIVX*(XEMAX-XMIN+DELX)/(XMAX-XMIN)+1
        138     1                         INYMAX = NDIVY*(YEMAX-YMIN+DELY)/(YMAX-YMIN)+1
        139     1                         INZMAX = NDIVZ*(ZEMAX-ZMIN+DELZ)/(ZMAX-ZMIN)+1
        140     1               C
        141     1                         IF(INXMIN.LT.1) INXMIN = 1
        142     1                         IF(INYMIN.LT.1) INYMIN = 1
        143     1                         IF(INZMIN.LT.1) INZMIN = 1
        144     1               C
        145     1                         IF(INXMAX.GT.NDIVX) INXMAX = NDIVX
        146     1                         IF(INYMAX.GT.NDIVY) INYMAX = NDIVY
        147     1                         IF(INZMAX.GT.NDIVZ) INZMAX = NDIVZ
        148     1               C
        149     2                         DO 240 INZ = INZMIN , INZMAX
        150     3       4                     DO 230 INY = INYMIN , INYMAX
        151     4   s   4s                        DO 220 INX = INXMIN , INXMAX
        152     4   p   4s                            IZ = (INZ-1)*(NDIVX*NDIVY)+(INY-1)*NDIVX+INX
        153     4   p   4s                            IBUF = IBUF+1
        154     4   p   4s        220             CONTINUE
        155     3       4         230         CONTINUE
        156     2                 240     CONTINUE
        157     1               C
        158     1                         IBUF = IBUF+1
        159     1                 250 CONTINUE
        160                           MBLK=IBUF
        161                           MBLK=MBLK+100000
        162                     C
        163                           RETURN
        164                           END

 Diagnostic messages: program name(CNTBLK)
   jwd8220o-i  "cntblk.f", line 15: 副作用の可能性のある最適化を行いました。
   jwd5004p-i  "cntblk.f", line 77: リダクション演算を含むDOループを並列化しました。(名前:IP)
   jwd6229s-i  "cntblk.f", line 77: IF文が存在するため、このDOループのSIMD化を抑止しました。
   jwd6228s-i  "cntblk.f", line 78: データの定義引用の順序が逐次実行と異なる可能性があるため、このDOループはSIMD化できません。
   jwd8209o-i  "cntblk.f", line 105: 多項式の演算順序を変更しました。
   jwd8209o-i  "cntblk.f", line 106: 多項式の演算順序を変更しました。
   jwd8209o-i  "cntblk.f", line 107: 多項式の演算順序を変更しました。
   jwd5202p-i  "cntblk.f", line 120: データの定義引用の順序が逐次実行と異なるため、このDOループは並列化できません。(名前:ZEMAX)
   jwd5202p-i  "cntblk.f", line 120: データの定義引用の順序が逐次実行と異なるため、このDOループは並列化できません。(名前:YEMAX)
   jwd5202p-i  "cntblk.f", line 120: データの定義引用の順序が逐次実行と異なるため、このDOループは並列化できません。(名前:XEMAX)
   jwd5202p-i  "cntblk.f", line 120: データの定義引用の順序が逐次実行と異なるため、このDOループは並列化できません。(名前:ZEMIN)
   jwd5202p-i  "cntblk.f", line 120: データの定義引用の順序が逐次実行と異なるため、このDOループは並列化できません。(名前:YEMIN)
   jwd5202p-i  "cntblk.f", line 120: データの定義引用の順序が逐次実行と異なるため、このDOループは並列化できません。(名前:XEMIN)
   jwd5202p-i  "cntblk.f", line 120: データの定義引用の順序が逐次実行と異なるため、このDOループは並列化できません。(名前:IBUF)
   jwd6229s-i  "cntblk.f", line 121: IF文が存在するため、このDOループのSIMD化を抑止しました。
   jwd8670o-i  "cntblk.f", line 121: ループ内に分岐命令があるため、ソフトウェアパイプライニングを適用できません。
   jwd5202p-i  "cntblk.f", line 124: データの定義引用の順序が逐次実行と異なるため、このDOループは並列化できません。(名前:XEMIN)
   jwd6202s-i  "cntblk.f", line 124: データの定義引用の順序が逐次実行と異なるため、このDOループはSIMD化できません。(名前:XEMIN)
   jwd5202p-i  "cntblk.f", line 125: データの定義引用の順序が逐次実行と異なるため、このDOループは並列化できません。(名前:YEMIN)
   jwd6202s-i  "cntblk.f", line 125: データの定義引用の順序が逐次実行と異なるため、このDOループはSIMD化できません。(名前:YEMIN)
   jwd5202p-i  "cntblk.f", line 126: データの定義引用の順序が逐次実行と異なるため、このDOループは並列化できません。(名前:ZEMIN)
   jwd6202s-i  "cntblk.f", line 126: データの定義引用の順序が逐次実行と異なるため、このDOループはSIMD化できません。(名前:ZEMIN)
   jwd5202p-i  "cntblk.f", line 128: データの定義引用の順序が逐次実行と異なるため、このDOループは並列化できません。(名前:XEMAX)
   jwd6202s-i  "cntblk.f", line 128: データの定義引用の順序が逐次実行と異なるため、このDOループはSIMD化できません。(名前:XEMAX)
   jwd5202p-i  "cntblk.f", line 129: データの定義引用の順序が逐次実行と異なるため、このDOループは並列化できません。(名前:YEMAX)
   jwd6202s-i  "cntblk.f", line 129: データの定義引用の順序が逐次実行と異なるため、このDOループはSIMD化できません。(名前:YEMAX)
   jwd5202p-i  "cntblk.f", line 130: データの定義引用の順序が逐次実行と異なるため、このDOループは並列化できません。(名前:ZEMAX)
   jwd6202s-i  "cntblk.f", line 130: データの定義引用の順序が逐次実行と異なるため、このDOループはSIMD化できません。(名前:ZEMAX)
   jwd8209o-i  "cntblk.f", line 133: 多項式の演算順序を変更しました。
   jwd8209o-i  "cntblk.f", line 134: 多項式の演算順序を変更しました。
   jwd8209o-i  "cntblk.f", line 135: 多項式の演算順序を変更しました。
   jwd8209o-i  "cntblk.f", line 137: 多項式の演算順序を変更しました。
   jwd8209o-i  "cntblk.f", line 138: 多項式の演算順序を変更しました。
   jwd8209o-i  "cntblk.f", line 139: 多項式の演算順序を変更しました。
   jwd5202p-i  "cntblk.f", line 149: データの定義引用の順序が逐次実行と異なるため、このDOループは並列化できません。(名前:IBUF)
   jwd5202p-i  "cntblk.f", line 150: データの定義引用の順序が逐次実行と異なるため、このDOループは並列化できません。(名前:IBUF)
   jwd8670o-i  "cntblk.f", line 150: ループ内に分岐命令があるため、ソフトウェアパイプライニングを適用できません。
   jwd8202o-i  "cntblk.f", line 150: ループを展開数4回でアンローリングしました。

 Procedure information
   Lines      : 164
   Statements : 74
   Stack(byte): 80768
   Prefetch num: 0

 Total information
   Procedures       : 1
   Total lines      : 164
   Total statements : 74
   Total stack(byte): 80768
   Total prefetch num: 0

