
 Fujitsu Fortran Version 4.1.0  Tue Apr 28 18:52:55 2020

 Compilation information
   Current directory : /vol0001/g9300001/u93021/09.FFB/2020.04.28a_v630202_from_Yamade/FFB.63.02.02/ver.63.02.02
   Source file       : ctlfrx.f

 Option information
   Command line options : -Kident_mpi -f2004 -I/home/g9300001/u93021/09.FFB/2020.04.28a_v630202_from_Yamade/FFB.63.02.02/include -I/include/mpi/fujitsu/ -Kvisimpact,ocl,optmsg=2,openmp -Dcputime -DUSE_TIMER -DUSE_BARRIER -Nlst=t -Cpp -Nfjomplib -c -I/opt/FJSVxtclanga/.common/MELI014/include/mpi/fujitsu -I/opt/FJSVxtclanga/.common/MELI014/lib64 -Knointentopt
   Cpp options          : -I/home/g9300001/u93021/09.FFB/2020.04.28a_v630202_from_Yamade/FFB.63.02.02/include -I/include/mpi/fujitsu/ -Dcputime -DUSE_TIMER -DUSE_BARRIER -I/opt/FJSVxtclanga/.common/MELI014/include/mpi/fujitsu -I/opt/FJSVxtclanga/.common/MELI014/lib64 -Dunix -Dlinux -D__FUJITSU -D__FRT_major__=4 -D__FRT_minor__=1 -D__FRT_patchlevel__=0 -D__FRT_version__="4.1.0" -D__aarch64__ -D__unix -D_OPENMP=201511 -D__frt_version=800 -D__ARM_ARCH=8 -D__ARM_FEATURE_SVE -D__ELF__ -D__unix__ -D__linux__ -D__linux -Asystem(unix) -otmp
   Effective options    : -fi -g0 -AE -Fixed -O3 -X08
                          -x0 -xaccept=nomodule_allocatable
                          -KA64FX -KARMV8_3_A -KSVE -Kalign_commons
                          -Kalign_loops -Kassume=noshortloop
                          -Kassume=nomemory_bandwidth
                          -Kassume=notime_saving_compilation -Kauto
                          -Kautoobjstack -Knocalleralloc -Kcmodel=small
                          -Keval -Keval_noconcurrent -Knofenv_access
                          -Kfp_contract -Kfp_relaxed -Kfsimple -Kfz -Khpctag
                          -Kilfunc=procedure -Knointentopt -Klargepage
                          -Kloop_blocking -Kloop_fission
                          -Kloop_nofission_stripmining
                          -Kloop_fission_threshold=50 -Kloop_fusion
                          -Kloop_interchange -Kloop_part_parallel
                          -Kloop_part_simd -Kloop_perfect_nest
                          -Kloop_noversioning -Knolto -Kmfunc=1 -Kocl
                          -Komitfp -Knooptlib_string -Koptmsg=2
                          -Knopc_relative_literal_loads -Kplt -Knopreex
                          -Kprefetch_noconditional -Kprefetch_noindirect
                          -Kprefetch_sequential=auto -Kprefetch_nostride
                          -Kprefetch_cache_level=all -Kprefetch_noinfer
                          -Kprefetch_strong -Kprefetch_strong_L2 -Knopreload
                          -Ksch_post_ra -Ksch_pre_ra -Ksibling_calls
                          -Ksimd=auto -Ksimd_packed_promotion
                          -Ksimd_reduction_product -Ksimd_reg_size=512
                          -Ksimd_nouncounted_loop
                          -Ksimd_use_multiple_structures -Knostriping -Kswp
                          -Kswp_freg_rate=100 -Kswp_ireg_rate=100
                          -Kswp_preg_rate=100 -Ktemparraystack -Kunroll
                          -Knounroll_and_jam -Knozfill
                          -Kopenmp -Kopenmp_noassume_norecurrence
                          -Kopenmp_nocollapse_except_innermost
                          -Kopenmp_noordered_reduction -Knoopenmp_simd
                          -Kthreadsafe -Kparallel -Kparallel_nofp_precision
                          -Knoarray_private -Knodynamic_iteration -Kreduction
                          -Kregion_extension
                          -Nallextput -Nnoalloc_assign
                          -Ncancel_overtime_compilation -Nnocheck_global
                          -Nnocoarray -Nnocompdisp -Nnocopyarg -Nnocoverage
                          -Nfjprof -Nfreealloc -Nf90move -Nnohook_func
                          -Nnohook_time -Nfjomplib -Nline -Nlst -Nlst=p
                          -Nlst=t -Nnomallocfree -Nnoobsfun -Nnoprivatealloc
                          -Nquickdbg=noargchk -Nquickdbg=nosubchk
                          -Nquickdbg=noundef -NRnotrap -Nnorecursive
                          -Nnoreordered_variable_stack -Nrt_notune -Nnosave
                          -Nsetvalue=noheap -Nsetvalue=nostack
                          -Nsetvalue=noscalar -Nsetvalue=noarray
                          -Nsetvalue=nostruct -Nuse_rodata

 External subroutine subprogram "CTLFRX"
  (line-no.)(nest)(optimize)
          1                           SUBROUTINE CTLFRX(ALPHA,PINLT,QCOEF,NPINLT,
          2                          *                  UINLT0,VINLT0,WINLT0,UINLT,VINLT,WINLT,
          3                          *                  NP,U,V,W)
          4                           IMPLICIT NONE
          5                     C
          6                           INTEGER*4 NPINLT
          7                           REAL*4    ALPHA,PINLT,QCOEF(3)
          8                           REAL*4    UINLT0(NPINLT),VINLT0(NPINLT),WINLT0(NPINLT)
          9                           REAL*4    UINLT (NPINLT),VINLT (NPINLT),WINLT (NPINLT)
         10                           INTEGER*4 NP
         11                           REAL*4    U(NP),V(NP),W(NP)
         12                     C
         13                           INTEGER*4 IPB,IP
         14                           REAL*4    CBUF
         15                     C
         16     1                     IF(PINLT.GT.0.0E0) THEN
         17     1                         QCOEF(3)=QCOEF(2)
         18     1                     ELSE
         19     1                         QCOEF(1)=QCOEF(2)
         20     1                     ENDIF
         21                               CBUF=QCOEF(2)
         22                               QCOEF(2)=ALPHA*QCOEF(2)
         23                          *             +(1.0E0-ALPHA)*0.5E0*(QCOEF(1)+QCOEF(3))
         24                               CBUF=QCOEF(2)/CBUF
         25                     C
         26                     C
                              <<< Loop-information Start >>>
                              <<<  [PARALLELIZATION]
                              <<<    Standard iteration count: 616
                              <<<  [OPTIMIZATION]
                              <<<    SIMD(VL: 16)
                              <<<    SOFTWARE PIPELINING(IPC: 3.20, ITR: 128, MVE: 4)
                              <<<    PREFETCH(HARD) Expected by compiler :
                              <<<      WINLT0, UINLT0, VINLT0, VINLT, UINLT
                              <<<      WINLT
                              <<< Loop-information  End >>>
         27     1  pp    v            DO 1000 IPB=1,NPINLT
         28     1   p    v                UINLT(IPB)=UINLT0(IPB)*QCOEF(2)
         29     1   p    v                VINLT(IPB)=VINLT0(IPB)*QCOEF(2)
         30     1   p    v                WINLT(IPB)=WINLT0(IPB)*QCOEF(2)
         31     1   p    v       1000 CONTINUE
         32                     C
         33                     CC      DO 2000 IP=1,NP
         34                     CC          U(IP)=U(IP)*CBUF
         35                     CC          V(IP)=V(IP)*CBUF
         36                     CC          W(IP)=W(IP)*CBUF
         37                     CC 2000 CONTINUE
         38                     C
         39                           RETURN
         40                           END

 Diagnostic messages: program name(CTLFRX)
   jwd2008i-i  "ctlfrx.f", line 11: この仮引数'W'は、副プログラム中で使用されていません。
   jwd2008i-i  "ctlfrx.f", line 11: この仮引数'V'は、副プログラム中で使用されていません。
   jwd2008i-i  "ctlfrx.f", line 11: この仮引数'U'は、副プログラム中で使用されていません。
   jwd2006i-i  "ctlfrx.f", line 13: この名前'IP'は、宣言だけされていて引用されていません。
   jwd5001p-i  "ctlfrx.f", line 27: このDOループを並列化しました。(名前:IPB)
   jwd6001s-i  "ctlfrx.f", line 27: このDOループをSIMD化しました。(名前:IPB)
   jwd8204o-i  "ctlfrx.f", line 27: ループにソフトウェアパイプライニングを適用しました。
   jwd8205o-i  "ctlfrx.f", line 27: ループの繰返し数が128回以上の時、ソフトウェアパイプライニングを適用したループが実行時に選択されます。

 Procedure information
   Lines      : 40
   Statements : 25
   Stack(byte): 816
   Prefetch num: 0

 Total information
   Procedures       : 1
   Total lines      : 40
   Total statements : 25
   Total stack(byte): 816
   Total prefetch num: 0

