
 Fujitsu Fortran Version 4.1.0  Tue Apr 28 18:52:55 2020

 Compilation information
   Current directory : /vol0001/g9300001/u93021/09.FFB/2020.04.28a_v630202_from_Yamade/FFB.63.02.02/ver.63.02.02
   Source file       : dgnscl.f

 Option information
   Command line options : -Kident_mpi -f2004 -I/home/g9300001/u93021/09.FFB/2020.04.28a_v630202_from_Yamade/FFB.63.02.02/include -I/include/mpi/fujitsu/ -Kvisimpact,ocl,optmsg=2,openmp -Dcputime -DUSE_TIMER -DUSE_BARRIER -Nlst=t -Cpp -Nfjomplib -c -I/opt/FJSVxtclanga/.common/MELI014/include/mpi/fujitsu -I/opt/FJSVxtclanga/.common/MELI014/lib64 -Knointentopt
   Cpp options          : -I/home/g9300001/u93021/09.FFB/2020.04.28a_v630202_from_Yamade/FFB.63.02.02/include -I/include/mpi/fujitsu/ -Dcputime -DUSE_TIMER -DUSE_BARRIER -I/opt/FJSVxtclanga/.common/MELI014/include/mpi/fujitsu -I/opt/FJSVxtclanga/.common/MELI014/lib64 -Dunix -Dlinux -D__FUJITSU -D__FRT_major__=4 -D__FRT_minor__=1 -D__FRT_patchlevel__=0 -D__FRT_version__="4.1.0" -D__aarch64__ -D__unix -D_OPENMP=201511 -D__frt_version=800 -D__ARM_ARCH=8 -D__ARM_FEATURE_SVE -D__ELF__ -D__unix__ -D__linux__ -D__linux -Asystem(unix) -otmp
   Effective options    : -fi -g0 -AE -Fixed -O3 -X08
                          -x0 -xaccept=nomodule_allocatable
                          -KA64FX -KARMV8_3_A -KSVE -Kalign_commons
                          -Kalign_loops -Kassume=noshortloop
                          -Kassume=nomemory_bandwidth
                          -Kassume=notime_saving_compilation -Kauto
                          -Kautoobjstack -Knocalleralloc -Kcmodel=small
                          -Keval -Keval_noconcurrent -Knofenv_access
                          -Kfp_contract -Kfp_relaxed -Kfsimple -Kfz -Khpctag
                          -Kilfunc=procedure -Knointentopt -Klargepage
                          -Kloop_blocking -Kloop_fission
                          -Kloop_nofission_stripmining
                          -Kloop_fission_threshold=50 -Kloop_fusion
                          -Kloop_interchange -Kloop_part_parallel
                          -Kloop_part_simd -Kloop_perfect_nest
                          -Kloop_noversioning -Knolto -Kmfunc=1 -Kocl
                          -Komitfp -Knooptlib_string -Koptmsg=2
                          -Knopc_relative_literal_loads -Kplt -Knopreex
                          -Kprefetch_noconditional -Kprefetch_noindirect
                          -Kprefetch_sequential=auto -Kprefetch_nostride
                          -Kprefetch_cache_level=all -Kprefetch_noinfer
                          -Kprefetch_strong -Kprefetch_strong_L2 -Knopreload
                          -Ksch_post_ra -Ksch_pre_ra -Ksibling_calls
                          -Ksimd=auto -Ksimd_packed_promotion
                          -Ksimd_reduction_product -Ksimd_reg_size=512
                          -Ksimd_nouncounted_loop
                          -Ksimd_use_multiple_structures -Knostriping -Kswp
                          -Kswp_freg_rate=100 -Kswp_ireg_rate=100
                          -Kswp_preg_rate=100 -Ktemparraystack -Kunroll
                          -Knounroll_and_jam -Knozfill
                          -Kopenmp -Kopenmp_noassume_norecurrence
                          -Kopenmp_nocollapse_except_innermost
                          -Kopenmp_noordered_reduction -Knoopenmp_simd
                          -Kthreadsafe -Kparallel -Kparallel_nofp_precision
                          -Knoarray_private -Knodynamic_iteration -Kreduction
                          -Kregion_extension
                          -Nallextput -Nnoalloc_assign
                          -Ncancel_overtime_compilation -Nnocheck_global
                          -Nnocoarray -Nnocompdisp -Nnocopyarg -Nnocoverage
                          -Nfjprof -Nfreealloc -Nf90move -Nnohook_func
                          -Nnohook_time -Nfjomplib -Nline -Nlst -Nlst=p
                          -Nlst=t -Nnomallocfree -Nnoobsfun -Nnoprivatealloc
                          -Nquickdbg=noargchk -Nquickdbg=nosubchk
                          -Nquickdbg=noundef -NRnotrap -Nnorecursive
                          -Nnoreordered_variable_stack -Nrt_notune -Nnosave
                          -Nsetvalue=noheap -Nsetvalue=nostack
                          -Nsetvalue=noscalar -Nsetvalue=noarray
                          -Nsetvalue=nostruct -Nuse_rodata

 External subroutine subprogram "DGNSCL"
  (line-no.)(nest)(optimize)
          1                     C=======================================================================
          2                           SUBROUTINE DGNSCL(A,AR,NP,NE,NCRS,IPCRS,NPP,ME)
          3                     C=======================================================================
          4                           IMPLICIT NONE
          5                           INTEGER NP, NE, NCRS
          6                           REAL*4  A(NCRS), AR(NP)
          7                           INTEGER IPCRS(NCRS), NPP(NP)
          8                           INTEGER IP, K, ICRS, IP2
          9                           REAL*4  BUF
         10                     C
         11                           INTEGER MAXBUF,IDUM,ICRDIG
         12                           INTEGER ME,IUT0,IERR
         13                     C
         14                           CHARACTER*60 ERMSGC
         15                          & /' ## SUBROUTINE RELAXM: FATAL      ERROR REPORT   ; RETURNED'/
         16                     C
         17                     C     CALCULATE THE PRODUCT OF MATRIX A AND VECTOR X IN PRESSURE EQUATION
         18                     C         ( 3-D CALCULATION : SINGLE WORD & MULTI ELEMENT VERSION )
         19                     C                                              2009.12.01 RIST
         20                     C
         21                     C          OPERATION COUNTS:   FLOP /ELEMENT
         22                     C          DATA LOADINGS   :   WORDS/ELEMENT
         23                     C                           (  WORDS CONTIGUOUSLY,
         24                     C                              WORDS BY 4-WORD STRIDE, AND
         25                     C                              WORDS BY LIST )
         26                     C
         27                     C     ARGUMENT LISTINGS
         28                     C
         29                     C       (1) INPUT
         30                     C          ME          ; MAX. NUMBER OF TOTAL ELEMENTS
         31                     C          N           ; NUMBER OF NODES ASSIGNED TO ONE ELEMENT
         32                     C          NE          ; NUMBER OF TOTAL ELEMENTS
         33                     C          NP          ; NUMBER OF TOTAL    NODES
         34                     C
         35                     C          NCRS        ; NUMBER OF NONZERO ELEMENTS IN MATRIX
         36                     C                        OF CRS FORMAT
         37                     C          A     (ICRS); NODE-WISE COEFFICIENT MATRIX IN CRS FORMAT
         38                     C          S       (IP); GLOBAL FORCE VECTOR
         39                     C          IPCRS (ICRS); NODE NO. TABLE BASED ON CRS FORMAT
         40                     C          NPP     (IP); NUMBER OF ADJACENT NODES    TO NODE    IP
         41                     C
         42                     C          IPART       ; SUB-DOMAIN NUMBER THAT THIS TASK SHOULD TAKE/IS
         43                     C                       TAKING CARE OF. IPART BEING SET ZERO MEANS THAT
         44                     C                       THE PROGRAM SHOULD RUN/IS RUNNING IN SERIAL
         45                     C                       MODE.
         46                     C          LDOM  (IDOM); NEIBERING SUB-DOMAIN NUMBER
         47                     C          NBPDOM(IDOM); NUMBER OF INTER-CONNECT BOUNDARY NODES
         48                     C                       SHARING WITH THE IDOM'TH NEIBERING SUB-DOMAIN,
         49                     C                       LDOM(IDOM)
         50                     C          NDOM        ; NUMBER OF THE NERIBERING SUB-DOMAINS
         51                     C          IPSLF (IBP,IDOM); INTER-CONNECT BOUNDARY NODE NUMBER IN THE
         52                     C                           CALLING TASK'S SUB-DOMAIN, FOR THE IDOM'TH
         53                     C                           NEIBERING SUB-DOMAIN, LDOM(IDOM)
         54                     C          IPSND (IBP,IDOM); INTER-CONNECT BOUNDARY NODE NUMBER IN THE
         55                     C                           SUB-DOMAIN THAT IS RECEIVING THE CALLING
         56                     C                           TASK'S RESIDUALS.
         57                     C          MBPDOM      ; THE MAXIMUM NUMBER OF THE INTER-CONNECT
         58                     C                       BOUNDARY NODES FOR ONE NEIBERING SUB-DOMAIN
         59                     C
         60                     C          IUT0        ; FILE NUMBER TO REPORT ERROR OCCURRENCE
         61                     C
         62                     C       (2) OUTPUT
         63                     C          AS      (IP); GLOBAL SOLUTION VECTOR (PROVIDE INITIAL GUESS)
         64                     C          IERR        ; RETURN CODE TO REPORT ERROR OCCURENCE
         65                     C
         66                     C       (3) WORK
         67                     C          RX    (I,IE); USED IN DDCOMX
         68                     C          RY    (I,IE); USED IN DDCOMX
         69                     C
         70                     C
         71                           CALL USTSTA(73)
         72                     C
         73                           IERR=0
         74                     C
         75                           ICRS=0
                              <<< Loop-information Start >>>
                              <<<  [OPTIMIZATION]
                              <<<    PREFETCH(HARD) Expected by compiler :
                              <<<      A
                              <<< Loop-information  End >>>
         76     1                     DO 110 IP=1,NP
         77     1                         BUF = 0.0E0
                              <<< Loop-information Start >>>
                              <<<  [PARALLELIZATION]
                              <<<    Standard iteration count: 1231
                              <<<  [OPTIMIZATION]
                              <<<    SIMD(VL: 16)
                              <<<    SOFTWARE PIPELINING(IPC: 3.00, ITR: 512, MVE: 9)
                              <<<    PREFETCH(HARD) Expected by compiler :
                              <<<      A
                              <<< Loop-information  End >>>
         78     2  pp   2v                DO 100 K=1,NPP(IP)
         79     2   p   2v                    ICRS = ICRS+1
         80     2   p   2v                    A(ICRS)=A(ICRS)/AR(IP)
         81     2   p   2v        100     CONTINUE
         82     1                 110 CONTINUE
         83                     C
         84                           CALL USTEND(73)
         85                     C
         86                           RETURN
         87                           END

 Diagnostic messages: program name(DGNSCL)
   jwd2008i-i  "dgnscl.f", line 2: この仮引数'ME'は、副プログラム中で使用されていません。
   jwd2008i-i  "dgnscl.f", line 2: この仮引数'NE'は、副プログラム中で使用されていません。
   jwd8220o-i  "dgnscl.f", line 2: 副作用の可能性のある最適化を行いました。
   jwd2008i-i  "dgnscl.f", line 7: この仮引数'IPCRS'は、副プログラム中で使用されていません。
   jwd2006i-i  "dgnscl.f", line 8: この名前'IP2'は、宣言だけされていて引用されていません。
   jwd2006i-i  "dgnscl.f", line 11: この名前'ICRDIG'は、宣言だけされていて引用されていません。
   jwd2006i-i  "dgnscl.f", line 11: この名前'IDUM'は、宣言だけされていて引用されていません。
   jwd2006i-i  "dgnscl.f", line 11: この名前'MAXBUF'は、宣言だけされていて引用されていません。
   jwd2006i-i  "dgnscl.f", line 12: この名前'IUT0'は、宣言だけされていて引用されていません。
   jwd5202p-i  "dgnscl.f", line 76: データの定義引用の順序が逐次実行と異なるため、このDOループは並列化できません。(名前:ICRS)
   jwd5208p-i  "dgnscl.f", line 76: 定義引用の順序が分からないため、定義引用順序が逐次実行と異なる可能性があり、このDOループは並列化できません。(名前:A)
   jwd5001p-i  "dgnscl.f", line 78: このDOループを並列化しました。(名前:K)
   jwd6001s-i  "dgnscl.f", line 78: このDOループをSIMD化しました。(名前:K)
   jwd8204o-i  "dgnscl.f", line 78: ループにソフトウェアパイプライニングを適用しました。
   jwd8205o-i  "dgnscl.f", line 78: ループの繰返し数が512回以上の時、ソフトウェアパイプライニングを適用したループが実行時に選択されます。
   jwd8206o-i  "dgnscl.f", line 80: 除算を逆数の乗算に変更しました。

 Procedure information
   Lines      : 87
   Statements : 23
   Stack(byte): 784
   Prefetch num: 0

 External subroutine subprogram "DGNSCL2"
  (line-no.)(nest)(optimize)
         88                     
         89                     C=======================================================================
         90                           SUBROUTINE DGNSCL2(A,AR,NP,NCRS,LSTDGN)
         91                     C=======================================================================
         92                           IMPLICIT NONE
         93                           INTEGER NP,NCRS
         94                           REAL*4  A(NCRS), AR(NP)
         95                           INTEGER LSTDGN(NCRS)
         96                           INTEGER IP, ICRS
         97                     C
         98                           CALL USTSTA(77)
         99                     C
                              <<< Loop-information Start >>>
                              <<<  [PARALLELIZATION]
                              <<<    Standard iteration count: 552
                              <<<  [OPTIMIZATION]
                              <<<    SIMD(VL: 16)
                              <<<    SOFTWARE PIPELINING(IPC: 2.44, ITR: 352, MVE: 4)
                              <<<    PREFETCH(HARD) Expected by compiler :
                              <<<      A, LSTDGN
                              <<< Loop-information  End >>>
        100     1  pp   2v            DO 1000 ICRS=1,NCRS
        101     1   p   2v                IP=LSTDGN(ICRS)
        102     1   p   2v                A(ICRS)=A(ICRS)/AR(IP)
        103     1   p   2v       1000 CONTINUE
        104                     
        105                           CALL USTEND(77)
        106                     C
        107                           RETURN
        108                           END

 Diagnostic messages: program name(DGNSCL2)
   jwd5001p-i  "dgnscl.f", line 100: このDOループを並列化しました。(名前:ICRS)
   jwd6001s-i  "dgnscl.f", line 100: このDOループをSIMD化しました。(名前:ICRS)
   jwd8204o-i  "dgnscl.f", line 100: ループにソフトウェアパイプライニングを適用しました。
   jwd8205o-i  "dgnscl.f", line 100: ループの繰返し数が352回以上の時、ソフトウェアパイプライニングを適用したループが実行時に選択されます。

 Procedure information
   Lines      : 21
   Statements : 14
   Stack(byte): 768
   Prefetch num: 0

 Total information
   Procedures       : 2
   Total lines      : 108
   Total statements : 37
   Total stack(byte): 1552
   Total prefetch num: 0

