
 Fujitsu Fortran Version 4.1.0  Tue Apr 28 18:52:55 2020

 Compilation information
   Current directory : /vol0001/g9300001/u93021/09.FFB/2020.04.28a_v630202_from_Yamade/FFB.63.02.02/ver.63.02.02
   Source file       : dscale.f

 Option information
   Command line options : -Kident_mpi -f2004 -I/home/g9300001/u93021/09.FFB/2020.04.28a_v630202_from_Yamade/FFB.63.02.02/include -I/include/mpi/fujitsu/ -Kvisimpact,ocl,optmsg=2,openmp -Dcputime -DUSE_TIMER -DUSE_BARRIER -Nlst=t -Cpp -Nfjomplib -c -I/opt/FJSVxtclanga/.common/MELI014/include/mpi/fujitsu -I/opt/FJSVxtclanga/.common/MELI014/lib64 -Knointentopt
   Cpp options          : -I/home/g9300001/u93021/09.FFB/2020.04.28a_v630202_from_Yamade/FFB.63.02.02/include -I/include/mpi/fujitsu/ -Dcputime -DUSE_TIMER -DUSE_BARRIER -I/opt/FJSVxtclanga/.common/MELI014/include/mpi/fujitsu -I/opt/FJSVxtclanga/.common/MELI014/lib64 -Dunix -Dlinux -D__FUJITSU -D__FRT_major__=4 -D__FRT_minor__=1 -D__FRT_patchlevel__=0 -D__FRT_version__="4.1.0" -D__aarch64__ -D__unix -D_OPENMP=201511 -D__frt_version=800 -D__ARM_ARCH=8 -D__ARM_FEATURE_SVE -D__ELF__ -D__unix__ -D__linux__ -D__linux -Asystem(unix) -otmp
   Effective options    : -fi -g0 -AE -Fixed -O3 -X08
                          -x0 -xaccept=nomodule_allocatable
                          -KA64FX -KARMV8_3_A -KSVE -Kalign_commons
                          -Kalign_loops -Kassume=noshortloop
                          -Kassume=nomemory_bandwidth
                          -Kassume=notime_saving_compilation -Kauto
                          -Kautoobjstack -Knocalleralloc -Kcmodel=small
                          -Keval -Keval_noconcurrent -Knofenv_access
                          -Kfp_contract -Kfp_relaxed -Kfsimple -Kfz -Khpctag
                          -Kilfunc=procedure -Knointentopt -Klargepage
                          -Kloop_blocking -Kloop_fission
                          -Kloop_nofission_stripmining
                          -Kloop_fission_threshold=50 -Kloop_fusion
                          -Kloop_interchange -Kloop_part_parallel
                          -Kloop_part_simd -Kloop_perfect_nest
                          -Kloop_noversioning -Knolto -Kmfunc=1 -Kocl
                          -Komitfp -Knooptlib_string -Koptmsg=2
                          -Knopc_relative_literal_loads -Kplt -Knopreex
                          -Kprefetch_noconditional -Kprefetch_noindirect
                          -Kprefetch_sequential=auto -Kprefetch_nostride
                          -Kprefetch_cache_level=all -Kprefetch_noinfer
                          -Kprefetch_strong -Kprefetch_strong_L2 -Knopreload
                          -Ksch_post_ra -Ksch_pre_ra -Ksibling_calls
                          -Ksimd=auto -Ksimd_packed_promotion
                          -Ksimd_reduction_product -Ksimd_reg_size=512
                          -Ksimd_nouncounted_loop
                          -Ksimd_use_multiple_structures -Knostriping -Kswp
                          -Kswp_freg_rate=100 -Kswp_ireg_rate=100
                          -Kswp_preg_rate=100 -Ktemparraystack -Kunroll
                          -Knounroll_and_jam -Knozfill
                          -Kopenmp -Kopenmp_noassume_norecurrence
                          -Kopenmp_nocollapse_except_innermost
                          -Kopenmp_noordered_reduction -Knoopenmp_simd
                          -Kthreadsafe -Kparallel -Kparallel_nofp_precision
                          -Knoarray_private -Knodynamic_iteration -Kreduction
                          -Kregion_extension
                          -Nallextput -Nnoalloc_assign
                          -Ncancel_overtime_compilation -Nnocheck_global
                          -Nnocoarray -Nnocompdisp -Nnocopyarg -Nnocoverage
                          -Nfjprof -Nfreealloc -Nf90move -Nnohook_func
                          -Nnohook_time -Nfjomplib -Nline -Nlst -Nlst=p
                          -Nlst=t -Nnomallocfree -Nnoobsfun -Nnoprivatealloc
                          -Nquickdbg=noargchk -Nquickdbg=nosubchk
                          -Nquickdbg=noundef -NRnotrap -Nnorecursive
                          -Nnoreordered_variable_stack -Nrt_notune -Nnosave
                          -Nsetvalue=noheap -Nsetvalue=nostack
                          -Nsetvalue=noscalar -Nsetvalue=noarray
                          -Nsetvalue=nostruct -Nuse_rodata

 External subroutine subprogram "DSCALE"
  (line-no.)(nest)(optimize)
          1                           SUBROUTINE DSCALE(N1,N2,NE,NP,NEX,NODE,A,AD,RHS,IERR)
          2                           IMPLICIT NONE
          3                     C
          4                           INTEGER*4 N1,N2,NE,NP,NEX(12),NODE(N2,NE)
          5                           REAL*4    A(N1,N2,NE),AD(NP),RHS(NP)
          6                           INTEGER*4 IERR
          7                     C
          8                           INTEGER*4 NETET,NEPRD,NEWED,NEHEX
          9                           INTEGER*4 NTET,NPRD,NWED,NHEX
         10                           INTEGER*4 I,IE,IP,
         11                          *          IES1,IEE1,IES2,IEE2,IES3,IEE3,IES4,IEE4
         12                           REAL*4    COEF
         13                     
         14                     C
         15                           NETET =NEX( 1)
         16                           NEPRD =NEX( 2)
         17                           NEWED =NEX( 3)
         18                           NEHEX =NEX( 4)
         19                           NTET  =NEX( 5)
         20                           NPRD  =NEX( 6)
         21                           NWED  =NEX( 7)
         22                           NHEX  =NEX( 8)
         23                     C
         24                     C   == TET. ==
         25                           IES1=1
         26                           IEE1=NETET
         27                     C
         28                     C   == PYRAMID ==
         29                           IES2=NETET+1
         30                           IEE2=NETET+NEPRD
         31                     C
         32                     C   == WEDGE ==
         33                           IES3=NETET+NEPRD+1
         34                           IEE3=NETET+NEPRD+NEWED
         35                     C
         36                     C   == HEX. ==
         37                           IES4=NETET+NEPRD+NEWED+1
         38                           IEE4=NETET+NEPRD+NEWED+NEHEX
         39                     C
         40                     C
         41                     C
         42                     C          OPERATION COUNTS:  20 FLOP /ELEMENT
         43                     C          DATA LOADINGS   :  24 WORDS/ELEMENT
         44                     C                           (  0 WORDS CONTIGUOUSLY,
         45                     C                             20 WORDS BY STRIDE, AND
         46                     C                              4 WORDS BY LIST )
         47     1                     DO 1000 I=1,NTET
                              <<< Loop-information Start >>>
                              <<<  [OPTIMIZATION]
                              <<<    SPILLS :
                              <<<      GENERAL   : SPILL 1  FILL 2
                              <<<      SIMD&FP   : SPILL 0  FILL 0
                              <<<      SCALABLE  : SPILL 0  FILL 0
                              <<<      PREDICATE : SPILL 0  FILL 0
                              <<< Loop-information  End >>>
         48     2                         DO 1100 IE=IES1,IEE1
         49     2                             IP=NODE(I,IE)
         50     2                             COEF=AD(IP)
         51     3                             IF(COEF.EQ.0.0E0) THEN
         52     3                                 IERR=1
         53     3                                 RETURN
         54     3                             ENDIF
         55     2                             COEF=1.0E0/COEF
         56     2                             A(I,1,IE)=A(I,1,IE)*COEF
         57     2                             A(I,2,IE)=A(I,2,IE)*COEF
         58     2                             A(I,3,IE)=A(I,3,IE)*COEF
         59     2                             A(I,4,IE)=A(I,4,IE)*COEF
         60     2                1100     CONTINUE
         61     1                1000 CONTINUE
         62                     C
         63                     C
         64                     C          OPERATION COUNTS:  30 FLOP /ELEMENT
         65                     C          DATA LOADINGS   :  35 WORDS/ELEMENT
         66                     C                           (  0 WORDS CONTIGUOUSLY,
         67                     C                             30 WORDS BY STRIDE, AND
         68                     C                              5 WORDS BY LIST )
         69                     C
         70     1                     DO 2000 I=1,NPRD
         71     2                         DO 2100 IE=IES2,IEE2
         72     2                             IP=NODE(I,IE)
         73     2                             COEF=AD(IP)
         74     3                             IF(COEF.EQ.0.0E0) THEN
         75     3                                 IERR=1
         76     3                                 RETURN
         77     3                             ENDIF
         78     2                             COEF=1.0E0/COEF
         79     2                             A(I,1,IE)=A(I,1,IE)*COEF
         80     2                             A(I,2,IE)=A(I,2,IE)*COEF
         81     2                             A(I,3,IE)=A(I,3,IE)*COEF
         82     2                             A(I,4,IE)=A(I,4,IE)*COEF
         83     2                             A(I,5,IE)=A(I,5,IE)*COEF
         84     2                2100     CONTINUE
         85     1                2000 CONTINUE
         86                     C
         87                     C
         88                     C          OPERATION COUNTS:  42 FLOP /ELEMENT
         89                     C          DATA LOADINGS   :  48 WORDS/ELEMENT
         90                     C                           (  0 WORDS CONTIGUOUSLY,
         91                     C                             42 WORDS BY STRIDE, AND
         92                     C                              6 WORDS BY LIST )
         93                     C
         94     1                     DO 3000 I=1,NWED
         95     2                         DO 3100 IE=IES3,IEE3
         96     2                             IP=NODE(I,IE)
         97     2                             COEF=AD(IP)
         98     3                             IF(COEF.EQ.0.0E0) THEN
         99     3                                 IERR=1
        100     3                                 RETURN
        101     3                             ENDIF
        102     2                             COEF=1.0E0/COEF
        103     2                             A(I,1,IE)=A(I,1,IE)*COEF
        104     2                             A(I,2,IE)=A(I,2,IE)*COEF
        105     2                             A(I,3,IE)=A(I,3,IE)*COEF
        106     2                             A(I,4,IE)=A(I,4,IE)*COEF
        107     2                             A(I,5,IE)=A(I,5,IE)*COEF
        108     2                             A(I,6,IE)=A(I,6,IE)*COEF
        109     2                3100     CONTINUE
        110     1                3000 CONTINUE
        111                     C
        112                     C
        113                     C          OPERATION COUNTS:  72 FLOP /ELEMENT
        114                     C          DATA LOADINGS   :  80 WORDS/ELEMENT
        115                     C                           (  0 WORDS CONTIGUOUSLY,
        116                     C                             72 WORDS BY STRIDE, AND
        117                     C                              8 WORDS BY LIST )
        118                     C
        119     1                     DO 4000 I=1,NHEX
        120     2                         DO 4100 IE=IES4,IEE4
        121     2                             IP=NODE(I,IE)
        122     2                             COEF=AD(IP)
        123     3                             IF(COEF.EQ.0.0E0) THEN
        124     3                                 IERR=1
        125     3                                 RETURN
        126     3                             ENDIF
        127     2                             COEF=1.0E0/COEF
        128     2                             A(I,1,IE)=A(I,1,IE)*COEF
        129     2                             A(I,2,IE)=A(I,2,IE)*COEF
        130     2                             A(I,3,IE)=A(I,3,IE)*COEF
        131     2                             A(I,4,IE)=A(I,4,IE)*COEF
        132     2                             A(I,5,IE)=A(I,5,IE)*COEF
        133     2                             A(I,6,IE)=A(I,6,IE)*COEF
        134     2                             A(I,7,IE)=A(I,7,IE)*COEF
        135     2                             A(I,8,IE)=A(I,8,IE)*COEF
        136     2                4100     CONTINUE
        137     1                4000 CONTINUE
        138                     C
                              <<< Loop-information Start >>>
                              <<<  [OPTIMIZATION]
                              <<<    PREFETCH(HARD) Expected by compiler :
                              <<<      AD
                              <<< Loop-information  End >>>
        139     1                     DO 5000 IP = 1 , NP
        140     1                         COEF=AD(IP)
        141     2                         IF(COEF.EQ.0.0E0) THEN
        142     2                             IERR=1
        143     2                             RETURN
        144     2                         ENDIF
        145     1                         COEF=1.0E0/COEF
        146     1                         RHS(IP)=RHS(IP)*COEF
        147     1                5000 CONTINUE
        148                     C
        149                           RETURN
        150                           END
        151                     
        152                     

 Diagnostic messages: program name(DSCALE)
   jwd8220o-i  "dscale.f", line 1: 副作用の可能性のある最適化を行いました。
   jwd5131p-i  "dscale.f", line 47: ループ出口が2つ以上あるため、このDOループは並列化できません。
   jwd5131p-i  "dscale.f", line 48: ループ出口が2つ以上あるため、このDOループは並列化できません。
   jwd6131s-i  "dscale.f", line 48: ループ出口が2つ以上あるため、このDOループはSIMD化できません。
   jwd8671o-i  "dscale.f", line 48: ループの形状が最適化の対象外であるため、ソフトウェアパイプライニングを適用できません。
   jwd5131p-i  "dscale.f", line 70: ループ出口が2つ以上あるため、このDOループは並列化できません。
   jwd5131p-i  "dscale.f", line 71: ループ出口が2つ以上あるため、このDOループは並列化できません。
   jwd6131s-i  "dscale.f", line 71: ループ出口が2つ以上あるため、このDOループはSIMD化できません。
   jwd8671o-i  "dscale.f", line 71: ループの形状が最適化の対象外であるため、ソフトウェアパイプライニングを適用できません。
   jwd5131p-i  "dscale.f", line 94: ループ出口が2つ以上あるため、このDOループは並列化できません。
   jwd5131p-i  "dscale.f", line 95: ループ出口が2つ以上あるため、このDOループは並列化できません。
   jwd6131s-i  "dscale.f", line 95: ループ出口が2つ以上あるため、このDOループはSIMD化できません。
   jwd8671o-i  "dscale.f", line 95: ループの形状が最適化の対象外であるため、ソフトウェアパイプライニングを適用できません。
   jwd5131p-i  "dscale.f", line 119: ループ出口が2つ以上あるため、このDOループは並列化できません。
   jwd5131p-i  "dscale.f", line 120: ループ出口が2つ以上あるため、このDOループは並列化できません。
   jwd6131s-i  "dscale.f", line 120: ループ出口が2つ以上あるため、このDOループはSIMD化できません。
   jwd8671o-i  "dscale.f", line 120: ループの形状が最適化の対象外であるため、ソフトウェアパイプライニングを適用できません。
   jwd5131p-i  "dscale.f", line 139: ループ出口が2つ以上あるため、このDOループは並列化できません。
   jwd6131s-i  "dscale.f", line 139: ループ出口が2つ以上あるため、このDOループはSIMD化できません。
   jwd8671o-i  "dscale.f", line 139: ループの形状が最適化の対象外であるため、ソフトウェアパイプライニングを適用できません。
   jwd8209o-i  "dscale.f", line 146: 多項式の演算順序を変更しました。

 Procedure information
   Lines      : 152
   Statements : 103
   Stack(byte): 384
   Prefetch num: 0

 Total information
   Procedures       : 1
   Total lines      : 152
   Total statements : 103
   Total stack(byte): 384
   Total prefetch num: 0

