
 Fujitsu Fortran Version 4.1.0  Tue Apr 28 18:52:59 2020

 Compilation information
   Current directory : /vol0001/g9300001/u93021/09.FFB/2020.04.28a_v630202_from_Yamade/FFB.63.02.02/ver.63.02.02
   Source file       : elm3dx.f

 Option information
   Command line options : -Kident_mpi -f2004 -I/home/g9300001/u93021/09.FFB/2020.04.28a_v630202_from_Yamade/FFB.63.02.02/include -I/include/mpi/fujitsu/ -Kvisimpact,ocl,optmsg=2,openmp -Dcputime -DUSE_TIMER -DUSE_BARRIER -Nlst=t -Cpp -Nfjomplib -c -I/opt/FJSVxtclanga/.common/MELI014/include/mpi/fujitsu -I/opt/FJSVxtclanga/.common/MELI014/lib64 -Knointentopt
   Cpp options          : -I/home/g9300001/u93021/09.FFB/2020.04.28a_v630202_from_Yamade/FFB.63.02.02/include -I/include/mpi/fujitsu/ -Dcputime -DUSE_TIMER -DUSE_BARRIER -I/opt/FJSVxtclanga/.common/MELI014/include/mpi/fujitsu -I/opt/FJSVxtclanga/.common/MELI014/lib64 -Dunix -Dlinux -D__FUJITSU -D__FRT_major__=4 -D__FRT_minor__=1 -D__FRT_patchlevel__=0 -D__FRT_version__="4.1.0" -D__aarch64__ -D__unix -D_OPENMP=201511 -D__frt_version=800 -D__ARM_ARCH=8 -D__ARM_FEATURE_SVE -D__ELF__ -D__unix__ -D__linux__ -D__linux -Asystem(unix) -otmp
   Effective options    : -fi -g0 -AE -Fixed -O3 -X08
                          -x0 -xaccept=nomodule_allocatable
                          -KA64FX -KARMV8_3_A -KSVE -Kalign_commons
                          -Kalign_loops -Kassume=noshortloop
                          -Kassume=nomemory_bandwidth
                          -Kassume=notime_saving_compilation -Kauto
                          -Kautoobjstack -Knocalleralloc -Kcmodel=small
                          -Keval -Keval_noconcurrent -Knofenv_access
                          -Kfp_contract -Kfp_relaxed -Kfsimple -Kfz -Khpctag
                          -Kilfunc=procedure -Knointentopt -Klargepage
                          -Kloop_blocking -Kloop_fission
                          -Kloop_nofission_stripmining
                          -Kloop_fission_threshold=50 -Kloop_fusion
                          -Kloop_interchange -Kloop_part_parallel
                          -Kloop_part_simd -Kloop_perfect_nest
                          -Kloop_noversioning -Knolto -Kmfunc=1 -Kocl
                          -Komitfp -Knooptlib_string -Koptmsg=2
                          -Knopc_relative_literal_loads -Kplt -Knopreex
                          -Kprefetch_noconditional -Kprefetch_noindirect
                          -Kprefetch_sequential=auto -Kprefetch_nostride
                          -Kprefetch_cache_level=all -Kprefetch_noinfer
                          -Kprefetch_strong -Kprefetch_strong_L2 -Knopreload
                          -Ksch_post_ra -Ksch_pre_ra -Ksibling_calls
                          -Ksimd=auto -Ksimd_packed_promotion
                          -Ksimd_reduction_product -Ksimd_reg_size=512
                          -Ksimd_nouncounted_loop
                          -Ksimd_use_multiple_structures -Knostriping -Kswp
                          -Kswp_freg_rate=100 -Kswp_ireg_rate=100
                          -Kswp_preg_rate=100 -Ktemparraystack -Kunroll
                          -Knounroll_and_jam -Knozfill
                          -Kopenmp -Kopenmp_noassume_norecurrence
                          -Kopenmp_nocollapse_except_innermost
                          -Kopenmp_noordered_reduction -Knoopenmp_simd
                          -Kthreadsafe -Kparallel -Kparallel_nofp_precision
                          -Knoarray_private -Knodynamic_iteration -Kreduction
                          -Kregion_extension
                          -Nallextput -Nnoalloc_assign
                          -Ncancel_overtime_compilation -Nnocheck_global
                          -Nnocoarray -Nnocompdisp -Nnocopyarg -Nnocoverage
                          -Nfjprof -Nfreealloc -Nf90move -Nnohook_func
                          -Nnohook_time -Nfjomplib -Nline -Nlst -Nlst=p
                          -Nlst=t -Nnomallocfree -Nnoobsfun -Nnoprivatealloc
                          -Nquickdbg=noargchk -Nquickdbg=nosubchk
                          -Nquickdbg=noundef -NRnotrap -Nnorecursive
                          -Nnoreordered_variable_stack -Nrt_notune -Nnosave
                          -Nsetvalue=noheap -Nsetvalue=nostack
                          -Nsetvalue=noscalar -Nsetvalue=noarray
                          -Nsetvalue=nostruct -Nuse_rodata

 External subroutine subprogram "ELM3DX"
  (line-no.)(nest)(optimize)
          1                           SUBROUTINE ELM3DX(MGAUSS,IGAUSH,IGAUSW,IGAUSP,IGAUST,
          2                          *                  MELM,ME,N1,N2,NE,NP,NEX,X,Y,Z,NODE,
          3                          *                  SNI,DNXI,DNYI,DNZI,SN,DNX,DNY,DNZ,DELTA,
          4                          *                  EAP1,EAP2,EAP3,EBP,MEP,MP,IENP,JENP,NEP,
          5                          *                  NN,NC,PSI,PSIC,WW,IUT0,IERR)
          6                           IMPLICIT NONE
          7                     C
          8                           INTEGER MGAUSS,IGAUSH, IGAUSW, IGAUSP, IGAUST
          9                           INTEGER ME,N1,N2,NE,NP,NSKIP1,NSKIP2,NSKIP3,NSKIP4,NEX
         10                           INTEGER IELM
         11                           REAL*8  X, Y, Z
         12                           INTEGER NODE
         13                           REAL*4  SNI,DNXI,DNYI,DNZI
         14                           REAL*4  SN,DNX,DNY,DNZ,DELTA
         15                           INTEGER IUT0,IERR
         16                           REAL*8  NN,NC,PSI,PSIC,WW
         17                           REAL*4    EAP1,EAP2,EAP3,EBP
         18                           INTEGER*4 IENP,JENP,NEP,MEP,MP
         19                     C
         20                           INTEGER*4 MELM
         21                           DIMENSION NEX(12)
         22                           DIMENSION X(NP),Y(NP),Z(NP)
         23                           DIMENSION NODE(N2,NE+1),
         24                          *          SNI( N1,NE+1),DNXI(N1,NE+1),DNYI(N1,NE+1),DNZI(N1,NE+1),
         25                          *          SN ( N1,NE+1),DNX (N1,NE+1),DNY (N1,NE+1),DNZ (N1,NE+1),
         26                          *          DELTA(NE+1)
         27                           DIMENSION NN (  N1,MGAUSS),NC  (  N1),
         28                          *          PSI(3,N1,MGAUSS),PSIC(3,N1),WW(MGAUSS)
         29                           DIMENSION EAP1(N2,MEP,NP),EAP2(3,N2,MEP,NP),EAP3(6,N2,MEP,NP)
         30                           DIMENSION EBP(3,N2,MEP,NP)
         31                           DIMENSION IENP(MEP,MP),JENP(MEP,MP),NEP(MP)
         32                     C
         33                     C     ARGUMENT LISTINGS
         34                     C       (1) INPUT
         35                     C          MGAUSS      ; MAX. NUMBER OF GAUSS POINTS
         36                     C          IGAUSH      ; NUMBER OF GAUSS POINTS FOR HEX.
         37                     C          IGAUSW      ; NUMBER OF GAUSS POINTS FOR WED.
         38                     C          IGAUSP      ; NUMBER OF GAUSS POINTS FOR PYR.
         39                     C          IGAUST      ; NUMBER OF GAUSS POINTS FOR TET.
         40                     C
         41                     C          X       (IP); X-COORDINATES OF NODES
         42                     C          Y       (IP); Y-COORDINATES OF NODES
         43                     C          Z       (IP); Z-COORDINATES OF NODES
         44                     C          NODE  (I,IE); NODE NO. TABLE BASED ON ELEMENT
         45                     C
         46                     C          ME          ; MAX. NUMBER OF TOTAL ELEMENTS
         47                     C          N           ; NUMBER OF NODES ASSIGNED TO ONE ELEMENT
         48                     C          NE          ; NUMBER OF TOTAL ELEMENTS
         49                     C          NP          ; NUMBER OF TOTAL    NODES
         50                     C          NEX(I)      ; INCLUDES NUMBER OF ELEMENTS AND NUMBER OF LOCAL NODES
         51                     C                        AS FOLOOWS
         52                     C          NEX(1)      ; NUMBER OF TET.    ELEMENTS
         53                     C          NEX(2)      ; NUMBER OF PYRAMID ELEMENTS
         54                     C          NEX(3)      ; NUMBER OF WEGDE   ELEMENTS
         55                     C          NEX(4)      ; NUMBER OF HEX.    ELEMENTS
         56                     C          NEX(5)      ; NUMBER OF LOCAL NODES IN A TET.    ELEMENT (=4)
         57                     C          NEX(6)      ; NUMBER OF LOCAL NODES IN A PYRAMID ELEMENT (=5)
         58                     C          NEX(7)      ; NUMBER OF LOCAL NODES IN A WEGDE   ELEMENT (=6)
         59                     C          NEX(8)      ; NUMBER OF LOCAL NODES IN A HEX.    ELEMENT (=8)
         60                     C
         61                     C          IUT0        ; FILE NUMBER TO REPORT ERROR OCCURENCE
         62                     C
         63                     C       (2) OUTPUT
         64                     C          SNI   (I,IE); ELEMENT CENTER VALUE OF N
         65                     C          DNXI  (I,IE); ELEMENT CENTER VALUE OF NX
         66                     C          DNYI  (I,IE); ELEMENT CENTER VALUE OF NY
         67                     C          DNZI  (I,IE); ELEMENT CENTER VALUE OF NZ
         68                     C
         69                     C          SN    (I,IE); INTEGRATED ELEMENT VECTOR OF N
         70                     C          DNX   (I,IE); INTEGRATED ELEMENT VECTOR OF NX
         71                     C          DNY   (I,IE); INTEGRATED ELEMENT VECTOR OF NY
         72                     C          DNZ   (I,IE); INTEGRATED ELEMENT VECTOR OF NZ
         73                     C
         74                     C          IERR        ; RETURN CODE TO REPORT ERROR OCCURENCE
         75                     C                   0 --- NORMAL TERMINATION
         76                     C                   1 --- A FATAL ERROR HAS OCCURED
         77                     C
         78                     C
         79                     ******************
         80                     ***** OTHERS *****
         81                     ******************
         82                           INTEGER NETET,NEPRD,NEWED,NEHEX
         83                           INTEGER NTET,NPRD,NWED,NHEX
         84                           INTEGER IE,J
         85                     C
         86                     ***** ALIAS *****
         87                           NETET=NEX(1)
         88                           NEPRD=NEX(2)
         89                           NEWED=NEX(3)
         90                           NEHEX=NEX(4)
         91                           NTET=NEX(5)
         92                           NPRD=NEX(6)
         93                           NWED=NEX(7)
         94                           NHEX=NEX(8)
         95                           NSKIP1=NEX( 9)
         96                           NSKIP2=NEX(10)
         97                           NSKIP3=NEX(11)
         98                           NSKIP4=NEX(12)
         99                     C
                              <<< Loop-information Start >>>
                              <<<  [PARALLELIZATION]
                              <<<    Standard iteration count: 800
                              <<<  [OPTIMIZATION]
                              <<<    COLLAPSED
                              <<<    SIMD(VL: 16)
                              <<<    PREFETCH(HARD) Expected by compiler :
                              <<<      DNZ, DNY, DNX, SN
                              <<< Loop-information  End >>>
        100     1  pp   2v            DO 1000 IE=1,NE
                              <<< Loop-information Start >>>
                              <<<  [OPTIMIZATION]
                              <<<    COLLAPSED
                              <<< Loop-information  End >>>
        101     2   p   2                DO 1100 J=1,N1
        102     2   p   2v                  SN  (J,IE)=0.0E0
        103     2   p   2v                  DNX (J,IE)=0.0E0
        104     2   p   2v                  DNY (J,IE)=0.0E0
        105     2   p   2v                  DNZ (J,IE)=0.0E0
        106     2   p   2v       1100    CONTINUE
        107     1   p            1000 CONTINUE
        108                     C
        109                           IERR=0
        110                           IE  =1
        111                           IELM=1
        112                     **********************************
        113                     ***** MAKE INTEGRALS FOR TET *****
        114                     **********************************
        115                           CALL SETTET(N1,IGAUST,NC,PSIC,NN,PSI,WW,IUT0,IERR)
        116                           IF(IERR.NE.0) GOTO 9999
        117                           CALL INT3DX(IE,NETET,N1,N2,NTET,NSKIP1,IGAUST,
        118                          *            NC,PSIC,NN,PSI,WW,X,Y,Z,NODE(1,IE),
        119                          *            SNI(1,IE),DNXI(1,IE),DNYI(1,IE),DNZI(1,IE),
        120                          *            SN (1,IE),DNX (1,IE),DNY (1,IE),DNZ (1,IE),
        121                          *            DELTA(IE),
        122                          *            EAP1,EAP2,EAP3,EBP,MEP,MP,NP,IENP,JENP,NEP,
        123                          *            IUT0,IERR)
        124                           IF(IERR.NE.0) GOTO 9999
        125                           IE=IE+NETET
        126                           IELM=IELM+NSKIP1*NETET
        127                     C
        128                     **********************************
        129                     ***** MAKE INTEGRALS FOR PYR *****
        130                     **********************************
        131                           CALL SETPRD(N1,IGAUSP,NC,PSIC,NN,PSI,WW,IUT0,IERR)
        132                           IF(IERR.NE.0) GOTO 9999
        133                           CALL INT3DX(IE,NEPRD,N1,N2,NPRD,NSKIP2,IGAUSP,
        134                          *            NC,PSIC,NN,PSI,WW,X,Y,Z,NODE(1,IE),
        135                          *            SNI(1,IE),DNXI(1,IE),DNYI(1,IE),DNZI(1,IE),
        136                          *            SN (1,IE),DNX (1,IE),DNY (1,IE),DNZ (1,IE),
        137                          *            DELTA(IE),
        138                          *            EAP1,EAP2,EAP3,EBP,MEP,MP,NP,IENP,JENP,NEP,
        139                          *            IUT0,IERR)
        140                           IF(IERR.NE.0) GOTO 9999
        141                           IE=IE+NEPRD
        142                           IELM=IELM+NSKIP2*NEPRD
        143                     C
        144                     **********************************
        145                     ***** MAKE INTEGRALS FOR WED *****
        146                     **********************************
        147                           CALL SETWED(N1,IGAUSW,NC,PSIC,NN,PSI,WW,IUT0,IERR)
        148                           IF(IERR.NE.0) GOTO 9999
        149                           CALL INT3DX(IE,NEWED,N1,N2,NWED,NSKIP3,IGAUSW,
        150                          *            NC,PSIC,NN,PSI,WW,X,Y,Z,NODE(1,IE),
        151                          *            SNI(1,IE),DNXI(1,IE),DNYI(1,IE),DNZI(1,IE),
        152                          *            SN (1,IE),DNX (1,IE),DNY (1,IE),DNZ (1,IE),
        153                          *            DELTA(IE),
        154                          *            EAP1,EAP2,EAP3,EBP,MEP,MP,NP,IENP,JENP,NEP,
        155                          *            IUT0,IERR)
        156                           IF(IERR.NE.0) GOTO 9999
        157                           IE=IE+NEWED
        158                           IELM=IELM+NSKIP3*NEWED
        159                     C
        160                     **********************************
        161                     ***** MAKE INTEGRALS FOR HEX *****
        162                     **********************************
        163                           CALL SETHEX(N1,IGAUSH,NC,PSIC,NN,PSI,WW,IUT0,IERR)
        164                           IF(IERR.NE.0) GOTO 9999
        165                           CALL INT3DX(IE,NEHEX,N1,N2,NHEX,NSKIP4,IGAUSH,
        166                          *            NC,PSIC,NN,PSI,WW,X,Y,Z,NODE(1,IE),
        167                          *            SNI(1,IE),DNXI(1,IE),DNYI(1,IE),DNZI(1,IE),
        168                          *            SN (1,IE),DNX (1,IE),DNY (1,IE),DNZ (1,IE),
        169                          *            DELTA(IE),
        170                          *            EAP1,EAP2,EAP3,EBP,MEP,MP,NP,IENP,JENP,NEP,
        171                          *            IUT0,IERR)
        172                           IF(IERR.NE.0) GOTO 9999
        173                           IE=IE+NEHEX
        174                           IELM=IELM+NSKIP4*NEHEX
        175                     C
        176                           RETURN
        177                     C
        178                      9999 CONTINUE
        179                           WRITE(IUT0,*) 'ERROR OCCURED IN ELM3DX'
        180                           IERR=1
        181                           RETURN
        182                     C
        183                           END

 Diagnostic messages: program name(ELM3DX)
   jwd2008i-i  "elm3dx.f", line 1: この仮引数'ME'は、副プログラム中で使用されていません。
   jwd2008i-i  "elm3dx.f", line 1: この仮引数'MELM'は、副プログラム中で使用されていません。
   jwd6002s-i  "elm3dx.f", line 100: このDOループをSIMD化しました。
   jwd8663o-i  "elm3dx.f", line 100: ソフトウェアパイプライニングの効果がないループと判断したため、ソフトウェアパイプライニングを抑止しました。
   jwd8202o-i  "elm3dx.f", line 100: ループを展開数2回でアンローリングしました。
   jwd5002p-i  "elm3dx.f", line 101: このDOループを並列化しました。
   jwd8330o-i  "elm3dx.f", line 102: 多重DOループをDO変数IE,...,Jで1重化しました。

 Procedure information
   Lines      : 183
   Statements : 77
   Stack(byte): 1232
   Prefetch num: 0

 Total information
   Procedures       : 1
   Total lines      : 183
   Total statements : 77
   Total stack(byte): 1232
   Total prefetch num: 0

