
 Fujitsu Fortran Version 4.1.0  Tue Apr 28 18:53:01 2020

 Compilation information
   Current directory : /vol0001/g9300001/u93021/09.FFB/2020.04.28a_v630202_from_Yamade/FFB.63.02.02/ver.63.02.02
   Source file       : fnd3ex.f

 Option information
   Command line options : -Kident_mpi -f2004 -I/home/g9300001/u93021/09.FFB/2020.04.28a_v630202_from_Yamade/FFB.63.02.02/include -I/include/mpi/fujitsu/ -Kvisimpact,ocl,optmsg=2,openmp -Dcputime -DUSE_TIMER -DUSE_BARRIER -Nlst=t -Cpp -Nfjomplib -c -I/opt/FJSVxtclanga/.common/MELI014/include/mpi/fujitsu -I/opt/FJSVxtclanga/.common/MELI014/lib64 -Knointentopt
   Cpp options          : -I/home/g9300001/u93021/09.FFB/2020.04.28a_v630202_from_Yamade/FFB.63.02.02/include -I/include/mpi/fujitsu/ -Dcputime -DUSE_TIMER -DUSE_BARRIER -I/opt/FJSVxtclanga/.common/MELI014/include/mpi/fujitsu -I/opt/FJSVxtclanga/.common/MELI014/lib64 -Dunix -Dlinux -D__FUJITSU -D__FRT_major__=4 -D__FRT_minor__=1 -D__FRT_patchlevel__=0 -D__FRT_version__="4.1.0" -D__aarch64__ -D__unix -D_OPENMP=201511 -D__frt_version=800 -D__ARM_ARCH=8 -D__ARM_FEATURE_SVE -D__ELF__ -D__unix__ -D__linux__ -D__linux -Asystem(unix) -otmp
   Effective options    : -fi -g0 -AE -Fixed -O3 -X08
                          -x0 -xaccept=nomodule_allocatable
                          -KA64FX -KARMV8_3_A -KSVE -Kalign_commons
                          -Kalign_loops -Kassume=noshortloop
                          -Kassume=nomemory_bandwidth
                          -Kassume=notime_saving_compilation -Kauto
                          -Kautoobjstack -Knocalleralloc -Kcmodel=small
                          -Keval -Keval_noconcurrent -Knofenv_access
                          -Kfp_contract -Kfp_relaxed -Kfsimple -Kfz -Khpctag
                          -Kilfunc=procedure -Knointentopt -Klargepage
                          -Kloop_blocking -Kloop_fission
                          -Kloop_nofission_stripmining
                          -Kloop_fission_threshold=50 -Kloop_fusion
                          -Kloop_interchange -Kloop_part_parallel
                          -Kloop_part_simd -Kloop_perfect_nest
                          -Kloop_noversioning -Knolto -Kmfunc=1 -Kocl
                          -Komitfp -Knooptlib_string -Koptmsg=2
                          -Knopc_relative_literal_loads -Kplt -Knopreex
                          -Kprefetch_noconditional -Kprefetch_noindirect
                          -Kprefetch_sequential=auto -Kprefetch_nostride
                          -Kprefetch_cache_level=all -Kprefetch_noinfer
                          -Kprefetch_strong -Kprefetch_strong_L2 -Knopreload
                          -Ksch_post_ra -Ksch_pre_ra -Ksibling_calls
                          -Ksimd=auto -Ksimd_packed_promotion
                          -Ksimd_reduction_product -Ksimd_reg_size=512
                          -Ksimd_nouncounted_loop
                          -Ksimd_use_multiple_structures -Knostriping -Kswp
                          -Kswp_freg_rate=100 -Kswp_ireg_rate=100
                          -Kswp_preg_rate=100 -Ktemparraystack -Kunroll
                          -Knounroll_and_jam -Knozfill
                          -Kopenmp -Kopenmp_noassume_norecurrence
                          -Kopenmp_nocollapse_except_innermost
                          -Kopenmp_noordered_reduction -Knoopenmp_simd
                          -Kthreadsafe -Kparallel -Kparallel_nofp_precision
                          -Knoarray_private -Knodynamic_iteration -Kreduction
                          -Kregion_extension
                          -Nallextput -Nnoalloc_assign
                          -Ncancel_overtime_compilation -Nnocheck_global
                          -Nnocoarray -Nnocompdisp -Nnocopyarg -Nnocoverage
                          -Nfjprof -Nfreealloc -Nf90move -Nnohook_func
                          -Nnohook_time -Nfjomplib -Nline -Nlst -Nlst=p
                          -Nlst=t -Nnomallocfree -Nnoobsfun -Nnoprivatealloc
                          -Nquickdbg=noargchk -Nquickdbg=nosubchk
                          -Nquickdbg=noundef -NRnotrap -Nnorecursive
                          -Nnoreordered_variable_stack -Nrt_notune -Nnosave
                          -Nsetvalue=noheap -Nsetvalue=nostack
                          -Nsetvalue=noscalar -Nsetvalue=noarray
                          -Nsetvalue=nostruct -Nuse_rodata

 External subroutine subprogram "FND3EX"
  (line-no.)(nest)(optimize)
          1                           SUBROUTINE FND3EX(N2,NE,NP,NEX,X,Y,Z,NODE,
          2                          *                  XMINE,YMINE,ZMINE,XMAXE,YMAXE,ZMAXE,
          3                          *                  XP,YP,ZP,EN,GP,EP,TP,IUT0,IERR)
          4                           IMPLICIT NONE
          5                     C
          6                     ***** DEFINE ARGUMENTS *****
          7                           INTEGER N2,NE,NP,NEX,NODE
          8                           REAL X,Y,Z
          9                           REAL XMINE,YMINE,ZMINE
         10                           REAL XMAXE,YMAXE,ZMAXE
         11                           REAL XP,YP,ZP
         12                           INTEGER EN
         13                           REAL GP,EP,TP
         14                     C
         15                           DIMENSION NODE(N2,NE),NEX(8),X(NP),Y(NP),Z(NP),
         16                          *          XMINE(NE),YMINE(NE),ZMINE(NE),
         17                          *          XMAXE(NE),YMAXE(NE),ZMAXE(NE)
         18                     C
         19                     ***** OBJECTS *****
         20                           INTEGER JHEX,JWED,JPRD,JTET
         21                           INTEGER IFOUND
         22                           REAL XI(3),DXI(3),XPV(3),DX(3),X1,X2,X3
         23                           REAL XE(3,8),N(8),PSI(3,8),J(3,3),INVJ(3,3)
         24                           INTEGER IUT0,IERR
         25                           INTEGER IE,IT
         26                           INTEGER ITMAX
         27                           INTEGER II,JJ,KK
         28                     
         29                           REAL*4 TINY
         30                           REAL*4 TMP,DETJ
         31                     C
         32                           INTEGER NTMP,NHEX,NPRD,NWED,NTET
         33                     C
         34                     ***** DATA *****
         35                           DATA IFOUND  /0/
         36                           DATA ITMAX  /10/
         37                     C
         38                           DATA TINY/1.0E-4/
         39                     C
         40                           IFOUND=0
         41                           IERR =0
         42                     C
         43                           NTET=NEX(5)
         44                           NPRD=NEX(6)
         45                           NWED=NEX(7)
         46                           NHEX=NEX(8)
         47                     C
         48                     ***** MAKE XPV  *****
         49                           XPV(1)=XP
         50                           XPV(2)=YP
         51                           XPV(3)=ZP
         52                     C
         53                     ************************
         54                     ***** ELEMENT LOOP *****
         55                     ************************
         56     1                     DO 1000 IE=1,NE
         57     1               C
         58     1                         IF(     (XP.LT.XMINE(IE)) .OR. (XP.GT.XMAXE(IE))
         59     1                    *       .OR. (YP.LT.YMINE(IE)) .OR. (YP.GT.YMAXE(IE))
         60     1                    *       .OR. (ZP.LT.ZMINE(IE)) .OR. (ZP.GT.ZMAXE(IE)) )
         61     1                    *    GOTO 1000
         62     1               C
         63     1               ***** DETERMIN ELEMENT TYPE *****
         64     1                         JHEX=0
         65     1                         JWED=0
         66     1                         JPRD=0
         67     1                         JTET=0
         68     2                         IF(NODE(NHEX,IE).NE.0) THEN
         69     2                             JHEX=1
         70     2                             XI(1)=0.0
         71     2                             XI(2)=0.0
         72     2                             XI(3)=0.0
         73     2                             NTMP=NHEX
         74     2                         ELSE IF(NODE(NWED,IE).NE.0) THEN
         75     2                             JWED=1
         76     2                             XI(1)=1./3.
         77     2                             XI(2)=1./3.
         78     2                             XI(3)=0.0
         79     2                             NTMP=NWED
         80     2                         ELSE IF(NODE(NPRD,IE).NE.0) THEN
         81     2                             JPRD=1
         82     2                             XI(1)=0.0
         83     2                             XI(2)=0.0
         84     2                             XI(3)=1./4.
         85     2                             NTMP=NPRD
         86     2                         ELSE IF(NODE(NTET,IE).NE.0) THEN
         87     2                             JTET=1
         88     2                             XI(1)=1./4.
         89     2                             XI(2)=1./4.
         90     2                             XI(3)=1./4.
         91     2                             NTMP=NTET
         92     2                         ELSE
         93     2                             WRITE(IUT0,*)'INVALID NODE TABLE:ERROR'
         94     2                             IERR=1
         95     2                             RETURN
         96     2                         ENDIF
         97     1               C
                              <<< Loop-information Start >>>
                              <<<  [PARALLELIZATION]
                              <<<    Standard iteration count: 500
                              <<<  [OPTIMIZATION]
                              <<<    SIMD(VL: 16)
                              <<<    PREFETCH(HARD) Expected by compiler :
                              <<<      NODE, (unknown)
                              <<< Loop-information  End >>>
         98     2   s   2v                DO 1100 II=1,NTMP
         99     2   p   2v                    XE(1,II) =X(NODE(II,IE))
        100     2   p   2v                    XE(2,II) =Y(NODE(II,IE))
        101     2   p   2v                    XE(3,II) =Z(NODE(II,IE))
        102     2   p   2v       1100     CONTINUE
        103     1               C
        104     1               ************HEX************
        105     2                         DO 1200 IT=1,ITMAX
        106     3                             IF( JHEX.EQ.1 ) THEN
        107     3                                  N(1)=0.125*(1.-XI(1))*(1.-XI(2))*(1.-XI(3))
        108     3                                  N(2)=0.125*(1.+XI(1))*(1.-XI(2))*(1.-XI(3))
        109     3                                  N(3)=0.125*(1.+XI(1))*(1.+XI(2))*(1.-XI(3))
        110     3                                  N(4)=0.125*(1.-XI(1))*(1.+XI(2))*(1.-XI(3))
        111     3                                  N(5)=0.125*(1.-XI(1))*(1.-XI(2))*(1.+XI(3))
        112     3                                  N(6)=0.125*(1.+XI(1))*(1.-XI(2))*(1.+XI(3))
        113     3                                  N(7)=0.125*(1.+XI(1))*(1.+XI(2))*(1.+XI(3))
        114     3                                  N(8)=0.125*(1.-XI(1))*(1.+XI(2))*(1.+XI(3))
        115     3                             ELSE IF(JWED.EQ.1) THEN
        116     3                                  N(1)=0.5*XI(1)           *(1.-XI(3))
        117     3                                  N(2)=0.5*XI(2)           *(1.-XI(3))
        118     3                                  N(3)=0.5*(1.-XI(1)-XI(2))*(1.-XI(3))
        119     3                                  N(4)=0.5*XI(1)           *(1.+XI(3))
        120     3                                  N(5)=0.5*XI(2)           *(1.+XI(3))
        121     3                                  N(6)=0.5*(1.-XI(1)-XI(2))*(1.+XI(3))
        122     3                             ELSE IF(JPRD.EQ.1) THEN
        123     3                                  X1=XI(1)
        124     3                                  X2=XI(2)
        125     3                                  X3=XI(3)
        126     3                                  N(1)=0.25*((1.-X1)*(1.-X2)-X3+X1*X2*X3/(1.-X3))
        127     3                                  N(2)=0.25*((1.+X1)*(1.-X2)-X3-X1*X2*X3/(1.-X3))
        128     3                                  N(3)=0.25*((1.+X1)*(1.+X2)-X3+X1*X2*X3/(1.-X3))
        129     3                                  N(4)=0.25*((1.-X1)*(1.+X2)-X3-X1*X2*X3/(1.-X3))
        130     3                                  N(5)= X3
        131     3                             ELSE IF(JTET.EQ.1) THEN
        132     3                                  N(1)=1.-XI(1)-XI(2)-XI(3)
        133     3                                  N(2)=XI(1)
        134     3                                  N(3)=XI(2)
        135     3                                  N(4)=XI(3)
        136     3                             ENDIF
        137     2               C
                              <<< Loop-information Start >>>
                              <<<  [PARALLELIZATION]
                              <<<    Standard iteration count: 4
                              <<< Loop-information  End >>>
        138     3  pp                         DO 1300 II=1,3
        139     3   p                             TMP=0.
                              <<< Loop-information Start >>>
                              <<<  [OPTIMIZATION]
                              <<<    SIMD(VL: 16)
                              <<<    PREFETCH(HARD) Expected by compiler :
                              <<<      N, XE
                              <<< Loop-information  End >>>
        140     4   p   8v                         DO 1310 JJ=1,NTMP
        141     4   p   8v                             TMP =TMP +XE(II,JJ)*N(JJ)
        142     4   p   8v       1310              CONTINUE
        143     3   p                              DX (II)=XPV(II)-TMP
        144     3   p            1300         CONTINUE
        145     2               C
        146     3                             IF( JHEX.EQ.1 ) THEN
        147     3                                 PSI(1,1)=-0.125*(1.-XI(2))*(1.-XI(3))
        148     3                                 PSI(1,2)=+0.125*(1.-XI(2))*(1.-XI(3))
        149     3                                 PSI(1,3)=+0.125*(1.+XI(2))*(1.-XI(3))
        150     3                                 PSI(1,4)=-0.125*(1.+XI(2))*(1.-XI(3))
        151     3                                 PSI(1,5)=-0.125*(1.-XI(2))*(1.+XI(3))
        152     3                                 PSI(1,6)=+0.125*(1.-XI(2))*(1.+XI(3))
        153     3                                 PSI(1,7)=+0.125*(1.+XI(2))*(1.+XI(3))
        154     3                                 PSI(1,8)=-0.125*(1.+XI(2))*(1.+XI(3))
        155     3               C
        156     3                                 PSI(2,1)=-0.125*(1.-XI(3))*(1.-XI(1))
        157     3                                 PSI(2,2)=-0.125*(1.-XI(3))*(1.+XI(1))
        158     3                                 PSI(2,3)=+0.125*(1.-XI(3))*(1.+XI(1))
        159     3                                 PSI(2,4)=+0.125*(1.-XI(3))*(1.-XI(1))
        160     3                                 PSI(2,5)=-0.125*(1.+XI(3))*(1.-XI(1))
        161     3                                 PSI(2,6)=-0.125*(1.+XI(3))*(1.+XI(1))
        162     3                                 PSI(2,7)=+0.125*(1.+XI(3))*(1.+XI(1))
        163     3                                 PSI(2,8)=+0.125*(1.+XI(3))*(1.-XI(1))
        164     3               C
        165     3                                 PSI(3,1)=-0.125*(1.-XI(1))*(1.-XI(2))
        166     3                                 PSI(3,2)=-0.125*(1.+XI(1))*(1.-XI(2))
        167     3                                 PSI(3,3)=-0.125*(1.+XI(1))*(1.+XI(2))
        168     3                                 PSI(3,4)=-0.125*(1.-XI(1))*(1.+XI(2))
        169     3                                 PSI(3,5)=+0.125*(1.-XI(1))*(1.-XI(2))
        170     3                                 PSI(3,6)=+0.125*(1.+XI(1))*(1.-XI(2))
        171     3                                 PSI(3,7)=+0.125*(1.+XI(1))*(1.+XI(2))
        172     3                                 PSI(3,8)=+0.125*(1.-XI(1))*(1.+XI(2))
        173     3                             ELSE IF(JWED.EQ.1) THEN
        174     3                                 PSI(1,1)=+0.5*(1.-XI(3))
        175     3                                 PSI(1,2)=0.
        176     3                                 PSI(1,3)=-0.5*(1.-XI(3))
        177     3                                 PSI(1,4)=+0.5*(1.+XI(3))
        178     3                                 PSI(1,5)=0.
        179     3                                 PSI(1,6)=-0.5*(1.+XI(3))
        180     3               C
        181     3                                 PSI(2,1)=0.
        182     3                                 PSI(2,2)=+0.5*(1.-XI(3))
        183     3                                 PSI(2,3)=-0.5*(1.-XI(3))
        184     3                                 PSI(2,4)=0.
        185     3                                 PSI(2,5)=+0.5*(1.+XI(3))
        186     3                                 PSI(2,6)=-0.5*(1.+XI(3))
        187     3               C
        188     3                                 PSI(3,1)=-0.5*XI(1)
        189     3                                 PSI(3,2)=-0.5*XI(2)
        190     3                                 PSI(3,3)=-0.5*(1.-XI(1)-XI(2))
        191     3                                 PSI(3,4)=+0.5*XI(1)
        192     3                                 PSI(3,5)=+0.5*XI(2)
        193     3                                 PSI(3,6)=+0.5*(1.-XI(1)-XI(2))
        194     3                             ELSE IF(JPRD.EQ.1) THEN
        195     3                                 PSI(1,1)=0.25*( -1. +XI(2)/(1.-XI(3)) )
        196     3                                 PSI(1,2)=0.25*( +1. -XI(2)/(1.-XI(3)) )
        197     3                                 PSI(1,3)=0.25*( +1. +XI(2)/(1.-XI(3)) )
        198     3                                 PSI(1,4)=0.25*( -1. -XI(2)/(1.-XI(3)) )
        199     3                                 PSI(1,5)=0.
        200     3               C
        201     3                                 PSI(2,1)=0.25*( -1. +XI(1)/(1.-XI(3)) )
        202     3                                 PSI(2,2)=0.25*( -1. -XI(1)/(1.-XI(3)) )
        203     3                                 PSI(2,3)=0.25*( +1. +XI(1)/(1.-XI(3)) )
        204     3                                 PSI(2,4)=0.25*( +1. -XI(1)/(1.-XI(3)) )
        205     3                                 PSI(2,5)=0.
        206     3               C
        207     3                                 PSI(3,1)=0.25*( -1. +XI(1)*XI(2)/(1.-XI(3))**2 )
        208     3                                 PSI(3,2)=0.25*( -1. -XI(1)*XI(2)/(1.-XI(3))**2 )
        209     3                                 PSI(3,3)=0.25*( -1. +XI(1)*XI(2)/(1.-XI(3))**2 )
        210     3                                 PSI(3,4)=0.25*( -1. -XI(1)*XI(2)/(1.-XI(3))**2 )
        211     3                                 PSI(3,5)=1.
        212     3                             ELSE IF(JTET.EQ.1) THEN
        213     3                                 PSI(1,1)=-1.0
        214     3                                 PSI(1,2)= 1.0
        215     3                                 PSI(1,3)= 0.0
        216     3                                 PSI(1,4)= 0.0
        217     3               C
        218     3                                 PSI(2,1)=-1.0
        219     3                                 PSI(2,2)= 0.0
        220     3                                 PSI(2,3)= 1.0
        221     3                                 PSI(2,4)= 0.0
        222     3               C
        223     3                                 PSI(3,1)=-1.0
        224     3                                 PSI(3,2)= 0.0
        225     3                                 PSI(3,3)= 0.0
        226     3                                 PSI(3,4)= 1.0
        227     3                             ENDIF
        228     2               C
                              <<< Loop-information Start >>>
                              <<<  [PARALLELIZATION]
                              <<<    Standard iteration count: 2
                              <<< Loop-information  End >>>
        229     3  pp                         DO 1400 II=1,3
        230     4   p                             DO 1410 JJ=1,3
        231     4   p                                 TMP=0.
                              <<< Loop-information Start >>>
                              <<<  [OPTIMIZATION]
                              <<<    SIMD(VL: 16)
                              <<<    PREFETCH(HARD) Expected by compiler :
                              <<<      PSI, XE
                              <<< Loop-information  End >>>
        232     5   p   8v                            DO 1420 KK=1,NTMP
        233     5   p   8v                                TMP =TMP +PSI(II,KK)*XE(JJ,KK)
        234     5   p   8v       1420                 CONTINUE
        235     4   p                                 J(II,JJ)=TMP
        236     4   p            1410             CONTINUE
        237     3   p            1400         CONTINUE
        238     2               C
        239     2                             DETJ =J(1,1)*J(2,2)*J(3,3) -J(1,1)*J(2,3)*J(3,2)
        240     2                    *             +J(1,2)*J(2,3)*J(3,1) -J(1,2)*J(2,1)*J(3,3)
        241     2                    *             +J(1,3)*J(2,1)*J(3,2) -J(1,3)*J(2,2)*J(3,1)
        242     2                             INVJ(1,1) =(J(2,2)*J(3,3)-J(2,3)*J(3,2))/DETJ
        243     2                             INVJ(1,2) =(J(1,3)*J(3,2)-J(1,2)*J(3,3))/DETJ
        244     2                             INVJ(1,3) =(J(1,2)*J(2,3)-J(1,3)*J(2,2))/DETJ
        245     2                             INVJ(2,1) =(J(2,3)*J(3,1)-J(2,1)*J(3,3))/DETJ
        246     2                             INVJ(2,2) =(J(1,1)*J(3,3)-J(1,3)*J(3,1))/DETJ
        247     2                             INVJ(2,3) =(J(1,3)*J(2,1)-J(1,1)*J(2,3))/DETJ
        248     2                             INVJ(3,1) =(J(2,1)*J(3,2)-J(2,2)*J(3,1))/DETJ
        249     2                             INVJ(3,2) =(J(1,2)*J(3,1)-J(1,1)*J(3,2))/DETJ
        250     2                             INVJ(3,3) =(J(1,1)*J(2,2)-J(1,2)*J(2,1))/DETJ
        251     2               C
                              <<< Loop-information Start >>>
                              <<<  [OPTIMIZATION]
                              <<<    FULL UNROLLING
                              <<< Loop-information  End >>>
        252     3       f                     DO 1500 II=1,3
        253     3       f                         TMP=0.
                              <<< Loop-information Start >>>
                              <<<  [OPTIMIZATION]
                              <<<    FULL UNROLLING
                              <<< Loop-information  End >>>
        254     4       f                         DO 1510 JJ=1,3
        255     4       f                             TMP =TMP +INVJ(JJ,II)*DX(JJ)
        256     4       f        1510             CONTINUE
        257     3       f                         DXI(II)=TMP
        258     3       f                          XI(II)=XI(II)+DXI(II)
        259     3       f        1500         CONTINUE
        260     2               C
        261     3                             IF( JHEX.EQ.1
        262     3                    *         .AND. (XI(1).GE.-1-TINY)
        263     3                    *         .AND. (XI(1).LE.+1+TINY)
        264     3                    *         .AND. (XI(2).GE.-1-TINY)
        265     3                    *         .AND. (XI(2).LE.+1+TINY)
        266     3                    *         .AND. (XI(3).GE.-1-TINY)
        267     3                    *         .AND. (XI(3).LE.+1+TINY) ) THEN
        268     3                                 IFOUND=1
        269     3                             ELSE IF(JWED.EQ.1
        270     3                    *         .AND. (XI(1).GE. 0-TINY)
        271     3                    *         .AND. (XI(1).LE.+1+TINY)
        272     3                    *         .AND. (XI(2).GE. 0-TINY)
        273     3                    *         .AND. (XI(2).LE.+1+TINY)
        274     3                    *         .AND. (XI(3).GE.-1-TINY)
        275     3                    *         .AND. (XI(3).LE.+1+TINY)
        276     3                    *         .AND. (XI(1)+XI(2).LE.+1+TINY) ) THEN
        277     3                                 IFOUND=1
        278     3                             ELSE IF(JPRD.EQ.1
        279     3                    *         .AND. (XI(1).GE.-1.+XI(3)-TINY)
        280     3                    *         .AND. (XI(1).LE. 1.-XI(3)+TINY)
        281     3                    *         .AND. (XI(2).GE.-1.+XI(3)-TINY)
        282     3                    *         .AND. (XI(2).LE. 1.-XI(3)+TINY)
        283     3                    *         .AND. (XI(3).GE. 0.-TINY)
        284     3                    *         .AND. (XI(3).LE. 1.+TINY) ) THEN
        285     3                                 IFOUND=1
        286     3                             ELSE IF(JTET.EQ.1
        287     3                    *         .AND. (XI(1).GE.0.-TINY)
        288     3                    *         .AND. (XI(1).LE.1.+TINY)
        289     3                    *         .AND. (XI(2).GE.0.-TINY)
        290     3                    *         .AND. (XI(2).LE.1.+TINY)
        291     3                    *         .AND. (XI(3).GE.0.-TINY)
        292     3                    *         .AND. (XI(3).LE.1.+TINY)
        293     3                    *         .AND. (XI(1)+XI(2)+XI(3).LE.1+TINY) ) THEN
        294     3                                 IFOUND=1
        295     3                             ENDIF
        296     2               C
        297     2               ***** CHECK FOUND *****
        298     3                         IF( IFOUND.EQ.1 ) THEN
        299     3                             EN =IE
        300     3                             GP =XI(1)
        301     3                             EP =XI(2)
        302     3                             TP =XI(3)
        303     3                             RETURN
        304     3                         ENDIF
        305     2               C
        306     2                1200     CONTINUE
        307     1                1000 CONTINUE
        308                     C
        309                     *********************
        310                     ***** NOT FOUND *****
        311                     *********************
        312                           EN=0
        313                           RETURN
        314                           END

 Diagnostic messages: program name(FND3EX)
   jwd8220o-i  "fnd3ex.f", line 1: 副作用の可能性のある最適化を行いました。
   jwd5131p-i  "fnd3ex.f", line 56: ループ出口が2つ以上あるため、このDOループは並列化できません。
   jwd5143p-i  "fnd3ex.f", line 98: DOループの繰返し数が少ないため、このDOループは並列化できません。
   jwd6001s-i  "fnd3ex.f", line 98: このDOループをSIMD化しました。(名前:II)
   jwd8674o-i  "fnd3ex.f", line 98: ループの繰返し数が96回より小さく、最適化の効果を得られないため、ソフトウェアパイプライニングを抑止しました。
   jwd8202o-i  "fnd3ex.f", line 98: ループを展開数2回でアンローリングしました。
   jwd5131p-i  "fnd3ex.f", line 105: ループ出口が2つ以上あるため、このDOループは並列化できません。
   jwd8209o-i  "fnd3ex.f", line 107: 多項式の演算順序を変更しました。
   jwd8209o-i  "fnd3ex.f", line 108: 多項式の演算順序を変更しました。
   jwd8209o-i  "fnd3ex.f", line 109: 多項式の演算順序を変更しました。
   jwd8209o-i  "fnd3ex.f", line 110: 多項式の演算順序を変更しました。
   jwd8209o-i  "fnd3ex.f", line 111: 多項式の演算順序を変更しました。
   jwd8209o-i  "fnd3ex.f", line 112: 多項式の演算順序を変更しました。
   jwd8209o-i  "fnd3ex.f", line 113: 多項式の演算順序を変更しました。
   jwd8209o-i  "fnd3ex.f", line 114: 多項式の演算順序を変更しました。
   jwd8209o-i  "fnd3ex.f", line 118: 多項式の演算順序を変更しました。
   jwd8209o-i  "fnd3ex.f", line 121: 多項式の演算順序を変更しました。
   jwd8209o-i  "fnd3ex.f", line 126: 多項式の演算順序を変更しました。
   jwd8209o-i  "fnd3ex.f", line 127: 多項式の演算順序を変更しました。
   jwd8209o-i  "fnd3ex.f", line 128: 多項式の演算順序を変更しました。
   jwd8209o-i  "fnd3ex.f", line 129: 多項式の演算順序を変更しました。
   jwd8209o-i  "fnd3ex.f", line 132: 多項式の演算順序を変更しました。
   jwd5006p-i  "fnd3ex.f", line 138: 並列化したループの繰返し数が3回のため、4並列以上の並列効果は得られません。
   jwd5001p-i  "fnd3ex.f", line 138: このDOループを並列化しました。(名前:II)
   jwd6004s-i  "fnd3ex.f", line 140: リダクション演算を含むDOループをSIMD化しました。(名前:JJ)
   jwd8674o-i  "fnd3ex.f", line 140: ループの繰返し数が384回より小さく、最適化の効果を得られないため、ソフトウェアパイプライニングを抑止しました。
   jwd8202o-i  "fnd3ex.f", line 140: ループを展開数8回でアンローリングしました。
   jwd8208o-i  "fnd3ex.f", line 141: ループ内の総和または乗積演算の計算方法を変更しました。
   jwd8209o-i  "fnd3ex.f", line 188: 多項式の演算順序を変更しました。
   jwd8209o-i  "fnd3ex.f", line 189: 多項式の演算順序を変更しました。
   jwd8209o-i  "fnd3ex.f", line 190: 多項式の演算順序を変更しました。
   jwd8209o-i  "fnd3ex.f", line 196: 多項式の演算順序を変更しました。
   jwd8209o-i  "fnd3ex.f", line 198: 多項式の演算順序を変更しました。
   jwd8209o-i  "fnd3ex.f", line 202: 多項式の演算順序を変更しました。
   jwd8209o-i  "fnd3ex.f", line 204: 多項式の演算順序を変更しました。
   jwd5006p-i  "fnd3ex.f", line 229: 並列化したループの繰返し数が3回のため、4並列以上の並列効果は得られません。
   jwd5001p-i  "fnd3ex.f", line 229: このDOループを並列化しました。(名前:II)
   jwd6004s-i  "fnd3ex.f", line 232: リダクション演算を含むDOループをSIMD化しました。(名前:KK)
   jwd8674o-i  "fnd3ex.f", line 232: ループの繰返し数が384回より小さく、最適化の効果を得られないため、ソフトウェアパイプライニングを抑止しました。
   jwd8202o-i  "fnd3ex.f", line 232: ループを展開数8回でアンローリングしました。
   jwd8208o-i  "fnd3ex.f", line 233: ループ内の総和または乗積演算の計算方法を変更しました。
   jwd8209o-i  "fnd3ex.f", line 239: 多項式の演算順序を変更しました。
   jwd8206o-i  "fnd3ex.f", line 242: 除算を逆数の乗算に変更しました。
   jwd8206o-i  "fnd3ex.f", line 243: 除算を逆数の乗算に変更しました。
   jwd8206o-i  "fnd3ex.f", line 244: 除算を逆数の乗算に変更しました。
   jwd8206o-i  "fnd3ex.f", line 245: 除算を逆数の乗算に変更しました。
   jwd8206o-i  "fnd3ex.f", line 246: 除算を逆数の乗算に変更しました。
   jwd8206o-i  "fnd3ex.f", line 247: 除算を逆数の乗算に変更しました。
   jwd8206o-i  "fnd3ex.f", line 248: 除算を逆数の乗算に変更しました。
   jwd8206o-i  "fnd3ex.f", line 249: 除算を逆数の乗算に変更しました。
   jwd8206o-i  "fnd3ex.f", line 250: 除算を逆数の乗算に変更しました。
   jwd8203o-i  "fnd3ex.f", line 252: ループをフルアンローリングしました。
   jwd8203o-i  "fnd3ex.f", line 254: ループをフルアンローリングしました。
   jwd8209o-i  "fnd3ex.f", line 278: 多項式の演算順序を変更しました。

 Procedure information
   Lines      : 314
   Statements : 234
   Stack(byte): 1744
   Prefetch num: 0

 Total information
   Procedures       : 1
   Total lines      : 314
   Total statements : 234
   Total stack(byte): 1744
   Total prefetch num: 0

