
 Fujitsu Fortran Version 4.1.0  Tue Apr 28 18:53:03 2020

 Compilation information
   Current directory : /vol0001/g9300001/u93021/09.FFB/2020.04.28a_v630202_from_Yamade/FFB.63.02.02/ver.63.02.02
   Source file       : hokan.f

 Option information
   Command line options : -Kident_mpi -f2004 -I/home/g9300001/u93021/09.FFB/2020.04.28a_v630202_from_Yamade/FFB.63.02.02/include -I/include/mpi/fujitsu/ -Kvisimpact,ocl,optmsg=2,openmp -Dcputime -DUSE_TIMER -DUSE_BARRIER -Nlst=t -Cpp -Nfjomplib -c -I/opt/FJSVxtclanga/.common/MELI014/include/mpi/fujitsu -I/opt/FJSVxtclanga/.common/MELI014/lib64 -Knointentopt
   Cpp options          : -I/home/g9300001/u93021/09.FFB/2020.04.28a_v630202_from_Yamade/FFB.63.02.02/include -I/include/mpi/fujitsu/ -Dcputime -DUSE_TIMER -DUSE_BARRIER -I/opt/FJSVxtclanga/.common/MELI014/include/mpi/fujitsu -I/opt/FJSVxtclanga/.common/MELI014/lib64 -Dunix -Dlinux -D__FUJITSU -D__FRT_major__=4 -D__FRT_minor__=1 -D__FRT_patchlevel__=0 -D__FRT_version__="4.1.0" -D__aarch64__ -D__unix -D_OPENMP=201511 -D__frt_version=800 -D__ARM_ARCH=8 -D__ARM_FEATURE_SVE -D__ELF__ -D__unix__ -D__linux__ -D__linux -Asystem(unix) -otmp
   Effective options    : -fi -g0 -AE -Fixed -O3 -X08
                          -x0 -xaccept=nomodule_allocatable
                          -KA64FX -KARMV8_3_A -KSVE -Kalign_commons
                          -Kalign_loops -Kassume=noshortloop
                          -Kassume=nomemory_bandwidth
                          -Kassume=notime_saving_compilation -Kauto
                          -Kautoobjstack -Knocalleralloc -Kcmodel=small
                          -Keval -Keval_noconcurrent -Knofenv_access
                          -Kfp_contract -Kfp_relaxed -Kfsimple -Kfz -Khpctag
                          -Kilfunc=procedure -Knointentopt -Klargepage
                          -Kloop_blocking -Kloop_fission
                          -Kloop_nofission_stripmining
                          -Kloop_fission_threshold=50 -Kloop_fusion
                          -Kloop_interchange -Kloop_part_parallel
                          -Kloop_part_simd -Kloop_perfect_nest
                          -Kloop_noversioning -Knolto -Kmfunc=1 -Kocl
                          -Komitfp -Knooptlib_string -Koptmsg=2
                          -Knopc_relative_literal_loads -Kplt -Knopreex
                          -Kprefetch_noconditional -Kprefetch_noindirect
                          -Kprefetch_sequential=auto -Kprefetch_nostride
                          -Kprefetch_cache_level=all -Kprefetch_noinfer
                          -Kprefetch_strong -Kprefetch_strong_L2 -Knopreload
                          -Ksch_post_ra -Ksch_pre_ra -Ksibling_calls
                          -Ksimd=auto -Ksimd_packed_promotion
                          -Ksimd_reduction_product -Ksimd_reg_size=512
                          -Ksimd_nouncounted_loop
                          -Ksimd_use_multiple_structures -Knostriping -Kswp
                          -Kswp_freg_rate=100 -Kswp_ireg_rate=100
                          -Kswp_preg_rate=100 -Ktemparraystack -Kunroll
                          -Knounroll_and_jam -Knozfill
                          -Kopenmp -Kopenmp_noassume_norecurrence
                          -Kopenmp_nocollapse_except_innermost
                          -Kopenmp_noordered_reduction -Knoopenmp_simd
                          -Kthreadsafe -Kparallel -Kparallel_nofp_precision
                          -Knoarray_private -Knodynamic_iteration -Kreduction
                          -Kregion_extension
                          -Nallextput -Nnoalloc_assign
                          -Ncancel_overtime_compilation -Nnocheck_global
                          -Nnocoarray -Nnocompdisp -Nnocopyarg -Nnocoverage
                          -Nfjprof -Nfreealloc -Nf90move -Nnohook_func
                          -Nnohook_time -Nfjomplib -Nline -Nlst -Nlst=p
                          -Nlst=t -Nnomallocfree -Nnoobsfun -Nnoprivatealloc
                          -Nquickdbg=noargchk -Nquickdbg=nosubchk
                          -Nquickdbg=noundef -NRnotrap -Nnorecursive
                          -Nnoreordered_variable_stack -Nrt_notune -Nnosave
                          -Nsetvalue=noheap -Nsetvalue=nostack
                          -Nsetvalue=noscalar -Nsetvalue=noarray
                          -Nsetvalue=nostruct -Nuse_rodata

 External subroutine subprogram "HOKAN"
  (line-no.)(nest)(optimize)
          1                           SUBROUTINE HOKAN
          2                          &         ( MP,NP,ME,NE,N2,NODE,NEX,IUT0,
          3                          &           VAL,IE,XI1,XI2,XI3,DUM)
          4                     C
          5                           IMPLICIT NONE
          6                     C
          7                           INTEGER*4 MP,NP,ME,NE,N2
          8                           INTEGER*4 NODE(N2,NE)
          9                           INTEGER*4 NEX(8)
         10                           INTEGER*4 IE,IUT0
         11                           REAL*4    VAL(NP),XI1,XI2,XI3,DUM
         12                     C
         13                           INTEGER*4 NETET,NEPRD,NEWED,NEHEX
         14                           INTEGER*4  NTET, NPRD, NWED, NHEX
         15                     C
         16                           REAL*4    XI(3)
         17                           REAL*4    N(8)
         18                     C
         19                           INTEGER*4 IN
         20                     C
         21                     C     - START -
         22                     C
         23                           NETET=NEX(1)
         24                           NEPRD=NEX(2)
         25                           NEWED=NEX(3)
         26                           NEHEX=NEX(4)
         27                           NTET =NEX(5)
         28                           NPRD =NEX(6)
         29                           NWED =NEX(7)
         30                           NHEX =NEX(8)
         31                     C
         32                           DUM=0.0E0
         33                           XI(1)=XI1
         34                           XI(2)=XI2
         35                           XI(3)=XI3
         36                     C
         37     1                     IF(     IE.GE.      1       .AND. IE.LE.NETET            ) THEN
         38     1               C     - TETRA -
         39     1                         N(1)=1.-XI(1)-XI(2)-XI(3)
         40     1                         N(2)=XI(1)
         41     1                         N(3)=XI(2)
         42     1                         N(4)=XI(3)
                              <<< Loop-information Start >>>
                              <<<  [PARALLELIZATION]
                              <<<    Standard iteration count: 616
                              <<<  [OPTIMIZATION]
                              <<<    SIMD(VL: 16)
                              <<< Loop-information  End >>>
         43     2  pp    v                DO 100 IN=1,NTET
         44     2   p    v                    DUM=DUM+N(IN)*VAL(NODE(IN,IE))
         45     2   p    v        100     CONTINUE
         46     1                     ELSE IF(IE.GE.NETET+1       .AND. IE.LE.NETET+NEPRD      ) THEN
         47     1               C     - PYRAMID -
         48     1                         N(1) =0.25*( (1.-XI(1))*(1.-XI(2))
         49     1                    *         -XI(3) +XI(1)*XI(2)*XI(3)/(1.-XI(3)) )
         50     1                         N(2) =0.25*( (1.+XI(1))*(1.-XI(2))
         51     1                    *         -XI(3) -XI(1)*XI(2)*XI(3)/(1.-XI(3)) )
         52     1                         N(3) =0.25*( (1.+XI(1))*(1.+XI(2))
         53     1                    *         -XI(3) +XI(1)*XI(2)*XI(3)/(1.-XI(3)) )
         54     1                         N(4) =0.25*( (1.-XI(1))*(1.+XI(2))
         55     1                    *         -XI(3) -XI(1)*XI(2)*XI(3)/(1.-XI(3)) )
         56     1                         N(5) = XI(3)
                              <<< Loop-information Start >>>
                              <<<  [PARALLELIZATION]
                              <<<    Standard iteration count: 616
                              <<<  [OPTIMIZATION]
                              <<<    SIMD(VL: 16)
                              <<< Loop-information  End >>>
         57     2  pp    v                DO 200 IN=1,NPRD
         58     2   p    v                    DUM=DUM+N(IN)*VAL(NODE(IN,IE))
         59     2   p    v        200     CONTINUE
         60     1                     ELSE IF(IE.GE.NETET+NEPRD+1 .AND. IE.LE.NETET+NEPRD+NEWED) THEN
         61     1               C     - WEDGE(PRYSM) -
         62     1                         N(1)=0.5*XI(1)           *(1.-XI(3))
         63     1                         N(2)=0.5*XI(2)           *(1.-XI(3))
         64     1                         N(3)=0.5*(1.-XI(1)-XI(2))*(1.-XI(3))
         65     1                         N(4)=0.5*XI(1)           *(1.+XI(3))
         66     1                         N(5)=0.5*XI(2)           *(1.+XI(3))
         67     1                         N(6)=0.5*(1.-XI(1)-XI(2))*(1.+XI(3))
                              <<< Loop-information Start >>>
                              <<<  [PARALLELIZATION]
                              <<<    Standard iteration count: 616
                              <<<  [OPTIMIZATION]
                              <<<    SIMD(VL: 16)
                              <<< Loop-information  End >>>
         68     2  pp    v                DO 300 IN=1,NWED
         69     2   p    v                    DUM=DUM+N(IN)*VAL(NODE(IN,IE))
         70     2   p    v        300     CONTINUE
         71     1                     ELSE IF(IE.GE.NETET+NEPRD+NEWED+1 .AND. IE.LE.NE         ) THEN
         72     1               C     - HEX -
         73     1                         N(1)=0.125*(1.-XI(1))*(1.-XI(2))*(1.-XI(3))
         74     1                         N(2)=0.125*(1.+XI(1))*(1.-XI(2))*(1.-XI(3))
         75     1                         N(3)=0.125*(1.+XI(1))*(1.+XI(2))*(1.-XI(3))
         76     1                         N(4)=0.125*(1.-XI(1))*(1.+XI(2))*(1.-XI(3))
         77     1                         N(5)=0.125*(1.-XI(1))*(1.-XI(2))*(1.+XI(3))
         78     1                         N(6)=0.125*(1.+XI(1))*(1.-XI(2))*(1.+XI(3))
         79     1                         N(7)=0.125*(1.+XI(1))*(1.+XI(2))*(1.+XI(3))
         80     1                         N(8)=0.125*(1.-XI(1))*(1.+XI(2))*(1.+XI(3))
                              <<< Loop-information Start >>>
                              <<<  [PARALLELIZATION]
                              <<<    Standard iteration count: 616
                              <<<  [OPTIMIZATION]
                              <<<    SIMD(VL: 16)
                              <<< Loop-information  End >>>
         81     2  pp    v                DO 400 IN=1,NHEX
         82     2   p    v                    DUM=DUM+N(IN)*VAL(NODE(IN,IE))
         83     2   p    v        400     CONTINUE
         84     1                     ELSE
         85     1               C     - NOT AVAILABLE
         86     1                         WRITE(IUT0,'(A15)') "ERROR IN HOKAN!"
         87     1                     END IF
         88                     C
         89                           RETURN
         90                           END

 Diagnostic messages: program name(HOKAN)
   jwd2008i-i  "hokan.f", line 1: この仮引数'ME'は、副プログラム中で使用されていません。
   jwd2008i-i  "hokan.f", line 1: この仮引数'MP'は、副プログラム中で使用されていません。
   jwd8220o-i  "hokan.f", line 1: 副作用の可能性のある最適化を行いました。
   jwd8209o-i  "hokan.f", line 39: 多項式の演算順序を変更しました。
   jwd5004p-i  "hokan.f", line 43: リダクション演算を含むDOループを並列化しました。(名前:IN)
   jwd6004s-i  "hokan.f", line 43: リダクション演算を含むDOループをSIMD化しました。(名前:IN)
   jwd8209o-i  "hokan.f", line 48: 多項式の演算順序を変更しました。
   jwd8209o-i  "hokan.f", line 50: 多項式の演算順序を変更しました。
   jwd8209o-i  "hokan.f", line 52: 多項式の演算順序を変更しました。
   jwd8209o-i  "hokan.f", line 54: 多項式の演算順序を変更しました。
   jwd5004p-i  "hokan.f", line 57: リダクション演算を含むDOループを並列化しました。(名前:IN)
   jwd6004s-i  "hokan.f", line 57: リダクション演算を含むDOループをSIMD化しました。(名前:IN)
   jwd8209o-i  "hokan.f", line 64: 多項式の演算順序を変更しました。
   jwd8209o-i  "hokan.f", line 67: 多項式の演算順序を変更しました。
   jwd5004p-i  "hokan.f", line 68: リダクション演算を含むDOループを並列化しました。(名前:IN)
   jwd6004s-i  "hokan.f", line 68: リダクション演算を含むDOループをSIMD化しました。(名前:IN)
   jwd8209o-i  "hokan.f", line 73: 多項式の演算順序を変更しました。
   jwd8209o-i  "hokan.f", line 74: 多項式の演算順序を変更しました。
   jwd8209o-i  "hokan.f", line 75: 多項式の演算順序を変更しました。
   jwd8209o-i  "hokan.f", line 76: 多項式の演算順序を変更しました。
   jwd8209o-i  "hokan.f", line 77: 多項式の演算順序を変更しました。
   jwd8209o-i  "hokan.f", line 78: 多項式の演算順序を変更しました。
   jwd8209o-i  "hokan.f", line 79: 多項式の演算順序を変更しました。
   jwd8209o-i  "hokan.f", line 80: 多項式の演算順序を変更しました。
   jwd5004p-i  "hokan.f", line 81: リダクション演算を含むDOループを並列化しました。(名前:IN)
   jwd6004s-i  "hokan.f", line 81: リダクション演算を含むDOループをSIMD化しました。(名前:IN)

 Procedure information
   Lines      : 90
   Statements : 68
   Stack(byte): 55328
   Prefetch num: 0

 Total information
   Procedures       : 1
   Total lines      : 90
   Total statements : 68
   Total stack(byte): 55328
   Total prefetch num: 0

