
 Fujitsu Fortran Version 4.1.0  Tue Apr 28 18:53:03 2020

 Compilation information
   Current directory : /vol0001/g9300001/u93021/09.FFB/2020.04.28a_v630202_from_Yamade/FFB.63.02.02/ver.63.02.02
   Source file       : icalel.f

 Option information
   Command line options : -Kident_mpi -f2004 -I/home/g9300001/u93021/09.FFB/2020.04.28a_v630202_from_Yamade/FFB.63.02.02/include -I/include/mpi/fujitsu/ -Kvisimpact,ocl,optmsg=2,openmp -Dcputime -DUSE_TIMER -DUSE_BARRIER -Nlst=t -Cpp -Nfjomplib -c -I/opt/FJSVxtclanga/.common/MELI014/include/mpi/fujitsu -I/opt/FJSVxtclanga/.common/MELI014/lib64 -Knointentopt
   Cpp options          : -I/home/g9300001/u93021/09.FFB/2020.04.28a_v630202_from_Yamade/FFB.63.02.02/include -I/include/mpi/fujitsu/ -Dcputime -DUSE_TIMER -DUSE_BARRIER -I/opt/FJSVxtclanga/.common/MELI014/include/mpi/fujitsu -I/opt/FJSVxtclanga/.common/MELI014/lib64 -Dunix -Dlinux -D__FUJITSU -D__FRT_major__=4 -D__FRT_minor__=1 -D__FRT_patchlevel__=0 -D__FRT_version__="4.1.0" -D__aarch64__ -D__unix -D_OPENMP=201511 -D__frt_version=800 -D__ARM_ARCH=8 -D__ARM_FEATURE_SVE -D__ELF__ -D__unix__ -D__linux__ -D__linux -Asystem(unix) -otmp
   Effective options    : -fi -g0 -AE -Fixed -O3 -X08
                          -x0 -xaccept=nomodule_allocatable
                          -KA64FX -KARMV8_3_A -KSVE -Kalign_commons
                          -Kalign_loops -Kassume=noshortloop
                          -Kassume=nomemory_bandwidth
                          -Kassume=notime_saving_compilation -Kauto
                          -Kautoobjstack -Knocalleralloc -Kcmodel=small
                          -Keval -Keval_noconcurrent -Knofenv_access
                          -Kfp_contract -Kfp_relaxed -Kfsimple -Kfz -Khpctag
                          -Kilfunc=procedure -Knointentopt -Klargepage
                          -Kloop_blocking -Kloop_fission
                          -Kloop_nofission_stripmining
                          -Kloop_fission_threshold=50 -Kloop_fusion
                          -Kloop_interchange -Kloop_part_parallel
                          -Kloop_part_simd -Kloop_perfect_nest
                          -Kloop_noversioning -Knolto -Kmfunc=1 -Kocl
                          -Komitfp -Knooptlib_string -Koptmsg=2
                          -Knopc_relative_literal_loads -Kplt -Knopreex
                          -Kprefetch_noconditional -Kprefetch_noindirect
                          -Kprefetch_sequential=auto -Kprefetch_nostride
                          -Kprefetch_cache_level=all -Kprefetch_noinfer
                          -Kprefetch_strong -Kprefetch_strong_L2 -Knopreload
                          -Ksch_post_ra -Ksch_pre_ra -Ksibling_calls
                          -Ksimd=auto -Ksimd_packed_promotion
                          -Ksimd_reduction_product -Ksimd_reg_size=512
                          -Ksimd_nouncounted_loop
                          -Ksimd_use_multiple_structures -Knostriping -Kswp
                          -Kswp_freg_rate=100 -Kswp_ireg_rate=100
                          -Kswp_preg_rate=100 -Ktemparraystack -Kunroll
                          -Knounroll_and_jam -Knozfill
                          -Kopenmp -Kopenmp_noassume_norecurrence
                          -Kopenmp_nocollapse_except_innermost
                          -Kopenmp_noordered_reduction -Knoopenmp_simd
                          -Kthreadsafe -Kparallel -Kparallel_nofp_precision
                          -Knoarray_private -Knodynamic_iteration -Kreduction
                          -Kregion_extension
                          -Nallextput -Nnoalloc_assign
                          -Ncancel_overtime_compilation -Nnocheck_global
                          -Nnocoarray -Nnocompdisp -Nnocopyarg -Nnocoverage
                          -Nfjprof -Nfreealloc -Nf90move -Nnohook_func
                          -Nnohook_time -Nfjomplib -Nline -Nlst -Nlst=p
                          -Nlst=t -Nnomallocfree -Nnoobsfun -Nnoprivatealloc
                          -Nquickdbg=noargchk -Nquickdbg=nosubchk
                          -Nquickdbg=noundef -NRnotrap -Nnorecursive
                          -Nnoreordered_variable_stack -Nrt_notune -Nnosave
                          -Nsetvalue=noheap -Nsetvalue=nostack
                          -Nsetvalue=noscalar -Nsetvalue=noarray
                          -Nsetvalue=nostruct -Nuse_rodata

 External subroutine subprogram "ICALEL"
  (line-no.)(nest)(optimize)
          1                           SUBROUTINE ICALEL(N2,NE,NP,NEX,NODE,
          2                          *                  U,V,W,UE,VE,WE)
          3                     C
          4                           IMPLICIT NONE
          5                     C
          6                           REAL*4    U,V,W,UE,VE,WE
          7                           INTEGER*4 N2,NE,NP,NEX,NODE
          8                     C
          9                           INTEGER*4 IE,NNPE,I
         10                     C
         11                           DIMENSION NEX(12),U(NP),V(NP),W(NP),
         12                          *          NODE(N2,NE),
         13                          *          UE(NE),VE(NE),WE(NE)
         14                     C
         15                     C   PREPARE ELEMENT TABLE
         16                     C
                              <<< Loop-information Start >>>
                              <<<  [PARALLELIZATION]
                              <<<    Standard iteration count: 2
                              <<< Loop-information  End >>>
         17     1  pp                 DO 100 IE=1,NE
         18     2   p                    IF(NODE(8,IE).GE.1) THEN ! HEX
         19     2   p                        NNPE = 8
         20     2   p                    ELSE IF(NODE(6,IE).GE.1) THEN ! WED
         21     2   p                       NNPE = 6
         22     2   p                    ELSE IF(NODE(5,IE).GE.1) THEN ! PYR
         23     2   p                       NNPE = 5
         24     2   p                    ELSE                   ! TET
         25     2   p                       NNPE = 4
         26     2   p                    ENDIF
         27     1   p                    UE(IE)=0.0E0
         28     1   p                    VE(IE)=0.0E0
         29     1   p                    WE(IE)=0.0E0
                              <<< Loop-information Start >>>
                              <<<  [OPTIMIZATION]
                              <<<    SIMD(VL: 16)
                              <<<    PREFETCH(HARD) Expected by compiler :
                              <<<      NODE
                              <<< Loop-information  End >>>
         30     2   p   6v               DO 101 I=1,NNPE
         31     2   p   6v                   UE(IE) = UE(IE) + U(NODE(I,IE))/FLOAT(NNPE)
         32     2   p   6v                   VE(IE) = VE(IE) + V(NODE(I,IE))/FLOAT(NNPE)
         33     2   p   6v                   WE(IE) = WE(IE) + W(NODE(I,IE))/FLOAT(NNPE)
         34     2   p   6v       101     CONTINUE
         35     1   p            100  CONTINUE
         36                     C
         37                           RETURN
         38                           END

 Diagnostic messages: program name(ICALEL)
   jwd8220o-i  "icalel.f", line 1: 副作用の可能性のある最適化を行いました。
   jwd2008i-i  "icalel.f", line 11: この仮引数'NEX'は、副プログラム中で使用されていません。
   jwd5001p-i  "icalel.f", line 17: このDOループを並列化しました。(名前:IE)
   jwd6004s-i  "icalel.f", line 30: リダクション演算を含むDOループをSIMD化しました。(名前:I)
   jwd8666o-i  "icalel.f", line 30: 浮動小数点レジスタが不足しているため、ソフトウェアパイプライニングを適用できません。
   jwd8202o-i  "icalel.f", line 30: ループを展開数6回でアンローリングしました。
   jwd8206o-i  "icalel.f", line 31: 除算を逆数の乗算に変更しました。
   jwd8206o-i  "icalel.f", line 32: 除算を逆数の乗算に変更しました。
   jwd8208o-i  "icalel.f", line 32: ループ内の総和または乗積演算の計算方法を変更しました。
   jwd8206o-i  "icalel.f", line 33: 除算を逆数の乗算に変更しました。
   jwd8208o-i  "icalel.f", line 33: ループ内の総和または乗積演算の計算方法を変更しました。

 Procedure information
   Lines      : 38
   Statements : 27
   Stack(byte): 816
   Prefetch num: 0

 Total information
   Procedures       : 1
   Total lines      : 38
   Total statements : 27
   Total stack(byte): 816
   Total prefetch num: 0

