
 Fujitsu Fortran Version 4.1.0  Tue Apr 28 18:53:03 2020

 Compilation information
   Current directory : /vol0001/g9300001/u93021/09.FFB/2020.04.28a_v630202_from_Yamade/FFB.63.02.02/ver.63.02.02
   Source file       : int3bx.f

 Option information
   Command line options : -Kident_mpi -f2004 -I/home/g9300001/u93021/09.FFB/2020.04.28a_v630202_from_Yamade/FFB.63.02.02/include -I/include/mpi/fujitsu/ -Kvisimpact,ocl,optmsg=2,openmp -Dcputime -DUSE_TIMER -DUSE_BARRIER -Nlst=t -Cpp -Nfjomplib -c -I/opt/FJSVxtclanga/.common/MELI014/include/mpi/fujitsu -I/opt/FJSVxtclanga/.common/MELI014/lib64 -Knointentopt
   Cpp options          : -I/home/g9300001/u93021/09.FFB/2020.04.28a_v630202_from_Yamade/FFB.63.02.02/include -I/include/mpi/fujitsu/ -Dcputime -DUSE_TIMER -DUSE_BARRIER -I/opt/FJSVxtclanga/.common/MELI014/include/mpi/fujitsu -I/opt/FJSVxtclanga/.common/MELI014/lib64 -Dunix -Dlinux -D__FUJITSU -D__FRT_major__=4 -D__FRT_minor__=1 -D__FRT_patchlevel__=0 -D__FRT_version__="4.1.0" -D__aarch64__ -D__unix -D_OPENMP=201511 -D__frt_version=800 -D__ARM_ARCH=8 -D__ARM_FEATURE_SVE -D__ELF__ -D__unix__ -D__linux__ -D__linux -Asystem(unix) -otmp
   Effective options    : -fi -g0 -AE -Fixed -O3 -X08
                          -x0 -xaccept=nomodule_allocatable
                          -KA64FX -KARMV8_3_A -KSVE -Kalign_commons
                          -Kalign_loops -Kassume=noshortloop
                          -Kassume=nomemory_bandwidth
                          -Kassume=notime_saving_compilation -Kauto
                          -Kautoobjstack -Knocalleralloc -Kcmodel=small
                          -Keval -Keval_noconcurrent -Knofenv_access
                          -Kfp_contract -Kfp_relaxed -Kfsimple -Kfz -Khpctag
                          -Kilfunc=procedure -Knointentopt -Klargepage
                          -Kloop_blocking -Kloop_fission
                          -Kloop_nofission_stripmining
                          -Kloop_fission_threshold=50 -Kloop_fusion
                          -Kloop_interchange -Kloop_part_parallel
                          -Kloop_part_simd -Kloop_perfect_nest
                          -Kloop_noversioning -Knolto -Kmfunc=1 -Kocl
                          -Komitfp -Knooptlib_string -Koptmsg=2
                          -Knopc_relative_literal_loads -Kplt -Knopreex
                          -Kprefetch_noconditional -Kprefetch_noindirect
                          -Kprefetch_sequential=auto -Kprefetch_nostride
                          -Kprefetch_cache_level=all -Kprefetch_noinfer
                          -Kprefetch_strong -Kprefetch_strong_L2 -Knopreload
                          -Ksch_post_ra -Ksch_pre_ra -Ksibling_calls
                          -Ksimd=auto -Ksimd_packed_promotion
                          -Ksimd_reduction_product -Ksimd_reg_size=512
                          -Ksimd_nouncounted_loop
                          -Ksimd_use_multiple_structures -Knostriping -Kswp
                          -Kswp_freg_rate=100 -Kswp_ireg_rate=100
                          -Kswp_preg_rate=100 -Ktemparraystack -Kunroll
                          -Knounroll_and_jam -Knozfill
                          -Kopenmp -Kopenmp_noassume_norecurrence
                          -Kopenmp_nocollapse_except_innermost
                          -Kopenmp_noordered_reduction -Knoopenmp_simd
                          -Kthreadsafe -Kparallel -Kparallel_nofp_precision
                          -Knoarray_private -Knodynamic_iteration -Kreduction
                          -Kregion_extension
                          -Nallextput -Nnoalloc_assign
                          -Ncancel_overtime_compilation -Nnocheck_global
                          -Nnocoarray -Nnocompdisp -Nnocopyarg -Nnocoverage
                          -Nfjprof -Nfreealloc -Nf90move -Nnohook_func
                          -Nnohook_time -Nfjomplib -Nline -Nlst -Nlst=p
                          -Nlst=t -Nnomallocfree -Nnoobsfun -Nnoprivatealloc
                          -Nquickdbg=noargchk -Nquickdbg=nosubchk
                          -Nquickdbg=noundef -NRnotrap -Nnorecursive
                          -Nnoreordered_variable_stack -Nrt_notune -Nnosave
                          -Nsetvalue=noheap -Nsetvalue=nostack
                          -Nsetvalue=noscalar -Nsetvalue=noarray
                          -Nsetvalue=nostruct -Nuse_rodata

 External subroutine subprogram "int3bx"
  (line-no.)(nest)(optimize)
          1                           subroutine int3bx(N2,X, Y, Z,NODE,N,Psi,xi,nv,w,enon,en,
          2                          $     SNB,DNXB,DNYB,DNZB,IERR)
          3                           implicit none
          4                     
          5                     ***** define arguments *****
          6                           INTEGER N2
          7                           real*8  X, Y, Z
          8                           integer NODE
          9                           real*8  N, Psi
         10                           real*8  xi, nv, w
         11                           integer enon, en
         12                           real*4 SNB, DNXB, DNYB, DNZB
         13                           dimension X(*)
         14                           dimension Y(*)
         15                           dimension Z(*)
         16                           dimension NODE(N2,*)
         17                     C
         18                           dimension N(8,4)
         19                           dimension Psi(3,8,4)
         20                           dimension xi(3,4)
         21                           dimension nv(3)
         22                           dimension w(4)
         23                           dimension SNB (8)
         24                           dimension DNXB(8)
         25                           dimension DNYB(8)
         26                           dimension DNZB(8)
         27                     
         28                     ***** objects *****
         29                           real*8 Xe(3,8)
         30                           real*8 J(3,3)
         31                           real*8 detJ
         32                           real*8 invJ(3,3)
         33                           real*8 Phi(3,8)
         34                           real*8 t(3)
         35                           real*8 abst
         36                           real*8 area
         37                           INTEGER IERR
         38                           REAL*8  tmp
         39                           integer in, ip
         40                           integer II,JJ,KK
         41                     
         42                     ***** make Xe *****
                              <<< Loop-information Start >>>
                              <<<  [PARALLELIZATION]
                              <<<    Standard iteration count: 364
                              <<<  [OPTIMIZATION]
                              <<<    FUSED(lines: 43,49)
                              <<<    SIMD(VL: 8)
                              <<<    PREFETCH(HARD) Expected by compiler :
                              <<<      NODE, DNZB, DNYB, DNXB, SNB, (unknown)
                              <<< Loop-information  End >>>
         43     1   s    v            do in=1,enon
         44     1   p    v               Xe(1,in) =X(NODE(in,en))
         45     1   p    v               Xe(2,in) =Y(NODE(in,en))
         46     1   p    v               Xe(3,in) =Z(NODE(in,en))
         47     1   p    v            enddo
         48                     C
                              <<< Loop-information Start >>>
                              <<<  [OPTIMIZATION]
                              <<<    FUSED
                              <<< Loop-information  End >>>
         49     1                     DO IN=1,ENON
         50     1                        SNB( IN)=0.0E0
         51     1                        DNXB(IN)=0.0E0
         52     1                        DNYB(IN)=0.0E0
         53     1                        DNZB(IN)=0.0E0
         54     1                     ENDDO
         55                     C
         56                     **********loop**********
         57     1                     DO IP=1,4
         58     1               
                              <<< Loop-information Start >>>
                              <<<  [PARALLELIZATION]
                              <<<    Standard iteration count: 2
                              <<< Loop-information  End >>>
         59     2  pp                     DO II=1,3
         60     3   p                        DO JJ=1,3
         61     3   p                           TMP=0.0D0
                              <<< Loop-information Start >>>
                              <<<  [OPTIMIZATION]
                              <<<    SIMD(VL: 8)
                              <<<    PREFETCH(HARD) Expected by compiler :
                              <<<      Psi, Xe
                              <<< Loop-information  End >>>
         62     4   p   8v                      DO KK=1,ENON
         63     4   p   8v                         TMP =TMP +PSI(II,KK,IP)*XE(JJ,KK)
         64     4   p   8v                      ENDDO
         65     3   p                           J(II,JJ)=TMP
         66     3   p                        ENDDO
         67     2   p                     ENDDO
         68     1               C
         69     1               
         70     1               C
         71     1                        detJ =J(1,1)*J(2,2)*J(3,3) -J(1,1)*J(2,3)*J(3,2)
         72     1                    $        +J(1,2)*J(2,3)*J(3,1) -J(1,2)*J(2,1)*J(3,3)
         73     1                    $        +J(1,3)*J(2,1)*J(3,2) -J(1,3)*J(2,2)*J(3,1)
         74     1               
         75     1                        invJ(1,1) =(J(2,2)*J(3,3)-J(2,3)*J(3,2))/detJ
         76     1                        invJ(1,2) =(J(1,3)*J(3,2)-J(1,2)*J(3,3))/detJ
         77     1                        invJ(1,3) =(J(1,2)*J(2,3)-J(1,3)*J(2,2))/detJ
         78     1                        invJ(2,1) =(J(2,3)*J(3,1)-J(2,1)*J(3,3))/detJ
         79     1                        invJ(2,2) =(J(1,1)*J(3,3)-J(1,3)*J(3,1))/detJ
         80     1                        invJ(2,3) =(J(1,3)*J(2,1)-J(1,1)*J(2,3))/detJ
         81     1                        invJ(3,1) =(J(2,1)*J(3,2)-J(2,2)*J(3,1))/detJ
         82     1                        invJ(3,2) =(J(1,2)*J(3,1)-J(1,1)*J(3,2))/detJ
         83     1                        invJ(3,3) =(J(1,1)*J(2,2)-J(1,2)*J(2,1))/detJ
         84     1               
                              <<< Loop-information Start >>>
                              <<<  [OPTIMIZATION]
                              <<<    INTERCHANGED(nest: 3)
                              <<<    SIMD(VL: 4)
                              <<< Loop-information  End >>>
         85     2   s    v               DO II=1,3
                              <<< Loop-information Start >>>
                              <<<  [PARALLELIZATION]
                              <<<    Standard iteration count: 105
                              <<<  [OPTIMIZATION]
                              <<<    INTERCHANGED(nest: 2)
                              <<<    PREFETCH(HARD) Expected by compiler :
                              <<<      Psi, Phi
                              <<< Loop-information  End >>>
         86     3   s   2                    DO JJ=1,ENON
         87     3   p   2v                       TMP=0.0E0
                              <<< Loop-information Start >>>
                              <<<  [OPTIMIZATION]
                              <<<    FULL UNROLLING
                              <<< Loop-information  End >>>
         88     4   p   f                        DO KK=1,3
         89     4   p   fv                           TMP =TMP +INVJ(II,KK)*PSI(KK,JJ,IP)
         90     4   p   fv                       ENDDO
         91     3   p   2v                       PHI(II,JJ)=TMP
         92     3   p   2                    ENDDO
         93     2   p   2v               ENDDO
         94     1               
                              <<< Loop-information Start >>>
                              <<<  [OPTIMIZATION]
                              <<<    FULL UNROLLING
                              <<< Loop-information  End >>>
         95     2       f                DO II=1,3
         96     2       f                    TMP=0.0E0
                              <<< Loop-information Start >>>
                              <<<  [OPTIMIZATION]
                              <<<    FULL UNROLLING
                              <<< Loop-information  End >>>
         97     3       f                    DO KK=1,3
         98     3       f                        TMP=TMP+INVJ(II,KK)*NV(KK)
         99     3       f                    ENDDO
        100     2       f                   T(II)=TMP
        101     2       f                ENDDO
        102     1               C
        103     1                        abst=sqrt( t(1)**2 +t(2)**2 +t(3)**2 )
        104     1               
        105     1                        area =w(ip)*detJ*abst ! vol
        106     1               C
        107     2                        if(detJ .lt. 0) then
        108     2                           write(*,*) "[ERROR]@int3bx: detJ=", detJ, " < 0"
        109     2                           IERR=1
        110     2                           RETURN
        111     2                        endif
        112     1               
        113     1               ***** addto *****
                              <<< Loop-information Start >>>
                              <<<  [PARALLELIZATION]
                              <<<    Standard iteration count: 254
                              <<<  [OPTIMIZATION]
                              <<<    SIMD(VL: 8)
                              <<<    PREFETCH(HARD) Expected by compiler :
                              <<<      Phi, N, DNZB, DNYB, DNXB, SNB
                              <<< Loop-information  End >>>
        114     2   s    v               DO IN=1,ENON
        115     2   p    v                  SNB( IN) = SNB (IN) +REAL(AREA*N(IN,IP) )
        116     2   p    v                  DNXB(IN) = DNXB(IN) +REAL(AREA*PHI(1,IN))
        117     2   p    v                  DNYB(IN) = DNYB(IN) +REAL(AREA*PHI(2,IN))
        118     2   p    v                  DNZB(IN) = DNZB(IN) +REAL(AREA*PHI(3,IN))
        119     2   p    v               ENDDO
        120     1                     ENDDO
        121                     C
        122                           RETURN
        123                           END

 Diagnostic messages: program name(int3bx)
   jwd8220o-i  "int3bx.f", line 1: 副作用の可能性のある最適化を行いました。
   jwd2008i-i  "int3bx.f", line 20: この仮引数'xi'は、副プログラム中で使用されていません。
   jwd8210o-i  "int3bx.f", line 43: ループを融合しました。(行:49)
   jwd5143p-i  "int3bx.f", line 43: DOループの繰返し数が少ないため、このDOループは並列化できません。
   jwd6001s-i  "int3bx.f", line 43: このDOループをSIMD化しました。(名前:in)
   jwd8674o-i  "int3bx.f", line 43: ループの繰返し数が24回より小さく、最適化の効果を得られないため、ソフトウェアパイプライニングを抑止しました。
   jwd5131p-i  "int3bx.f", line 57: ループ出口が2つ以上あるため、このDOループは並列化できません。
   jwd5006p-i  "int3bx.f", line 59: 並列化したループの繰返し数が3回のため、4並列以上の並列効果は得られません。
   jwd5001p-i  "int3bx.f", line 59: このDOループを並列化しました。(名前:II)
   jwd6004s-i  "int3bx.f", line 62: リダクション演算を含むDOループをSIMD化しました。(名前:KK)
   jwd8674o-i  "int3bx.f", line 62: ループの繰返し数が192回より小さく、最適化の効果を得られないため、ソフトウェアパイプライニングを抑止しました。
   jwd8202o-i  "int3bx.f", line 62: ループを展開数8回でアンローリングしました。
   jwd8208o-i  "int3bx.f", line 63: ループ内の総和または乗積演算の計算方法を変更しました。
   jwd8209o-i  "int3bx.f", line 71: 多項式の演算順序を変更しました。
   jwd8211o-i  "int3bx.f", line 85: ループを入れ換えました。(行:86)
   jwd6001s-i  "int3bx.f", line 85: このDOループをSIMD化しました。(名前:II)
   jwd8211o-i  "int3bx.f", line 86: ループを入れ換えました。(行:85)
   jwd5143p-i  "int3bx.f", line 86: DOループの繰返し数が少ないため、このDOループは並列化できません。
   jwd8674o-i  "int3bx.f", line 86: ループの繰返し数が18回より小さく、最適化の効果を得られないため、ソフトウェアパイプライニングを抑止しました。
   jwd8202o-i  "int3bx.f", line 86: ループを展開数2回でアンローリングしました。
   jwd8203o-i  "int3bx.f", line 88: ループをフルアンローリングしました。
   jwd8203o-i  "int3bx.f", line 95: ループをフルアンローリングしました。
   jwd8203o-i  "int3bx.f", line 97: ループをフルアンローリングしました。
   jwd8209o-i  "int3bx.f", line 98: 多項式の演算順序を変更しました。
   jwd8209o-i  "int3bx.f", line 103: 多項式の演算順序を変更しました。
   jwd8209o-i  "int3bx.f", line 105: 多項式の演算順序を変更しました。
   jwd5143p-i  "int3bx.f", line 114: DOループの繰返し数が少ないため、このDOループは並列化できません。
   jwd6001s-i  "int3bx.f", line 114: このDOループをSIMD化しました。(名前:in)
   jwd8674o-i  "int3bx.f", line 114: ループの繰返し数が24回より小さく、最適化の効果を得られないため、ソフトウェアパイプライニングを抑止しました。

 Procedure information
   Lines      : 123
   Statements : 97
   Stack(byte): 1488
   Prefetch num: 0

 Total information
   Procedures       : 1
   Total lines      : 123
   Total statements : 97
   Total stack(byte): 1488
   Total prefetch num: 0

