
 Fujitsu Fortran Version 4.1.0  Tue Apr 28 18:53:34 2020

 Compilation information
   Current directory : /vol0001/g9300001/u93021/09.FFB/2020.04.28a_v630202_from_Yamade/FFB.63.02.02/ver.63.02.02
   Source file       : lmpex2.f

 Option information
   Command line options : -Kident_mpi -f2004 -I/home/g9300001/u93021/09.FFB/2020.04.28a_v630202_from_Yamade/FFB.63.02.02/include -I/include/mpi/fujitsu/ -Kvisimpact,ocl,optmsg=2,openmp -Dcputime -DUSE_TIMER -DUSE_BARRIER -Nlst=t -Cpp -Nfjomplib -c -I/opt/FJSVxtclanga/.common/MELI014/include/mpi/fujitsu -I/opt/FJSVxtclanga/.common/MELI014/lib64 -Knointentopt
   Cpp options          : -I/home/g9300001/u93021/09.FFB/2020.04.28a_v630202_from_Yamade/FFB.63.02.02/include -I/include/mpi/fujitsu/ -Dcputime -DUSE_TIMER -DUSE_BARRIER -I/opt/FJSVxtclanga/.common/MELI014/include/mpi/fujitsu -I/opt/FJSVxtclanga/.common/MELI014/lib64 -Dunix -Dlinux -D__FUJITSU -D__FRT_major__=4 -D__FRT_minor__=1 -D__FRT_patchlevel__=0 -D__FRT_version__="4.1.0" -D__aarch64__ -D__unix -D_OPENMP=201511 -D__frt_version=800 -D__ARM_ARCH=8 -D__ARM_FEATURE_SVE -D__ELF__ -D__unix__ -D__linux__ -D__linux -Asystem(unix) -otmp
   Effective options    : -fi -g0 -AE -Fixed -O3 -X08
                          -x0 -xaccept=nomodule_allocatable
                          -KA64FX -KARMV8_3_A -KSVE -Kalign_commons
                          -Kalign_loops -Kassume=noshortloop
                          -Kassume=nomemory_bandwidth
                          -Kassume=notime_saving_compilation -Kauto
                          -Kautoobjstack -Knocalleralloc -Kcmodel=small
                          -Keval -Keval_noconcurrent -Knofenv_access
                          -Kfp_contract -Kfp_relaxed -Kfsimple -Kfz -Khpctag
                          -Kilfunc=procedure -Knointentopt -Klargepage
                          -Kloop_blocking -Kloop_fission
                          -Kloop_nofission_stripmining
                          -Kloop_fission_threshold=50 -Kloop_fusion
                          -Kloop_interchange -Kloop_part_parallel
                          -Kloop_part_simd -Kloop_perfect_nest
                          -Kloop_noversioning -Knolto -Kmfunc=1 -Kocl
                          -Komitfp -Knooptlib_string -Koptmsg=2
                          -Knopc_relative_literal_loads -Kplt -Knopreex
                          -Kprefetch_noconditional -Kprefetch_noindirect
                          -Kprefetch_sequential=auto -Kprefetch_nostride
                          -Kprefetch_cache_level=all -Kprefetch_noinfer
                          -Kprefetch_strong -Kprefetch_strong_L2 -Knopreload
                          -Ksch_post_ra -Ksch_pre_ra -Ksibling_calls
                          -Ksimd=auto -Ksimd_packed_promotion
                          -Ksimd_reduction_product -Ksimd_reg_size=512
                          -Ksimd_nouncounted_loop
                          -Ksimd_use_multiple_structures -Knostriping -Kswp
                          -Kswp_freg_rate=100 -Kswp_ireg_rate=100
                          -Kswp_preg_rate=100 -Ktemparraystack -Kunroll
                          -Knounroll_and_jam -Knozfill
                          -Kopenmp -Kopenmp_noassume_norecurrence
                          -Kopenmp_nocollapse_except_innermost
                          -Kopenmp_noordered_reduction -Knoopenmp_simd
                          -Kthreadsafe -Kparallel -Kparallel_nofp_precision
                          -Knoarray_private -Knodynamic_iteration -Kreduction
                          -Kregion_extension
                          -Nallextput -Nnoalloc_assign
                          -Ncancel_overtime_compilation -Nnocheck_global
                          -Nnocoarray -Nnocompdisp -Nnocopyarg -Nnocoverage
                          -Nfjprof -Nfreealloc -Nf90move -Nnohook_func
                          -Nnohook_time -Nfjomplib -Nline -Nlst -Nlst=p
                          -Nlst=t -Nnomallocfree -Nnoobsfun -Nnoprivatealloc
                          -Nquickdbg=noargchk -Nquickdbg=nosubchk
                          -Nquickdbg=noundef -NRnotrap -Nnorecursive
                          -Nnoreordered_variable_stack -Nrt_notune -Nnosave
                          -Nsetvalue=noheap -Nsetvalue=nostack
                          -Nsetvalue=noscalar -Nsetvalue=noarray
                          -Nsetvalue=nostruct -Nuse_rodata

 External subroutine subprogram "LMPEX2"
  (line-no.)(nest)(optimize)
          1                     C======================================================================C
          2                     C                                                                      C
          3                     C SOFTWARE NAME : FRONTFLOW_BLUE.8.1                                   C
          4                     C                                                                      C
          5                     C  SUB ROUTINE : LMPEX2                                                C
          6                     C                                                                      C
          7                     C                                       WRITTEN BY H.YOSHIMURA         C
          8                     C                                                                      C
          9                     C                                                                      C
         10                     C CONTACT ADDRESS : IIS, THE UNIVERSITY OF TOKYO, CISS                 C
         11                     C                                                                      C
         12                     C THERMO-FLUID ANALYSIS SOLVERS FOR LARGE-SCALE-ASSEMBLY               C
         13                     C                                                                      C
         14                     C======================================================================C
         15                           SUBROUTINE LMPEX2(N2,NE,NP,NEX,NODE,MELM,
         16                          *                  EAP1,IENP,NEP,MEP,MP,CM,LEFIX)
         17                           IMPLICIT NONE
         18                     
         19                     ***** DEFINE ARGUMENTS *****
         20                           INTEGER N2,NE,NP,NEX(12),NODE,MELM,LEFIX,IENP,NEP,MEP,MP
         21                           REAL EAP1, CM
         22                           DIMENSION NODE(N2,NE)
         23                           DIMENSION EAP1(N2,MEP,NP)
         24                           DIMENSION IENP(MEP,MP),NEP(MP)
         25                           DIMENSION CM(NP)
         26                           DIMENSION LEFIX(NE)
         27                     
         28                     ***** OBJECTS *****
         29                           INTEGER IP,IN, JN, NN, IE, IEBEG, IEEND
         30                           INTEGER NEHEX, NEWED, NEPRD, NETET
         31                           INTEGER  NHEX,  NWED,  NPRD,  NTET
         32                           INTEGER IEE1,IEE2,IEE3,IEE4,IPE,K
         33                           REAL    CM1
         34                     C
         35                           NETET=NEX(1)
         36                           NEPRD=NEX(2)
         37                           NEWED=NEX(3)
         38                           NEHEX=NEX(4)
         39                     C
                              <<< Loop-information Start >>>
                              <<<  [PARALLELIZATION]
                              <<<    Standard iteration count: 2000
                              <<<  [OPTIMIZATION]
                              <<<    SIMD(VL: 16)
                              <<<    PREFETCH(HARD) Expected by compiler :
                              <<<      CM
                              <<< Loop-information  End >>>
         40     1  pp   4v            DO 100 IP=1,NP
         41     1   p   4v                CM(IP)=0.0
         42     1   p   4v        100 CONTINUE
         43                     C
         44                     C   == TET. ==
         45                           IEE1=NETET
         46                     C
         47                     C   == PYRAMID ==
         48                           IEE2=NETET+NEPRD
         49                     C
         50                     C   == WEDGE ==
         51                           IEE3=NETET+NEPRD+NEWED
         52                     C
         53                     C   == HEX. ==
         54                           IEE4=NETET+NEPRD+NEWED+NEHEX
         55                     C
                              <<< Loop-information Start >>>
                              <<<  [PARALLELIZATION]
                              <<<    Standard iteration count: 2
                              <<< Loop-information  End >>>
         56     1  pp                 DO IP=1,NP
         57     1   p                     CM1 = 0.0E0
                              <<< Loop-information Start >>>
                              <<<  [OPTIMIZATION]
                              <<<    PREFETCH(HARD) Expected by compiler :
                              <<<      EAP1
                              <<< Loop-information  End >>>
         58     2   p                     DO IPE=1,NEP(IP)
         59     2   p                         IE =IENP(IPE,IP)
         60     2   p                         IF (LEFIX(IE).EQ.1) CYCLE
         61     3   p                         IF(IE.LE.IEE1) THEN
         62     3   p                             NN=NEX(5)
         63     3   p                         ELSE IF (IE.LE.IEE2) THEN
         64     3   p                             NN=NEX(6)
         65     3   p                         ELSE IF (IE.LE.IEE3) THEN
         66     3   p                             NN=NEX(7)
         67     3   p                         ELSE
         68     3   p                             NN=NEX(8)
         69     3   p                         ENDIF
         70     2               C
                              <<< Loop-information Start >>>
                              <<<  [OPTIMIZATION]
                              <<<    SIMD(VL: 16)
                              <<<    SOFTWARE PIPELINING(IPC: 2.71, ITR: 512, MVE: 2)
                              <<<    PREFETCH(HARD) Expected by compiler :
                              <<<      EAP1
                              <<< Loop-information  End >>>
         71     3   p   8v                    DO K=1,NN
         72     3   p   8v                        CM1 = CM1 + EAP1(K,IPE,IP)
         73     3   p   8v                    ENDDO
         74     2   p                         CM(IP) = CM1
         75     2   p                     ENDDO
         76     1   p                 ENDDO
         77                     C
         78                           RETURN
         79                           END

 Diagnostic messages: program name(LMPEX2)
   jwd2008i-i  "lmpex2.f", line 15: この仮引数'MELM'は、副プログラム中で使用されていません。
   jwd8220o-i  "lmpex2.f", line 15: 副作用の可能性のある最適化を行いました。
   jwd2008i-i  "lmpex2.f", line 22: この仮引数'NODE'は、副プログラム中で使用されていません。
   jwd2006i-i  "lmpex2.f", line 29: この名前'IEEND'は、宣言だけされていて引用されていません。
   jwd2006i-i  "lmpex2.f", line 29: この名前'IEBEG'は、宣言だけされていて引用されていません。
   jwd2006i-i  "lmpex2.f", line 29: この名前'JN'は、宣言だけされていて引用されていません。
   jwd2006i-i  "lmpex2.f", line 29: この名前'IN'は、宣言だけされていて引用されていません。
   jwd2006i-i  "lmpex2.f", line 31: この名前'NTET'は、宣言だけされていて引用されていません。
   jwd2006i-i  "lmpex2.f", line 31: この名前'NPRD'は、宣言だけされていて引用されていません。
   jwd2006i-i  "lmpex2.f", line 31: この名前'NWED'は、宣言だけされていて引用されていません。
   jwd2006i-i  "lmpex2.f", line 31: この名前'NHEX'は、宣言だけされていて引用されていません。
   jwd5001p-i  "lmpex2.f", line 40: このDOループを並列化しました。(名前:IP)
   jwd6001s-i  "lmpex2.f", line 40: このDOループをSIMD化しました。(名前:IP)
   jwd8663o-i  "lmpex2.f", line 40: ソフトウェアパイプライニングの効果がないループと判断したため、ソフトウェアパイプライニングを抑止しました。
   jwd8202o-i  "lmpex2.f", line 40: ループを展開数4回でアンローリングしました。
   jwd5001p-i  "lmpex2.f", line 56: このDOループを並列化しました。(名前:IP)
   jwd6004s-i  "lmpex2.f", line 71: リダクション演算を含むDOループをSIMD化しました。(名前:K)
   jwd8204o-i  "lmpex2.f", line 71: ループにソフトウェアパイプライニングを適用しました。
   jwd8205o-i  "lmpex2.f", line 71: ループの繰返し数が512回以上の時、ソフトウェアパイプライニングを適用したループが実行時に選択されます。
   jwd8209o-i  "lmpex2.f", line 72: 多項式の演算順序を変更しました。
   jwd8208o-i  "lmpex2.f", line 72: ループ内の総和または乗積演算の計算方法を変更しました。

 Procedure information
   Lines      : 79
   Statements : 47
   Stack(byte): 832
   Prefetch num: 0

 Total information
   Procedures       : 1
   Total lines      : 79
   Total statements : 47
   Total stack(byte): 832
   Total prefetch num: 0

