
 Fujitsu Fortran Version 4.1.0  Tue Apr 28 18:53:12 2020

 Compilation information
   Current directory : /vol0001/g9300001/u93021/09.FFB/2020.04.28a_v630202_from_Yamade/FFB.63.02.02/ver.63.02.02
   Source file       : mgsgvc.f

 Option information
   Command line options : -Kident_mpi -f2004 -I/home/g9300001/u93021/09.FFB/2020.04.28a_v630202_from_Yamade/FFB.63.02.02/include -I/include/mpi/fujitsu/ -Kvisimpact,ocl,optmsg=2,openmp -Dcputime -DUSE_TIMER -DUSE_BARRIER -Nlst=t -Cpp -Nfjomplib -c -I/opt/FJSVxtclanga/.common/MELI014/include/mpi/fujitsu -I/opt/FJSVxtclanga/.common/MELI014/lib64 -Knointentopt
   Cpp options          : -I/home/g9300001/u93021/09.FFB/2020.04.28a_v630202_from_Yamade/FFB.63.02.02/include -I/include/mpi/fujitsu/ -Dcputime -DUSE_TIMER -DUSE_BARRIER -I/opt/FJSVxtclanga/.common/MELI014/include/mpi/fujitsu -I/opt/FJSVxtclanga/.common/MELI014/lib64 -Dunix -Dlinux -D__FUJITSU -D__FRT_major__=4 -D__FRT_minor__=1 -D__FRT_patchlevel__=0 -D__FRT_version__="4.1.0" -D__aarch64__ -D__unix -D_OPENMP=201511 -D__frt_version=800 -D__ARM_ARCH=8 -D__ARM_FEATURE_SVE -D__ELF__ -D__unix__ -D__linux__ -D__linux -Asystem(unix) -otmp
   Effective options    : -fi -g0 -AE -Fixed -O3 -X08
                          -x0 -xaccept=nomodule_allocatable
                          -KA64FX -KARMV8_3_A -KSVE -Kalign_commons
                          -Kalign_loops -Kassume=noshortloop
                          -Kassume=nomemory_bandwidth
                          -Kassume=notime_saving_compilation -Kauto
                          -Kautoobjstack -Knocalleralloc -Kcmodel=small
                          -Keval -Keval_noconcurrent -Knofenv_access
                          -Kfp_contract -Kfp_relaxed -Kfsimple -Kfz -Khpctag
                          -Kilfunc=procedure -Knointentopt -Klargepage
                          -Kloop_blocking -Kloop_fission
                          -Kloop_nofission_stripmining
                          -Kloop_fission_threshold=50 -Kloop_fusion
                          -Kloop_interchange -Kloop_part_parallel
                          -Kloop_part_simd -Kloop_perfect_nest
                          -Kloop_noversioning -Knolto -Kmfunc=1 -Kocl
                          -Komitfp -Knooptlib_string -Koptmsg=2
                          -Knopc_relative_literal_loads -Kplt -Knopreex
                          -Kprefetch_noconditional -Kprefetch_noindirect
                          -Kprefetch_sequential=auto -Kprefetch_nostride
                          -Kprefetch_cache_level=all -Kprefetch_noinfer
                          -Kprefetch_strong -Kprefetch_strong_L2 -Knopreload
                          -Ksch_post_ra -Ksch_pre_ra -Ksibling_calls
                          -Ksimd=auto -Ksimd_packed_promotion
                          -Ksimd_reduction_product -Ksimd_reg_size=512
                          -Ksimd_nouncounted_loop
                          -Ksimd_use_multiple_structures -Knostriping -Kswp
                          -Kswp_freg_rate=100 -Kswp_ireg_rate=100
                          -Kswp_preg_rate=100 -Ktemparraystack -Kunroll
                          -Knounroll_and_jam -Knozfill
                          -Kopenmp -Kopenmp_noassume_norecurrence
                          -Kopenmp_nocollapse_except_innermost
                          -Kopenmp_noordered_reduction -Knoopenmp_simd
                          -Kthreadsafe -Kparallel -Kparallel_nofp_precision
                          -Knoarray_private -Knodynamic_iteration -Kreduction
                          -Kregion_extension
                          -Nallextput -Nnoalloc_assign
                          -Ncancel_overtime_compilation -Nnocheck_global
                          -Nnocoarray -Nnocompdisp -Nnocopyarg -Nnocoverage
                          -Nfjprof -Nfreealloc -Nf90move -Nnohook_func
                          -Nnohook_time -Nfjomplib -Nline -Nlst -Nlst=p
                          -Nlst=t -Nnomallocfree -Nnoobsfun -Nnoprivatealloc
                          -Nquickdbg=noargchk -Nquickdbg=nosubchk
                          -Nquickdbg=noundef -NRnotrap -Nnorecursive
                          -Nnoreordered_variable_stack -Nrt_notune -Nnosave
                          -Nsetvalue=noheap -Nsetvalue=nostack
                          -Nsetvalue=noscalar -Nsetvalue=noarray
                          -Nsetvalue=nostruct -Nuse_rodata

 External subroutine subprogram "MGSGVC"
  (line-no.)(nest)(optimize)
          1                           SUBROUTINE MGSGVC(NP,NS,XM,YM,WEIGHT)
          2                     C
          3                           IMPLICIT NONE
          4                     C
          5                     C   INPUTS
          6                           INTEGER*4 NP,NS
          7                           REAL*4    XM(NP,NS),WEIGHT(NP)
          8                     C
          9                     C   OUTPUTS
         10                           REAL*4 YM(NP,NS)
         11                     C
         12                     C   WORKS
         13                           INTEGER*4 I,J,IP,IERR
         14                           REAL*4 U(NP),V(NP)
         15                           REAL*4 SIGII,SIGIJ,SBUF(2),RBUF(2)
         16                     C
         17                     C
                              <<< Loop-information Start >>>
                              <<<  [OPTIMIZATION]
                              <<<    PREFETCH(HARD) Expected by compiler :
                              <<<      XM, YM
                              <<< Loop-information  End >>>
         18     1                     DO 100 J=1, NS
                              <<< Loop-information Start >>>
                              <<<  [PARALLELIZATION]
                              <<<    Standard iteration count: 1231
                              <<<  [OPTIMIZATION]
                              <<<    SIMD(VL: 16)
                              <<<    SOFTWARE PIPELINING(IPC: 2.00, ITR: 320, MVE: 3)
                              <<<    PREFETCH(HARD) Expected by compiler :
                              <<<      XM, YM
                              <<< Loop-information  End >>>
         19     2  pp   4v                DO 110 IP=1, NP
         20     2   p   4v                    YM(IP,J) = XM(IP,J)
         21     2   p   4v       110      CONTINUE
         22     1               C
                              <<< Loop-information Start >>>
                              <<<  [OPTIMIZATION]
                              <<<    PREFETCH(HARD) Expected by compiler :
                              <<<      YM, V, U
                              <<< Loop-information  End >>>
         23     2                         DO 200 I=1, J-1
                              <<< Loop-information Start >>>
                              <<<  [PARALLELIZATION]
                              <<<    Standard iteration count: 800
                              <<<  [OPTIMIZATION]
                              <<<    SIMD(VL: 16)
                              <<<    SOFTWARE PIPELINING(IPC: 2.66, ITR: 160, MVE: 3)
                              <<<    PREFETCH(HARD) Expected by compiler :
                              <<<      YM, V, U
                              <<< Loop-information  End >>>
         24     3  pp   2v                    DO 210 IP=1, NP
         25     3   p   2v                        U(IP) = YM(IP,I)
         26     3   p   2v                        V(IP) = YM(IP,J)
         27     3   p   2v       210          CONTINUE
         28     2               C
         29     2                             CALL DOTWVC(NP,U,V,WEIGHT,SIGIJ)
         30     2                             CALL DOTWVC(NP,U,U,WEIGHT,SIGII)
         31     2               C
                              <<< Loop-information Start >>>
                              <<<  [PARALLELIZATION]
                              <<<    Standard iteration count: 843
                              <<<  [OPTIMIZATION]
                              <<<    SIMD(VL: 16)
                              <<<    PREFETCH(HARD) Expected by compiler :
                              <<<      YM
                              <<< Loop-information  End >>>
         32     3  pp   2v                    DO 220 IP=1, NP
         33     3   p   2v                        YM(IP,J) = YM(IP,J) - (SIGIJ / SIGII) * YM(IP,I)
         34     3   p   2v       220          CONTINUE
         35     2                200      CONTINUE
         36     1                100  CONTINUE
         37                     C
         38                           RETURN
         39                           END
         40                     C

 Diagnostic messages: program name(MGSGVC)
   jwd2006i-i  "mgsgvc.f", line 13: この名前'IERR'は、宣言だけされていて引用されていません。
   jwd2006i-i  "mgsgvc.f", line 15: この名前'RBUF'は、宣言だけされていて引用されていません。
   jwd2006i-i  "mgsgvc.f", line 15: この名前'SBUF'は、宣言だけされていて引用されていません。
   jwd5122p-i  "mgsgvc.f", line 18: DOループ内に、自動並列化の制約となる手続引用が存在します。
   jwd5001p-i  "mgsgvc.f", line 19: このDOループを並列化しました。(名前:IP)
   jwd6001s-i  "mgsgvc.f", line 19: このDOループをSIMD化しました。(名前:IP)
   jwd8204o-i  "mgsgvc.f", line 19: ループにソフトウェアパイプライニングを適用しました。
   jwd8205o-i  "mgsgvc.f", line 19: ループの繰返し数が320回以上の時、ソフトウェアパイプライニングを適用したループが実行時に選択されます。
   jwd5122p-i  "mgsgvc.f", line 23: DOループ内に、自動並列化の制約となる手続引用が存在します。
   jwd5001p-i  "mgsgvc.f", line 24: このDOループを並列化しました。(名前:IP)
   jwd6001s-i  "mgsgvc.f", line 24: このDOループをSIMD化しました。(名前:IP)
   jwd8204o-i  "mgsgvc.f", line 24: ループにソフトウェアパイプライニングを適用しました。
   jwd8205o-i  "mgsgvc.f", line 24: ループの繰返し数が160回以上の時、ソフトウェアパイプライニングを適用したループが実行時に選択されます。
   jwd5001p-i  "mgsgvc.f", line 32: このDOループを並列化しました。(名前:IP)
   jwd6001s-i  "mgsgvc.f", line 32: このDOループをSIMD化しました。(名前:IP)
   jwd8663o-i  "mgsgvc.f", line 32: ソフトウェアパイプライニングの効果がないループと判断したため、ソフトウェアパイプライニングを抑止しました。
   jwd8202o-i  "mgsgvc.f", line 32: ループを展開数2回でアンローリングしました。

 Procedure information
   Lines      : 40
   Statements : 26
   Stack(byte): 1552
   Prefetch num: 0

 Total information
   Procedures       : 1
   Total lines      : 40
   Total statements : 26
   Total stack(byte): 1552
   Total prefetch num: 0

