
 Fujitsu Fortran Version 4.1.0  Tue Apr 28 18:53:12 2020

 Compilation information
   Current directory : /vol0001/g9300001/u93021/09.FFB/2020.04.28a_v630202_from_Yamade/FFB.63.02.02/ver.63.02.02
   Source file       : mkcrs.f

 Option information
   Command line options : -Kident_mpi -f2004 -I/home/g9300001/u93021/09.FFB/2020.04.28a_v630202_from_Yamade/FFB.63.02.02/include -I/include/mpi/fujitsu/ -Kvisimpact,ocl,optmsg=2,openmp -Dcputime -DUSE_TIMER -DUSE_BARRIER -Nlst=t -Cpp -Nfjomplib -c -I/opt/FJSVxtclanga/.common/MELI014/include/mpi/fujitsu -I/opt/FJSVxtclanga/.common/MELI014/lib64 -Knointentopt
   Cpp options          : -I/home/g9300001/u93021/09.FFB/2020.04.28a_v630202_from_Yamade/FFB.63.02.02/include -I/include/mpi/fujitsu/ -Dcputime -DUSE_TIMER -DUSE_BARRIER -I/opt/FJSVxtclanga/.common/MELI014/include/mpi/fujitsu -I/opt/FJSVxtclanga/.common/MELI014/lib64 -Dunix -Dlinux -D__FUJITSU -D__FRT_major__=4 -D__FRT_minor__=1 -D__FRT_patchlevel__=0 -D__FRT_version__="4.1.0" -D__aarch64__ -D__unix -D_OPENMP=201511 -D__frt_version=800 -D__ARM_ARCH=8 -D__ARM_FEATURE_SVE -D__ELF__ -D__unix__ -D__linux__ -D__linux -Asystem(unix) -otmp
   Effective options    : -fi -g0 -AE -Fixed -O3 -X08
                          -x0 -xaccept=nomodule_allocatable
                          -KA64FX -KARMV8_3_A -KSVE -Kalign_commons
                          -Kalign_loops -Kassume=noshortloop
                          -Kassume=nomemory_bandwidth
                          -Kassume=notime_saving_compilation -Kauto
                          -Kautoobjstack -Knocalleralloc -Kcmodel=small
                          -Keval -Keval_noconcurrent -Knofenv_access
                          -Kfp_contract -Kfp_relaxed -Kfsimple -Kfz -Khpctag
                          -Kilfunc=procedure -Knointentopt -Klargepage
                          -Kloop_blocking -Kloop_fission
                          -Kloop_nofission_stripmining
                          -Kloop_fission_threshold=50 -Kloop_fusion
                          -Kloop_interchange -Kloop_part_parallel
                          -Kloop_part_simd -Kloop_perfect_nest
                          -Kloop_noversioning -Knolto -Kmfunc=1 -Kocl
                          -Komitfp -Knooptlib_string -Koptmsg=2
                          -Knopc_relative_literal_loads -Kplt -Knopreex
                          -Kprefetch_noconditional -Kprefetch_noindirect
                          -Kprefetch_sequential=auto -Kprefetch_nostride
                          -Kprefetch_cache_level=all -Kprefetch_noinfer
                          -Kprefetch_strong -Kprefetch_strong_L2 -Knopreload
                          -Ksch_post_ra -Ksch_pre_ra -Ksibling_calls
                          -Ksimd=auto -Ksimd_packed_promotion
                          -Ksimd_reduction_product -Ksimd_reg_size=512
                          -Ksimd_nouncounted_loop
                          -Ksimd_use_multiple_structures -Knostriping -Kswp
                          -Kswp_freg_rate=100 -Kswp_ireg_rate=100
                          -Kswp_preg_rate=100 -Ktemparraystack -Kunroll
                          -Knounroll_and_jam -Knozfill
                          -Kopenmp -Kopenmp_noassume_norecurrence
                          -Kopenmp_nocollapse_except_innermost
                          -Kopenmp_noordered_reduction -Knoopenmp_simd
                          -Kthreadsafe -Kparallel -Kparallel_nofp_precision
                          -Knoarray_private -Knodynamic_iteration -Kreduction
                          -Kregion_extension
                          -Nallextput -Nnoalloc_assign
                          -Ncancel_overtime_compilation -Nnocheck_global
                          -Nnocoarray -Nnocompdisp -Nnocopyarg -Nnocoverage
                          -Nfjprof -Nfreealloc -Nf90move -Nnohook_func
                          -Nnohook_time -Nfjomplib -Nline -Nlst -Nlst=p
                          -Nlst=t -Nnomallocfree -Nnoobsfun -Nnoprivatealloc
                          -Nquickdbg=noargchk -Nquickdbg=nosubchk
                          -Nquickdbg=noundef -NRnotrap -Nnorecursive
                          -Nnoreordered_variable_stack -Nrt_notune -Nnosave
                          -Nsetvalue=noheap -Nsetvalue=nostack
                          -Nsetvalue=noscalar -Nsetvalue=noarray
                          -Nsetvalue=nostruct -Nuse_rodata

 External subroutine subprogram "MKCRS"
  (line-no.)(nest)(optimize)
          1                     C=======================================================================
          2                           SUBROUTINE MKCRS(NP,MPP,NCRS,NPP,IPNP,NPP2,IPCRS,IERR)
          3                     C=======================================================================
          4                           IMPLICIT NONE
          5                           INTEGER NP,  MPP, NCRS, IERR
          6                           INTEGER NPP(NP), IPNP(MPP,NP), NPP2(NP), IPCRS(NCRS)
          7                           INTEGER IP, ICRS, K
          8                     C
          9                     C     CREATE ARRAYS FOR COMPRESSED ROW STRAGE (CRS) FORMAT
         10                     C                                              2009.12.01 RIST
         11                     C
         12                     C     ARGUMENT LISTINGS
         13                     C
         14                     C       (1) INPUT
         15                     C          NP          ; NUMBER OF TOTAL    NODES
         16                     C          MPP         ; THE FIRST DIMENSION OF ARRAY IPNP
         17                     C          NPP     (IP); NUMBER OF ADJACENT NODES    TO NODE    IP
         18                     C          NCRS    ; NUMBER OF NONZERO ELEMENTS IN MATRIX OF CRS FORMAT
         19                     C          IPNP(IPP,IP); ADJACENT NODE    NUMBER TO NODE    IP
         20                     C
         21                     C       (2) OUTPUT
         22                     C          NPP2    (IP); BASE INDEX OF CRS FORMAT FOR EACH ROW
         23                     C          IPCRS (ICRS); NODE NO. TABLE BASED ON CRS FORMAT
         24                     C          IERR        ; RETURN CODE TO REPORT ERROR OCCURENCE
         25                     C
         26                     C       (3) WORK
         27                     C
         28                     C
         29                           IERR=0
         30                     C
         31                           NPP2(1)=0
                              <<< Loop-information Start >>>
                              <<<  [OPTIMIZATION]
                              <<<    SOFTWARE PIPELINING(IPC: 3.33, ITR: 12, MVE: 3)
                              <<<    PREFETCH(HARD) Expected by compiler :
                              <<<      NPP2, NPP
                              <<< Loop-information  End >>>
         32     1   s   2s            DO 225 IP = 2 , NP
         33     1   s   2s                NPP2(IP)=NPP2(IP-1)+NPP(IP-1)
         34     1   s   2s       225  CONTINUE
         35                     CC    NCRS=NPP2(NP)+NPP(NP)
         36                     C
         37                           ICRS=0
                              <<< Loop-information Start >>>
                              <<<  [OPTIMIZATION]
                              <<<    PREFETCH(HARD) Expected by compiler :
                              <<<      IPNP, IPCRS
                              <<< Loop-information  End >>>
         38     1                     DO 226 IP = 1 , NP
                              <<< Loop-information Start >>>
                              <<<  [PARALLELIZATION]
                              <<<    Standard iteration count: 1231
                              <<<  [OPTIMIZATION]
                              <<<    SIMD(VL: 16)
                              <<<    SOFTWARE PIPELINING(IPC: 3.00, ITR: 288, MVE: 5)
                              <<<    PREFETCH(HARD) Expected by compiler :
                              <<<      IPNP, IPCRS
                              <<< Loop-information  End >>>
         39     2  pp   2v                DO 227 K = 1 , NPP(IP)
         40     2   p   2v                    ICRS=ICRS+1
         41     2   p   2v                    IPCRS(ICRS)=IPNP(K,IP)
         42     2   p   2v       227      CONTINUE
         43     1                226  CONTINUE
         44                     C
         45                           RETURN
         46                           END

 Diagnostic messages: program name(MKCRS)
   jwd8204o-i  "mkcrs.f", line 32: ループにソフトウェアパイプライニングを適用しました。
   jwd8205o-i  "mkcrs.f", line 32: ループの繰返し数が12回以上の時、ソフトウェアパイプライニングを適用したループが実行時に選択されます。
   jwd5202p-i  "mkcrs.f", line 33: データの定義引用の順序が逐次実行と異なるため、このDOループは並列化できません。(名前:NPP2)
   jwd6202s-i  "mkcrs.f", line 33: データの定義引用の順序が逐次実行と異なるため、このDOループはSIMD化できません。(名前:NPP2)
   jwd5202p-i  "mkcrs.f", line 38: データの定義引用の順序が逐次実行と異なるため、このDOループは並列化できません。(名前:ICRS)
   jwd5208p-i  "mkcrs.f", line 38: 定義引用の順序が分からないため、定義引用順序が逐次実行と異なる可能性があり、このDOループは並列化できません。(名前:IPCRS)
   jwd5001p-i  "mkcrs.f", line 39: このDOループを並列化しました。(名前:K)
   jwd6001s-i  "mkcrs.f", line 39: このDOループをSIMD化しました。(名前:K)
   jwd8204o-i  "mkcrs.f", line 39: ループにソフトウェアパイプライニングを適用しました。
   jwd8205o-i  "mkcrs.f", line 39: ループの繰返し数が288回以上の時、ソフトウェアパイプライニングを適用したループが実行時に選択されます。

 Procedure information
   Lines      : 46
   Statements : 19
   Stack(byte): 768
   Prefetch num: 0

 Total information
   Procedures       : 1
   Total lines      : 46
   Total statements : 19
   Total stack(byte): 768
   Total prefetch num: 0

