
 Fujitsu Fortran Version 4.1.0  Tue Apr 28 18:53:38 2020

 Compilation information
   Current directory : /vol0001/g9300001/u93021/09.FFB/2020.04.28a_v630202_from_Yamade/FFB.63.02.02/ver.63.02.02
   Source file       : multi_callap.f

 Option information
   Command line options : -Kident_mpi -f2004 -I/home/g9300001/u93021/09.FFB/2020.04.28a_v630202_from_Yamade/FFB.63.02.02/include -I/include/mpi/fujitsu/ -Kvisimpact,ocl,optmsg=2,openmp -Dcputime -DUSE_TIMER -DUSE_BARRIER -Nlst=t -Cpp -Nfjomplib -c -I/opt/FJSVxtclanga/.common/MELI014/include/mpi/fujitsu -I/opt/FJSVxtclanga/.common/MELI014/lib64 -Knointentopt
   Cpp options          : -I/home/g9300001/u93021/09.FFB/2020.04.28a_v630202_from_Yamade/FFB.63.02.02/include -I/include/mpi/fujitsu/ -Dcputime -DUSE_TIMER -DUSE_BARRIER -I/opt/FJSVxtclanga/.common/MELI014/include/mpi/fujitsu -I/opt/FJSVxtclanga/.common/MELI014/lib64 -Dunix -Dlinux -D__FUJITSU -D__FRT_major__=4 -D__FRT_minor__=1 -D__FRT_patchlevel__=0 -D__FRT_version__="4.1.0" -D__aarch64__ -D__unix -D_OPENMP=201511 -D__frt_version=800 -D__ARM_ARCH=8 -D__ARM_FEATURE_SVE -D__ELF__ -D__unix__ -D__linux__ -D__linux -Asystem(unix) -otmp
   Effective options    : -fi -g0 -AE -Fixed -O3 -X08
                          -x0 -xaccept=nomodule_allocatable
                          -KA64FX -KARMV8_3_A -KSVE -Kalign_commons
                          -Kalign_loops -Kassume=noshortloop
                          -Kassume=nomemory_bandwidth
                          -Kassume=notime_saving_compilation -Kauto
                          -Kautoobjstack -Knocalleralloc -Kcmodel=small
                          -Keval -Keval_noconcurrent -Knofenv_access
                          -Kfp_contract -Kfp_relaxed -Kfsimple -Kfz -Khpctag
                          -Kilfunc=procedure -Knointentopt -Klargepage
                          -Kloop_blocking -Kloop_fission
                          -Kloop_nofission_stripmining
                          -Kloop_fission_threshold=50 -Kloop_fusion
                          -Kloop_interchange -Kloop_part_parallel
                          -Kloop_part_simd -Kloop_perfect_nest
                          -Kloop_noversioning -Knolto -Kmfunc=1 -Kocl
                          -Komitfp -Knooptlib_string -Koptmsg=2
                          -Knopc_relative_literal_loads -Kplt -Knopreex
                          -Kprefetch_noconditional -Kprefetch_noindirect
                          -Kprefetch_sequential=auto -Kprefetch_nostride
                          -Kprefetch_cache_level=all -Kprefetch_noinfer
                          -Kprefetch_strong -Kprefetch_strong_L2 -Knopreload
                          -Ksch_post_ra -Ksch_pre_ra -Ksibling_calls
                          -Ksimd=auto -Ksimd_packed_promotion
                          -Ksimd_reduction_product -Ksimd_reg_size=512
                          -Ksimd_nouncounted_loop
                          -Ksimd_use_multiple_structures -Knostriping -Kswp
                          -Kswp_freg_rate=100 -Kswp_ireg_rate=100
                          -Kswp_preg_rate=100 -Ktemparraystack -Kunroll
                          -Knounroll_and_jam -Knozfill
                          -Kopenmp -Kopenmp_noassume_norecurrence
                          -Kopenmp_nocollapse_except_innermost
                          -Kopenmp_noordered_reduction -Knoopenmp_simd
                          -Kthreadsafe -Kparallel -Kparallel_nofp_precision
                          -Knoarray_private -Knodynamic_iteration -Kreduction
                          -Kregion_extension
                          -Nallextput -Nnoalloc_assign
                          -Ncancel_overtime_compilation -Nnocheck_global
                          -Nnocoarray -Nnocompdisp -Nnocopyarg -Nnocoverage
                          -Nfjprof -Nfreealloc -Nf90move -Nnohook_func
                          -Nnohook_time -Nfjomplib -Nline -Nlst -Nlst=p
                          -Nlst=t -Nnomallocfree -Nnoobsfun -Nnoprivatealloc
                          -Nquickdbg=noargchk -Nquickdbg=nosubchk
                          -Nquickdbg=noundef -NRnotrap -Nnorecursive
                          -Nnoreordered_variable_stack -Nrt_notune -Nnosave
                          -Nsetvalue=noheap -Nsetvalue=nostack
                          -Nsetvalue=noscalar -Nsetvalue=noarray
                          -Nsetvalue=nostruct -Nuse_rodata

 External subroutine subprogram "MULTI_CALLAP"
  (line-no.)(nest)(optimize)
          1                           SUBROUTINE MULTI_CALLAP
          2                          *                 (NS,IPRESS,ME,N1,N2,NE,NP,NEX,NODE,
          3                          *                  MEP,NEP,IENP,JENP,
          4                          *                  S,AS,PG,DNXYZP,DNXI,DNYI,DNZI,
          5                          *                  CM,DT,FSMACH,
          6                          *                  IPART,NDOM,MBPDOM,LDOM,NBPDOM,IPSLF,IPSND,
          7                          *                  NPFIX,LPFIX,LEFIX,NPFREE,LPFREE,
          8                          *                  NPSYMT,LPSYMT,XPSYMT,YPSYMT,ZPSYMT,
          9                          *                  FXYZ,RX,RY,MWRK,WRKN,
         10                          *                  IUT0,IERR)
         11                           IMPLICIT NONE
         12                     C
         13                           REAL*4    FESRC(NE),FLE(NE)
         14                     C
         15                     CCCC  [INPUT]
         16                           INTEGER*4 NS,IPRESS,
         17                          *          ME,N1,N2,NE,NP,NEX(8),NODE(N2,NE),IUT0
         18                           INTEGER*4 MEP,NEP(NP),IENP(MEP,NP),JENP(MEP,NP)
         19                           REAL*4    S(NE,NS),PG(NE),DNXYZP(MEP,3,NP),
         20                          *          DNXI(N1,ME),DNYI(N1,ME),DNZI(N1,ME),CM(NP),
         21                          *          DT,FSMACH
         22                     C
         23                     CCC [INPUT:INTER CONNECT NODES]
         24                           INTEGER*4 IPART,NDOM,MBPDOM,
         25                          *          LDOM(NDOM),NBPDOM(NDOM),
         26                          *          IPSLF(MBPDOM,NDOM),IPSND(MBPDOM,NDOM)
         27                     C
         28                     CCC [INPUT:B.C. NODES]
         29                           INTEGER*4 NPFIX,LPFIX(NPFIX),LEFIX(NE),NPFREE,LPFREE(NPFREE),
         30                          *          NPSYMT,LPSYMT(NPSYMT)
         31                           REAL*4    XPSYMT(NPSYMT),YPSYMT(NPSYMT),ZPSYMT(NPSYMT)
         32                     C
         33                     CCC [OUTPUT]
         34                           REAL*4    AS(NE,NS)
         35                     C
         36                     CCC [WORK]
         37                           REAL*4    RX(0:N2,ME),RY(0:N2,ME)
         38                           INTEGER*4 MWRK
         39                           REAL*4    WRKN(MWRK,3,NS)
         40                           INTEGER*4 IERR
         41                           REAL*4    FXYZ(3,NP,NS)
         42                     C
         43                     CCC [LOCAL]
         44                           INTEGER*4 IP,IE,IS
         45                           REAL*4    COEF
         46                     C
         47                           INTEGER*4 IMODE
         48                           DATA IMODE   / 1 /
         49                     C
         50                           CHARACTER*60 ERMSGC
         51                          & /' ## SUBROUTINE CALLAP: FATAL      ERROR REPORT   ; RETURNED' /
         52                     C
         53                     #ifdef cputime
         54                           include 'mpif.h'
         55                     C
         56                           INTEGER*4 NUMLAP
         57                           REAL*4 DTLAPA,DTLAPR,DTLAP2
         58                           COMMON /CPULAP/ NUMLAP,DTLAPA,DTLAPR,DTLAP2
         59                           REAL*4 DTCPU,TBUF1,TBUF2,TBUF3
         60                     #endif
         61                     C
         62                     C     CAL. LAPLASIAN (DIVERGENCE OF GRADIENT)
         63                     C     OF VARIABLE DEFINED AT ELEMENTS
         64                     C
         65                     C     WRITTEN BY Y.YAMADE 2012.07.18
         66                     C
         67                     #ifdef cputime
         68                           NUMLAP=NUMLAP+1
         69                     C     CALL CPU_TIME( TBUF1 )
         70                           TBUF1 = MPI_WTIME()
         71                     #endif
         72                           IERR=0
         73                     C
         74                     C
         75                     C  [1]  CAL. GRADIENT
         76                     C
         77                           CALL USTSTA(25)
         78                           CALL MULTI_GRAD3X
         79                          *           (NS,ME,N1,N2,NE,NP,NODE,MEP,NEP,IENP,
         80                          *            S,DNXYZP,CM,FXYZ,RX,RY,MWRK,WRKN,
         81                          *            NPFIX,LPFIX,LEFIX,NPFREE,LPFREE,
         82                          *            NPSYMT,LPSYMT,XPSYMT,YPSYMT,ZPSYMT,
         83                          *            IPART,NDOM,MBPDOM,LDOM,NBPDOM,IPSLF,IPSND,
         84                          *            IUT0,IERR)
         85                           CALL USTEND(25)
         86                     C
         87                     C
         88                     C  [2]  CAL. DIVERGENCE
         89                     C
         90                           CALL USTSTA(26)
         91                           CALL MULTI_FLD3X2
         92                          *          (NS,IMODE,ME,N2,NE,NP,NEX,N1,N2,
         93                          *           FXYZ,AS,NODE,DNXI,DNYI,DNZI,
         94                          *           IUT0,IERR)
         95                           CALL USTEND(26)
         96                     C
         97                     C
         98                     C
         99                     C
        100                     C  [3]  LOW MACH ASSUMPTION
        101                     C
        102                     C          OPERATION COUNTS:    FLOP /ELEMENT
        103                     C          DATA LOADINGS   :    WORDS/ELEMENT
        104                     C                           (    WORDS CONTIGUOUSLY,
        105                     C                                WORDS BY STRIDE, AND
        106                     C                                WORDS BY LIST )
        107                     C
        108                           COEF=FSMACH*FSMACH/(DT*DT)
        109     1                     IF (IPRESS.EQ.2) THEN
                              <<< Loop-information Start >>>
                              <<<  [OPTIMIZATION]
                              <<<    INTERCHANGED(nest: 2)
                              <<<    SIMD(VL: 16)
                              <<<    SOFTWARE PIPELINING(IPC: 3.00, ITR: 384, MVE: 7)
                              <<<    PREFETCH(HARD) Expected by compiler :
                              <<<      S, AS
                              <<< Loop-information  End >>>
        110     2   p   2v                DO 1000 IE=1,NE
                              <<< Loop-information Start >>>
                              <<<  [PARALLELIZATION]
                              <<<    Standard iteration count: 4
                              <<<  [OPTIMIZATION]
                              <<<    INTERCHANGED(nest: 1)
                              <<<    PREFETCH(HARD) Expected by compiler :
                              <<<      S, AS
                              <<< Loop-information  End >>>
        111     3  pp   2                     DO 1001 IS=1,NS
        112     3   p   2v                        AS(IE,IS)=AS(IE,IS)-COEF*S(IE,IS)
        113     3   p   2        1001         CONTINUE
        114     2   p            1000     CONTINUE
        115     1                     ENDIF
        116                     c
                              <<< Loop-information Start >>>
                              <<<  [OPTIMIZATION]
                              <<<    INTERCHANGED(nest: 2)
                              <<<    SIMD(VL: 16)
                              <<<    SOFTWARE PIPELINING(IPC: 0.85, ITR: 96, MVE: 2)
                              <<<    PREFETCH(HARD) Expected by compiler :
                              <<<      AS, LEFIX, PG
                              <<< Loop-information  End >>>
        117     1   p   2v            DO 1100 IE=1, NE
                              <<< Loop-information Start >>>
                              <<<  [PARALLELIZATION]
                              <<<    Standard iteration count: 2
                              <<<  [OPTIMIZATION]
                              <<<    INTERCHANGED(nest: 1)
                              <<<    PREFETCH(HARD) Expected by compiler :
                              <<<      LEFIX, PG, AS
                              <<< Loop-information  End >>>
        118     2  pp   2                 DO 1101 IS=1,NS
        119     3   p   2v                    IF (LEFIX(IE).EQ.1) THEN
        120     3   p   2v                        AS(IE,IS)=0.0E0
        121     3   p   2v                    ELSE
        122     3   p   2v                        AS(IE,IS)=AS(IE,IS)/PG(IE)
        123     3   p   2v                    ENDIF
        124     2   p   2        1101     CONTINUE
        125     1   p            1100 CONTINUE
        126                     C
        127                     #ifdef cputime
        128                           TBUF2 = MPI_WTIME()
        129                           DTCPU=TBUF2-TBUF1
        130                           DTLAPA=DTLAPA+DTCPU
        131                           DTLAPR=DTLAPR+DTCPU*DTCPU
        132                     #endif
        133                     C
        134                           RETURN
        135                           END

 Diagnostic messages: program name(MULTI_CALLAP)
   jwd2006i-i  "multi_callap.f", line 13: この名前'FLE'は、宣言だけされていて引用されていません。
   jwd2006i-i  "multi_callap.f", line 13: この名前'FESRC'は、宣言だけされていて引用されていません。
   jwd2008i-i  "multi_callap.f", line 18: この仮引数'JENP'は、副プログラム中で使用されていません。
   jwd2006i-i  "multi_callap.f", line 44: この名前'IP'は、宣言だけされていて引用されていません。
   jwd2006i-i  "multi_callap.f", line 59: この名前'TBUF3'は、宣言だけされていて引用されていません。
   jwd8211o-i  "multi_callap.f", line 110: ループを入れ換えました。(行:111)
   jwd6001s-i  "multi_callap.f", line 110: このDOループをSIMD化しました。(名前:IE)
   jwd8204o-i  "multi_callap.f", line 110: ループにソフトウェアパイプライニングを適用しました。
   jwd8205o-i  "multi_callap.f", line 110: ループの繰返し数が384回以上の時、ソフトウェアパイプライニングを適用したループが実行時に選択されます。
   jwd8211o-i  "multi_callap.f", line 111: ループを入れ換えました。(行:110)
   jwd5001p-i  "multi_callap.f", line 111: このDOループを並列化しました。(名前:IS)
   jwd8211o-i  "multi_callap.f", line 117: ループを入れ換えました。(行:118)
   jwd6001s-i  "multi_callap.f", line 117: このDOループをSIMD化しました。(名前:IE)
   jwd8204o-i  "multi_callap.f", line 117: ループにソフトウェアパイプライニングを適用しました。
   jwd8205o-i  "multi_callap.f", line 117: ループの繰返し数が96回以上の時、ソフトウェアパイプライニングを適用したループが実行時に選択されます。
   jwd8211o-i  "multi_callap.f", line 118: ループを入れ換えました。(行:117)
   jwd5001p-i  "multi_callap.f", line 118: このDOループを並列化しました。(名前:IS)

 Procedure information
   Lines      : 4164
   Statements : 3313
   Stack(byte): 1408
   Prefetch num: 0

 Total information
   Procedures       : 1
   Total lines      : 4164
   Total statements : 3313
   Total stack(byte): 1408
   Total prefetch num: 0

