
 Fujitsu Fortran Version 4.1.0  Tue Apr 28 18:53:35 2020

 Compilation information
   Current directory : /vol0001/g9300001/u93021/09.FFB/2020.04.28a_v630202_from_Yamade/FFB.63.02.02/ver.63.02.02
   Source file       : picsrf.f

 Option information
   Command line options : -Kident_mpi -f2004 -I/home/g9300001/u93021/09.FFB/2020.04.28a_v630202_from_Yamade/FFB.63.02.02/include -I/include/mpi/fujitsu/ -Kvisimpact,ocl,optmsg=2,openmp -Dcputime -DUSE_TIMER -DUSE_BARRIER -Nlst=t -Cpp -Nfjomplib -c -I/opt/FJSVxtclanga/.common/MELI014/include/mpi/fujitsu -I/opt/FJSVxtclanga/.common/MELI014/lib64 -Knointentopt
   Cpp options          : -I/home/g9300001/u93021/09.FFB/2020.04.28a_v630202_from_Yamade/FFB.63.02.02/include -I/include/mpi/fujitsu/ -Dcputime -DUSE_TIMER -DUSE_BARRIER -I/opt/FJSVxtclanga/.common/MELI014/include/mpi/fujitsu -I/opt/FJSVxtclanga/.common/MELI014/lib64 -Dunix -Dlinux -D__FUJITSU -D__FRT_major__=4 -D__FRT_minor__=1 -D__FRT_patchlevel__=0 -D__FRT_version__="4.1.0" -D__aarch64__ -D__unix -D_OPENMP=201511 -D__frt_version=800 -D__ARM_ARCH=8 -D__ARM_FEATURE_SVE -D__ELF__ -D__unix__ -D__linux__ -D__linux -Asystem(unix) -otmp
   Effective options    : -fi -g0 -AE -Fixed -O3 -X08
                          -x0 -xaccept=nomodule_allocatable
                          -KA64FX -KARMV8_3_A -KSVE -Kalign_commons
                          -Kalign_loops -Kassume=noshortloop
                          -Kassume=nomemory_bandwidth
                          -Kassume=notime_saving_compilation -Kauto
                          -Kautoobjstack -Knocalleralloc -Kcmodel=small
                          -Keval -Keval_noconcurrent -Knofenv_access
                          -Kfp_contract -Kfp_relaxed -Kfsimple -Kfz -Khpctag
                          -Kilfunc=procedure -Knointentopt -Klargepage
                          -Kloop_blocking -Kloop_fission
                          -Kloop_nofission_stripmining
                          -Kloop_fission_threshold=50 -Kloop_fusion
                          -Kloop_interchange -Kloop_part_parallel
                          -Kloop_part_simd -Kloop_perfect_nest
                          -Kloop_noversioning -Knolto -Kmfunc=1 -Kocl
                          -Komitfp -Knooptlib_string -Koptmsg=2
                          -Knopc_relative_literal_loads -Kplt -Knopreex
                          -Kprefetch_noconditional -Kprefetch_noindirect
                          -Kprefetch_sequential=auto -Kprefetch_nostride
                          -Kprefetch_cache_level=all -Kprefetch_noinfer
                          -Kprefetch_strong -Kprefetch_strong_L2 -Knopreload
                          -Ksch_post_ra -Ksch_pre_ra -Ksibling_calls
                          -Ksimd=auto -Ksimd_packed_promotion
                          -Ksimd_reduction_product -Ksimd_reg_size=512
                          -Ksimd_nouncounted_loop
                          -Ksimd_use_multiple_structures -Knostriping -Kswp
                          -Kswp_freg_rate=100 -Kswp_ireg_rate=100
                          -Kswp_preg_rate=100 -Ktemparraystack -Kunroll
                          -Knounroll_and_jam -Knozfill
                          -Kopenmp -Kopenmp_noassume_norecurrence
                          -Kopenmp_nocollapse_except_innermost
                          -Kopenmp_noordered_reduction -Knoopenmp_simd
                          -Kthreadsafe -Kparallel -Kparallel_nofp_precision
                          -Knoarray_private -Knodynamic_iteration -Kreduction
                          -Kregion_extension
                          -Nallextput -Nnoalloc_assign
                          -Ncancel_overtime_compilation -Nnocheck_global
                          -Nnocoarray -Nnocompdisp -Nnocopyarg -Nnocoverage
                          -Nfjprof -Nfreealloc -Nf90move -Nnohook_func
                          -Nnohook_time -Nfjomplib -Nline -Nlst -Nlst=p
                          -Nlst=t -Nnomallocfree -Nnoobsfun -Nnoprivatealloc
                          -Nquickdbg=noargchk -Nquickdbg=nosubchk
                          -Nquickdbg=noundef -NRnotrap -Nnorecursive
                          -Nnoreordered_variable_stack -Nrt_notune -Nnosave
                          -Nsetvalue=noheap -Nsetvalue=nostack
                          -Nsetvalue=noscalar -Nsetvalue=noarray
                          -Nsetvalue=nostruct -Nuse_rodata

 External subroutine subprogram "PICSRF"
  (line-no.)(nest)(optimize)
          1                           SUBROUTINE PICSRF(MSURFD,MSURFS,NSURFD,NSURFS,
          2                          *     XSURFD,YSURFD,ZSURFD,
          3                          *     XMINSF,YMINSF,ZMINSF,XMAXSF,YMAXSF,ZMAXSF,
          4                          *     NP,NE,N2,NODE,X,Y,Z,NPBODY,LPBODY,
          5                          *     MPTGT,NPTGT,LPTGT,
          6                          *     LWRK1,WRK,IUT0,IUT6,IERR)
          7                     C
          8                           REAL*4 EPS
          9                           PARAMETER(EPS=1.0E-4)
         10                     C
         11                           INTEGER*4 MSURFD,MSURFS,NSURFS,NP,NE,N2,NPBODY,MPTGT,NPTGT
         12                           INTEGER*4 IUT0,IUT6,IERR
         13                           INTEGER*4 NODE(N2,NE),LPBODY(NPBODY),LPTGT(MPTGT),LWRK1(NP),
         14                          *     NSURFD(MSURFS)
         15                           REAL*4 XSURFD(MSURFD,MSURFS),YSURFD(MSURFD,MSURFS),
         16                          *     ZSURFD(MSURFD,MSURFS),
         17                          *     XMINSF(MSURFS),YMINSF(MSURFS),ZMINSF(MSURFS),
         18                          *     XMAXSF(MSURFS),YMAXSF(MSURFS),ZMAXSF(MSURFS),
         19                          *     X(NP),Y(NP),Z(NP),
         20                          *     WRK(NP)
         21                     C
         22                           WRITE(IUT6,*) "   INITIALIZE"
         23                           WRITE(IUT6,*) "   MPTGT: ", MPTGT
         24                           NPTGT=0
                              <<< Loop-information Start >>>
                              <<<  [PARALLELIZATION]
                              <<<    Standard iteration count: 2000
                              <<<  [OPTIMIZATION]
                              <<<    SIMD(VL: 16)
                              <<<    PREFETCH(HARD) Expected by compiler :
                              <<<      LPTGT
                              <<< Loop-information  End >>>
         25     1  pp   4v            DO 10 IPTGT=1, MPTGT
         26     1   p   4v               LPTGT(IPTGT)=0
         27     1   p   4v       10   CONTINUE
         28                     C
         29                           WRITE(IUT6,*) "  MATCHING"
         30     1                     DO 100 IPBODY=1, NPBODY
         31     1                        IF(MOD(IPBODY,1000).EQ.0)
         32     1                    *        WRITE(IUT6,*) "MATCHING FOR", IPBODY, " / ", NPBODY
         33     1                        IP=LPBODY(IPBODY)
         34     1                        XP=X(IP)
         35     1                        YP=Y(IP)
         36     1                        ZP=Z(IP)
         37     2                        DO 200 ISURFS=1, NSURFS
         38     2                           XMIN=XMINSF(ISURFS)-EPS
         39     2                           YMIN=YMINSF(ISURFS)-EPS
         40     2                           ZMIN=ZMINSF(ISURFS)-EPS
         41     2                           XMAX=XMAXSF(ISURFS)+EPS
         42     2                           YMAX=YMAXSF(ISURFS)+EPS
         43     2                           ZMAX=ZMAXSF(ISURFS)+EPS
         44     2                           NSD=NSURFD(ISURFS)
         45     2                           IF(XP.GE.XMIN.AND.XP.LE.XMAX.AND.
         46     2                    *         YP.GE.YMIN.AND.YP.LE.YMAX.AND.
         47     2                    *         ZP.GE.ZMIN.AND.ZP.LE.ZMAX)
         48     2                    *           GOTO 210
         49     2                           GOTO 200
         50     2                210        CONTINUE
                              <<< Loop-information Start >>>
                              <<<  [OPTIMIZATION]
                              <<<    PREFETCH(HARD) Expected by compiler :
                              <<<      XSURFD, YSURFD, ZSURFD
                              <<< Loop-information  End >>>
         51     3                           DO 300 ISURFD=1, NSD
         52     3                              XSP=XSURFD(ISURFD,ISURFS)
         53     3                              YSP=YSURFD(ISURFD,ISURFS)
         54     3                              ZSP=ZSURFD(ISURFD,ISURFS)
         55     3               C
         56     3                              XMAX=XSP+EPS
         57     3                              YMAX=YSP+EPS
         58     3                              ZMAX=ZSP+EPS
         59     3               C
         60     3                              XMIN=XSP-EPS
         61     3                              YMIN=YSP-EPS
         62     3                              ZMIN=ZSP-EPS
         63     4                              IF(XP.GE.XMIN.AND.XP.LE.XMAX.AND.
         64     4                    *            YP.GE.YMIN.AND.YP.LE.YMAX.AND.
         65     4                    *            ZP.GE.ZMIN.AND.ZP.LE.ZMAX) THEN
         66     4                                 NPTGT=NPTGT+1
         67     4                                 IF(NPTGT.GT.MPTGT) GOTO 9000
         68     4                                 LPTGT(NPTGT)=IP
         69     4                                 GOTO 100
         70     4                              ENDIF
         71     3                300        CONTINUE
         72     2                200     CONTINUE
         73     1                100  CONTINUE
         74                     C
         75                           WRITE(IUT6,*) "NPTGT", NPTGT
         76                           RETURN
         77                     C
         78                      9000 CONTINUE
         79                           WRITE(IUT0,*) "PICSRF: NPTGT EXCEEDS LIMIT MPTGT"
         80                           IERR=1
         81                           RETURN
         82                     C
         83                           END

 Diagnostic messages: program name(PICSRF)
   jwd2008i-i  "picsrf.f", line 13: この仮引数'LWRK1'は、副プログラム中で使用されていません。
   jwd2008i-i  "picsrf.f", line 13: この仮引数'NODE'は、副プログラム中で使用されていません。
   jwd2008i-i  "picsrf.f", line 15: この仮引数'WRK'は、副プログラム中で使用されていません。
   jwd5001p-i  "picsrf.f", line 25: このDOループを並列化しました。(名前:IPTGT)
   jwd6001s-i  "picsrf.f", line 25: このDOループをSIMD化しました。(名前:IPTGT)
   jwd8663o-i  "picsrf.f", line 25: ソフトウェアパイプライニングの効果がないループと判断したため、ソフトウェアパイプライニングを抑止しました。
   jwd8202o-i  "picsrf.f", line 25: ループを展開数4回でアンローリングしました。
   jwd5131p-i  "picsrf.f", line 30: ループ出口が2つ以上あるため、このDOループは並列化できません。
   jwd5131p-i  "picsrf.f", line 37: ループ出口が2つ以上あるため、このDOループは並列化できません。
   jwd5131p-i  "picsrf.f", line 51: ループ出口が2つ以上あるため、このDOループは並列化できません。
   jwd6131s-i  "picsrf.f", line 51: ループ出口が2つ以上あるため、このDOループはSIMD化できません。
   jwd8671o-i  "picsrf.f", line 51: ループの形状が最適化の対象外であるため、ソフトウェアパイプライニングを適用できません。

 Procedure information
   Lines      : 83
   Statements : 57
   Stack(byte): 1616
   Prefetch num: 0

 Total information
   Procedures       : 1
   Total lines      : 83
   Total statements : 57
   Total stack(byte): 1616
   Total prefetch num: 0

