
 Fujitsu Fortran Version 4.1.0  Tue Apr 28 18:53:35 2020

 Compilation information
   Current directory : /vol0001/g9300001/u93021/09.FFB/2020.04.28a_v630202_from_Yamade/FFB.63.02.02/ver.63.02.02
   Source file       : rdsurf.f

 Option information
   Command line options : -Kident_mpi -f2004 -I/home/g9300001/u93021/09.FFB/2020.04.28a_v630202_from_Yamade/FFB.63.02.02/include -I/include/mpi/fujitsu/ -Kvisimpact,ocl,optmsg=2,openmp -Dcputime -DUSE_TIMER -DUSE_BARRIER -Nlst=t -Cpp -Nfjomplib -c -I/opt/FJSVxtclanga/.common/MELI014/include/mpi/fujitsu -I/opt/FJSVxtclanga/.common/MELI014/lib64 -Knointentopt
   Cpp options          : -I/home/g9300001/u93021/09.FFB/2020.04.28a_v630202_from_Yamade/FFB.63.02.02/include -I/include/mpi/fujitsu/ -Dcputime -DUSE_TIMER -DUSE_BARRIER -I/opt/FJSVxtclanga/.common/MELI014/include/mpi/fujitsu -I/opt/FJSVxtclanga/.common/MELI014/lib64 -Dunix -Dlinux -D__FUJITSU -D__FRT_major__=4 -D__FRT_minor__=1 -D__FRT_patchlevel__=0 -D__FRT_version__="4.1.0" -D__aarch64__ -D__unix -D_OPENMP=201511 -D__frt_version=800 -D__ARM_ARCH=8 -D__ARM_FEATURE_SVE -D__ELF__ -D__unix__ -D__linux__ -D__linux -Asystem(unix) -otmp
   Effective options    : -fi -g0 -AE -Fixed -O3 -X08
                          -x0 -xaccept=nomodule_allocatable
                          -KA64FX -KARMV8_3_A -KSVE -Kalign_commons
                          -Kalign_loops -Kassume=noshortloop
                          -Kassume=nomemory_bandwidth
                          -Kassume=notime_saving_compilation -Kauto
                          -Kautoobjstack -Knocalleralloc -Kcmodel=small
                          -Keval -Keval_noconcurrent -Knofenv_access
                          -Kfp_contract -Kfp_relaxed -Kfsimple -Kfz -Khpctag
                          -Kilfunc=procedure -Knointentopt -Klargepage
                          -Kloop_blocking -Kloop_fission
                          -Kloop_nofission_stripmining
                          -Kloop_fission_threshold=50 -Kloop_fusion
                          -Kloop_interchange -Kloop_part_parallel
                          -Kloop_part_simd -Kloop_perfect_nest
                          -Kloop_noversioning -Knolto -Kmfunc=1 -Kocl
                          -Komitfp -Knooptlib_string -Koptmsg=2
                          -Knopc_relative_literal_loads -Kplt -Knopreex
                          -Kprefetch_noconditional -Kprefetch_noindirect
                          -Kprefetch_sequential=auto -Kprefetch_nostride
                          -Kprefetch_cache_level=all -Kprefetch_noinfer
                          -Kprefetch_strong -Kprefetch_strong_L2 -Knopreload
                          -Ksch_post_ra -Ksch_pre_ra -Ksibling_calls
                          -Ksimd=auto -Ksimd_packed_promotion
                          -Ksimd_reduction_product -Ksimd_reg_size=512
                          -Ksimd_nouncounted_loop
                          -Ksimd_use_multiple_structures -Knostriping -Kswp
                          -Kswp_freg_rate=100 -Kswp_ireg_rate=100
                          -Kswp_preg_rate=100 -Ktemparraystack -Kunroll
                          -Knounroll_and_jam -Knozfill
                          -Kopenmp -Kopenmp_noassume_norecurrence
                          -Kopenmp_nocollapse_except_innermost
                          -Kopenmp_noordered_reduction -Knoopenmp_simd
                          -Kthreadsafe -Kparallel -Kparallel_nofp_precision
                          -Knoarray_private -Knodynamic_iteration -Kreduction
                          -Kregion_extension
                          -Nallextput -Nnoalloc_assign
                          -Ncancel_overtime_compilation -Nnocheck_global
                          -Nnocoarray -Nnocompdisp -Nnocopyarg -Nnocoverage
                          -Nfjprof -Nfreealloc -Nf90move -Nnohook_func
                          -Nnohook_time -Nfjomplib -Nline -Nlst -Nlst=p
                          -Nlst=t -Nnomallocfree -Nnoobsfun -Nnoprivatealloc
                          -Nquickdbg=noargchk -Nquickdbg=nosubchk
                          -Nquickdbg=noundef -NRnotrap -Nnorecursive
                          -Nnoreordered_variable_stack -Nrt_notune -Nnosave
                          -Nsetvalue=noheap -Nsetvalue=nostack
                          -Nsetvalue=noscalar -Nsetvalue=noarray
                          -Nsetvalue=nostruct -Nuse_rodata

 External subroutine subprogram "RDSURF"
  (line-no.)(nest)(optimize)
          1                           SUBROUTINE RDSURF(IUT0,IUT6,IUTSF,FILESF,
          2                          *     MCOMFL,NCOMFL,CCOMFL,MCOMST,NCOMST,CCOMST,
          3                          *     MSURFD,MSURFS,NSURFD,NSURFS,XSURFD,YSURFD,ZSURFD,
          4                          *     XMINSF,YMINSF,ZMINSF,XMAXSF,YMAXSF,ZMAXSF)
          5                     C
          6                           IMPLICIT NONE
          7                           INTEGER ISURF,IPSURF
          8                           INTEGER*4 IUT0,IUT6,IUTSF,NX,NY,NZ,
          9                          *     MCOMFL,NCOMFL,MCOMST,NCOMST,
         10                          *     MSURFD,MSURFS
         11                           REAL*4 XMINSF(MSURFS),YMINSF(MSURFS),ZMINSF(MSURFS),
         12                          *     XMAXSF(MSURFS),YMAXSF(MSURFS),ZMAXSF(MSURFS),
         13                          *     XSURFD(MSURFD,MSURFS),YSURFD(MSURFD,MSURFS),
         14                          *     ZSURFD(MSURFD,MSURFS),
         15                          *     XMIN,YMIN,ZMIN,XMAX,YMAX,ZMAX,
         16                          *     XBUF,YBUF,ZBUF
         17                           CHARACTER*60 CCOMFL(MCOMFL),CCOMST(MCOMFL)
         18                           CHARACTER*20 FILESF
         19                           INTEGER*4 NSURFD(MSURFS),NSURFS
         20                     C
         21                           OPEN(IUTSF,FILE=FILESF)
         22                           READ(IUTSF,*) NSURFS
         23                           WRITE(IUT6,*) "READING ", NSURFS, "SURFACE DOMAINS"
         24                     C
                              <<< Loop-information Start >>>
                              <<<  [OPTIMIZATION]
                              <<<    PREFETCH(HARD) Expected by compiler :
                              <<<      NSURFD
                              <<<    SPILLS :
                              <<<      GENERAL   : SPILL 0  FILL 5
                              <<<      SIMD&FP   : SPILL 0  FILL 0
                              <<<      SCALABLE  : SPILL 0  FILL 0
                              <<<      PREDICATE : SPILL 0  FILL 0
                              <<< Loop-information  End >>>
         25     1   s    s            DO 100 ISURF=1, NSURFS
         26     1   m    s               READ(IUTSF,*) NX,NY
         27     1   m    m               WRITE(IUT6,*) "SURFACE DOMAIN", ISURF
         28     1   m    s               WRITE(IUT6,*) "    ", NX, " x ", NY
         29     1   s    s               NSURFD(ISURF)=NX*NY
         30     1   p    v       100  CONTINUE
         31                     C
         32     1                     DO 200 ISURF=1, NSURFS
         33     1                        XMIN=1E+10
         34     1                        YMIN=1E+10
         35     1                        ZMIN=1E+10
         36     1                        XMAX=-1E+10
         37     1                        YMAX=-1E+10
         38     1                        ZMAX=-1E+10
                              <<< Loop-information Start >>>
                              <<<  [OPTIMIZATION]
                              <<<    PREFETCH(HARD) Expected by compiler :
                              <<<      XSURFD, YSURFD, ZSURFD
                              <<<    SPILLS :
                              <<<      GENERAL   : SPILL 0  FILL 2
                              <<<      SIMD&FP   : SPILL 0  FILL 0
                              <<<      SCALABLE  : SPILL 0  FILL 0
                              <<<      PREDICATE : SPILL 0  FILL 0
                              <<< Loop-information  End >>>
         39     2   s    s               DO 210 IPSURF=1, NSURFD(ISURF)
         40     2   m    s                  READ(IUTSF,*) XBUF, YBUF, ZBUF
         41     2               C
         42     2   s    s                  IF(XMIN.GT.XBUF) XMIN=XBUF
         43     2   m    s                  IF(XMAX.LT.XBUF) XMAX=XBUF
         44     2   m    s                  XSURFD(IPSURF,ISURF)=XBUF
         45     2               C
         46     2   s    s                  IF(YMIN.GT.YBUF) YMIN=YBUF
         47     2   m    s                  IF(YMAX.LT.YBUF) YMAX=YBUF
         48     2   m    s                  YSURFD(IPSURF,ISURF)=YBUF
         49     2               C
         50     2   s    s                  IF(ZMIN.GT.ZBUF) ZMIN=ZBUF
         51     2   m    s                  IF(ZMAX.LT.ZBUF) ZMAX=ZBUF
         52     2   m    s                  ZSURFD(IPSURF,ISURF)=ZBUF
         53     2   p    s       210     CONTINUE
         54     1                        XMAXSF(ISURF)=XMAX
         55     1                        XMINSF(ISURF)=XMIN
         56     1                        YMAXSF(ISURF)=YMAX
         57     1                        YMINSF(ISURF)=YMIN
         58     1                        ZMAXSF(ISURF)=ZMAX
         59     1                        ZMINSF(ISURF)=ZMIN
         60     1                        WRITE(IUT6,*) "READ ", NSURFD(ISURF), " SURFACE-DOMAIN FACES"
         61     1                        WRITE(IUT6,*) "BOUNDING BOX: ", XMAX, YMAX, ZMAX
         62     1                        WRITE(IUT6,*) "BOUNDING BOX: ", XMIN, YMIN, ZMIN
         63     1                200  CONTINUE
         64                     C
         65                           CLOSE(IUTSF)
         66                     C
         67                           RETURN
         68                           END

 Diagnostic messages: program name(RDSURF)
   jwd2008i-i  "rdsurf.f", line 1: この仮引数'NCOMST'は、副プログラム中で使用されていません。
   jwd2008i-i  "rdsurf.f", line 1: この仮引数'MCOMST'は、副プログラム中で使用されていません。
   jwd2008i-i  "rdsurf.f", line 1: この仮引数'NCOMFL'は、副プログラム中で使用されていません。
   jwd2008i-i  "rdsurf.f", line 1: この仮引数'IUT0'は、副プログラム中で使用されていません。
   jwd2006i-i  "rdsurf.f", line 8: この名前'NZ'は、宣言だけされていて引用されていません。
   jwd2008i-i  "rdsurf.f", line 17: この仮引数'CCOMST'は、副プログラム中で使用されていません。
   jwd2008i-i  "rdsurf.f", line 17: この仮引数'CCOMFL'は、副プログラム中で使用されていません。
   jwd5302p-i  "rdsurf.f", line 25: 部分的な並列化による性能向上が得られない可能性があるため、このDOループの並列化を抑止しました。
   jwd6302s-i  "rdsurf.f", line 25: 部分的なSIMD化による性能向上が得られない可能性があるため、このDOループのSIMD化を抑止しました。
   jwd8664o-i  "rdsurf.f", line 25: ループ内に関数呼出しなどの最適化対象外の命令があるため、ソフトウェアパイプライニングを適用できません。
   jwd5208p-i  "rdsurf.f", line 26: 定義引用の順序が分からないため、定義引用順序が逐次実行と異なる可能性があり、このDOループは並列化できません。(名前:NY)
   jwd5208p-i  "rdsurf.f", line 26: 定義引用の順序が分からないため、定義引用順序が逐次実行と異なる可能性があり、このDOループは並列化できません。(名前:NX)
   jwd5121p-i  "rdsurf.f", line 26: DOループ内に、自動並列化の制約となる入出力文が存在します。
   jwd6208s-i  "rdsurf.f", line 26: 定義引用の順序が分からないため、定義引用順序が逐次実行と異なる可能性があり、このDOループはSIMD化できません。(名前:NY)
   jwd6208s-i  "rdsurf.f", line 26: 定義引用の順序が分からないため、定義引用順序が逐次実行と異なる可能性があり、このDOループはSIMD化できません。(名前:NX)
   jwd6121s-i  "rdsurf.f", line 26: DOループ内に、SIMD化の制約となる入出力文が存在します。
   jwd5121p-i  "rdsurf.f", line 27: DOループ内に、自動並列化の制約となる入出力文が存在します。
   jwd6121s-i  "rdsurf.f", line 27: DOループ内に、SIMD化の制約となる入出力文が存在します。
   jwd5121p-i  "rdsurf.f", line 28: DOループ内に、自動並列化の制約となる入出力文が存在します。
   jwd6121s-i  "rdsurf.f", line 28: DOループ内に、SIMD化の制約となる入出力文が存在します。
   jwd5121p-i  "rdsurf.f", line 32: DOループ内に、自動並列化の制約となる入出力文が存在します。
   jwd5302p-i  "rdsurf.f", line 39: 部分的な並列化による性能向上が得られない可能性があるため、このDOループの並列化を抑止しました。
   jwd6229s-i  "rdsurf.f", line 39: IF文が存在するため、このDOループのSIMD化を抑止しました。
   jwd8664o-i  "rdsurf.f", line 39: ループ内に関数呼出しなどの最適化対象外の命令があるため、ソフトウェアパイプライニングを適用できません。
   jwd5208p-i  "rdsurf.f", line 40: 定義引用の順序が分からないため、定義引用順序が逐次実行と異なる可能性があり、このDOループは並列化できません。(名前:ZBUF)
   jwd5208p-i  "rdsurf.f", line 40: 定義引用の順序が分からないため、定義引用順序が逐次実行と異なる可能性があり、このDOループは並列化できません。(名前:YBUF)
   jwd5208p-i  "rdsurf.f", line 40: 定義引用の順序が分からないため、定義引用順序が逐次実行と異なる可能性があり、このDOループは並列化できません。(名前:XBUF)
   jwd5121p-i  "rdsurf.f", line 40: DOループ内に、自動並列化の制約となる入出力文が存在します。
   jwd6208s-i  "rdsurf.f", line 40: 定義引用の順序が分からないため、定義引用順序が逐次実行と異なる可能性があり、このDOループはSIMD化できません。(名前:ZBUF)
   jwd6208s-i  "rdsurf.f", line 40: 定義引用の順序が分からないため、定義引用順序が逐次実行と異なる可能性があり、このDOループはSIMD化できません。(名前:YBUF)
   jwd6208s-i  "rdsurf.f", line 40: 定義引用の順序が分からないため、定義引用順序が逐次実行と異なる可能性があり、このDOループはSIMD化できません。(名前:XBUF)
   jwd6121s-i  "rdsurf.f", line 40: DOループ内に、SIMD化の制約となる入出力文が存在します。
   jwd5202p-i  "rdsurf.f", line 42: データの定義引用の順序が逐次実行と異なるため、このDOループは並列化できません。(名前:XMIN)
   jwd6202s-i  "rdsurf.f", line 42: データの定義引用の順序が逐次実行と異なるため、このDOループはSIMD化できません。(名前:XMIN)
   jwd5202p-i  "rdsurf.f", line 43: データの定義引用の順序が逐次実行と異なるため、このDOループは並列化できません。(名前:XMAX)
   jwd6202s-i  "rdsurf.f", line 43: データの定義引用の順序が逐次実行と異なるため、このDOループはSIMD化できません。(名前:XMAX)
   jwd5202p-i  "rdsurf.f", line 46: データの定義引用の順序が逐次実行と異なるため、このDOループは並列化できません。(名前:YMIN)
   jwd6202s-i  "rdsurf.f", line 46: データの定義引用の順序が逐次実行と異なるため、このDOループはSIMD化できません。(名前:YMIN)
   jwd5202p-i  "rdsurf.f", line 47: データの定義引用の順序が逐次実行と異なるため、このDOループは並列化できません。(名前:YMAX)
   jwd6202s-i  "rdsurf.f", line 47: データの定義引用の順序が逐次実行と異なるため、このDOループはSIMD化できません。(名前:YMAX)
   jwd5202p-i  "rdsurf.f", line 50: データの定義引用の順序が逐次実行と異なるため、このDOループは並列化できません。(名前:ZMIN)
   jwd6202s-i  "rdsurf.f", line 50: データの定義引用の順序が逐次実行と異なるため、このDOループはSIMD化できません。(名前:ZMIN)
   jwd5202p-i  "rdsurf.f", line 51: データの定義引用の順序が逐次実行と異なるため、このDOループは並列化できません。(名前:ZMAX)
   jwd6202s-i  "rdsurf.f", line 51: データの定義引用の順序が逐次実行と異なるため、このDOループはSIMD化できません。(名前:ZMAX)

 Procedure information
   Lines      : 68
   Statements : 49
   Stack(byte): 2480
   Prefetch num: 0

 Total information
   Procedures       : 1
   Total lines      : 68
   Total statements : 49
   Total stack(byte): 2480
   Total prefetch num: 0

