
 Fujitsu Fortran Version 4.1.0  Tue Apr 28 18:53:19 2020

 Compilation information
   Current directory : /vol0001/g9300001/u93021/09.FFB/2020.04.28a_v630202_from_Yamade/FFB.63.02.02/ver.63.02.02
   Source file       : relaxm.f

 Option information
   Command line options : -Kident_mpi -f2004 -I/home/g9300001/u93021/09.FFB/2020.04.28a_v630202_from_Yamade/FFB.63.02.02/include -I/include/mpi/fujitsu/ -Kvisimpact,ocl,optmsg=2,openmp -Dcputime -DUSE_TIMER -DUSE_BARRIER -Nlst=t -Cpp -Nfjomplib -c -I/opt/FJSVxtclanga/.common/MELI014/include/mpi/fujitsu -I/opt/FJSVxtclanga/.common/MELI014/lib64 -Knointentopt
   Cpp options          : -I/home/g9300001/u93021/09.FFB/2020.04.28a_v630202_from_Yamade/FFB.63.02.02/include -I/include/mpi/fujitsu/ -Dcputime -DUSE_TIMER -DUSE_BARRIER -I/opt/FJSVxtclanga/.common/MELI014/include/mpi/fujitsu -I/opt/FJSVxtclanga/.common/MELI014/lib64 -Dunix -Dlinux -D__FUJITSU -D__FRT_major__=4 -D__FRT_minor__=1 -D__FRT_patchlevel__=0 -D__FRT_version__="4.1.0" -D__aarch64__ -D__unix -D_OPENMP=201511 -D__frt_version=800 -D__ARM_ARCH=8 -D__ARM_FEATURE_SVE -D__ELF__ -D__unix__ -D__linux__ -D__linux -Asystem(unix) -otmp
   Effective options    : -fi -g0 -AE -Fixed -O3 -X08
                          -x0 -xaccept=nomodule_allocatable
                          -KA64FX -KARMV8_3_A -KSVE -Kalign_commons
                          -Kalign_loops -Kassume=noshortloop
                          -Kassume=nomemory_bandwidth
                          -Kassume=notime_saving_compilation -Kauto
                          -Kautoobjstack -Knocalleralloc -Kcmodel=small
                          -Keval -Keval_noconcurrent -Knofenv_access
                          -Kfp_contract -Kfp_relaxed -Kfsimple -Kfz -Khpctag
                          -Kilfunc=procedure -Knointentopt -Klargepage
                          -Kloop_blocking -Kloop_fission
                          -Kloop_nofission_stripmining
                          -Kloop_fission_threshold=50 -Kloop_fusion
                          -Kloop_interchange -Kloop_part_parallel
                          -Kloop_part_simd -Kloop_perfect_nest
                          -Kloop_noversioning -Knolto -Kmfunc=1 -Kocl
                          -Komitfp -Knooptlib_string -Koptmsg=2
                          -Knopc_relative_literal_loads -Kplt -Knopreex
                          -Kprefetch_noconditional -Kprefetch_noindirect
                          -Kprefetch_sequential=auto -Kprefetch_nostride
                          -Kprefetch_cache_level=all -Kprefetch_noinfer
                          -Kprefetch_strong -Kprefetch_strong_L2 -Knopreload
                          -Ksch_post_ra -Ksch_pre_ra -Ksibling_calls
                          -Ksimd=auto -Ksimd_packed_promotion
                          -Ksimd_reduction_product -Ksimd_reg_size=512
                          -Ksimd_nouncounted_loop
                          -Ksimd_use_multiple_structures -Knostriping -Kswp
                          -Kswp_freg_rate=100 -Kswp_ireg_rate=100
                          -Kswp_preg_rate=100 -Ktemparraystack -Kunroll
                          -Knounroll_and_jam -Knozfill
                          -Kopenmp -Kopenmp_noassume_norecurrence
                          -Kopenmp_nocollapse_except_innermost
                          -Kopenmp_noordered_reduction -Knoopenmp_simd
                          -Kthreadsafe -Kparallel -Kparallel_nofp_precision
                          -Knoarray_private -Knodynamic_iteration -Kreduction
                          -Kregion_extension
                          -Nallextput -Nnoalloc_assign
                          -Ncancel_overtime_compilation -Nnocheck_global
                          -Nnocoarray -Nnocompdisp -Nnocopyarg -Nnocoverage
                          -Nfjprof -Nfreealloc -Nf90move -Nnohook_func
                          -Nnohook_time -Nfjomplib -Nline -Nlst -Nlst=p
                          -Nlst=t -Nnomallocfree -Nnoobsfun -Nnoprivatealloc
                          -Nquickdbg=noargchk -Nquickdbg=nosubchk
                          -Nquickdbg=noundef -NRnotrap -Nnorecursive
                          -Nnoreordered_variable_stack -Nrt_notune -Nnosave
                          -Nsetvalue=noheap -Nsetvalue=nostack
                          -Nsetvalue=noscalar -Nsetvalue=noarray
                          -Nsetvalue=nostruct -Nuse_rodata

 External subroutine subprogram "RELAXM"
  (line-no.)(nest)(optimize)
          1                     C=======================================================================
          2                           SUBROUTINE RELAXM(IPART,A,ALPHA,NP,NCRS,IPCRS,NPP,AR,
          3                          *                  IUT0,IERR,NUMIP,WEIGHT)
          4                     C=======================================================================
          5                           IMPLICIT NONE
          6                           INTEGER IDIAG,NP,NCRS,NE,N
          7                           REAL*4  A(NCRS), AR(NP), ALPHA
          8                           INTEGER IPCRS(NCRS), NPP(NP), NUMIP(NP)
          9                           INTEGER IP, K, ICRS, IP2
         10                           REAL*4  BUF, BUFMAX, BUFSUM, TMPBUF,WEIGHT(NP)
         11                           INTEGER MAXBUF,ICRDIA
         12                     C
         13                           INTEGER IPART,LDOM,NBPDOM,NDOM,IPSLF,IPSND,MBPDOM
         14                     C
         15                           INTEGER IDUM,ICRDIG
         16                           INTEGER IUT0,IERR
         17                     C
         18                     C [INPUT]
         19                     C IDIAG : FLAG FOR DIAGONAL TERM (0:MAX, 1:SUMMATION)
         20                     C
         21                           CHARACTER*60 ERMSGC
         22                          & /' ## SUBROUTINE RELAXM: FATAL      ERROR REPORT   ; RETURNED'/
         23                     C
         24                           IERR=0
         25                     C
                              <<< Loop-information Start >>>
                              <<<  [PARALLELIZATION]
                              <<<    Standard iteration count: 552
                              <<<  [OPTIMIZATION]
                              <<<    SIMD(VL: 16)
                              <<<    SOFTWARE PIPELINING(IPC: 2.50, ITR: 352, MVE: 3)
                              <<<    PREFETCH(HARD) Expected by compiler :
                              <<<      NUMIP, WEIGHT
                              <<< Loop-information  End >>>
         26     1  pp   2v            DO 1100 IP = 1 , NP
         27     1   p   2v                WEIGHT(IP) = 1.E0/(FLOAT(NUMIP(IP))+1.E0)
         28     1   p   2v       1100 CONTINUE
         29                     C
         30                           ICRS=0
         31     1                     DO 110 IP=1,NP
         32     1                         ICRDIA = 0
         33     1                         BUFMAX = 0.0E0
         34     1                         BUFSUM = 0.0E0
         35     1               C
                              <<< Loop-information Start >>>
                              <<<  [PARALLELIZATION]
                              <<<    Standard iteration count: 942
                              <<<  [OPTIMIZATION]
                              <<<    SIMD(VL: 16)
                              <<< Loop-information  End >>>
         36     2  pp    v                DO 100 K=1,NPP(IP)
         37     2   p    v                    ICRS = ICRS+1
         38     2   p    v                    IP2 = IPCRS(ICRS)
         39     2               C
         40     3   p    v                    IF(IP.EQ.IP2) THEN
         41     3   p    v                        ICRDIA = ICRS
         42     3   p    v                    ENDIF
         43     2   p    v        100     CONTINUE
         44     1               C          A(ICRDIA) = AR(IP)*WEIGHT(IP)
         45     1                         IF(ICRDIA.NE.0) A(ICRDIA) = AR(IP)
         46     1               C          A(ICRDIA) = AR(IP)
         47     1                 110 CONTINUE
         48                     C
         49                           RETURN
         50                           END

 Diagnostic messages: program name(RELAXM)
   jwd2008i-i  "relaxm.f", line 2: この仮引数'IUT0'は、副プログラム中で使用されていません。
   jwd2008i-i  "relaxm.f", line 2: この仮引数'ALPHA'は、副プログラム中で使用されていません。
   jwd2008i-i  "relaxm.f", line 2: この仮引数'IPART'は、副プログラム中で使用されていません。
   jwd2006i-i  "relaxm.f", line 6: この名前'N'は、宣言だけされていて引用されていません。
   jwd2006i-i  "relaxm.f", line 6: この名前'NE'は、宣言だけされていて引用されていません。
   jwd2006i-i  "relaxm.f", line 6: この名前'IDIAG'は、宣言だけされていて引用されていません。
   jwd2006i-i  "relaxm.f", line 10: この名前'TMPBUF'は、宣言だけされていて引用されていません。
   jwd2006i-i  "relaxm.f", line 10: この名前'BUF'は、宣言だけされていて引用されていません。
   jwd2006i-i  "relaxm.f", line 11: この名前'MAXBUF'は、宣言だけされていて引用されていません。
   jwd2006i-i  "relaxm.f", line 13: この名前'MBPDOM'は、宣言だけされていて引用されていません。
   jwd2006i-i  "relaxm.f", line 13: この名前'IPSND'は、宣言だけされていて引用されていません。
   jwd2006i-i  "relaxm.f", line 13: この名前'IPSLF'は、宣言だけされていて引用されていません。
   jwd2006i-i  "relaxm.f", line 13: この名前'NDOM'は、宣言だけされていて引用されていません。
   jwd2006i-i  "relaxm.f", line 13: この名前'NBPDOM'は、宣言だけされていて引用されていません。
   jwd2006i-i  "relaxm.f", line 13: この名前'LDOM'は、宣言だけされていて引用されていません。
   jwd2006i-i  "relaxm.f", line 15: この名前'ICRDIG'は、宣言だけされていて引用されていません。
   jwd2006i-i  "relaxm.f", line 15: この名前'IDUM'は、宣言だけされていて引用されていません。
   jwd5001p-i  "relaxm.f", line 26: このDOループを並列化しました。(名前:IP)
   jwd6001s-i  "relaxm.f", line 26: このDOループをSIMD化しました。(名前:IP)
   jwd8204o-i  "relaxm.f", line 26: ループにソフトウェアパイプライニングを適用しました。
   jwd8205o-i  "relaxm.f", line 26: ループの繰返し数が352回以上の時、ソフトウェアパイプライニングを適用したループが実行時に選択されます。
   jwd5202p-i  "relaxm.f", line 31: データの定義引用の順序が逐次実行と異なるため、このDOループは並列化できません。(名前:ICRS)
   jwd5208p-i  "relaxm.f", line 31: 定義引用の順序が分からないため、定義引用順序が逐次実行と異なる可能性があり、このDOループは並列化できません。(名前:A)
   jwd5001p-i  "relaxm.f", line 36: このDOループを並列化しました。(名前:K)
   jwd6001s-i  "relaxm.f", line 36: このDOループをSIMD化しました。(名前:K)

 Procedure information
   Lines      : 50
   Statements : 32
   Stack(byte): 27808
   Prefetch num: 0

 Total information
   Procedures       : 1
   Total lines      : 50
   Total statements : 32
   Total stack(byte): 27808
   Total prefetch num: 0

