
 Fujitsu Fortran Version 4.1.0  Tue Apr 28 18:53:20 2020

 Compilation information
   Current directory : /vol0001/g9300001/u93021/09.FFB/2020.04.28a_v630202_from_Yamade/FFB.63.02.02/ver.63.02.02
   Source file       : rfname.f

 Option information
   Command line options : -Kident_mpi -f2004 -I/home/g9300001/u93021/09.FFB/2020.04.28a_v630202_from_Yamade/FFB.63.02.02/include -I/include/mpi/fujitsu/ -Kvisimpact,ocl,optmsg=2,openmp -Dcputime -DUSE_TIMER -DUSE_BARRIER -Nlst=t -Cpp -Nfjomplib -c -I/opt/FJSVxtclanga/.common/MELI014/include/mpi/fujitsu -I/opt/FJSVxtclanga/.common/MELI014/lib64 -Knointentopt
   Cpp options          : -I/home/g9300001/u93021/09.FFB/2020.04.28a_v630202_from_Yamade/FFB.63.02.02/include -I/include/mpi/fujitsu/ -Dcputime -DUSE_TIMER -DUSE_BARRIER -I/opt/FJSVxtclanga/.common/MELI014/include/mpi/fujitsu -I/opt/FJSVxtclanga/.common/MELI014/lib64 -Dunix -Dlinux -D__FUJITSU -D__FRT_major__=4 -D__FRT_minor__=1 -D__FRT_patchlevel__=0 -D__FRT_version__="4.1.0" -D__aarch64__ -D__unix -D_OPENMP=201511 -D__frt_version=800 -D__ARM_ARCH=8 -D__ARM_FEATURE_SVE -D__ELF__ -D__unix__ -D__linux__ -D__linux -Asystem(unix) -otmp
   Effective options    : -fi -g0 -AE -Fixed -O3 -X08
                          -x0 -xaccept=nomodule_allocatable
                          -KA64FX -KARMV8_3_A -KSVE -Kalign_commons
                          -Kalign_loops -Kassume=noshortloop
                          -Kassume=nomemory_bandwidth
                          -Kassume=notime_saving_compilation -Kauto
                          -Kautoobjstack -Knocalleralloc -Kcmodel=small
                          -Keval -Keval_noconcurrent -Knofenv_access
                          -Kfp_contract -Kfp_relaxed -Kfsimple -Kfz -Khpctag
                          -Kilfunc=procedure -Knointentopt -Klargepage
                          -Kloop_blocking -Kloop_fission
                          -Kloop_nofission_stripmining
                          -Kloop_fission_threshold=50 -Kloop_fusion
                          -Kloop_interchange -Kloop_part_parallel
                          -Kloop_part_simd -Kloop_perfect_nest
                          -Kloop_noversioning -Knolto -Kmfunc=1 -Kocl
                          -Komitfp -Knooptlib_string -Koptmsg=2
                          -Knopc_relative_literal_loads -Kplt -Knopreex
                          -Kprefetch_noconditional -Kprefetch_noindirect
                          -Kprefetch_sequential=auto -Kprefetch_nostride
                          -Kprefetch_cache_level=all -Kprefetch_noinfer
                          -Kprefetch_strong -Kprefetch_strong_L2 -Knopreload
                          -Ksch_post_ra -Ksch_pre_ra -Ksibling_calls
                          -Ksimd=auto -Ksimd_packed_promotion
                          -Ksimd_reduction_product -Ksimd_reg_size=512
                          -Ksimd_nouncounted_loop
                          -Ksimd_use_multiple_structures -Knostriping -Kswp
                          -Kswp_freg_rate=100 -Kswp_ireg_rate=100
                          -Kswp_preg_rate=100 -Ktemparraystack -Kunroll
                          -Knounroll_and_jam -Knozfill
                          -Kopenmp -Kopenmp_noassume_norecurrence
                          -Kopenmp_nocollapse_except_innermost
                          -Kopenmp_noordered_reduction -Knoopenmp_simd
                          -Kthreadsafe -Kparallel -Kparallel_nofp_precision
                          -Knoarray_private -Knodynamic_iteration -Kreduction
                          -Kregion_extension
                          -Nallextput -Nnoalloc_assign
                          -Ncancel_overtime_compilation -Nnocheck_global
                          -Nnocoarray -Nnocompdisp -Nnocopyarg -Nnocoverage
                          -Nfjprof -Nfreealloc -Nf90move -Nnohook_func
                          -Nnohook_time -Nfjomplib -Nline -Nlst -Nlst=p
                          -Nlst=t -Nnomallocfree -Nnoobsfun -Nnoprivatealloc
                          -Nquickdbg=noargchk -Nquickdbg=nosubchk
                          -Nquickdbg=noundef -NRnotrap -Nnorecursive
                          -Nnoreordered_variable_stack -Nrt_notune -Nnosave
                          -Nsetvalue=noheap -Nsetvalue=nostack
                          -Nsetvalue=noscalar -Nsetvalue=noarray
                          -Nsetvalue=nostruct -Nuse_rodata

 External subroutine subprogram "RFNAME"
  (line-no.)(nest)(optimize)
          1                     C======================================================================C
          2                     C                                                                      C
          3                     C SOFTWARE NAME : FRONTFLOW_BLUE.8.1                                   C
          4                     C                                                                      C
          5                     C  SUB ROUTINE : RFNAME                                                C
          6                     C                                                                      C
          7                     C                                       WRITTEN BY Y.YAMADE            C
          8                     C                                                                      C
          9                     C                                                                      C
         10                     C CONTACT ADDRESS : IIS, THE UNIVERSITY OF TOKYO, CISS                 C
         11                     C                                                                      C
         12                     C THERMO-FLUID ANALYSIS SOLVERS FOR LARGE-SCALE-ASSEMBLY               C
         13                     C                                                                      C
         14                     C======================================================================C
         15                           SUBROUTINE RFNAME(FILE1,FILE2,IUT0,IERR)
         16                     C
         17                           IMPLICIT NONE
         18                     C
         19                           INTEGER*4    IUT0,IERR
         20                           CHARACTER*60 FILE1,FILE2
         21                     C
         22                           CHARACTER*60 ERMSGB
         23                          & / ' ## SUBROUTINE RFNAME: FATAL      ERROR OCCURENCE; RETURNED' /
         24                           CHARACTER*60 EREXP2
         25                          & / ' LENGTH OF THE PASSED FILE NAME EXCEEDED THE LIMIT OF 58   ' /
         26                     C
         27                           INTEGER*4 ICHAR,NCHAR
         28                     C
         29                     C
         30                     CC    CHARACTER* 6 INDEX
         31                     C
         32                     C
         33                     C      MAKE A FILE NAME FOR A SUB-DOMAIN
         34                     C
         35                     C     ARGUMENT LISTINGS
         36                     C       (1) INPUT
         37                     C          FILE1       ; FILE NAME (IN)
         38                     C           NOTES ; THE LENGTH OF THE GLOBAL-DOMAN FILE NAME MUST BE
         39                     C                  58 OR SHORTER, TO ALLOW SPACE FOR THE SUB-DOMAIN
         40                     C                  INDEX TO BE GENERATED AND ADDED TO THE ORIGINAL
         41                     C                  FILE NAME.
         42                     C
         43                     C       (2) OUTPUT
         44                     C          FILE2       ; FILE NAME (OUT)
         45                     C          IERR        ; RETURN CODE WHOSE VALUE WILL BE EITHER
         46                     C                   0 --- INDICATING SUCCESSFUL TERMINATION
         47                     C                OR 1 --- INDICATING OCCURENCE OF SOME ERROR CONDITIONS
         48                     C
         49                     C
         50                           IERR = 0
         51                     C
         52                     C
         53                     C DETERMINE LENGTH OF THE GLOBAL FILE NAME
         54                     C
         55                     C
         56     1                     DO 10 ICHAR = 1 , 58
         57     2                         IF(FILE1(ICHAR:ICHAR).EQ.' ') THEN
         58     2                             NCHAR = ICHAR-1
         59     2                             GO TO 20
         60     2                         ENDIF
         61     1                  10 CONTINUE
         62                           WRITE(IUT0,*) ERMSGB
         63                           WRITE(IUT0,*) EREXP2
         64                           IERR = 1
         65                           RETURN
         66                     C
         67                        20 CONTINUE
         68                     C
         69                     C
         70                     C ADD GENERATED SUB-DOMAIN INDEX
         71                     C
         72                     C
         73                           FILE2 = FILE1(1:NCHAR)//".R"
         74                     C
         75                     C     NOTE: '//' ARE THE STARTING CHARACTERS OF A COMMENT STATEMENT
         76                     C    IN C++ LANGUAGE. A C-PREPROCESSOR IN SOME PLATFORM STRIPS OUT
         77                     C    ALL (NAMELY, BOTH C AND C++) COMMENT STATEMENTS. THUS, IF YOU
         78                     C    USE A C-PREPROCESSOR IN SUCH A PLATFORM, BE SURE TO AVOID THIS
         79                     C    HAPPENING. THIS CAN BE GENERALLY DONE BY ADDING '-C' OPTION WHEN
         80                     C    CALLING YOUR C-PREPROCESSOR.
         81                     C
         82                     C                                        APRIL 12TH, 2001, CHISACHI KATO
         83                     C
         84                     C
         85                           RETURN
         86                           END

 Diagnostic messages: program name(RFNAME)
   jwd5131p-i  "rfname.f", line 56: ループ出口が2つ以上あるため、このDOループは並列化できません。
   jwd6131s-i  "rfname.f", line 56: ループ出口が2つ以上あるため、このDOループはSIMD化できません。
   jwd8671o-i  "rfname.f", line 56: ループの形状が最適化の対象外であるため、ソフトウェアパイプライニングを適用できません。

 Procedure information
   Lines      : 86
   Statements : 22
   Stack(byte): 560
   Prefetch num: 0

 Total information
   Procedures       : 1
   Total lines      : 86
   Total statements : 22
   Total stack(byte): 560
   Total prefetch num: 0

