
 Fujitsu Fortran Version 4.1.0  Tue Apr 28 18:53:20 2020

 Compilation information
   Current directory : /vol0001/g9300001/u93021/09.FFB/2020.04.28a_v630202_from_Yamade/FFB.63.02.02/ver.63.02.02
   Source file       : setffo.f

 Option information
   Command line options : -Kident_mpi -f2004 -I/home/g9300001/u93021/09.FFB/2020.04.28a_v630202_from_Yamade/FFB.63.02.02/include -I/include/mpi/fujitsu/ -Kvisimpact,ocl,optmsg=2,openmp -Dcputime -DUSE_TIMER -DUSE_BARRIER -Nlst=t -Cpp -Nfjomplib -c -I/opt/FJSVxtclanga/.common/MELI014/include/mpi/fujitsu -I/opt/FJSVxtclanga/.common/MELI014/lib64 -Knointentopt
   Cpp options          : -I/home/g9300001/u93021/09.FFB/2020.04.28a_v630202_from_Yamade/FFB.63.02.02/include -I/include/mpi/fujitsu/ -Dcputime -DUSE_TIMER -DUSE_BARRIER -I/opt/FJSVxtclanga/.common/MELI014/include/mpi/fujitsu -I/opt/FJSVxtclanga/.common/MELI014/lib64 -Dunix -Dlinux -D__FUJITSU -D__FRT_major__=4 -D__FRT_minor__=1 -D__FRT_patchlevel__=0 -D__FRT_version__="4.1.0" -D__aarch64__ -D__unix -D_OPENMP=201511 -D__frt_version=800 -D__ARM_ARCH=8 -D__ARM_FEATURE_SVE -D__ELF__ -D__unix__ -D__linux__ -D__linux -Asystem(unix) -otmp
   Effective options    : -fi -g0 -AE -Fixed -O3 -X08
                          -x0 -xaccept=nomodule_allocatable
                          -KA64FX -KARMV8_3_A -KSVE -Kalign_commons
                          -Kalign_loops -Kassume=noshortloop
                          -Kassume=nomemory_bandwidth
                          -Kassume=notime_saving_compilation -Kauto
                          -Kautoobjstack -Knocalleralloc -Kcmodel=small
                          -Keval -Keval_noconcurrent -Knofenv_access
                          -Kfp_contract -Kfp_relaxed -Kfsimple -Kfz -Khpctag
                          -Kilfunc=procedure -Knointentopt -Klargepage
                          -Kloop_blocking -Kloop_fission
                          -Kloop_nofission_stripmining
                          -Kloop_fission_threshold=50 -Kloop_fusion
                          -Kloop_interchange -Kloop_part_parallel
                          -Kloop_part_simd -Kloop_perfect_nest
                          -Kloop_noversioning -Knolto -Kmfunc=1 -Kocl
                          -Komitfp -Knooptlib_string -Koptmsg=2
                          -Knopc_relative_literal_loads -Kplt -Knopreex
                          -Kprefetch_noconditional -Kprefetch_noindirect
                          -Kprefetch_sequential=auto -Kprefetch_nostride
                          -Kprefetch_cache_level=all -Kprefetch_noinfer
                          -Kprefetch_strong -Kprefetch_strong_L2 -Knopreload
                          -Ksch_post_ra -Ksch_pre_ra -Ksibling_calls
                          -Ksimd=auto -Ksimd_packed_promotion
                          -Ksimd_reduction_product -Ksimd_reg_size=512
                          -Ksimd_nouncounted_loop
                          -Ksimd_use_multiple_structures -Knostriping -Kswp
                          -Kswp_freg_rate=100 -Kswp_ireg_rate=100
                          -Kswp_preg_rate=100 -Ktemparraystack -Kunroll
                          -Knounroll_and_jam -Knozfill
                          -Kopenmp -Kopenmp_noassume_norecurrence
                          -Kopenmp_nocollapse_except_innermost
                          -Kopenmp_noordered_reduction -Knoopenmp_simd
                          -Kthreadsafe -Kparallel -Kparallel_nofp_precision
                          -Knoarray_private -Knodynamic_iteration -Kreduction
                          -Kregion_extension
                          -Nallextput -Nnoalloc_assign
                          -Ncancel_overtime_compilation -Nnocheck_global
                          -Nnocoarray -Nnocompdisp -Nnocopyarg -Nnocoverage
                          -Nfjprof -Nfreealloc -Nf90move -Nnohook_func
                          -Nnohook_time -Nfjomplib -Nline -Nlst -Nlst=p
                          -Nlst=t -Nnomallocfree -Nnoobsfun -Nnoprivatealloc
                          -Nquickdbg=noargchk -Nquickdbg=nosubchk
                          -Nquickdbg=noundef -NRnotrap -Nnorecursive
                          -Nnoreordered_variable_stack -Nrt_notune -Nnosave
                          -Nsetvalue=noheap -Nsetvalue=nostack
                          -Nsetvalue=noscalar -Nsetvalue=noarray
                          -Nsetvalue=nostruct -Nuse_rodata

 External subroutine subprogram "SETFFO"
  (line-no.)(nest)(optimize)
          1                           SUBROUTINE SETFFO(IPART,N2,NE,NP,NEX,NS,NSP,N2D,LOCAL,NODE,
          2                          *                  NEFFO,LEFFO1,LEFFO2,
          3                          *                  NPFFO,LPFFO1,LPFFO2,
          4                          *                  NFFO,MEFFOI,NDGCOE,NEFFOI,LEFFOI,
          5                          *                  X,Y,Z,VOL,FFOVOL,FFOAIN,FFODIM,FFODIR,
          6                          *                  AXFFOI,AYFFOI,AZFFOI,
          7                          *                  LWRK1,LWRK2,LMASK,AFFO,IUT6,IUT0,IERR)
          8                           IMPLICIT NONE
          9                           INTEGER*4 IPART,N2,NE,NP,NEX,NS,NSP,N2D,
         10                          *          NFFO,NEFFO,NPFFO,
         11                          *          MEFFOI,IUT6,IUT0,IERR
         12                           INTEGER*4 LOCAL(NSP,NS,4),NODE(N2,NE),
         13                          *          LEFFO1(NEFFO),LEFFO2(NEFFO),
         14                          *          LPFFO1(NPFFO),LPFFO2(NPFFO),
         15                          *          NDGCOE(NFFO),NEFFOI(NFFO),
         16                          *          LEFFOI(2,MEFFOI,NFFO)
         17                           REAL*8    X(NP),Y(NP),Z(NP)
         18                           REAL*4    VOL(NE),
         19                          *          FFOVOL(NFFO),FFOAIN(NFFO),FFODIM(NFFO),FFODIR(3,NFFO),
         20                          *          AXFFOI(MEFFOI,NFFO),AYFFOI(MEFFOI,NFFO),
         21                          *          AZFFOI(MEFFOI,NFFO)
         22                     C
         23                           INTEGER*4 LWRK1(NE),LWRK2(NE),LMASK(NE)
         24                           REAL*4    AFFO(MEFFOI)
         25                     C
         26                           INTEGER*4 MLST
         27                           DATA MLST /2/
         28                     C
         29                           INTEGER*4 I,IP,IE,IFFO,IBE,IBP,NPIN
         30                           REAL*4    BUF, BUFX ,BUFY ,BUFZ,
         31                          *          BUFA,BUFXA,BUFYA,BUFZA
         32                     CC
         33                     CC
         34                           IERR=0
         35                     CC
         36                     CC [1] INITILIZE
         37                     CC
                              <<< Loop-information Start >>>
                              <<<  [PARALLELIZATION]
                              <<<    Standard iteration count: 1143
                              <<<  [OPTIMIZATION]
                              <<<    SIMD(VL: 16)
                              <<<    PREFETCH(HARD) Expected by compiler :
                              <<<      FFODIM, FFOAIN, FFOVOL
                              <<< Loop-information  End >>>
         38     1  pp   2v            DO 1000 IFFO=1,NFFO
         39     1   p   2v                FFOVOL(IFFO)=0.0E0
         40     1   p   2v                FFOAIN(IFFO)=0.0E0
         41     1   p   2v                FFODIM(IFFO)=0.0E0
         42     1   p   2v       1000 CONTINUE
         43                     CC
         44                     CC [2] SET VOLUME
         45                     CC
                              <<< Loop-information Start >>>
                              <<<  [OPTIMIZATION]
                              <<<    SOFTWARE PIPELINING(IPC: 0.45, ITR: 6, MVE: 2)
                              <<<    PREFETCH(HARD) Expected by compiler :
                              <<<      LEFFO1, LEFFO2
                              <<< Loop-information  End >>>
         46     1   s   2s            DO 2000 IBE=1,NEFFO
         47     1   p   2v                IE  =LEFFO1(IBE)
         48     1   p   2v                IFFO=LEFFO2(IBE)
         49     1   m   2m                FFOVOL(IFFO)=FFOVOL(IFFO)+VOL(IE)
         50     1   p   2v       2000 CONTINUE
         51     1                     IF(IPART.GE.1) THEN
                              <<< Loop-information Start >>>
                              <<<  [OPTIMIZATION]
                              <<<    PREFETCH(HARD) Expected by compiler :
                              <<<      FFOVOL
                              <<< Loop-information  End >>>
         52     2   s    s                DO 2100 IFFO=1,NFFO
         53     2   s    s                    CALL DDCOM2(FFOVOL(IFFO),BUFA)
         54     2   s    s                    FFOVOL(IFFO) = BUFA
         55     2   s    s       2100     CONTINUE
         56     1                     ENDIF
         57                     CC
         58                     CC [3] MAKE INLET SURFACE LIST
         59                     CC
         60                               WRITE(IUT6,*)  '** SUMMARY OF FLUID FORCE OBJECTS **'
         61                               WRITE(IUT6,'(A3,3A12,3A10)')
         62                          *          'ID','VOLUME','SURFACE','LENGTH',
         63                          *          'X-DIR.','Y-DIR.','Z-DIR.'
         64                     C
         65     1                     DO 3000 IFFO=1,NFFO
         66     1               C
         67     1                         NPIN=0
                              <<< Loop-information Start >>>
                              <<<  [OPTIMIZATION]
                              <<<    PREFETCH(HARD) Expected by compiler :
                              <<<      LPFFO2
                              <<< Loop-information  End >>>
         68     2       2s                DO 3100 IBP=1,NPFFO
         69     2       2v                IF(LPFFO2(IBP).NE.IFFO) GOTO 3100
         70     2       2m                    NPIN=NPIN+1
         71     2       2s                    IP=LPFFO1(IBP)
         72     2       2s                    LWRK1(NPIN)=IP
         73     2       2v       3100     CONTINUE
         74     1               C
                              <<< Loop-information Start >>>
                              <<<  [PARALLELIZATION]
                              <<<    Standard iteration count: 2000
                              <<<  [OPTIMIZATION]
                              <<<    SIMD(VL: 16)
                              <<<    PREFETCH(HARD) Expected by compiler :
                              <<<      LMASK
                              <<< Loop-information  End >>>
         75     2  pp   4v                DO 3200 IE=1,NE
         76     2   p   4v                    LMASK(IE)=0
         77     2   p   4v       3200     CONTINUE
                              <<< Loop-information Start >>>
                              <<<  [OPTIMIZATION]
                              <<<    SIMD(VL: 16)
                              <<<    PREFETCH(HARD) Expected by compiler :
                              <<<      LEFFO2, LEFFO1
                              <<< Loop-information  End >>>
         78     2   s   2v                DO 3300 IBE=1,NEFFO
         79     2   p   2v                    IF(LEFFO2(IBE).NE.IFFO) GOTO 3300
         80     2   p   2v                    IE  =LEFFO1(IBE)
         81     2   m   2v                    LMASK(IE)=1
         82     2   p   2v       3300     CONTINUE
         83     1               C
         84     1                         CALL SRFEX2(MEFFOI,MLST,NE,NP,N2,NEX,NS,NSP,N2D,
         85     1                    *                LWRK1,NPIN,LOCAL,NODE,LMASK,
         86     1                    *                LEFFOI(1,1,IFFO),NEFFOI(IFFO),
         87     1                    *                NP,LWRK2,IUT0,IERR)
         88     1                         CALL CSIN3X(LOCAL,X,Y,Z,NODE,NE,NP,N2,NEX,NS,NSP,
         89     1                    *                LEFFOI(1,1,IFFO),NEFFOI(IFFO),
         90     1                    *                AXFFOI(1,IFFO),AYFFOI(1,IFFO),AZFFOI(1,IFFO),
         91     1                    *                AFFO)
         92     1               C
                              <<< Loop-information Start >>>
                              <<<  [PARALLELIZATION]
                              <<<    Standard iteration count: 517
                              <<<  [OPTIMIZATION]
                              <<<    SIMD(VL: 16)
                              <<<    SOFTWARE PIPELINING(IPC: 3.00, ITR: 176, MVE: 6)
                              <<<    PREFETCH(HARD) Expected by compiler :
                              <<<      AZFFOI, AYFFOI, AXFFOI, AFFO
                              <<< Loop-information  End >>>
         93     2  pp    v                DO 3400 IBE=1,NEFFOI(IFFO)
         94     2   p    v                    AXFFOI(IBE,IFFO)=AXFFOI(IBE,IFFO)*AFFO(IBE)
         95     2   p    v                    AYFFOI(IBE,IFFO)=AYFFOI(IBE,IFFO)*AFFO(IBE)
         96     2   p    v                    AZFFOI(IBE,IFFO)=AZFFOI(IBE,IFFO)*AFFO(IBE)
         97     2   p    v       3400     CONTINUE
         98     1               C
         99     1                         BUFX=0.0E0
        100     1                         BUFY=0.0E0
        101     1                         BUFZ=0.0E0
                              <<< Loop-information Start >>>
                              <<<  [PARALLELIZATION]
                              <<<    Standard iteration count: 572
                              <<<  [OPTIMIZATION]
                              <<<    SIMD(VL: 16)
                              <<< Loop-information  End >>>
        102     2  pp    v                DO 3500 IBE=1,NEFFOI(IFFO)
        103     2   p    v                    FFOAIN(IFFO)=FFOAIN(IFFO)+AFFO  (IBE     )
        104     2   p    v                    BUFX        =BUFX        +AXFFOI(IBE,IFFO)
        105     2   p    v                    BUFY        =BUFY        +AYFFOI(IBE,IFFO)
        106     2   p    v                    BUFZ        =BUFZ        +AZFFOI(IBE,IFFO)
        107     2   p    v       3500     CONTINUE
        108     1               C
        109     2                         IF(IPART.GE.1) THEN
        110     2                             CALL DDCOM2(FFOAIN(IFFO),BUFA)
        111     2                             CALL DDCOM2(BUFX,BUFXA)
        112     2                             CALL DDCOM2(BUFY,BUFYA)
        113     2                             CALL DDCOM2(BUFZ,BUFZA)
        114     2                             FFOAIN(IFFO)=BUFA
        115     2                             BUFX=BUFXA
        116     2                             BUFY=BUFYA
        117     2                             BUFZ=BUFZA
        118     2                         ENDIF
        119     1               C
        120     1                         BUF=BUFX*BUFX+BUFY*BUFY+BUFZ*BUFZ
        121     2                         IF(BUF.LE.0.0E0) THEN
        122     2                             IERR=1
        123     2                             RETURN
        124     2                         ENDIF
        125     1                         FFODIR(1,IFFO)=BUFX/SQRT(BUF)
        126     1                         FFODIR(2,IFFO)=BUFY/SQRT(BUF)
        127     1                         FFODIR(3,IFFO)=BUFZ/SQRT(BUF)
        128     1                         FFODIM(IFFO)=FFOVOL(IFFO)/FFOAIN(IFFO)
        129     1               C
        130     1                         WRITE(IUT6,'(I3,3F12.4,3F10.2)')
        131     1                    *    IFFO,FFOVOL(IFFO),FFOAIN(IFFO),FFODIM(IFFO),
        132     1                    *    FFODIR(1,IFFO),FFODIR(2,IFFO),FFODIR(3,IFFO)
        133     1                3000 CONTINUE
        134                               WRITE(IUT6,*)  '****'
        135                     C
        136                           RETURN
        137                           END

 Diagnostic messages: program name(SETFFO)
   jwd8220o-i  "setffo.f", line 1: 副作用の可能性のある最適化を行いました。
   jwd2008i-i  "setffo.f", line 12: この仮引数'NDGCOE'は、副プログラム中で使用されていません。
   jwd2006i-i  "setffo.f", line 29: この名前'I'は、宣言だけされていて引用されていません。
   jwd5001p-i  "setffo.f", line 38: このDOループを並列化しました。(名前:IFFO)
   jwd6001s-i  "setffo.f", line 38: このDOループをSIMD化しました。(名前:IFFO)
   jwd8663o-i  "setffo.f", line 38: ソフトウェアパイプライニングの効果がないループと判断したため、ソフトウェアパイプライニングを抑止しました。
   jwd8202o-i  "setffo.f", line 38: ループを展開数2回でアンローリングしました。
   jwd8204o-i  "setffo.f", line 46: ループにソフトウェアパイプライニングを適用しました。
   jwd8205o-i  "setffo.f", line 46: ループの繰返し数が6回以上の時、ソフトウェアパイプライニングを適用したループが実行時に選択されます。
   jwd5209p-i  "setffo.f", line 49: 配列'FFOVOL'の添字式中の変数'IFFO'をループ中で定義しているため、このDOループは並列化できません。
   jwd6209s-i  "setffo.f", line 49: 配列'FFOVOL'の添字式中の変数'IFFO'をループ中で定義しているため、このDOループはSIMD化できません。
   jwd8664o-i  "setffo.f", line 52: ループ内に関数呼出しなどの最適化対象外の命令があるため、ソフトウェアパイプライニングを適用できません。
   jwd5208p-i  "setffo.f", line 53: 定義引用の順序が分からないため、定義引用順序が逐次実行と異なる可能性があり、このDOループは並列化できません。(名前:BUFA)
   jwd5208p-i  "setffo.f", line 53: 定義引用の順序が分からないため、定義引用順序が逐次実行と異なる可能性があり、このDOループは並列化できません。(名前:FFOVOL)
   jwd5122p-i  "setffo.f", line 53: DOループ内に、自動並列化の制約となる手続引用が存在します。
   jwd6208s-i  "setffo.f", line 53: 定義引用の順序が分からないため、定義引用順序が逐次実行と異なる可能性があり、このDOループはSIMD化できません。(名前:BUFA)
   jwd6208s-i  "setffo.f", line 53: 定義引用の順序が分からないため、定義引用順序が逐次実行と異なる可能性があり、このDOループはSIMD化できません。(名前:FFOVOL)
   jwd6122s-i  "setffo.f", line 53: DOループ内に、SIMD化の制約となる手続引用が存在します。
   jwd5131p-i  "setffo.f", line 65: ループ出口が2つ以上あるため、このDOループは並列化できません。
   jwd5228p-i  "setffo.f", line 68: データの定義引用の順序が逐次実行と異なるため、このDOループは並列化できません。
   jwd6229s-i  "setffo.f", line 68: IF文が存在するため、このDOループのSIMD化を抑止しました。
   jwd8670o-i  "setffo.f", line 68: ループ内に分岐命令があるため、ソフトウェアパイプライニングを適用できません。
   jwd8202o-i  "setffo.f", line 68: ループを展開数2回でアンローリングしました。
   jwd5001p-i  "setffo.f", line 75: このDOループを並列化しました。(名前:IE)
   jwd6001s-i  "setffo.f", line 75: このDOループをSIMD化しました。(名前:IE)
   jwd8663o-i  "setffo.f", line 75: ソフトウェアパイプライニングの効果がないループと判断したため、ソフトウェアパイプライニングを抑止しました。
   jwd8202o-i  "setffo.f", line 75: ループを展開数4回でアンローリングしました。
   jwd6001s-i  "setffo.f", line 78: このDOループをSIMD化しました。(名前:IBE)
   jwd8663o-i  "setffo.f", line 78: ソフトウェアパイプライニングの効果がないループと判断したため、ソフトウェアパイプライニングを抑止しました。
   jwd8202o-i  "setffo.f", line 78: ループを展開数2回でアンローリングしました。
   jwd5209p-i  "setffo.f", line 81: 配列'LMASK'の添字式中の変数'IE'をループ中で定義しているため、このDOループは並列化できません。
   jwd5001p-i  "setffo.f", line 93: このDOループを並列化しました。(名前:IBE)
   jwd6001s-i  "setffo.f", line 93: このDOループをSIMD化しました。(名前:IBE)
   jwd8204o-i  "setffo.f", line 93: ループにソフトウェアパイプライニングを適用しました。
   jwd8205o-i  "setffo.f", line 93: ループの繰返し数が176回以上の時、ソフトウェアパイプライニングを適用したループが実行時に選択されます。
   jwd5004p-i  "setffo.f", line 102: リダクション演算を含むDOループを並列化しました。(名前:IBE)
   jwd6004s-i  "setffo.f", line 102: リダクション演算を含むDOループをSIMD化しました。(名前:IBE)
   jwd8209o-i  "setffo.f", line 120: 多項式の演算順序を変更しました。

 Procedure information
   Lines      : 137
   Statements : 87
   Stack(byte): 55856
   Prefetch num: 0

 Total information
   Procedures       : 1
   Total lines      : 137
   Total statements : 87
   Total stack(byte): 55856
   Total prefetch num: 0

