
 Fujitsu Fortran Version 4.1.0  Tue Apr 28 18:53:24 2020

 Compilation information
   Current directory : /vol0001/g9300001/u93021/09.FFB/2020.04.28a_v630202_from_Yamade/FFB.63.02.02/ver.63.02.02
   Source file       : setos1.f

 Option information
   Command line options : -Kident_mpi -f2004 -I/home/g9300001/u93021/09.FFB/2020.04.28a_v630202_from_Yamade/FFB.63.02.02/include -I/include/mpi/fujitsu/ -Kvisimpact,ocl,optmsg=2,openmp -Dcputime -DUSE_TIMER -DUSE_BARRIER -Nlst=t -Cpp -Nfjomplib -c -I/opt/FJSVxtclanga/.common/MELI014/include/mpi/fujitsu -I/opt/FJSVxtclanga/.common/MELI014/lib64 -Knointentopt
   Cpp options          : -I/home/g9300001/u93021/09.FFB/2020.04.28a_v630202_from_Yamade/FFB.63.02.02/include -I/include/mpi/fujitsu/ -Dcputime -DUSE_TIMER -DUSE_BARRIER -I/opt/FJSVxtclanga/.common/MELI014/include/mpi/fujitsu -I/opt/FJSVxtclanga/.common/MELI014/lib64 -Dunix -Dlinux -D__FUJITSU -D__FRT_major__=4 -D__FRT_minor__=1 -D__FRT_patchlevel__=0 -D__FRT_version__="4.1.0" -D__aarch64__ -D__unix -D_OPENMP=201511 -D__frt_version=800 -D__ARM_ARCH=8 -D__ARM_FEATURE_SVE -D__ELF__ -D__unix__ -D__linux__ -D__linux -Asystem(unix) -otmp
   Effective options    : -fi -g0 -AE -Fixed -O3 -X08
                          -x0 -xaccept=nomodule_allocatable
                          -KA64FX -KARMV8_3_A -KSVE -Kalign_commons
                          -Kalign_loops -Kassume=noshortloop
                          -Kassume=nomemory_bandwidth
                          -Kassume=notime_saving_compilation -Kauto
                          -Kautoobjstack -Knocalleralloc -Kcmodel=small
                          -Keval -Keval_noconcurrent -Knofenv_access
                          -Kfp_contract -Kfp_relaxed -Kfsimple -Kfz -Khpctag
                          -Kilfunc=procedure -Knointentopt -Klargepage
                          -Kloop_blocking -Kloop_fission
                          -Kloop_nofission_stripmining
                          -Kloop_fission_threshold=50 -Kloop_fusion
                          -Kloop_interchange -Kloop_part_parallel
                          -Kloop_part_simd -Kloop_perfect_nest
                          -Kloop_noversioning -Knolto -Kmfunc=1 -Kocl
                          -Komitfp -Knooptlib_string -Koptmsg=2
                          -Knopc_relative_literal_loads -Kplt -Knopreex
                          -Kprefetch_noconditional -Kprefetch_noindirect
                          -Kprefetch_sequential=auto -Kprefetch_nostride
                          -Kprefetch_cache_level=all -Kprefetch_noinfer
                          -Kprefetch_strong -Kprefetch_strong_L2 -Knopreload
                          -Ksch_post_ra -Ksch_pre_ra -Ksibling_calls
                          -Ksimd=auto -Ksimd_packed_promotion
                          -Ksimd_reduction_product -Ksimd_reg_size=512
                          -Ksimd_nouncounted_loop
                          -Ksimd_use_multiple_structures -Knostriping -Kswp
                          -Kswp_freg_rate=100 -Kswp_ireg_rate=100
                          -Kswp_preg_rate=100 -Ktemparraystack -Kunroll
                          -Knounroll_and_jam -Knozfill
                          -Kopenmp -Kopenmp_noassume_norecurrence
                          -Kopenmp_nocollapse_except_innermost
                          -Kopenmp_noordered_reduction -Knoopenmp_simd
                          -Kthreadsafe -Kparallel -Kparallel_nofp_precision
                          -Knoarray_private -Knodynamic_iteration -Kreduction
                          -Kregion_extension
                          -Nallextput -Nnoalloc_assign
                          -Ncancel_overtime_compilation -Nnocheck_global
                          -Nnocoarray -Nnocompdisp -Nnocopyarg -Nnocoverage
                          -Nfjprof -Nfreealloc -Nf90move -Nnohook_func
                          -Nnohook_time -Nfjomplib -Nline -Nlst -Nlst=p
                          -Nlst=t -Nnomallocfree -Nnoobsfun -Nnoprivatealloc
                          -Nquickdbg=noargchk -Nquickdbg=nosubchk
                          -Nquickdbg=noundef -NRnotrap -Nnorecursive
                          -Nnoreordered_variable_stack -Nrt_notune -Nnosave
                          -Nsetvalue=noheap -Nsetvalue=nostack
                          -Nsetvalue=noscalar -Nsetvalue=noarray
                          -Nsetvalue=nostruct -Nuse_rodata

 External subroutine subprogram "SETOS1"
  (line-no.)(nest)(optimize)
          1                           SUBROUTINE SETOS1(IPART,NPART,N2,NE,NP,NEX,MBPDOM,MDOM,
          2                          *                  MCOMM,NODE,LEFRM,X,Y,Z,
          3                          *                  XMINE,YMINE,ZMINE,XMAXE,YMAXE,ZMAXE,
          4                          *                  NDOMS,NDOMR,NBDOMS,NBDOMR,LISTS,LISTR,
          5                          *                  LDOMS,LDOMR,LOSPR,
          6                          *                  LOSFMR,XOVERR,YOVERR,ZOVERR,
          7                          *                  LOSFDS,COEF1S,COEF2S,COEF3S,ERROSR,
          8                          *                  LOSFDR,COEF1R,COEF2R,COEF3R,ERROSS,
          9                          *                  MZ,MBLK,NDIVX,NDIVY,NDIVZ,NEZ,IELIST,ISTART,
         10                          *                  XMIN,YMIN,ZMIN,XMAX,YMAX,ZMAX,
         11                          *                  JNTFND,EPSOS,IUT0,IUT6,IERR)
         12                           IMPLICIT NONE
         13                     C
         14                     C[INPUT]
         15                           INTEGER*4 IPART,NPART,N2,NE,NP,NEX(8),MBPDOM,MDOM
         16                           INTEGER*4 MCOMM,NODE(N2,NE),LEFRM(NE)
         17                           INTEGER*4 IEATTR(NE)
         18                           REAL*4    X(NP),Y(NP),Z(NP),
         19                          *          XMINE(NE),YMINE(NE),ZMINE(NE),
         20                          *          XMAXE(NE),YMAXE(NE),ZMAXE(NE)
         21                           INTEGER*4 NDOMS,NDOMR,
         22                          *          NBDOMS(NDOMS),NBDOMR(NDOMR),
         23                          *          LISTS (NDOMS),LISTR (NDOMR),
         24                          *          LDOMS (MDOM ),LDOMR (MDOM ),
         25                          *          LOSFMR(MCOMM),LOSPR(MCOMM)
         26                           REAL*4    XOVERR(MCOMM),YOVERR(MCOMM),
         27                          *          ZOVERR(MCOMM)
         28                           INTEGER*4 JNTFND
         29                           REAL*4    EPSOS
         30                           INTEGER*4 IUT6,IUT0
         31                     C
         32                     C[INPUT:BLOCK]
         33                           INTEGER*4 MZ,MBLK,NDIVX,NDIVY,NDIVZ,
         34                          *          NEZ(MZ),IELIST(MBLK),ISTART(MZ)
         35                           REAL*4    XMIN,YMIN,ZMIN,XMAX,YMAX,ZMAX
         36                     C
         37                     C[OUTPUT]
         38                           INTEGER*4 LOSFDS(MCOMM),LOSFDR(MCOMM)
         39                           REAL*4    COEF1S(MCOMM),COEF2S(MCOMM),
         40                          *          COEF3S(MCOMM),COEF1R(MCOMM),
         41                          *          COEF2R(MCOMM),COEF3R(MCOMM),
         42                          *          ERROSR(MCOMM),ERROSS(MCOMM)
         43                           INTEGER*4 IERR
         44                     C
         45                     C[LOCAL]
         46                           INTEGER*4 LDUM1(MCOMM),LDUM2(MCOMM)
         47                           INTEGER*4 IDOM,IBP,IE,IP,IFRM
         48                           INTEGER*4 INX,INY,INZ,IZ,NBUF
         49                           REAL*4    XP,YP,ZP,CBUF1,CBUF2,CBUF3,ERR
         50                           REAL*4 TINY
         51                     C
         52                     C
         53                     C     VERSION 2011.07.15 WRITTEN BY Y.YAMADE
         54                     C
         55                     C     ARGUMENT LIST
         56                     C
         57                     C[INPUT]
         58                     C IPART          : DOMAIN NUMBER (1 - NPART)
         59                     C NPART          : NUMBER OF DOMAINS
         60                     C MBPDOM         : MAX. NUMBER OF O.S. NODES FOR A DOMAIN
         61                     C NDOMS          : NUMBER OF DOMAIN  FOR SENDING
         62                     C NDOMR          : NUMBER OF DOMAIN  FOR RECEIVING
         63                     C NBDOMS(I,IDOM) : NUMBER OF NODES   FOR SENDING TO THE DOMAIN OF IDOM
         64                     C NBDOMR(I,IDOM) : NUMBER OF NODES   FOR RECEIVING FROM THE DOMAIN OF IDOM
         65                     C LDOMS (  IDOM) : DOMAIN LIST       FOR SENDING
         66                     C LDOMR (  IDOM) : DOMAIN LIST       FOR RECEIVING FROM THE DOMAIN OF IDOM
         67                     C XOVERR(I,IDOM) : X-COORDINATE      FOR RECEIVING FROM THE DOMAIN OF IDOM
         68                     C YOVERR(I,IDOM) : Y-COORDINATE      FOR RECEIVING FROM THE DOMAIN OF IDOM
         69                     C ZOVERR(I,IDOM) : Z-COORDINATE      FOR RECEIVING FROM THE DOMAIN OF IDOM
         70                     C
         71                     C[OUTPUT]
         72                     C LOSFDR (I,IDOM) : RESULT OF SERCHING (0:NOT FOUND, ELM. NUM.:FOUND)
         73                     C COEF1R (I,IDOM) : LOCAL COORDINATE-1
         74                     C COEF2R (I,IDOM) : LOCAL COORDINATE-2
         75                     C COEF3R (I,IDOM) : LOCAL COORDINATE-3
         76                     C LOSFDS (I,IDOM) : RESULT OF SERCHING (IT WILL BE GOT BY COMMUNICATION)
         77                     C COEF1S (I,IDOM) : LOCAL COORDINATE-1
         78                     C COEF2S (I,IDOM) : LOCAL COORDINATE-2
         79                     C COEF3S (I,IDOM) : LOCAL COORDINATE-3
         80                     C
         81                           IERR=0
         82                     C
         83                     C
         84                           CALL DDSYNC
         85                           CALL USTSTA(33)
         86                     C
         87                           NBUF=0
         88                     C
                              <<< Loop-information Start >>>
                              <<<  [OPTIMIZATION]
                              <<<    UNSWITCHING
                              <<< Loop-information  End >>>
         89     1                     DO 2000 IDOM=1,NDOMR
         90     1               C
         91     1               CC        WRITE(IUT6,'(A15,3I8)')
         92     1               CC   *    ' **SETOS1** : ',IDOM,NDOMR,NBDOMR(IDOM)
         93     1               C
                              <<< Loop-information Start >>>
                              <<<  [OPTIMIZATION]
                              <<<    PREFETCH(HARD) Expected by compiler :
                              <<<      LOSFMR, XOVERR, YOVERR, ZOVERR, LOSFDR
                              <<<      COEF1R, COEF2R, COEF3R, ERROSR, LOSFDS
                              <<<      COEF1S, COEF2S, COEF3S, ERROSS
                              <<<    SPILLS :
                              <<<      GENERAL   : SPILL 66  FILL 433
                              <<<      SIMD&FP   : SPILL 0  FILL 0
                              <<<      SCALABLE  : SPILL 0  FILL 0
                              <<<      PREDICATE : SPILL 0  FILL 0
                              <<< Loop-information  End >>>
         94     2   s    s                DO 2100 IBP=1,NBDOMR(IDOM)
         95     2   s    m                    IFRM=LOSFMR(IBP+LISTR(IDOM)-1)
         96     2               C
         97     2   s    s                    XP  =XOVERR(IBP+LISTR(IDOM)-1)
         98     2   s    s                    YP  =YOVERR(IBP+LISTR(IDOM)-1)
         99     2   s    s                    ZP  =ZOVERR(IBP+LISTR(IDOM)-1)
        100     2               C
        101     2   s    s                    IE=0
        102     2   s    s                    CBUF1=0.0E0
        103     2   s    s                    CBUF2=0.0E0
        104     2   s    s                    CBUF3=0.0E0
        105     2   s    s                    ERR  =0.0E0
        106     2               C
        107     2               CC              IF( XP.GT.XMAX+(XMAX-XMIN)*0.01 ) GOTO 2100
        108     2               CC              IF( YP.GT.YMAX+(YMAX-YMIN)*0.01 ) GOTO 2100
        109     2               CC              IF( ZP.GT.ZMAX+(ZMAX-ZMIN)*0.01 ) GOTO 2100
        110     2               CC              IF( XP.LT.XMIN-(XMAX-XMIN)*0.01 ) GOTO 2100
        111     2               CC              IF( YP.LT.YMIN-(YMAX-YMIN)*0.01 ) GOTO 2100
        112     2               CC              IF( ZP.LT.ZMIN-(ZMAX-ZMIN)*0.01 ) GOTO 2100
        113     2               C
        114     2   s    s                    INX = NDIVX*(XP-XMIN)/(XMAX-XMIN)+1
        115     2   s    s                    INY = NDIVY*(YP-YMIN)/(YMAX-YMIN)+1
        116     2   s    s                    INZ = NDIVZ*(ZP-ZMIN)/(ZMAX-ZMIN)+1
        117     2               C
        118     2   s    s                    IF(INX.LT.1) INX = 1
        119     2   s    m                    IF(INY.LT.1) INY = 1
        120     2   s    m                    IF(INZ.LT.1) INZ = 1
        121     2               C
        122     2   s    m                    IF(INX.GT.NDIVX) INX = NDIVX
        123     2   s    m                    IF(INY.GT.NDIVY) INY = NDIVY
        124     2   s    m                    IF(INZ.GT.NDIVZ) INZ = NDIVZ
        125     2               C
        126     2   s    m                    IZ = (INZ-1)*(NDIVX*NDIVY)+(INY-1)*NDIVX+INX
        127     2   s    s                    IF(NEZ(IZ).EQ.0) GOTO 2110
        128     2               C
        129     2   s    s                    TINY=1.0E-4
        130     2   s    s                    CALL FNDOS(N2,NE,NEZ(IZ),IELIST(ISTART(IZ)),TINY,
        131     2                    *                   NP,NEX,X,Y,Z,NODE,IFRM,LEFRM,
        132     2                    *                   XP,YP,ZP,XMINE,YMINE,ZMINE,XMAXE,YMAXE,ZMAXE,
        133     2                    *                   IE,CBUF1,CBUF2,CBUF3,ERR,IUT0,IERR)
        134     2               C
        135     3   s    s                    IF(IE.EQ.0) THEN
        136     3   s    s                    TINY=1.0E-2
        137     3   s    s                    CALL FNDOS(N2,NE,NEZ(IZ),IELIST(ISTART(IZ)),TINY,
        138     3                    *                   NP,NEX,X,Y,Z,NODE,IFRM,LEFRM,
        139     3                    *                   XP,YP,ZP,XMINE,YMINE,ZMINE,XMAXE,YMAXE,ZMAXE,
        140     3                    *                   IE,CBUF1,CBUF2,CBUF3,ERR,IUT0,IERR)
        141     3   s    s                    ENDIF
        142     2               C
        143     3   s    s                    IF(IE.EQ.0) THEN
        144     3   s    s                    TINY=1.0E-1
        145     3   s    s                    CALL FNDOS(N2,NE,NEZ(IZ),IELIST(ISTART(IZ)),TINY,
        146     3                    *                   NP,NEX,X,Y,Z,NODE,IFRM,LEFRM,
        147     3                    *                   XP,YP,ZP,XMINE,YMINE,ZMINE,XMAXE,YMAXE,ZMAXE,
        148     3                    *                   IE,CBUF1,CBUF2,CBUF3,ERR,IUT0,IERR)
        149     3   s    s                    ENDIF
        150     2               C
        151     3   s    s                    IF(IE.EQ.0) THEN
        152     3   s    s                    TINY=4.0E-1
        153     3   s    s                    CALL FNDOS(N2,NE,NEZ(IZ),IELIST(ISTART(IZ)),TINY,
        154     3                    *                   NP,NEX,X,Y,Z,NODE,IFRM,LEFRM,
        155     3                    *                   XP,YP,ZP,XMINE,YMINE,ZMINE,XMAXE,YMAXE,ZMAXE,
        156     3                    *                   IE,CBUF1,CBUF2,CBUF3,ERR,IUT0,IERR)
        157     3   s    s                    ENDIF
        158     2               C
        159     3   s    s                    IF(IE.EQ.0) THEN
        160     3   s    s                    TINY=4.0E-0
        161     3   s    s                    CALL FNDOS(N2,NE,NEZ(IZ),IELIST(ISTART(IZ)),TINY,
        162     3                    *                   NP,NEX,X,Y,Z,NODE,IFRM,LEFRM,
        163     3                    *                   XP,YP,ZP,XMINE,YMINE,ZMINE,XMAXE,YMAXE,ZMAXE,
        164     3                    *                   IE,CBUF1,CBUF2,CBUF3,ERR,IUT0,IERR)
        165     3   s    s                    ENDIF
        166     2               C
        167     3   s    m                    IF(IE.EQ.0.AND.JNTFND.EQ.1) THEN
        168     3   s    s                    CALL FNDOS2(N2,NE,NEZ(IZ),IELIST(ISTART(IZ)),
        169     3                    *                    NP,NEX,X,Y,Z,NODE,IFRM,LEFRM,
        170     3                    *                    XP,YP,ZP,EPSOS,
        171     3                    *                    IE,CBUF1,CBUF2,CBUF3,ERR,IUT0,IERR)
        172     3   m    m                        IF(IE.NE.0) NBUF=NBUF+1
        173     3   p    v                    ENDIF
        174     2               C
        175     2   p    v       2110     CONTINUE
        176     2   s    s                    LOSFDR(IBP+LISTR(IDOM)-1)=IE
        177     2   s    s                    COEF1R(IBP+LISTR(IDOM)-1)=CBUF1
        178     2   s    s                    COEF2R(IBP+LISTR(IDOM)-1)=CBUF2
        179     2   s    s                    COEF3R(IBP+LISTR(IDOM)-1)=CBUF3
        180     2   s    s                    ERROSR(IBP+LISTR(IDOM)-1)=ERR
        181     2               C
        182     3   s    m                    IF(IPART.EQ.0) THEN
        183     3   s    s                        LOSFDS(IBP+LISTR(IDOM)-1)=IE
        184     3   s    s                        COEF1S(IBP+LISTR(IDOM)-1)=CBUF1
        185     3   s    s                        COEF2S(IBP+LISTR(IDOM)-1)=CBUF2
        186     3   s    s                        COEF3S(IBP+LISTR(IDOM)-1)=CBUF3
        187     3   s    s                        ERROSS(IBP+LISTR(IDOM)-1)=ERR
        188     3   p    v                    ENDIF
        189     2   p    v       2100     CONTINUE
        190     1               C
        191     1                2000 CONTINUE
        192                     C
        193                           WRITE(IUT6,*) 'SETOS1:NUM. OF O.S. DATA BY NEAREST MODE:',NBUF
        194                     C
        195                           CALL USTEND(33)
        196                     C
        197                           CALL DDSYNC
        198                           CALL USTSTA(34)
        199                           CALL USTSTA(35)
        200                     C
        201                           CALL DDSET6(IPART,MCOMM,
        202                          *            NDOMR,LDOMR,NBDOMR,LISTR,LOSFDR,
        203                          *            NDOMS,LDOMS,NBDOMS,LISTS,LOSFDS,IERR)
        204                     C
        205                           CALL DDSET6(IPART,MCOMM,
        206                          *            NDOMR,LDOMR,NBDOMR,LISTR,COEF1R,
        207                          *            NDOMS,LDOMS,NBDOMS,LISTS,COEF1S,IERR)
        208                     C
        209                           CALL DDSET6(IPART,MCOMM,
        210                          *            NDOMR,LDOMR,NBDOMR,LISTR,COEF2R,
        211                          *            NDOMS,LDOMS,NBDOMS,LISTS,COEF2S,IERR)
        212                     C
        213                           CALL DDSET6(IPART,MCOMM,
        214                          *            NDOMR,LDOMR,NBDOMR,LISTR,COEF3R,
        215                          *            NDOMS,LDOMS,NBDOMS,LISTS,COEF3S,IERR)
        216                     C
        217                           CALL DDSET6(IPART,MCOMM,
        218                          *            NDOMR,LDOMR,NBDOMR,LISTR,ERROSR,
        219                          *            NDOMS,LDOMS,NBDOMS,LISTS,ERROSS,IERR)
        220                           CALL DDSYNC
        221                           CALL USTEND(34)
        222                           CALL USTEND(35)
        223                     C
        224                           RETURN
        225                           END

 Diagnostic messages: program name(SETOS1)
   jwd2008i-i  "setos1.f", line 1: この仮引数'MBPDOM'は、副プログラム中で使用されていません。
   jwd2008i-i  "setos1.f", line 1: この仮引数'NPART'は、副プログラム中で使用されていません。
   jwd8220o-i  "setos1.f", line 1: 副作用の可能性のある最適化を行いました。
   jwd2006i-i  "setos1.f", line 17: この名前'IEATTR'は、宣言だけされていて引用されていません。
   jwd2008i-i  "setos1.f", line 21: この仮引数'LOSPR'は、副プログラム中で使用されていません。
   jwd2006i-i  "setos1.f", line 46: この名前'LDUM2'は、宣言だけされていて引用されていません。
   jwd2006i-i  "setos1.f", line 46: この名前'LDUM1'は、宣言だけされていて引用されていません。
   jwd2006i-i  "setos1.f", line 47: この名前'IP'は、宣言だけされていて引用されていません。
   jwd8321o-i  "setos1.f", line 89: ループをループアンスイッチングしました。
   jwd5122p-i  "setos1.f", line 89: DOループ内に、自動並列化の制約となる手続引用が存在します。
   jwd6229s-i  "setos1.f", line 94: IF文が存在するため、このDOループのSIMD化を抑止しました。
   jwd8664o-i  "setos1.f", line 94: ループ内に関数呼出しなどの最適化対象外の命令があるため、ソフトウェアパイプライニングを適用できません。
   jwd5208p-i  "setos1.f", line 95: 定義引用の順序が分からないため、定義引用順序が逐次実行と異なる可能性があり、このDOループは並列化できません。(名前:LOSFMR)
   jwd5208p-i  "setos1.f", line 95: 定義引用の順序が分からないため、定義引用順序が逐次実行と異なる可能性があり、このDOループは並列化できません。(名前:IFRM)
   jwd6208s-i  "setos1.f", line 95: 定義引用の順序が分からないため、定義引用順序が逐次実行と異なる可能性があり、このDOループはSIMD化できません。(名前:LOSFMR)
   jwd6208s-i  "setos1.f", line 95: 定義引用の順序が分からないため、定義引用順序が逐次実行と異なる可能性があり、このDOループはSIMD化できません。(名前:IFRM)
   jwd5208p-i  "setos1.f", line 97: 定義引用の順序が分からないため、定義引用順序が逐次実行と異なる可能性があり、このDOループは並列化できません。(名前:XP)
   jwd6208s-i  "setos1.f", line 97: 定義引用の順序が分からないため、定義引用順序が逐次実行と異なる可能性があり、このDOループはSIMD化できません。(名前:XP)
   jwd5208p-i  "setos1.f", line 98: 定義引用の順序が分からないため、定義引用順序が逐次実行と異なる可能性があり、このDOループは並列化できません。(名前:YP)
   jwd6208s-i  "setos1.f", line 98: 定義引用の順序が分からないため、定義引用順序が逐次実行と異なる可能性があり、このDOループはSIMD化できません。(名前:YP)
   jwd5208p-i  "setos1.f", line 99: 定義引用の順序が分からないため、定義引用順序が逐次実行と異なる可能性があり、このDOループは並列化できません。(名前:ZP)
   jwd6208s-i  "setos1.f", line 99: 定義引用の順序が分からないため、定義引用順序が逐次実行と異なる可能性があり、このDOループはSIMD化できません。(名前:ZP)
   jwd5208p-i  "setos1.f", line 101: 定義引用の順序が分からないため、定義引用順序が逐次実行と異なる可能性があり、このDOループは並列化できません。(名前:IE)
   jwd6208s-i  "setos1.f", line 101: 定義引用の順序が分からないため、定義引用順序が逐次実行と異なる可能性があり、このDOループはSIMD化できません。(名前:IE)
   jwd5208p-i  "setos1.f", line 102: 定義引用の順序が分からないため、定義引用順序が逐次実行と異なる可能性があり、このDOループは並列化できません。(名前:CBUF1)
   jwd6208s-i  "setos1.f", line 102: 定義引用の順序が分からないため、定義引用順序が逐次実行と異なる可能性があり、このDOループはSIMD化できません。(名前:CBUF1)
   jwd5208p-i  "setos1.f", line 103: 定義引用の順序が分からないため、定義引用順序が逐次実行と異なる可能性があり、このDOループは並列化できません。(名前:CBUF2)
   jwd6208s-i  "setos1.f", line 103: 定義引用の順序が分からないため、定義引用順序が逐次実行と異なる可能性があり、このDOループはSIMD化できません。(名前:CBUF2)
   jwd5208p-i  "setos1.f", line 104: 定義引用の順序が分からないため、定義引用順序が逐次実行と異なる可能性があり、このDOループは並列化できません。(名前:CBUF3)
   jwd6208s-i  "setos1.f", line 104: 定義引用の順序が分からないため、定義引用順序が逐次実行と異なる可能性があり、このDOループはSIMD化できません。(名前:CBUF3)
   jwd5208p-i  "setos1.f", line 105: 定義引用の順序が分からないため、定義引用順序が逐次実行と異なる可能性があり、このDOループは並列化できません。(名前:ERR)
   jwd6208s-i  "setos1.f", line 105: 定義引用の順序が分からないため、定義引用順序が逐次実行と異なる可能性があり、このDOループはSIMD化できません。(名前:ERR)
   jwd8209o-i  "setos1.f", line 114: 多項式の演算順序を変更しました。
   jwd8209o-i  "setos1.f", line 115: 多項式の演算順序を変更しました。
   jwd8209o-i  "setos1.f", line 116: 多項式の演算順序を変更しました。
   jwd5208p-i  "setos1.f", line 127: 定義引用の順序が分からないため、定義引用順序が逐次実行と異なる可能性があり、このDOループは並列化できません。(名前:NEZ)
   jwd6208s-i  "setos1.f", line 127: 定義引用の順序が分からないため、定義引用順序が逐次実行と異なる可能性があり、このDOループはSIMD化できません。(名前:NEZ)
   jwd5208p-i  "setos1.f", line 129: 定義引用の順序が分からないため、定義引用順序が逐次実行と異なる可能性があり、このDOループは並列化できません。(名前:TINY)
   jwd6208s-i  "setos1.f", line 129: 定義引用の順序が分からないため、定義引用順序が逐次実行と異なる可能性があり、このDOループはSIMD化できません。(名前:TINY)
   jwd5208p-i  "setos1.f", line 130: 定義引用の順序が分からないため、定義引用順序が逐次実行と異なる可能性があり、このDOループは並列化できません。(名前:ISTART)
   jwd5208p-i  "setos1.f", line 130: 定義引用の順序が分からないため、定義引用順序が逐次実行と異なる可能性があり、このDOループは並列化できません。(名前:NEZ)
   jwd5208p-i  "setos1.f", line 130: 定義引用の順序が分からないため、定義引用順序が逐次実行と異なる可能性があり、このDOループは並列化できません。(名前:ZMAXE)
   jwd5208p-i  "setos1.f", line 130: 定義引用の順序が分からないため、定義引用順序が逐次実行と異なる可能性があり、このDOループは並列化できません。(名前:YMAXE)
   jwd5208p-i  "setos1.f", line 130: 定義引用の順序が分からないため、定義引用順序が逐次実行と異なる可能性があり、このDOループは並列化できません。(名前:XMAXE)
   jwd5208p-i  "setos1.f", line 130: 定義引用の順序が分からないため、定義引用順序が逐次実行と異なる可能性があり、このDOループは並列化できません。(名前:ZMINE)
   jwd5208p-i  "setos1.f", line 130: 定義引用の順序が分からないため、定義引用順序が逐次実行と異なる可能性があり、このDOループは並列化できません。(名前:YMINE)
   jwd5208p-i  "setos1.f", line 130: 定義引用の順序が分からないため、定義引用順序が逐次実行と異なる可能性があり、このDOループは並列化できません。(名前:XMINE)
   jwd5208p-i  "setos1.f", line 130: 定義引用の順序が分からないため、定義引用順序が逐次実行と異なる可能性があり、このDOループは並列化できません。(名前:Z)
   jwd5208p-i  "setos1.f", line 130: 定義引用の順序が分からないため、定義引用順序が逐次実行と異なる可能性があり、このDOループは並列化できません。(名前:Y)
   jwd5208p-i  "setos1.f", line 130: 定義引用の順序が分からないため、定義引用順序が逐次実行と異なる可能性があり、このDOループは並列化できません。(名前:X)
   jwd5208p-i  "setos1.f", line 130: 定義引用の順序が分からないため、定義引用順序が逐次実行と異なる可能性があり、このDOループは並列化できません。(名前:IUT0)
   jwd5208p-i  "setos1.f", line 130: 定義引用の順序が分からないため、定義引用順序が逐次実行と異なる可能性があり、このDOループは並列化できません。(名前:IELIST)
   jwd5208p-i  "setos1.f", line 130: 定義引用の順序が分からないため、定義引用順序が逐次実行と異なる可能性があり、このDOループは並列化できません。(名前:LEFRM)
   jwd5208p-i  "setos1.f", line 130: 定義引用の順序が分からないため、定義引用順序が逐次実行と異なる可能性があり、このDOループは並列化できません。(名前:NODE)
   jwd5208p-i  "setos1.f", line 130: 定義引用の順序が分からないため、定義引用順序が逐次実行と異なる可能性があり、このDOループは並列化できません。(名前:NEX)
   jwd5208p-i  "setos1.f", line 130: 定義引用の順序が分からないため、定義引用順序が逐次実行と異なる可能性があり、このDOループは並列化できません。(名前:NP)
   jwd5208p-i  "setos1.f", line 130: 定義引用の順序が分からないため、定義引用順序が逐次実行と異なる可能性があり、このDOループは並列化できません。(名前:NE)
   jwd5208p-i  "setos1.f", line 130: 定義引用の順序が分からないため、定義引用順序が逐次実行と異なる可能性があり、このDOループは並列化できません。(名前:N2)
   jwd5208p-i  "setos1.f", line 130: 定義引用の順序が分からないため、定義引用順序が逐次実行と異なる可能性があり、このDOループは並列化できません。(名前:IERR)
   jwd5122p-i  "setos1.f", line 130: DOループ内に、自動並列化の制約となる手続引用が存在します。
   jwd6208s-i  "setos1.f", line 130: 定義引用の順序が分からないため、定義引用順序が逐次実行と異なる可能性があり、このDOループはSIMD化できません。(名前:ISTART)
   jwd6208s-i  "setos1.f", line 130: 定義引用の順序が分からないため、定義引用順序が逐次実行と異なる可能性があり、このDOループはSIMD化できません。(名前:NEZ)
   jwd6208s-i  "setos1.f", line 130: 定義引用の順序が分からないため、定義引用順序が逐次実行と異なる可能性があり、このDOループはSIMD化できません。(名前:ZMAXE)
   jwd6208s-i  "setos1.f", line 130: 定義引用の順序が分からないため、定義引用順序が逐次実行と異なる可能性があり、このDOループはSIMD化できません。(名前:YMAXE)
   jwd6208s-i  "setos1.f", line 130: 定義引用の順序が分からないため、定義引用順序が逐次実行と異なる可能性があり、このDOループはSIMD化できません。(名前:XMAXE)
   jwd6208s-i  "setos1.f", line 130: 定義引用の順序が分からないため、定義引用順序が逐次実行と異なる可能性があり、このDOループはSIMD化できません。(名前:ZMINE)
   jwd6208s-i  "setos1.f", line 130: 定義引用の順序が分からないため、定義引用順序が逐次実行と異なる可能性があり、このDOループはSIMD化できません。(名前:YMINE)
   jwd6208s-i  "setos1.f", line 130: 定義引用の順序が分からないため、定義引用順序が逐次実行と異なる可能性があり、このDOループはSIMD化できません。(名前:XMINE)
   jwd6208s-i  "setos1.f", line 130: 定義引用の順序が分からないため、定義引用順序が逐次実行と異なる可能性があり、このDOループはSIMD化できません。(名前:Z)
   jwd6208s-i  "setos1.f", line 130: 定義引用の順序が分からないため、定義引用順序が逐次実行と異なる可能性があり、このDOループはSIMD化できません。(名前:Y)
   jwd6208s-i  "setos1.f", line 130: 定義引用の順序が分からないため、定義引用順序が逐次実行と異なる可能性があり、このDOループはSIMD化できません。(名前:X)
   jwd6208s-i  "setos1.f", line 130: 定義引用の順序が分からないため、定義引用順序が逐次実行と異なる可能性があり、このDOループはSIMD化できません。(名前:IUT0)
   jwd6208s-i  "setos1.f", line 130: 定義引用の順序が分からないため、定義引用順序が逐次実行と異なる可能性があり、このDOループはSIMD化できません。(名前:IELIST)
   jwd6208s-i  "setos1.f", line 130: 定義引用の順序が分からないため、定義引用順序が逐次実行と異なる可能性があり、このDOループはSIMD化できません。(名前:LEFRM)
   jwd6208s-i  "setos1.f", line 130: 定義引用の順序が分からないため、定義引用順序が逐次実行と異なる可能性があり、このDOループはSIMD化できません。(名前:NODE)
   jwd6208s-i  "setos1.f", line 130: 定義引用の順序が分からないため、定義引用順序が逐次実行と異なる可能性があり、このDOループはSIMD化できません。(名前:NEX)
   jwd6208s-i  "setos1.f", line 130: 定義引用の順序が分からないため、定義引用順序が逐次実行と異なる可能性があり、このDOループはSIMD化できません。(名前:NP)
   jwd6208s-i  "setos1.f", line 130: 定義引用の順序が分からないため、定義引用順序が逐次実行と異なる可能性があり、このDOループはSIMD化できません。(名前:NE)
   jwd6208s-i  "setos1.f", line 130: 定義引用の順序が分からないため、定義引用順序が逐次実行と異なる可能性があり、このDOループはSIMD化できません。(名前:N2)
   jwd6208s-i  "setos1.f", line 130: 定義引用の順序が分からないため、定義引用順序が逐次実行と異なる可能性があり、このDOループはSIMD化できません。(名前:IERR)
   jwd6122s-i  "setos1.f", line 130: DOループ内に、SIMD化の制約となる手続引用が存在します。
   jwd5208p-i  "setos1.f", line 137: 定義引用の順序が分からないため、定義引用順序が逐次実行と異なる可能性があり、このDOループは並列化できません。(名前:N2)
   jwd5208p-i  "setos1.f", line 137: 定義引用の順序が分からないため、定義引用順序が逐次実行と異なる可能性があり、このDOループは並列化できません。(名前:NE)
   jwd5208p-i  "setos1.f", line 137: 定義引用の順序が分からないため、定義引用順序が逐次実行と異なる可能性があり、このDOループは並列化できません。(名前:NEZ)
   jwd5208p-i  "setos1.f", line 137: 定義引用の順序が分からないため、定義引用順序が逐次実行と異なる可能性があり、このDOループは並列化できません。(名前:IELIST)
   jwd5208p-i  "setos1.f", line 137: 定義引用の順序が分からないため、定義引用順序が逐次実行と異なる可能性があり、このDOループは並列化できません。(名前:NP)
   jwd5208p-i  "setos1.f", line 137: 定義引用の順序が分からないため、定義引用順序が逐次実行と異なる可能性があり、このDOループは並列化できません。(名前:NEX)
   jwd5208p-i  "setos1.f", line 137: 定義引用の順序が分からないため、定義引用順序が逐次実行と異なる可能性があり、このDOループは並列化できません。(名前:NODE)
   jwd5208p-i  "setos1.f", line 137: 定義引用の順序が分からないため、定義引用順序が逐次実行と異なる可能性があり、このDOループは並列化できません。(名前:LEFRM)
   jwd5208p-i  "setos1.f", line 137: 定義引用の順序が分からないため、定義引用順序が逐次実行と異なる可能性があり、このDOループは並列化できません。(名前:IUT0)
   jwd5208p-i  "setos1.f", line 137: 定義引用の順序が分からないため、定義引用順序が逐次実行と異なる可能性があり、このDOループは並列化できません。(名前:IERR)
   jwd5122p-i  "setos1.f", line 137: DOループ内に、自動並列化の制約となる手続引用が存在します。
   jwd6208s-i  "setos1.f", line 137: 定義引用の順序が分からないため、定義引用順序が逐次実行と異なる可能性があり、このDOループはSIMD化できません。(名前:N2)
   jwd6208s-i  "setos1.f", line 137: 定義引用の順序が分からないため、定義引用順序が逐次実行と異なる可能性があり、このDOループはSIMD化できません。(名前:NE)
   jwd6208s-i  "setos1.f", line 137: 定義引用の順序が分からないため、定義引用順序が逐次実行と異なる可能性があり、このDOループはSIMD化できません。(名前:NEZ)
   jwd6208s-i  "setos1.f", line 137: 定義引用の順序が分からないため、定義引用順序が逐次実行と異なる可能性があり、このDOループはSIMD化できません。(名前:IELIST)
   jwd6208s-i  "setos1.f", line 137: 定義引用の順序が分からないため、定義引用順序が逐次実行と異なる可能性があり、このDOループはSIMD化できません。(名前:NP)
   jwd6208s-i  "setos1.f", line 137: 定義引用の順序が分からないため、定義引用順序が逐次実行と異なる可能性があり、このDOループはSIMD化できません。(名前:NEX)
   jwd6208s-i  "setos1.f", line 137: 定義引用の順序が分からないため、定義引用順序が逐次実行と異なる可能性があり、このDOループはSIMD化できません。(名前:NODE)
   jwd6208s-i  "setos1.f", line 137: 定義引用の順序が分からないため、定義引用順序が逐次実行と異なる可能性があり、このDOループはSIMD化できません。(名前:LEFRM)
   jwd6208s-i  "setos1.f", line 137: 定義引用の順序が分からないため、定義引用順序が逐次実行と異なる可能性があり、このDOループはSIMD化できません。(名前:IUT0)
   jwd6208s-i  "setos1.f", line 137: 定義引用の順序が分からないため、定義引用順序が逐次実行と異なる可能性があり、このDOループはSIMD化できません。(名前:IERR)
   jwd6122s-i  "setos1.f", line 137: DOループ内に、SIMD化の制約となる手続引用が存在します。
   jwd5208p-i  "setos1.f", line 145: 定義引用の順序が分からないため、定義引用順序が逐次実行と異なる可能性があり、このDOループは並列化できません。(名前:N2)
   jwd5208p-i  "setos1.f", line 145: 定義引用の順序が分からないため、定義引用順序が逐次実行と異なる可能性があり、このDOループは並列化できません。(名前:NE)
   jwd5208p-i  "setos1.f", line 145: 定義引用の順序が分からないため、定義引用順序が逐次実行と異なる可能性があり、このDOループは並列化できません。(名前:NEZ)
   jwd5208p-i  "setos1.f", line 145: 定義引用の順序が分からないため、定義引用順序が逐次実行と異なる可能性があり、このDOループは並列化できません。(名前:IELIST)
   jwd5208p-i  "setos1.f", line 145: 定義引用の順序が分からないため、定義引用順序が逐次実行と異なる可能性があり、このDOループは並列化できません。(名前:NP)
   jwd5208p-i  "setos1.f", line 145: 定義引用の順序が分からないため、定義引用順序が逐次実行と異なる可能性があり、このDOループは並列化できません。(名前:NEX)
   jwd5208p-i  "setos1.f", line 145: 定義引用の順序が分からないため、定義引用順序が逐次実行と異なる可能性があり、このDOループは並列化できません。(名前:NODE)
   jwd5208p-i  "setos1.f", line 145: 定義引用の順序が分からないため、定義引用順序が逐次実行と異なる可能性があり、このDOループは並列化できません。(名前:LEFRM)
   jwd5208p-i  "setos1.f", line 145: 定義引用の順序が分からないため、定義引用順序が逐次実行と異なる可能性があり、このDOループは並列化できません。(名前:IUT0)
   jwd5208p-i  "setos1.f", line 145: 定義引用の順序が分からないため、定義引用順序が逐次実行と異なる可能性があり、このDOループは並列化できません。(名前:IERR)
   jwd5122p-i  "setos1.f", line 145: DOループ内に、自動並列化の制約となる手続引用が存在します。
   jwd6208s-i  "setos1.f", line 145: 定義引用の順序が分からないため、定義引用順序が逐次実行と異なる可能性があり、このDOループはSIMD化できません。(名前:N2)
   jwd6208s-i  "setos1.f", line 145: 定義引用の順序が分からないため、定義引用順序が逐次実行と異なる可能性があり、このDOループはSIMD化できません。(名前:NE)
   jwd6208s-i  "setos1.f", line 145: 定義引用の順序が分からないため、定義引用順序が逐次実行と異なる可能性があり、このDOループはSIMD化できません。(名前:NEZ)
   jwd6208s-i  "setos1.f", line 145: 定義引用の順序が分からないため、定義引用順序が逐次実行と異なる可能性があり、このDOループはSIMD化できません。(名前:IELIST)
   jwd6208s-i  "setos1.f", line 145: 定義引用の順序が分からないため、定義引用順序が逐次実行と異なる可能性があり、このDOループはSIMD化できません。(名前:NP)
   jwd6208s-i  "setos1.f", line 145: 定義引用の順序が分からないため、定義引用順序が逐次実行と異なる可能性があり、このDOループはSIMD化できません。(名前:NEX)
   jwd6208s-i  "setos1.f", line 145: 定義引用の順序が分からないため、定義引用順序が逐次実行と異なる可能性があり、このDOループはSIMD化できません。(名前:NODE)
   jwd6208s-i  "setos1.f", line 145: 定義引用の順序が分からないため、定義引用順序が逐次実行と異なる可能性があり、このDOループはSIMD化できません。(名前:LEFRM)
   jwd6208s-i  "setos1.f", line 145: 定義引用の順序が分からないため、定義引用順序が逐次実行と異なる可能性があり、このDOループはSIMD化できません。(名前:IUT0)
   jwd6208s-i  "setos1.f", line 145: 定義引用の順序が分からないため、定義引用順序が逐次実行と異なる可能性があり、このDOループはSIMD化できません。(名前:IERR)
   jwd6122s-i  "setos1.f", line 145: DOループ内に、SIMD化の制約となる手続引用が存在します。
   jwd5208p-i  "setos1.f", line 153: 定義引用の順序が分からないため、定義引用順序が逐次実行と異なる可能性があり、このDOループは並列化できません。(名前:N2)
   jwd5208p-i  "setos1.f", line 153: 定義引用の順序が分からないため、定義引用順序が逐次実行と異なる可能性があり、このDOループは並列化できません。(名前:NE)
   jwd5208p-i  "setos1.f", line 153: 定義引用の順序が分からないため、定義引用順序が逐次実行と異なる可能性があり、このDOループは並列化できません。(名前:NEZ)
   jwd5208p-i  "setos1.f", line 153: 定義引用の順序が分からないため、定義引用順序が逐次実行と異なる可能性があり、このDOループは並列化できません。(名前:IELIST)
   jwd5208p-i  "setos1.f", line 153: 定義引用の順序が分からないため、定義引用順序が逐次実行と異なる可能性があり、このDOループは並列化できません。(名前:NP)
   jwd5208p-i  "setos1.f", line 153: 定義引用の順序が分からないため、定義引用順序が逐次実行と異なる可能性があり、このDOループは並列化できません。(名前:NEX)
   jwd5208p-i  "setos1.f", line 153: 定義引用の順序が分からないため、定義引用順序が逐次実行と異なる可能性があり、このDOループは並列化できません。(名前:NODE)
   jwd5208p-i  "setos1.f", line 153: 定義引用の順序が分からないため、定義引用順序が逐次実行と異なる可能性があり、このDOループは並列化できません。(名前:LEFRM)
   jwd5208p-i  "setos1.f", line 153: 定義引用の順序が分からないため、定義引用順序が逐次実行と異なる可能性があり、このDOループは並列化できません。(名前:IUT0)
   jwd5208p-i  "setos1.f", line 153: 定義引用の順序が分からないため、定義引用順序が逐次実行と異なる可能性があり、このDOループは並列化できません。(名前:IERR)
   jwd5122p-i  "setos1.f", line 153: DOループ内に、自動並列化の制約となる手続引用が存在します。
   jwd6208s-i  "setos1.f", line 153: 定義引用の順序が分からないため、定義引用順序が逐次実行と異なる可能性があり、このDOループはSIMD化できません。(名前:N2)
   jwd6208s-i  "setos1.f", line 153: 定義引用の順序が分からないため、定義引用順序が逐次実行と異なる可能性があり、このDOループはSIMD化できません。(名前:NE)
   jwd6208s-i  "setos1.f", line 153: 定義引用の順序が分からないため、定義引用順序が逐次実行と異なる可能性があり、このDOループはSIMD化できません。(名前:NEZ)
   jwd6208s-i  "setos1.f", line 153: 定義引用の順序が分からないため、定義引用順序が逐次実行と異なる可能性があり、このDOループはSIMD化できません。(名前:IELIST)
   jwd6208s-i  "setos1.f", line 153: 定義引用の順序が分からないため、定義引用順序が逐次実行と異なる可能性があり、このDOループはSIMD化できません。(名前:NP)
   jwd6208s-i  "setos1.f", line 153: 定義引用の順序が分からないため、定義引用順序が逐次実行と異なる可能性があり、このDOループはSIMD化できません。(名前:NEX)
   jwd6208s-i  "setos1.f", line 153: 定義引用の順序が分からないため、定義引用順序が逐次実行と異なる可能性があり、このDOループはSIMD化できません。(名前:NODE)
   jwd6208s-i  "setos1.f", line 153: 定義引用の順序が分からないため、定義引用順序が逐次実行と異なる可能性があり、このDOループはSIMD化できません。(名前:LEFRM)
   jwd6208s-i  "setos1.f", line 153: 定義引用の順序が分からないため、定義引用順序が逐次実行と異なる可能性があり、このDOループはSIMD化できません。(名前:IUT0)
   jwd6208s-i  "setos1.f", line 153: 定義引用の順序が分からないため、定義引用順序が逐次実行と異なる可能性があり、このDOループはSIMD化できません。(名前:IERR)
   jwd6122s-i  "setos1.f", line 153: DOループ内に、SIMD化の制約となる手続引用が存在します。
   jwd5208p-i  "setos1.f", line 161: 定義引用の順序が分からないため、定義引用順序が逐次実行と異なる可能性があり、このDOループは並列化できません。(名前:N2)
   jwd5208p-i  "setos1.f", line 161: 定義引用の順序が分からないため、定義引用順序が逐次実行と異なる可能性があり、このDOループは並列化できません。(名前:NE)
   jwd5208p-i  "setos1.f", line 161: 定義引用の順序が分からないため、定義引用順序が逐次実行と異なる可能性があり、このDOループは並列化できません。(名前:NEZ)
   jwd5208p-i  "setos1.f", line 161: 定義引用の順序が分からないため、定義引用順序が逐次実行と異なる可能性があり、このDOループは並列化できません。(名前:IELIST)
   jwd5208p-i  "setos1.f", line 161: 定義引用の順序が分からないため、定義引用順序が逐次実行と異なる可能性があり、このDOループは並列化できません。(名前:NP)
   jwd5208p-i  "setos1.f", line 161: 定義引用の順序が分からないため、定義引用順序が逐次実行と異なる可能性があり、このDOループは並列化できません。(名前:NEX)
   jwd5208p-i  "setos1.f", line 161: 定義引用の順序が分からないため、定義引用順序が逐次実行と異なる可能性があり、このDOループは並列化できません。(名前:NODE)
   jwd5208p-i  "setos1.f", line 161: 定義引用の順序が分からないため、定義引用順序が逐次実行と異なる可能性があり、このDOループは並列化できません。(名前:LEFRM)
   jwd5208p-i  "setos1.f", line 161: 定義引用の順序が分からないため、定義引用順序が逐次実行と異なる可能性があり、このDOループは並列化できません。(名前:IUT0)
   jwd5208p-i  "setos1.f", line 161: 定義引用の順序が分からないため、定義引用順序が逐次実行と異なる可能性があり、このDOループは並列化できません。(名前:IERR)
   jwd5122p-i  "setos1.f", line 161: DOループ内に、自動並列化の制約となる手続引用が存在します。
   jwd6208s-i  "setos1.f", line 161: 定義引用の順序が分からないため、定義引用順序が逐次実行と異なる可能性があり、このDOループはSIMD化できません。(名前:N2)
   jwd6208s-i  "setos1.f", line 161: 定義引用の順序が分からないため、定義引用順序が逐次実行と異なる可能性があり、このDOループはSIMD化できません。(名前:NE)
   jwd6208s-i  "setos1.f", line 161: 定義引用の順序が分からないため、定義引用順序が逐次実行と異なる可能性があり、このDOループはSIMD化できません。(名前:NEZ)
   jwd6208s-i  "setos1.f", line 161: 定義引用の順序が分からないため、定義引用順序が逐次実行と異なる可能性があり、このDOループはSIMD化できません。(名前:IELIST)
   jwd6208s-i  "setos1.f", line 161: 定義引用の順序が分からないため、定義引用順序が逐次実行と異なる可能性があり、このDOループはSIMD化できません。(名前:NP)
   jwd6208s-i  "setos1.f", line 161: 定義引用の順序が分からないため、定義引用順序が逐次実行と異なる可能性があり、このDOループはSIMD化できません。(名前:NEX)
   jwd6208s-i  "setos1.f", line 161: 定義引用の順序が分からないため、定義引用順序が逐次実行と異なる可能性があり、このDOループはSIMD化できません。(名前:NODE)
   jwd6208s-i  "setos1.f", line 161: 定義引用の順序が分からないため、定義引用順序が逐次実行と異なる可能性があり、このDOループはSIMD化できません。(名前:LEFRM)
   jwd6208s-i  "setos1.f", line 161: 定義引用の順序が分からないため、定義引用順序が逐次実行と異なる可能性があり、このDOループはSIMD化できません。(名前:IUT0)
   jwd6208s-i  "setos1.f", line 161: 定義引用の順序が分からないため、定義引用順序が逐次実行と異なる可能性があり、このDOループはSIMD化できません。(名前:IERR)
   jwd6122s-i  "setos1.f", line 161: DOループ内に、SIMD化の制約となる手続引用が存在します。
   jwd5208p-i  "setos1.f", line 167: 定義引用の順序が分からないため、定義引用順序が逐次実行と異なる可能性があり、このDOループは並列化できません。(名前:N2)
   jwd5208p-i  "setos1.f", line 167: 定義引用の順序が分からないため、定義引用順序が逐次実行と異なる可能性があり、このDOループは並列化できません。(名前:NE)
   jwd5208p-i  "setos1.f", line 167: 定義引用の順序が分からないため、定義引用順序が逐次実行と異なる可能性があり、このDOループは並列化できません。(名前:NEZ)
   jwd5208p-i  "setos1.f", line 167: 定義引用の順序が分からないため、定義引用順序が逐次実行と異なる可能性があり、このDOループは並列化できません。(名前:IELIST)
   jwd5208p-i  "setos1.f", line 167: 定義引用の順序が分からないため、定義引用順序が逐次実行と異なる可能性があり、このDOループは並列化できません。(名前:NP)
   jwd5208p-i  "setos1.f", line 167: 定義引用の順序が分からないため、定義引用順序が逐次実行と異なる可能性があり、このDOループは並列化できません。(名前:NEX)
   jwd5208p-i  "setos1.f", line 167: 定義引用の順序が分からないため、定義引用順序が逐次実行と異なる可能性があり、このDOループは並列化できません。(名前:NODE)
   jwd5208p-i  "setos1.f", line 167: 定義引用の順序が分からないため、定義引用順序が逐次実行と異なる可能性があり、このDOループは並列化できません。(名前:LEFRM)
   jwd5208p-i  "setos1.f", line 167: 定義引用の順序が分からないため、定義引用順序が逐次実行と異なる可能性があり、このDOループは並列化できません。(名前:IUT0)
   jwd5208p-i  "setos1.f", line 167: 定義引用の順序が分からないため、定義引用順序が逐次実行と異なる可能性があり、このDOループは並列化できません。(名前:IERR)
   jwd6208s-i  "setos1.f", line 167: 定義引用の順序が分からないため、定義引用順序が逐次実行と異なる可能性があり、このDOループはSIMD化できません。(名前:N2)
   jwd6208s-i  "setos1.f", line 167: 定義引用の順序が分からないため、定義引用順序が逐次実行と異なる可能性があり、このDOループはSIMD化できません。(名前:NE)
   jwd6208s-i  "setos1.f", line 167: 定義引用の順序が分からないため、定義引用順序が逐次実行と異なる可能性があり、このDOループはSIMD化できません。(名前:NEZ)
   jwd6208s-i  "setos1.f", line 167: 定義引用の順序が分からないため、定義引用順序が逐次実行と異なる可能性があり、このDOループはSIMD化できません。(名前:IELIST)
   jwd6208s-i  "setos1.f", line 167: 定義引用の順序が分からないため、定義引用順序が逐次実行と異なる可能性があり、このDOループはSIMD化できません。(名前:NP)
   jwd6208s-i  "setos1.f", line 167: 定義引用の順序が分からないため、定義引用順序が逐次実行と異なる可能性があり、このDOループはSIMD化できません。(名前:NEX)
   jwd6208s-i  "setos1.f", line 167: 定義引用の順序が分からないため、定義引用順序が逐次実行と異なる可能性があり、このDOループはSIMD化できません。(名前:NODE)
   jwd6208s-i  "setos1.f", line 167: 定義引用の順序が分からないため、定義引用順序が逐次実行と異なる可能性があり、このDOループはSIMD化できません。(名前:LEFRM)
   jwd6208s-i  "setos1.f", line 167: 定義引用の順序が分からないため、定義引用順序が逐次実行と異なる可能性があり、このDOループはSIMD化できません。(名前:IUT0)
   jwd6208s-i  "setos1.f", line 167: 定義引用の順序が分からないため、定義引用順序が逐次実行と異なる可能性があり、このDOループはSIMD化できません。(名前:IERR)
   jwd5208p-i  "setos1.f", line 168: 定義引用の順序が分からないため、定義引用順序が逐次実行と異なる可能性があり、このDOループは並列化できません。(名前:EPSOS)
   jwd5122p-i  "setos1.f", line 168: DOループ内に、自動並列化の制約となる手続引用が存在します。
   jwd6122s-i  "setos1.f", line 168: DOループ内に、SIMD化の制約となる手続引用が存在します。
   jwd5228p-i  "setos1.f", line 176: データの定義引用の順序が逐次実行と異なるため、このDOループは並列化できません。
   jwd5208p-i  "setos1.f", line 176: 定義引用の順序が分からないため、定義引用順序が逐次実行と異なる可能性があり、このDOループは並列化できません。(名前:LOSFDR)
   jwd6208s-i  "setos1.f", line 176: 定義引用の順序が分からないため、定義引用順序が逐次実行と異なる可能性があり、このDOループはSIMD化できません。(名前:LOSFDR)
   jwd5208p-i  "setos1.f", line 182: 定義引用の順序が分からないため、定義引用順序が逐次実行と異なる可能性があり、このDOループは並列化できません。(名前:LOSFDS)
   jwd6208s-i  "setos1.f", line 182: 定義引用の順序が分からないため、定義引用順序が逐次実行と異なる可能性があり、このDOループはSIMD化できません。(名前:LOSFDS)
   jwd5228p-i  "setos1.f", line 183: データの定義引用の順序が逐次実行と異なるため、このDOループは並列化できません。

 Procedure information
   Lines      : 225
   Statements : 99
   Stack(byte): 1552
   Prefetch num: 0

 Total information
   Procedures       : 1
   Total lines      : 225
   Total statements : 99
   Total stack(byte): 1552
   Total prefetch num: 0

