
 Fujitsu Fortran Version 4.1.0  Tue Apr 28 18:53:23 2020

 Compilation information
   Current directory : /vol0001/g9300001/u93021/09.FFB/2020.04.28a_v630202_from_Yamade/FFB.63.02.02/ver.63.02.02
   Source file       : setos0.f

 Option information
   Command line options : -Kident_mpi -f2004 -I/home/g9300001/u93021/09.FFB/2020.04.28a_v630202_from_Yamade/FFB.63.02.02/include -I/include/mpi/fujitsu/ -Kvisimpact,ocl,optmsg=2,openmp -Dcputime -DUSE_TIMER -DUSE_BARRIER -Nlst=t -Cpp -Nfjomplib -c -I/opt/FJSVxtclanga/.common/MELI014/include/mpi/fujitsu -I/opt/FJSVxtclanga/.common/MELI014/lib64 -Knointentopt
   Cpp options          : -I/home/g9300001/u93021/09.FFB/2020.04.28a_v630202_from_Yamade/FFB.63.02.02/include -I/include/mpi/fujitsu/ -Dcputime -DUSE_TIMER -DUSE_BARRIER -I/opt/FJSVxtclanga/.common/MELI014/include/mpi/fujitsu -I/opt/FJSVxtclanga/.common/MELI014/lib64 -Dunix -Dlinux -D__FUJITSU -D__FRT_major__=4 -D__FRT_minor__=1 -D__FRT_patchlevel__=0 -D__FRT_version__="4.1.0" -D__aarch64__ -D__unix -D_OPENMP=201511 -D__frt_version=800 -D__ARM_ARCH=8 -D__ARM_FEATURE_SVE -D__ELF__ -D__unix__ -D__linux__ -D__linux -Asystem(unix) -otmp
   Effective options    : -fi -g0 -AE -Fixed -O3 -X08
                          -x0 -xaccept=nomodule_allocatable
                          -KA64FX -KARMV8_3_A -KSVE -Kalign_commons
                          -Kalign_loops -Kassume=noshortloop
                          -Kassume=nomemory_bandwidth
                          -Kassume=notime_saving_compilation -Kauto
                          -Kautoobjstack -Knocalleralloc -Kcmodel=small
                          -Keval -Keval_noconcurrent -Knofenv_access
                          -Kfp_contract -Kfp_relaxed -Kfsimple -Kfz -Khpctag
                          -Kilfunc=procedure -Knointentopt -Klargepage
                          -Kloop_blocking -Kloop_fission
                          -Kloop_nofission_stripmining
                          -Kloop_fission_threshold=50 -Kloop_fusion
                          -Kloop_interchange -Kloop_part_parallel
                          -Kloop_part_simd -Kloop_perfect_nest
                          -Kloop_noversioning -Knolto -Kmfunc=1 -Kocl
                          -Komitfp -Knooptlib_string -Koptmsg=2
                          -Knopc_relative_literal_loads -Kplt -Knopreex
                          -Kprefetch_noconditional -Kprefetch_noindirect
                          -Kprefetch_sequential=auto -Kprefetch_nostride
                          -Kprefetch_cache_level=all -Kprefetch_noinfer
                          -Kprefetch_strong -Kprefetch_strong_L2 -Knopreload
                          -Ksch_post_ra -Ksch_pre_ra -Ksibling_calls
                          -Ksimd=auto -Ksimd_packed_promotion
                          -Ksimd_reduction_product -Ksimd_reg_size=512
                          -Ksimd_nouncounted_loop
                          -Ksimd_use_multiple_structures -Knostriping -Kswp
                          -Kswp_freg_rate=100 -Kswp_ireg_rate=100
                          -Kswp_preg_rate=100 -Ktemparraystack -Kunroll
                          -Knounroll_and_jam -Knozfill
                          -Kopenmp -Kopenmp_noassume_norecurrence
                          -Kopenmp_nocollapse_except_innermost
                          -Kopenmp_noordered_reduction -Knoopenmp_simd
                          -Kthreadsafe -Kparallel -Kparallel_nofp_precision
                          -Knoarray_private -Knodynamic_iteration -Kreduction
                          -Kregion_extension
                          -Nallextput -Nnoalloc_assign
                          -Ncancel_overtime_compilation -Nnocheck_global
                          -Nnocoarray -Nnocompdisp -Nnocopyarg -Nnocoverage
                          -Nfjprof -Nfreealloc -Nf90move -Nnohook_func
                          -Nnohook_time -Nfjomplib -Nline -Nlst -Nlst=p
                          -Nlst=t -Nnomallocfree -Nnoobsfun -Nnoprivatealloc
                          -Nquickdbg=noargchk -Nquickdbg=nosubchk
                          -Nquickdbg=noundef -NRnotrap -Nnorecursive
                          -Nnoreordered_variable_stack -Nrt_notune -Nnosave
                          -Nsetvalue=noheap -Nsetvalue=nostack
                          -Nsetvalue=noscalar -Nsetvalue=noarray
                          -Nsetvalue=nostruct -Nuse_rodata

 External subroutine subprogram "SETOS0"
  (line-no.)(nest)(optimize)
          1                           SUBROUTINE SETOS0(IPART,NPART,MBPDOM,MDOM,MPSET,NE,LEFRM,
          2                          *                  MCOMM,NDOMS,NDOMR,
          3                          *                  LISTS,LISTR,NBDOMS,NBDOMR,LDOMS,LDOMR,
          4                          *                  LOSPS,LOSPR ,LOSFMS,LOSFMR,LOSFDS,LOSFDR,
          5                          *                  LTYPES,LTYPER,
          6                          *                  COEF1S,COEF2S,COEF3S,ERROSS,
          7                          *                  COEF1R,COEF2R,COEF3R,
          8                          *                  NPSET,LPSET1,LPSET2,LPSET3,LPSET4,
          9                          *                  COEFP1,COEFP2,COEFP3,
         10                          *                  NESET,LESET1,LESET2,LESET3,LESET4,
         11                          *                  COEFE1,COEFE2,COEFE3,
         12                          *                  IUT6,IERR,N2,NP,NODE,X,Y,Z)
         13                           IMPLICIT NONE
         14                     C
         15                     C[INPUT]
         16                           INTEGER*4 IPART,NPART,MBPDOM,MDOM,MPSET,NDOMS,NDOMR
         17                           INTEGER*4 NE,LEFRM(NE)
         18                           INTEGER*4 MCOMM
         19                           INTEGER*4 LDOMS(NDOMS),LDOMR(NDOMR),
         20                          *          LISTS(NDOMS),LISTR(NDOMR),
         21                          *          NBDOMS(NDOMS),NBDOMR(NDOMR),
         22                          *          LOSPS (MCOMM),LOSPR (MCOMM),
         23                          *          LOSFMS(MCOMM),LOSFMR(MCOMM),
         24                          *          LOSFDS(MCOMM),LOSFDR(MCOMM),
         25                          *          LTYPES(MCOMM),LTYPER(MCOMM)
         26                           REAL*4    COEF1S(MCOMM),COEF1R(MCOMM),
         27                          *          COEF2S(MCOMM),COEF2R(MCOMM),
         28                          *          COEF3S(MCOMM),COEF3R(MCOMM),
         29                          *          ERROSS(MCOMM)
         30                           INTEGER*4 IUT6
         31                           INTEGER*4 N2,NP,NODE(N2,NE)
         32                           REAL*4    X(NP),Y(NP),Z(NP)
         33                     C
         34                     C[INPUT-OUTPUT]
         35                           INTEGER*4 NPSET,LPSET1(MPSET),LPSET4(MPSET)
         36                           INTEGER*4 NESET,LESET1(MPSET),LESET4(MPSET)
         37                     C
         38                     C[OUTPUT]
         39                           INTEGER*4 LPSET2(MPSET),LPSET3(MPSET)
         40                           INTEGER*4 LESET2(MPSET),LESET3(MPSET)
         41                           REAL*4    COEFP1(MPSET),COEFP2(MPSET),COEFP3(MPSET)
         42                           REAL*4    COEFE1(MPSET),COEFE2(MPSET),COEFE3(MPSET)
         43                           INTEGER*4 IERR
         44                     C
         45                     C[LOCAL]
         46                           INTEGER*4 IDOM,IPSET,IESET,IBP,IBE,IERRA,IP,IE
         47                           INTEGER*4 LWRK1P(MPSET),LWRK2P(MPSET)
         48                           INTEGER*4 LWRK1E(MPSET),LWRK2E(MPSET)
         49                           REAL*4    ERR1,ERR2
         50                     C
         51                     C
         52                     C     VERSION 2011.07.15 WRITTEN BY Y.YAMADE
         53                     C
         54                     C     ARGUMENT LIST
         55                     C
         56                     C[INPUT]
         57                     C IPART          : DOMAIN NUMBER (1 - NPART)
         58                     C NPART          : NUMBER OF DOMAINS
         59                     C MBPDOM         : MAX. NUMBER OF O.S. NODES FOR A DOMAIN
         60                     C MPSET          : MAX. NUMBER OF O.S. NODES
         61                     C NDOMS          : NUMBER OF DOMAIN  FOR SENDING
         62                     C NDOMR          : NUMBER OF DOMAIN  FOR RECEIVING
         63                     C LOSFDR (I,IDOM) : RESULT OF SERCHING (0:NOT FOUND, ELM. NUM.:FOUND)
         64                     C COEF1R (I,IDOM) : LOCAL COORDINATE-1
         65                     C COEF2R (I,IDOM) : LOCAL COORDINATE-2
         66                     C COEF3R (I,IDOM) : LOCAL COORDINATE-3
         67                     C LOSFDS (I,IDOM) : RESULT OF SERCHING (IT WILL BE GOT BY COMMUNICATION)
         68                     C COEF1S (I,IDOM) : LOCAL COORDINATE-1
         69                     C COEF2S (I,IDOM) : LOCAL COORDINATE-2
         70                     C COEF3S (I,IDOM) : LOCAL COORDINATE-3
         71                     C
         72                     C[INPUT-OUTPUT]
         73                     C NPSET      : NUMBER OF OVERSET NOUSES
         74                     C LPSET1(IBP): OVERSET NODES LIST
         75                     C
         76                     C[OUTPUT]
         77                     C LPSET2(IBP): ELEMENT NUMBER OF PARENTS ELEMENTS OF OVERSET NODES
         78                     C LPSET3(IBP): DOMAIN NUMBER
         79                     C              0        : BOTH OF OVERSET NODES AND PARENTS ELEENTS
         80                     C                         ARE WITHIN THE DOMAIN
         81                     C              POSITIVE : ONLY PARENT ELEMENTS ARE WITHIN THE DOMAIN
         82                     C              NEGATIVE : ONLY OVERSET NODES   ARE WITHIN THE DOMAIN
         83                     C COEF1(IBP) : LOCAL COORDINATE-1
         84                     C COEF2(IBP) : LOCAL COORDINATE-2
         85                     C COEF3(IBP) : LOCAL COORDINATE-3
         86                     C
         87                           IERR=0
         88                     C
         89     1                     DO 1000 IDOM=1,NDOMS
                              <<< Loop-information Start >>>
                              <<<  [OPTIMIZATION]
                              <<<    PREFETCH(HARD) Expected by compiler :
                              <<<      LOSFDS, LOSPS
                              <<<    SPILLS :
                              <<<      GENERAL   : SPILL 3  FILL 18
                              <<<      SIMD&FP   : SPILL 0  FILL 0
                              <<<      SCALABLE  : SPILL 0  FILL 0
                              <<<      PREDICATE : SPILL 0  FILL 0
                              <<< Loop-information  End >>>
         90     2   s    s                DO 1100 IBP=1,NBDOMS(IDOM)
         91     2   m    m                    IPSET=LOSPS(IBP+LISTS(IDOM)-1)
         92     2   s    s                    IF(LOSFDS(IBP+LISTS(IDOM)-1).EQ.0) GOTO 1100
         93     2               C
         94     3   s    s                    IF(LTYPES(IBP+LISTS(IDOM)-1).EQ.1) THEN
         95     3               C
         96     3   s    s                        LOSPS(IBP+LISTS(IDOM)-1)=LPSET1(IPSET)
         97     3               C
         98     4   s    s                        IF(LPSET2(IPSET).EQ.0 ) THEN
         99     4   s    s                            LPSET2(IPSET)= LOSFDS(IBP+LISTS(IDOM)-1)
        100     4   m    s                            LPSET3(IPSET)=-LDOMS (IDOM)
        101     4   s    s                            COEFP1(IPSET)= COEF1S(IBP+LISTS(IDOM)-1)
        102     4   s    s                            COEFP2(IPSET)= COEF2S(IBP+LISTS(IDOM)-1)
        103     4   s    s                            COEFP3(IPSET)= COEF3S(IBP+LISTS(IDOM)-1)
        104     4   p    s                            IF(IPART.EQ.LDOMS(IDOM)) LPSET3(IPSET)=0
        105     4   s    s                            LWRK1P(IPSET)=IBP
        106     4   m    s                            LWRK2P(IPSET)=IDOM
        107     4   s    s                        ELSE
        108     4   s    s                            ERR1=ERROSS(LWRK1P(IPSET)+LISTS(LWRK2P(IPSET))-1)
        109     4   s    s                            ERR2=ERROSS(IBP          +LISTS(IDOM         )-1)
        110     5   m    s                            IF(ERR1.LE.ERR2) THEN
        111     5   m    s                                LOSFDS(IBP+LISTS(IDOM)-1)=0
        112     5   s    s                            ELSE
        113     5   s    s                                LPSET2(IPSET)= LOSFDS(IBP+LISTS(IDOM)-1)
        114     5   m    s                                LPSET3(IPSET)=-LDOMS (IDOM)
        115     5   s    s                                COEFP1(IPSET)= COEF1S(IBP+LISTS(IDOM)-1)
        116     5   s    s                                COEFP2(IPSET)= COEF2S(IBP+LISTS(IDOM)-1)
        117     5   s    s                                COEFP3(IPSET)= COEF3S(IBP+LISTS(IDOM)-1)
        118     5   s    s                                LOSFDS(LWRK1P(IPSET)+LISTS(LWRK2P(IPSET))-1)=0
        119     5   p    s                                IF(IPART.EQ.LDOMS(IDOM)) LPSET3(IPSET)=0
        120     5   s    s                                LWRK1P(IPSET)=IBP
        121     5   s    s                                LWRK2P(IPSET)=IDOM
        122     5   p    s                            ENDIF
        123     4   p    s                        ENDIF
        124     3               C
        125     3   s    s                    ELSE IF(LTYPES(IBP+LISTS(IDOM)-1).EQ.2) THEN
        126     3               C
        127     3   s    s                        IESET=IPSET
        128     3   s    s                        LOSPS(IBP+LISTS(IDOM)-1)=LESET1(IESET)
        129     3               C
        130     4   m    s                        IF(LESET2(IESET).EQ.0 ) THEN
        131     4   s    s                            LESET2(IESET)= LOSFDS(IBP+LISTS(IDOM)-1)
        132     4   m    s                            LESET3(IESET)=-LDOMS (    IDOM)
        133     4   s    s                            COEFE1(IESET)= COEF1S(IBP+LISTS(IDOM)-1)
        134     4   s    s                            COEFE2(IESET)= COEF2S(IBP+LISTS(IDOM)-1)
        135     4   s    s                            COEFE3(IESET)= COEF3S(IBP+LISTS(IDOM)-1)
        136     4   p    s                            IF(IPART.EQ.LDOMS(IDOM)) LESET3(IESET)=0
        137     4   s    s                            LWRK1E(IESET)=IBP
        138     4   m    m                            LWRK2E(IESET)=IDOM
        139     4   s    s                        ELSE
        140     4   s    s                            ERR1=ERROSS(LWRK1E(IESET)+LISTS(LWRK2E(IESET))-1)
        141     4   s    s                            ERR2=ERROSS(IBP          +LISTS(IDOM)         -1)
        142     5   m    s                            IF(ERR1.LE.ERR2) THEN
        143     5   m    m                                LOSFDS(IBP+LISTS(IDOM)-1)=0
        144     5   s    s                            ELSE
        145     5   s    s                                LESET2(IESET)= LOSFDS(IBP+LISTS(IDOM)-1)
        146     5   m    s                                LESET3(IESET)=-LDOMS (    IDOM)
        147     5   s    s                                COEFE1(IESET)= COEF1S(IBP+LISTS(IDOM)-1)
        148     5   s    s                                COEFE2(IESET)= COEF2S(IBP+LISTS(IDOM)-1)
        149     5   s    s                                COEFE3(IESET)= COEF3S(IBP+LISTS(IDOM)-1)
        150     5   s    s                                LOSFDS(LWRK1E(IESET)+LISTS(LWRK2E(IESET))-1)=0
        151     5   p    s                                IF(IPART.EQ.LDOMS(IDOM)) LESET3(IESET)=0
        152     5   s    s                                LWRK1E(IESET)=IBP
        153     5   m    s                                LWRK2E(IESET)=IDOM
        154     5   p    s                            ENDIF
        155     4   p    s                        ENDIF
        156     3               C
        157     3   p    s                    ENDIF
        158     2   p    v       1100     CONTINUE
        159     1                1000 CONTINUE
        160                     C
                              <<< Loop-information Start >>>
                              <<<  [OPTIMIZATION]
                              <<<    PREFETCH(HARD) Expected by compiler :
                              <<<      LPSET2
                              <<<    SPILLS :
                              <<<      GENERAL   : SPILL 3  FILL 22
                              <<<      SIMD&FP   : SPILL 0  FILL 0
                              <<<      SCALABLE  : SPILL 0  FILL 0
                              <<<      PREDICATE : SPILL 0  FILL 0
                              <<< Loop-information  End >>>
        161     1   s    s            DO 1200 IBP=1,NPSET
        162     1               CCYY---
        163     1               CC        IF(LPSET2(IBP).EQ.0) IERR=1
        164     1               CCYY---
        165     2   p    m                IF(LPSET2(IBP).EQ.0) THEN
        166     2   p    s                    IP=LPSET1(IBP)
        167     2   m    s                    WRITE(IUT6,*) 'SETOS0: NOT FOUND P',X(IP),Y(IP),Z(IP)
        168     2   p    v                ENDIF
        169     1   p    v       1200 CONTINUE
        170                     C
                              <<< Loop-information Start >>>
                              <<<  [OPTIMIZATION]
                              <<<    PREFETCH(HARD) Expected by compiler :
                              <<<      LESET2
                              <<<    SPILLS :
                              <<<      GENERAL   : SPILL 3  FILL 26
                              <<<      SIMD&FP   : SPILL 0  FILL 0
                              <<<      SCALABLE  : SPILL 0  FILL 0
                              <<<      PREDICATE : SPILL 0  FILL 0
                              <<< Loop-information  End >>>
        171     1   s    s            DO 1210 IBE=1,NESET
        172     1               CCYY--
        173     1               CC        IF(LESET2(IBE).EQ.0) IERR=1
        174     1               CCYY--
        175     2   p    m                IF(LESET2(IBE).EQ.0) THEN
        176     2   p    s                    IE=LESET1(IBE)
        177     2   m    s                    WRITE(IUT6,*) 'SETOS0: NOT FOUND E',
        178     2                    *        (  X(NODE(1,IE))+X(NODE(2,IE))
        179     2                    *          +X(NODE(3,IE))+X(NODE(4,IE))
        180     2                    *          +X(NODE(5,IE))+X(NODE(6,IE))
        181     2                    *          +X(NODE(7,IE))+X(NODE(8,IE)) )/8.0E0,
        182     2                    *        (  Y(NODE(1,IE))+Y(NODE(2,IE))
        183     2                    *          +Y(NODE(3,IE))+Y(NODE(4,IE))
        184     2                    *          +Y(NODE(5,IE))+Y(NODE(6,IE))
        185     2                    *          +Y(NODE(7,IE))+Y(NODE(8,IE)) )/8.0E0,
        186     2                    *        (  Z(NODE(1,IE))+Z(NODE(2,IE))
        187     2                    *          +Z(NODE(3,IE))+Z(NODE(4,IE))
        188     2                    *          +Z(NODE(5,IE))+Z(NODE(6,IE))
        189     2                    *          +Z(NODE(7,IE))+Z(NODE(8,IE)) )/8.0E0
        190     2   p    v                ENDIF
        191     1   p    v       1210 CONTINUE
        192                     C
        193                           IF(IPART.EQ.0) RETURN
        194                     C
        195                           CALL ERRCHK(IUT6,IPART,1,IERR,IERRA)
        196                           IERR=IERRA
        197     1                     IF(IERR.NE.0) THEN
        198     1                         RETURN
        199     1                     ENDIF
        200                     C
        201                           CALL DDSET6(IPART,MCOMM,
        202                          *            NDOMS,LDOMS,NBDOMS,LISTS,LOSPS,
        203                          *            NDOMR,LDOMR,NBDOMR,LISTR,LOSPR,IERR)
        204                     C
        205                           CALL DDSET6(IPART,MCOMM,
        206                          *            NDOMS,LDOMS,NBDOMS,LISTS,LOSFDS,
        207                          *            NDOMR,LDOMR,NBDOMR,LISTR,LOSFDR,IERR)
        208                     C
        209     1                     DO 2000 IDOM=1,NDOMR
        210     1                         IF(LDOMR(IDOM).EQ.IPART) GOTO 2000
                              <<< Loop-information Start >>>
                              <<<  [OPTIMIZATION]
                              <<<    PREFETCH(HARD) Expected by compiler :
                              <<<      LOSFDR
                              <<<    SPILLS :
                              <<<      GENERAL   : SPILL 0  FILL 30
                              <<<      SIMD&FP   : SPILL 0  FILL 0
                              <<<      SCALABLE  : SPILL 0  FILL 0
                              <<<      PREDICATE : SPILL 0  FILL 0
                              <<< Loop-information  End >>>
        211     2   s    s                DO 2100 IBP=1,NBDOMR(IDOM)
        212     2   p    m                    IF(LOSFDR(IBP+LISTR(IDOM)-1).EQ.0 ) GOTO 2100
        213     2               C
        214     3   p    s                    IF(LTYPER(IBP+LISTR(IDOM)-1).EQ.1) THEN
        215     3   s    s                        NPSET=NPSET+1
        216     4   p    s                        IF(NPSET.GT.MPSET) THEN
        217     4   p    s                            IERR=1
        218     4   p    s                            GOTO 2100
        219     4   p    s                        ENDIF
        220     3   m    s                        LPSET1(NPSET)= LOSPR (IBP+LISTR(IDOM)-1)
        221     3   s    s                        LPSET2(NPSET)= LOSFDR(IBP+LISTR(IDOM)-1)
        222     3   s    s                        LPSET3(NPSET)= LDOMR (    IDOM)
        223     3   p    s                        IE=LPSET2(NPSET)
        224     3   m    s                        LPSET4(NPSET)= LEFRM(IE)
        225     3   s    s                        COEFP1(NPSET)= COEF1R(IBP+LISTR(IDOM)-1)
        226     3   s    s                        COEFP2(NPSET)= COEF2R(IBP+LISTR(IDOM)-1)
        227     3   m    m                        COEFP3(NPSET)= COEF3R(IBP+LISTR(IDOM)-1)
        228     3   p    s                    ELSE IF(LTYPER(IBP+LISTR(IDOM)-1).EQ.2) THEN
        229     3   s    s                        NESET=NESET+1
        230     4   p    s                        IF(NESET.GT.MPSET) THEN
        231     4   p    s                            IERR=1
        232     4   p    v                            GOTO 2100
        233     4   p    s                        ENDIF
        234     3   m    s                        LESET1(NESET)= LOSPR (IBP+LISTR(IDOM)-1)
        235     3   s    s                        LESET2(NESET)= LOSFDR(IBP+LISTR(IDOM)-1)
        236     3   s    s                        LESET3(NESET)= LDOMR (    IDOM)
        237     3   p    s                        IE=LESET2(NESET)
        238     3   m    s                        LESET4(NESET)= LEFRM(IE)
        239     3   s    s                        COEFE1(NESET)= COEF1R(IBP+LISTR(IDOM)-1)
        240     3   s    s                        COEFE2(NESET)= COEF2R(IBP+LISTR(IDOM)-1)
        241     3   m    s                        COEFE3(NESET)= COEF3R(IBP+LISTR(IDOM)-1)
        242     3   p    s                    ENDIF
        243     2   p    v       2100     CONTINUE
        244     1                2000 CONTINUE
        245                     C
        246                      2200 CONTINUE
        247                           CALL ERRCHK(IUT6,IPART,1,IERR,IERRA)
        248                           IERR=IERRA
        249     1                     IF(IERR.NE.0) THEN
        250     1                         RETURN
        251     1                     ENDIF
        252                     C
        253                           WRITE(IUT6,*) 'SETOS0: '
        254                           WRITE(IUT6,*) 'SETOS0: NPSET',NPSET
        255                           WRITE(IUT6,*) 'SETOS0: NESET',NESET
        256                     C
        257                           RETURN
        258                           END

 Diagnostic messages: program name(SETOS0)
   jwd2008i-i  "setos0.f", line 1: この仮引数'MDOM'は、副プログラム中で使用されていません。
   jwd2008i-i  "setos0.f", line 1: この仮引数'MBPDOM'は、副プログラム中で使用されていません。
   jwd2008i-i  "setos0.f", line 1: この仮引数'NPART'は、副プログラム中で使用されていません。
   jwd8220o-i  "setos0.f", line 1: 副作用の可能性のある最適化を行いました。
   jwd2008i-i  "setos0.f", line 19: この仮引数'LOSFMR'は、副プログラム中で使用されていません。
   jwd2008i-i  "setos0.f", line 19: この仮引数'LOSFMS'は、副プログラム中で使用されていません。
   jwd5208p-i  "setos0.f", line 89: 定義引用の順序が分からないため、定義引用順序が逐次実行と異なる可能性があり、このDOループは並列化できません。(名前:COEFE3)
   jwd5208p-i  "setos0.f", line 89: 定義引用の順序が分からないため、定義引用順序が逐次実行と異なる可能性があり、このDOループは並列化できません。(名前:COEFE2)
   jwd5208p-i  "setos0.f", line 89: 定義引用の順序が分からないため、定義引用順序が逐次実行と異なる可能性があり、このDOループは並列化できません。(名前:COEFE1)
   jwd5208p-i  "setos0.f", line 89: 定義引用の順序が分からないため、定義引用順序が逐次実行と異なる可能性があり、このDOループは並列化できません。(名前:COEFP3)
   jwd5208p-i  "setos0.f", line 89: 定義引用の順序が分からないため、定義引用順序が逐次実行と異なる可能性があり、このDOループは並列化できません。(名前:COEFP2)
   jwd5208p-i  "setos0.f", line 89: 定義引用の順序が分からないため、定義引用順序が逐次実行と異なる可能性があり、このDOループは並列化できません。(名前:COEFP1)
   jwd5208p-i  "setos0.f", line 89: 定義引用の順序が分からないため、定義引用順序が逐次実行と異なる可能性があり、このDOループは並列化できません。(名前:LWRK2E)
   jwd5208p-i  "setos0.f", line 89: 定義引用の順序が分からないため、定義引用順序が逐次実行と異なる可能性があり、このDOループは並列化できません。(名前:LWRK1E)
   jwd5208p-i  "setos0.f", line 89: 定義引用の順序が分からないため、定義引用順序が逐次実行と異なる可能性があり、このDOループは並列化できません。(名前:LWRK2P)
   jwd5208p-i  "setos0.f", line 89: 定義引用の順序が分からないため、定義引用順序が逐次実行と異なる可能性があり、このDOループは並列化できません。(名前:LWRK1P)
   jwd5208p-i  "setos0.f", line 89: 定義引用の順序が分からないため、定義引用順序が逐次実行と異なる可能性があり、このDOループは並列化できません。(名前:LESET3)
   jwd5208p-i  "setos0.f", line 89: 定義引用の順序が分からないため、定義引用順序が逐次実行と異なる可能性があり、このDOループは並列化できません。(名前:LPSET3)
   jwd5208p-i  "setos0.f", line 89: 定義引用の順序が分からないため、定義引用順序が逐次実行と異なる可能性があり、このDOループは並列化できません。(名前:LESET2)
   jwd5208p-i  "setos0.f", line 89: 定義引用の順序が分からないため、定義引用順序が逐次実行と異なる可能性があり、このDOループは並列化できません。(名前:LPSET2)
   jwd6229s-i  "setos0.f", line 90: IF文が存在するため、このDOループのSIMD化を抑止しました。
   jwd8670o-i  "setos0.f", line 90: ループ内に分岐命令があるため、ソフトウェアパイプライニングを適用できません。
   jwd5228p-i  "setos0.f", line 91: データの定義引用の順序が逐次実行と異なるため、このDOループは並列化できません。
   jwd6228s-i  "setos0.f", line 92: データの定義引用の順序が逐次実行と異なる可能性があるため、このDOループはSIMD化できません。
   jwd5209p-i  "setos0.f", line 98: 配列'LPSET2'の添字式中の変数'IPSET'をループ中で定義しているため、このDOループは並列化できません。
   jwd6209s-i  "setos0.f", line 98: 配列'LPSET2'の添字式中の変数'IPSET'をループ中で定義しているため、このDOループはSIMD化できません。
   jwd5209p-i  "setos0.f", line 100: 配列'LPSET3'の添字式中の変数'IPSET'をループ中で定義しているため、このDOループは並列化できません。
   jwd6209s-i  "setos0.f", line 100: 配列'LPSET3'の添字式中の変数'IPSET'をループ中で定義しているため、このDOループはSIMD化できません。
   jwd5209p-i  "setos0.f", line 101: 配列'COEFP1'の添字式中の変数'IPSET'をループ中で定義しているため、このDOループは並列化できません。
   jwd6209s-i  "setos0.f", line 101: 配列'COEFP1'の添字式中の変数'IPSET'をループ中で定義しているため、このDOループはSIMD化できません。
   jwd5209p-i  "setos0.f", line 102: 配列'COEFP2'の添字式中の変数'IPSET'をループ中で定義しているため、このDOループは並列化できません。
   jwd6209s-i  "setos0.f", line 102: 配列'COEFP2'の添字式中の変数'IPSET'をループ中で定義しているため、このDOループはSIMD化できません。
   jwd5209p-i  "setos0.f", line 103: 配列'COEFP3'の添字式中の変数'IPSET'をループ中で定義しているため、このDOループは並列化できません。
   jwd6209s-i  "setos0.f", line 103: 配列'COEFP3'の添字式中の変数'IPSET'をループ中で定義しているため、このDOループはSIMD化できません。
   jwd5209p-i  "setos0.f", line 105: 配列'LWRK1P'の添字式中の変数'IPSET'をループ中で定義しているため、このDOループは並列化できません。
   jwd6209s-i  "setos0.f", line 105: 配列'LWRK1P'の添字式中の変数'IPSET'をループ中で定義しているため、このDOループはSIMD化できません。
   jwd5209p-i  "setos0.f", line 106: 配列'LWRK2P'の添字式中の変数'IPSET'をループ中で定義しているため、このDOループは並列化できません。
   jwd6209s-i  "setos0.f", line 106: 配列'LWRK2P'の添字式中の変数'IPSET'をループ中で定義しているため、このDOループはSIMD化できません。
   jwd5209p-i  "setos0.f", line 130: 配列'LESET2'の添字式中の変数'IPSET'をループ中で定義しているため、このDOループは並列化できません。
   jwd6209s-i  "setos0.f", line 130: 配列'LESET2'の添字式中の変数'IPSET'をループ中で定義しているため、このDOループはSIMD化できません。
   jwd5209p-i  "setos0.f", line 132: 配列'LESET3'の添字式中の変数'IPSET'をループ中で定義しているため、このDOループは並列化できません。
   jwd6209s-i  "setos0.f", line 132: 配列'LESET3'の添字式中の変数'IPSET'をループ中で定義しているため、このDOループはSIMD化できません。
   jwd5209p-i  "setos0.f", line 133: 配列'COEFE1'の添字式中の変数'IPSET'をループ中で定義しているため、このDOループは並列化できません。
   jwd6209s-i  "setos0.f", line 133: 配列'COEFE1'の添字式中の変数'IPSET'をループ中で定義しているため、このDOループはSIMD化できません。
   jwd5209p-i  "setos0.f", line 134: 配列'COEFE2'の添字式中の変数'IPSET'をループ中で定義しているため、このDOループは並列化できません。
   jwd6209s-i  "setos0.f", line 134: 配列'COEFE2'の添字式中の変数'IPSET'をループ中で定義しているため、このDOループはSIMD化できません。
   jwd5209p-i  "setos0.f", line 135: 配列'COEFE3'の添字式中の変数'IPSET'をループ中で定義しているため、このDOループは並列化できません。
   jwd6209s-i  "setos0.f", line 135: 配列'COEFE3'の添字式中の変数'IPSET'をループ中で定義しているため、このDOループはSIMD化できません。
   jwd5209p-i  "setos0.f", line 137: 配列'LWRK1E'の添字式中の変数'IPSET'をループ中で定義しているため、このDOループは並列化できません。
   jwd6209s-i  "setos0.f", line 137: 配列'LWRK1E'の添字式中の変数'IPSET'をループ中で定義しているため、このDOループはSIMD化できません。
   jwd5209p-i  "setos0.f", line 138: 配列'LWRK2E'の添字式中の変数'IPSET'をループ中で定義しているため、このDOループは並列化できません。
   jwd6209s-i  "setos0.f", line 138: 配列'LWRK2E'の添字式中の変数'IPSET'をループ中で定義しているため、このDOループはSIMD化できません。
   jwd6229s-i  "setos0.f", line 161: IF文が存在するため、このDOループのSIMD化を抑止しました。
   jwd8664o-i  "setos0.f", line 161: ループ内に関数呼出しなどの最適化対象外の命令があるため、ソフトウェアパイプライニングを適用できません。
   jwd5121p-i  "setos0.f", line 167: DOループ内に、自動並列化の制約となる入出力文が存在します。
   jwd6121s-i  "setos0.f", line 167: DOループ内に、SIMD化の制約となる入出力文が存在します。
   jwd6229s-i  "setos0.f", line 171: IF文が存在するため、このDOループのSIMD化を抑止しました。
   jwd8664o-i  "setos0.f", line 171: ループ内に関数呼出しなどの最適化対象外の命令があるため、ソフトウェアパイプライニングを適用できません。
   jwd8209o-i  "setos0.f", line 177: 多項式の演算順序を変更しました。
   jwd5121p-i  "setos0.f", line 177: DOループ内に、自動並列化の制約となる入出力文が存在します。
   jwd6121s-i  "setos0.f", line 177: DOループ内に、SIMD化の制約となる入出力文が存在します。
   jwd5202p-i  "setos0.f", line 209: データの定義引用の順序が逐次実行と異なるため、このDOループは並列化できません。(名前:IERR)
   jwd5202p-i  "setos0.f", line 209: データの定義引用の順序が逐次実行と異なるため、このDOループは並列化できません。(名前:NESET)
   jwd5202p-i  "setos0.f", line 209: データの定義引用の順序が逐次実行と異なるため、このDOループは並列化できません。(名前:NPSET)
   jwd5208p-i  "setos0.f", line 209: 定義引用の順序が分からないため、定義引用順序が逐次実行と異なる可能性があり、このDOループは並列化できません。(名前:LPSET4)
   jwd5208p-i  "setos0.f", line 209: 定義引用の順序が分からないため、定義引用順序が逐次実行と異なる可能性があり、このDOループは並列化できません。(名前:LESET4)
   jwd5208p-i  "setos0.f", line 209: 定義引用の順序が分からないため、定義引用順序が逐次実行と異なる可能性があり、このDOループは並列化できません。(名前:LESET1)
   jwd5208p-i  "setos0.f", line 209: 定義引用の順序が分からないため、定義引用順序が逐次実行と異なる可能性があり、このDOループは並列化できません。(名前:LPSET1)
   jwd5208p-i  "setos0.f", line 209: 定義引用の順序が分からないため、定義引用順序が逐次実行と異なる可能性があり、このDOループは並列化できません。(名前:COEFE3)
   jwd5208p-i  "setos0.f", line 209: 定義引用の順序が分からないため、定義引用順序が逐次実行と異なる可能性があり、このDOループは並列化できません。(名前:COEFE2)
   jwd5208p-i  "setos0.f", line 209: 定義引用の順序が分からないため、定義引用順序が逐次実行と異なる可能性があり、このDOループは並列化できません。(名前:COEFE1)
   jwd5208p-i  "setos0.f", line 209: 定義引用の順序が分からないため、定義引用順序が逐次実行と異なる可能性があり、このDOループは並列化できません。(名前:COEFP3)
   jwd5208p-i  "setos0.f", line 209: 定義引用の順序が分からないため、定義引用順序が逐次実行と異なる可能性があり、このDOループは並列化できません。(名前:COEFP2)
   jwd5208p-i  "setos0.f", line 209: 定義引用の順序が分からないため、定義引用順序が逐次実行と異なる可能性があり、このDOループは並列化できません。(名前:COEFP1)
   jwd5208p-i  "setos0.f", line 209: 定義引用の順序が分からないため、定義引用順序が逐次実行と異なる可能性があり、このDOループは並列化できません。(名前:LESET3)
   jwd5208p-i  "setos0.f", line 209: 定義引用の順序が分からないため、定義引用順序が逐次実行と異なる可能性があり、このDOループは並列化できません。(名前:LPSET3)
   jwd5208p-i  "setos0.f", line 209: 定義引用の順序が分からないため、定義引用順序が逐次実行と異なる可能性があり、このDOループは並列化できません。(名前:LESET2)
   jwd5208p-i  "setos0.f", line 209: 定義引用の順序が分からないため、定義引用順序が逐次実行と異なる可能性があり、このDOループは並列化できません。(名前:LPSET2)
   jwd6229s-i  "setos0.f", line 211: IF文が存在するため、このDOループのSIMD化を抑止しました。
   jwd8670o-i  "setos0.f", line 211: ループ内に分岐命令があるため、ソフトウェアパイプライニングを適用できません。
   jwd5202p-i  "setos0.f", line 215: データの定義引用の順序が逐次実行と異なるため、このDOループは並列化できません。(名前:NPSET)
   jwd6202s-i  "setos0.f", line 215: データの定義引用の順序が逐次実行と異なるため、このDOループはSIMD化できません。(名前:NPSET)
   jwd5209p-i  "setos0.f", line 220: 配列'LPSET1'の添字式中の変数'NPSET'をループ中で定義しているため、このDOループは並列化できません。
   jwd5209p-i  "setos0.f", line 221: 配列'LPSET2'の添字式中の変数'NPSET'をループ中で定義しているため、このDOループは並列化できません。
   jwd5209p-i  "setos0.f", line 222: 配列'LPSET3'の添字式中の変数'NPSET'をループ中で定義しているため、このDOループは並列化できません。
   jwd5209p-i  "setos0.f", line 224: 配列'LPSET4'の添字式中の変数'NPSET'をループ中で定義しているため、このDOループは並列化できません。
   jwd5209p-i  "setos0.f", line 225: 配列'COEFP1'の添字式中の変数'NPSET'をループ中で定義しているため、このDOループは並列化できません。
   jwd5209p-i  "setos0.f", line 226: 配列'COEFP2'の添字式中の変数'NPSET'をループ中で定義しているため、このDOループは並列化できません。
   jwd5209p-i  "setos0.f", line 227: 配列'COEFP3'の添字式中の変数'NPSET'をループ中で定義しているため、このDOループは並列化できません。
   jwd5202p-i  "setos0.f", line 229: データの定義引用の順序が逐次実行と異なるため、このDOループは並列化できません。(名前:NESET)
   jwd6202s-i  "setos0.f", line 229: データの定義引用の順序が逐次実行と異なるため、このDOループはSIMD化できません。(名前:NESET)
   jwd5209p-i  "setos0.f", line 234: 配列'LESET1'の添字式中の変数'NESET'をループ中で定義しているため、このDOループは並列化できません。
   jwd5209p-i  "setos0.f", line 235: 配列'LESET2'の添字式中の変数'NESET'をループ中で定義しているため、このDOループは並列化できません。
   jwd5209p-i  "setos0.f", line 236: 配列'LESET3'の添字式中の変数'NESET'をループ中で定義しているため、このDOループは並列化できません。
   jwd5209p-i  "setos0.f", line 238: 配列'LESET4'の添字式中の変数'NESET'をループ中で定義しているため、このDOループは並列化できません。
   jwd5209p-i  "setos0.f", line 239: 配列'COEFE1'の添字式中の変数'NESET'をループ中で定義しているため、このDOループは並列化できません。
   jwd5209p-i  "setos0.f", line 240: 配列'COEFE2'の添字式中の変数'NESET'をループ中で定義しているため、このDOループは並列化できません。
   jwd5209p-i  "setos0.f", line 241: 配列'COEFE3'の添字式中の変数'NESET'をループ中で定義しているため、このDOループは並列化できません。

 Procedure information
   Lines      : 258
   Statements : 152
   Stack(byte): 1648
   Prefetch num: 0

 Total information
   Procedures       : 1
   Total lines      : 258
   Total statements : 152
   Total stack(byte): 1648
   Total prefetch num: 0

