
 Fujitsu Fortran Version 4.1.0  Tue Apr 28 18:53:25 2020

 Compilation information
   Current directory : /vol0001/g9300001/u93021/09.FFB/2020.04.28a_v630202_from_Yamade/FFB.63.02.02/ver.63.02.02
   Source file       : setpro.f

 Option information
   Command line options : -Kident_mpi -f2004 -I/home/g9300001/u93021/09.FFB/2020.04.28a_v630202_from_Yamade/FFB.63.02.02/include -I/include/mpi/fujitsu/ -Kvisimpact,ocl,optmsg=2,openmp -Dcputime -DUSE_TIMER -DUSE_BARRIER -Nlst=t -Cpp -Nfjomplib -c -I/opt/FJSVxtclanga/.common/MELI014/include/mpi/fujitsu -I/opt/FJSVxtclanga/.common/MELI014/lib64 -Knointentopt
   Cpp options          : -I/home/g9300001/u93021/09.FFB/2020.04.28a_v630202_from_Yamade/FFB.63.02.02/include -I/include/mpi/fujitsu/ -Dcputime -DUSE_TIMER -DUSE_BARRIER -I/opt/FJSVxtclanga/.common/MELI014/include/mpi/fujitsu -I/opt/FJSVxtclanga/.common/MELI014/lib64 -Dunix -Dlinux -D__FUJITSU -D__FRT_major__=4 -D__FRT_minor__=1 -D__FRT_patchlevel__=0 -D__FRT_version__="4.1.0" -D__aarch64__ -D__unix -D_OPENMP=201511 -D__frt_version=800 -D__ARM_ARCH=8 -D__ARM_FEATURE_SVE -D__ELF__ -D__unix__ -D__linux__ -D__linux -Asystem(unix) -otmp
   Effective options    : -fi -g0 -AE -Fixed -O3 -X08
                          -x0 -xaccept=nomodule_allocatable
                          -KA64FX -KARMV8_3_A -KSVE -Kalign_commons
                          -Kalign_loops -Kassume=noshortloop
                          -Kassume=nomemory_bandwidth
                          -Kassume=notime_saving_compilation -Kauto
                          -Kautoobjstack -Knocalleralloc -Kcmodel=small
                          -Keval -Keval_noconcurrent -Knofenv_access
                          -Kfp_contract -Kfp_relaxed -Kfsimple -Kfz -Khpctag
                          -Kilfunc=procedure -Knointentopt -Klargepage
                          -Kloop_blocking -Kloop_fission
                          -Kloop_nofission_stripmining
                          -Kloop_fission_threshold=50 -Kloop_fusion
                          -Kloop_interchange -Kloop_part_parallel
                          -Kloop_part_simd -Kloop_perfect_nest
                          -Kloop_noversioning -Knolto -Kmfunc=1 -Kocl
                          -Komitfp -Knooptlib_string -Koptmsg=2
                          -Knopc_relative_literal_loads -Kplt -Knopreex
                          -Kprefetch_noconditional -Kprefetch_noindirect
                          -Kprefetch_sequential=auto -Kprefetch_nostride
                          -Kprefetch_cache_level=all -Kprefetch_noinfer
                          -Kprefetch_strong -Kprefetch_strong_L2 -Knopreload
                          -Ksch_post_ra -Ksch_pre_ra -Ksibling_calls
                          -Ksimd=auto -Ksimd_packed_promotion
                          -Ksimd_reduction_product -Ksimd_reg_size=512
                          -Ksimd_nouncounted_loop
                          -Ksimd_use_multiple_structures -Knostriping -Kswp
                          -Kswp_freg_rate=100 -Kswp_ireg_rate=100
                          -Kswp_preg_rate=100 -Ktemparraystack -Kunroll
                          -Knounroll_and_jam -Knozfill
                          -Kopenmp -Kopenmp_noassume_norecurrence
                          -Kopenmp_nocollapse_except_innermost
                          -Kopenmp_noordered_reduction -Knoopenmp_simd
                          -Kthreadsafe -Kparallel -Kparallel_nofp_precision
                          -Knoarray_private -Knodynamic_iteration -Kreduction
                          -Kregion_extension
                          -Nallextput -Nnoalloc_assign
                          -Ncancel_overtime_compilation -Nnocheck_global
                          -Nnocoarray -Nnocompdisp -Nnocopyarg -Nnocoverage
                          -Nfjprof -Nfreealloc -Nf90move -Nnohook_func
                          -Nnohook_time -Nfjomplib -Nline -Nlst -Nlst=p
                          -Nlst=t -Nnomallocfree -Nnoobsfun -Nnoprivatealloc
                          -Nquickdbg=noargchk -Nquickdbg=nosubchk
                          -Nquickdbg=noundef -NRnotrap -Nnorecursive
                          -Nnoreordered_variable_stack -Nrt_notune -Nnosave
                          -Nsetvalue=noheap -Nsetvalue=nostack
                          -Nsetvalue=noscalar -Nsetvalue=noarray
                          -Nsetvalue=nostruct -Nuse_rodata

 External subroutine subprogram "SETPRO"
  (line-no.)(nest)(optimize)
          1                           SUBROUTINE SETPRO(IVOF,IPRESS,N2,NE,NP,NEX,NODE,IEPROP,
          2                          *                  MAXPRO,LPRO,CPRO0,CPRO1,CPRO2,CTREF,
          3                          *                  FE,RHOF,RHOF2,RHOS,VISCM,VISCM2,
          4                          *                  CPF,CPS,CONDF,CONDS,PRT,T000,TREF,T,FLE,
          5                          *                  RHO3D,VISC,RHOCP,COND3D,TELM,IUT0,IERR)
          6                           IMPLICIT NONE
          7                     C
          8                     C [INPUT]
          9                           INTEGER*4 IVOF,IPRESS,MAXPRO,LPRO (MAXPRO)
         10                           REAL*4    CPRO0(9,MAXPRO),CPRO1(4,MAXPRO),
         11                          *          CPRO2(4,MAXPRO),CTREF(4,MAXPRO)
         12                           INTEGER*4 N2,NE,NP,NEX(8)
         13                           INTEGER*4 NODE(N2,NE),IEPROP(NE)
         14                           REAL*4    FE(NE),RHOF,RHOF2,RHOS,VISCM,VISCM2,
         15                          *          CPF,CPS,CONDF,CONDS,PRT,T000,TREF,T(NP),FLE(NE)
         16                           INTEGER*4 IUT0
         17                     C
         18                     C [OUTPUT]
         19                           REAL*4    RHO3D(NE),VISC(NE),RHOCP(NE),COND3D(NE)
         20                           INTEGER*4 IERR
         21                     C
         22                     C [WORK]
         23                           REAL*4    TELM(NE)
         24                     C
         25                     C [LOCAL]
         26                           INTEGER*4 IES1,IEE1,IES2,IEE2,IES3,IEE3,IES4,IEE4,
         27                          *          IE,IP1,IP2,IP3,IP4,IP5,IP6,IP7,IP8,
         28                          *          NETET,NEPRD,NEWED,NEHEX,IPRO
         29                           REAL*4    COEF,TBUF1,TBUF2,TBUF3,TBUF4,CPBUF,FTMP
         30                     C
         31                           IERR=0
         32                     C
         33                           IF (IVOF.GE.1) GOTO 2200
         34                     C
         35                           NETET=NEX(1)
         36                           NEPRD=NEX(2)
         37                           NEWED=NEX(3)
         38                           NEHEX=NEX(4)
         39                     C
         40                     C   == TET. ==
         41                           IES1=1
         42                           IEE1=NETET
         43                     C
         44                     C   == PYRAMID ==
         45                           IES2=NETET+1
         46                           IEE2=NETET+NEPRD
         47                     C
         48                     C   == WEDGE ==
         49                           IES3=NETET+NEPRD+1
         50                           IEE3=NETET+NEPRD+NEWED
         51                     C
         52                     C   == HEX. ==
         53                           IES4=NETET+NEPRD+NEWED+1
         54                           IEE4=NETET+NEPRD+NEWED+NEHEX
         55                     C
         56                     C [1.] CAL. PESSURE AT ELEMENTS
         57                     C
         58                     C     OPERATION COUNTS:      4 FLOP /ELEMENT
         59                     C     DATA LOADINGS   :      8 WORDS/ELEMENT
         60                     C                      (     0 WORDS CONTIGUOUSLY,
         61                     C                            4 WORDS BY STRIDE, AND
         62                     C                            4 WORDS BY LIST )
         63                     C
         64                           COEF=1.0E0/4.0E0
                              <<< Loop-information Start >>>
                              <<<  [PARALLELIZATION]
                              <<<    Standard iteration count: 327
                              <<<  [OPTIMIZATION]
                              <<<    SIMD(VL: 16)
                              <<<    SOFTWARE PIPELINING(IPC: 2.14, ITR: 192, MVE: 2)
                              <<<    PREFETCH(HARD) Expected by compiler :
                              <<<      TELM
                              <<< Loop-information  End >>>
         65     1  pp   2v            DO 1010 IE = IES1 , IEE1
         66     1   p   2v                IP1=NODE(1,IE)
         67     1   p   2v                IP2=NODE(2,IE)
         68     1   p   2v                IP3=NODE(3,IE)
         69     1   p   2v                IP4=NODE(4,IE)
         70     1   p   2v                TELM(IE) = COEF*(T(IP1)+T(IP2)+T(IP3)+T(IP4))
         71     1   p   2v       1010 CONTINUE
         72                     C
         73                     C     OPERATION COUNTS:      5 FLOP /ELEMENT
         74                     C     DATA LOADINGS   :     10 WORDS/ELEMENT
         75                     C                      (     0 WORDS CONTIGUOUSLY,
         76                     C                            5 WORDS BY STRIDE, AND
         77                     C                            5 WORDS BY LIST )
         78                           COEF=1.0E0/5.0E0
                              <<< Loop-information Start >>>
                              <<<  [PARALLELIZATION]
                              <<<    Standard iteration count: 272
                              <<<  [OPTIMIZATION]
                              <<<    SIMD(VL: 16)
                              <<<    SOFTWARE PIPELINING(IPC: 2.20, ITR: 192, MVE: 2)
                              <<<    PREFETCH(HARD) Expected by compiler :
                              <<<      TELM
                              <<< Loop-information  End >>>
         79     1  pp   2v            DO 1020 IE = IES2 , IEE2
         80     1   p   2v                IP1=NODE(1,IE)
         81     1   p   2v                IP2=NODE(2,IE)
         82     1   p   2v                IP3=NODE(3,IE)
         83     1   p   2v                IP4=NODE(4,IE)
         84     1   p   2v                IP5=NODE(5,IE)
         85     1   p   2v                TELM(IE) = COEF*(T(IP1)+T(IP2)+T(IP3)+T(IP4)
         86     1                    *                    +T(IP5))
         87     1   p   2v       1020 CONTINUE
         88                     C
         89                     C     OPERATION COUNTS:      6 FLOP /ELEMENT
         90                     C     DATA LOADINGS   :     12 WORDS/ELEMENT
         91                     C                      (     0 WORDS CONTIGUOUSLY,
         92                     C                            6 WORDS BY STRIDE, AND
         93                     C                            6 WORDS BY LIST )
         94                     C
         95                           COEF=1.0E0/6.0E0
                              <<< Loop-information Start >>>
                              <<<  [PARALLELIZATION]
                              <<<    Standard iteration count: 232
                              <<<  [OPTIMIZATION]
                              <<<    SIMD(VL: 16)
                              <<<    SOFTWARE PIPELINING(IPC: 2.35, ITR: 144, MVE: 3)
                              <<<    PREFETCH(HARD) Expected by compiler :
                              <<<      TELM
                              <<< Loop-information  End >>>
         96     1  pp    v            DO 1030 IE = IES3 , IEE3
         97     1   p    v                IP1=NODE(1,IE)
         98     1   p    v                IP2=NODE(2,IE)
         99     1   p    v                IP3=NODE(3,IE)
        100     1   p    v                IP4=NODE(4,IE)
        101     1   p    v                IP5=NODE(5,IE)
        102     1   p    v                IP6=NODE(6,IE)
        103     1   p    v                TELM(IE) = COEF*(T(IP1)+T(IP2)+T(IP3)+T(IP4)
        104     1                    *                    +T(IP5)+T(IP6))
        105     1   p    v       1030 CONTINUE
        106                     C
        107                     C     OPERATION COUNTS:      8 FLOP /ELEMENT
        108                     C     DATA LOADINGS   :     16 WORDS/ELEMENT
        109                     C                      (     0 WORDS CONTIGUOUSLY,
        110                     C                            8 WORDS BY STRIDE, AND
        111                     C                            8 WORDS BY LIST )
        112                     C
        113                           COEF=1.0E0/8.0E0
                              <<< Loop-information Start >>>
                              <<<  [PARALLELIZATION]
                              <<<    Standard iteration count: 180
                              <<<  [OPTIMIZATION]
                              <<<    SIMD(VL: 16)
                              <<<    SOFTWARE PIPELINING(IPC: 2.04, ITR: 128, MVE: 3)
                              <<<    PREFETCH(HARD) Expected by compiler :
                              <<<      TELM
                              <<< Loop-information  End >>>
        114     1  pp    v            DO 1040 IE = IES4 , IEE4
        115     1   p    v                IP1=NODE(1,IE)
        116     1   p    v                IP2=NODE(2,IE)
        117     1   p    v                IP3=NODE(3,IE)
        118     1   p    v                IP4=NODE(4,IE)
        119     1   p    v                IP5=NODE(5,IE)
        120     1   p    v                IP6=NODE(6,IE)
        121     1   p    v                IP7=NODE(7,IE)
        122     1   p    v                IP8=NODE(8,IE)
        123     1   p    v                TELM(IE) = COEF*(T(IP1)+T(IP2)+T(IP3)+T(IP4)
        124     1                    *                    +T(IP5)+T(IP6)+T(IP7)+T(IP8))
        125     1   p    v       1040 CONTINUE
        126                     C
        127                     C
        128                     C [2.] CAL. PROPERTIES AT ELEMENTS
        129                     C
        130     1                     DO 2000 IE=1,NE
        131     1               C
        132     1                         IPRO=IEPROP(IE)
        133     1                         IF(IPRO.EQ.0.OR.IPRO.EQ.1) GOTO 2100
        134     1               C
        135     2                         IF(LPRO(IPRO).EQ.0) THEN
        136     2                             WRITE(IUT0,*) 'SETPRO:PROPERTY ID IS NOT DEFINED:ERROR'
        137     2                             IERR=1
        138     2                             RETURN
        139     2                         ENDIF
        140     1                2100 CONTINUE
        141     1               C
        142     2                         IF(IPRO.EQ.0) THEN
        143     2               CCYYMOD---
        144     2               CC            COEF=1.0E0+TELM(IE)*T000/TREF
        145     2                             COEF=1.0E0
        146     2               CCYYMOD---
        147     3                             IF(COEF.LE.0) THEN
        148     3                                 WRITE(IUT0,*) 'SETPRO: INVALID VALUE FOR RHO3D'
        149     3                                 WRITE(IUT0,*) 'SETPRO: ERROR                '
        150     3                                 IERR=1
        151     3                                 RETURN
        152     3                             ENDIF
        153     2                             RHO3D (IE)=1.0E0/COEF
        154     2               C             RHO3D (IE)=1.0E0
        155     2                             RHOCP (IE)=RHOF*CPF
        156     2                             COND3D(IE)=CONDF+RHOF*CPF*VISC(IE)/PRT
        157     2                         ELSE IF (IPRO.EQ.1) THEN
        158     2                             RHO3D (IE)=RHOS
        159     2                             RHOCP (IE)=RHOS*CPS
        160     2                             COND3D(IE)=CONDS
        161     2                         ELSE
        162     2                             TBUF1=TELM(IE)-CTREF(1,IPRO)
        163     2                             TBUF2=TELM(IE)-CTREF(2,IPRO)
        164     2                             TBUF3=TELM(IE)-CTREF(3,IPRO)
        165     2                             TBUF4=TELM(IE)-CTREF(4,IPRO)
        166     2                             RHO3D(IE)=  CPRO0(1,IPRO)
        167     2                    *                   +CPRO1(1,IPRO)*TBUF1
        168     2                    *                   +CPRO2(1,IPRO)*TBUF1*TBUF1
        169     2                             CPBUF     = CPRO0(2,IPRO)
        170     2                    *                   +CPRO1(2,IPRO)*TBUF2
        171     2                    *                   +CPRO2(2,IPRO)*TBUF2*TBUF2
        172     2                             RHOCP (IE)= RHO3D(IE)*CPBUF
        173     2                             COND3D(IE)= CPRO0(4,IPRO)
        174     2                    *                   +CPRO1(4,IPRO)*TBUF4
        175     2                    *                   +CPRO2(4,IPRO)*TBUF4*TBUF4
        176     2                         ENDIF
        177     1               C
        178     1                         VISC(IE)=VISCM
        179     1                2000 CONTINUE
        180                     C
        181     1                     IF(IPRESS.EQ.3) THEN
                              <<< Loop-information Start >>>
                              <<<  [PARALLELIZATION]
                              <<<    Standard iteration count: 1067
                              <<<  [OPTIMIZATION]
                              <<<    SIMD(VL: 16)
                              <<<    SOFTWARE PIPELINING(IPC: 3.00, ITR: 384, MVE: 7)
                              <<<    PREFETCH(HARD) Expected by compiler :
                              <<<      FLE, RHO3D
                              <<< Loop-information  End >>>
        182     2  pp   2v               DO 2110 IE=1,NE
        183     2   p   2v                  RHO3D(IE)=RHO3D(IE)*FLE(IE)
        184     2   p   2v       2110    CONTINUE
        185     1                     ENDIF
        186                     C
        187                           RETURN
        188                     C
        189                      2200 CONTINUE
        190                     C
                              <<< Loop-information Start >>>
                              <<<  [PARALLELIZATION]
                              <<<    Standard iteration count: 433
                              <<<  [OPTIMIZATION]
                              <<<    SIMD(VL: 16)
                              <<<    SOFTWARE PIPELINING(IPC: 2.50, ITR: 288, MVE: 3)
                              <<<    PREFETCH(HARD) Expected by compiler :
                              <<<      VISC, RHO3D, FE
                              <<< Loop-information  End >>>
        191     1  pp   2v            DO 3000 IE=1,NE
        192     1   p   2v               FTMP=AMIN1( AMAX1(FE(IE),0.0E0), 1.0E0 )
        193     1   p   2v               RHO3D(IE)=FTMP*RHOF +(1.0E0-FTMP)*RHOF2
        194     1   p   2v               VISC (IE)=FTMP*VISCM+(1.0E0-FTMP)*VISCM2
        195     1   p   2v       3000 CONTINUE
        196                     C
        197                     C
        198                           RETURN
        199                           END
        200                     

 Diagnostic messages: program name(SETPRO)
   jwd2008i-i  "setpro.f", line 1: この仮引数'TREF'は、副プログラム中で使用されていません。
   jwd2008i-i  "setpro.f", line 1: この仮引数'T000'は、副プログラム中で使用されていません。
   jwd8220o-i  "setpro.f", line 1: 副作用の可能性のある最適化を行いました。
   jwd5001p-i  "setpro.f", line 65: このDOループを並列化しました。(名前:IE)
   jwd6001s-i  "setpro.f", line 65: このDOループをSIMD化しました。(名前:IE)
   jwd8204o-i  "setpro.f", line 65: ループにソフトウェアパイプライニングを適用しました。
   jwd8205o-i  "setpro.f", line 65: ループの繰返し数が192回以上の時、ソフトウェアパイプライニングを適用したループが実行時に選択されます。
   jwd8209o-i  "setpro.f", line 70: 多項式の演算順序を変更しました。
   jwd5001p-i  "setpro.f", line 79: このDOループを並列化しました。(名前:IE)
   jwd6001s-i  "setpro.f", line 79: このDOループをSIMD化しました。(名前:IE)
   jwd8204o-i  "setpro.f", line 79: ループにソフトウェアパイプライニングを適用しました。
   jwd8205o-i  "setpro.f", line 79: ループの繰返し数が192回以上の時、ソフトウェアパイプライニングを適用したループが実行時に選択されます。
   jwd8209o-i  "setpro.f", line 85: 多項式の演算順序を変更しました。
   jwd5001p-i  "setpro.f", line 96: このDOループを並列化しました。(名前:IE)
   jwd6001s-i  "setpro.f", line 96: このDOループをSIMD化しました。(名前:IE)
   jwd8204o-i  "setpro.f", line 96: ループにソフトウェアパイプライニングを適用しました。
   jwd8205o-i  "setpro.f", line 96: ループの繰返し数が144回以上の時、ソフトウェアパイプライニングを適用したループが実行時に選択されます。
   jwd8209o-i  "setpro.f", line 103: 多項式の演算順序を変更しました。
   jwd5001p-i  "setpro.f", line 114: このDOループを並列化しました。(名前:IE)
   jwd6001s-i  "setpro.f", line 114: このDOループをSIMD化しました。(名前:IE)
   jwd8204o-i  "setpro.f", line 114: ループにソフトウェアパイプライニングを適用しました。
   jwd8205o-i  "setpro.f", line 114: ループの繰返し数が128回以上の時、ソフトウェアパイプライニングを適用したループが実行時に選択されます。
   jwd8209o-i  "setpro.f", line 123: 多項式の演算順序を変更しました。
   jwd5131p-i  "setpro.f", line 130: ループ出口が2つ以上あるため、このDOループは並列化できません。
   jwd6131s-i  "setpro.f", line 130: ループ出口が2つ以上あるため、このDOループはSIMD化できません。
   jwd8209o-i  "setpro.f", line 156: 多項式の演算順序を変更しました。
   jwd8209o-i  "setpro.f", line 166: 多項式の演算順序を変更しました。
   jwd8209o-i  "setpro.f", line 172: 多項式の演算順序を変更しました。
   jwd8209o-i  "setpro.f", line 173: 多項式の演算順序を変更しました。
   jwd5001p-i  "setpro.f", line 182: このDOループを並列化しました。(名前:IE)
   jwd6001s-i  "setpro.f", line 182: このDOループをSIMD化しました。(名前:IE)
   jwd8204o-i  "setpro.f", line 182: ループにソフトウェアパイプライニングを適用しました。
   jwd8205o-i  "setpro.f", line 182: ループの繰返し数が384回以上の時、ソフトウェアパイプライニングを適用したループが実行時に選択されます。
   jwd5001p-i  "setpro.f", line 191: このDOループを並列化しました。(名前:IE)
   jwd6001s-i  "setpro.f", line 191: このDOループをSIMD化しました。(名前:IE)
   jwd8204o-i  "setpro.f", line 191: ループにソフトウェアパイプライニングを適用しました。
   jwd8205o-i  "setpro.f", line 191: ループの繰返し数が288回以上の時、ソフトウェアパイプライニングを適用したループが実行時に選択されます。

 Procedure information
   Lines      : 200
   Statements : 116
   Stack(byte): 1760
   Prefetch num: 0

 Total information
   Procedures       : 1
   Total lines      : 200
   Total statements : 116
   Total stack(byte): 1760
   Total prefetch num: 0

