
 Fujitsu Fortran Version 4.1.0  Tue Apr 28 18:53:26 2020

 Compilation information
   Current directory : /vol0001/g9300001/u93021/09.FFB/2020.04.28a_v630202_from_Yamade/FFB.63.02.02/ver.63.02.02
   Source file       : srfexx.f

 Option information
   Command line options : -Kident_mpi -f2004 -I/home/g9300001/u93021/09.FFB/2020.04.28a_v630202_from_Yamade/FFB.63.02.02/include -I/include/mpi/fujitsu/ -Kvisimpact,ocl,optmsg=2,openmp -Dcputime -DUSE_TIMER -DUSE_BARRIER -Nlst=t -Cpp -Nfjomplib -c -I/opt/FJSVxtclanga/.common/MELI014/include/mpi/fujitsu -I/opt/FJSVxtclanga/.common/MELI014/lib64 -Knointentopt
   Cpp options          : -I/home/g9300001/u93021/09.FFB/2020.04.28a_v630202_from_Yamade/FFB.63.02.02/include -I/include/mpi/fujitsu/ -Dcputime -DUSE_TIMER -DUSE_BARRIER -I/opt/FJSVxtclanga/.common/MELI014/include/mpi/fujitsu -I/opt/FJSVxtclanga/.common/MELI014/lib64 -Dunix -Dlinux -D__FUJITSU -D__FRT_major__=4 -D__FRT_minor__=1 -D__FRT_patchlevel__=0 -D__FRT_version__="4.1.0" -D__aarch64__ -D__unix -D_OPENMP=201511 -D__frt_version=800 -D__ARM_ARCH=8 -D__ARM_FEATURE_SVE -D__ELF__ -D__unix__ -D__linux__ -D__linux -Asystem(unix) -otmp
   Effective options    : -fi -g0 -AE -Fixed -O3 -X08
                          -x0 -xaccept=nomodule_allocatable
                          -KA64FX -KARMV8_3_A -KSVE -Kalign_commons
                          -Kalign_loops -Kassume=noshortloop
                          -Kassume=nomemory_bandwidth
                          -Kassume=notime_saving_compilation -Kauto
                          -Kautoobjstack -Knocalleralloc -Kcmodel=small
                          -Keval -Keval_noconcurrent -Knofenv_access
                          -Kfp_contract -Kfp_relaxed -Kfsimple -Kfz -Khpctag
                          -Kilfunc=procedure -Knointentopt -Klargepage
                          -Kloop_blocking -Kloop_fission
                          -Kloop_nofission_stripmining
                          -Kloop_fission_threshold=50 -Kloop_fusion
                          -Kloop_interchange -Kloop_part_parallel
                          -Kloop_part_simd -Kloop_perfect_nest
                          -Kloop_noversioning -Knolto -Kmfunc=1 -Kocl
                          -Komitfp -Knooptlib_string -Koptmsg=2
                          -Knopc_relative_literal_loads -Kplt -Knopreex
                          -Kprefetch_noconditional -Kprefetch_noindirect
                          -Kprefetch_sequential=auto -Kprefetch_nostride
                          -Kprefetch_cache_level=all -Kprefetch_noinfer
                          -Kprefetch_strong -Kprefetch_strong_L2 -Knopreload
                          -Ksch_post_ra -Ksch_pre_ra -Ksibling_calls
                          -Ksimd=auto -Ksimd_packed_promotion
                          -Ksimd_reduction_product -Ksimd_reg_size=512
                          -Ksimd_nouncounted_loop
                          -Ksimd_use_multiple_structures -Knostriping -Kswp
                          -Kswp_freg_rate=100 -Kswp_ireg_rate=100
                          -Kswp_preg_rate=100 -Ktemparraystack -Kunroll
                          -Knounroll_and_jam -Knozfill
                          -Kopenmp -Kopenmp_noassume_norecurrence
                          -Kopenmp_nocollapse_except_innermost
                          -Kopenmp_noordered_reduction -Knoopenmp_simd
                          -Kthreadsafe -Kparallel -Kparallel_nofp_precision
                          -Knoarray_private -Knodynamic_iteration -Kreduction
                          -Kregion_extension
                          -Nallextput -Nnoalloc_assign
                          -Ncancel_overtime_compilation -Nnocheck_global
                          -Nnocoarray -Nnocompdisp -Nnocopyarg -Nnocoverage
                          -Nfjprof -Nfreealloc -Nf90move -Nnohook_func
                          -Nnohook_time -Nfjomplib -Nline -Nlst -Nlst=p
                          -Nlst=t -Nnomallocfree -Nnoobsfun -Nnoprivatealloc
                          -Nquickdbg=noargchk -Nquickdbg=nosubchk
                          -Nquickdbg=noundef -NRnotrap -Nnorecursive
                          -Nnoreordered_variable_stack -Nrt_notune -Nnosave
                          -Nsetvalue=noheap -Nsetvalue=nostack
                          -Nsetvalue=noscalar -Nsetvalue=noarray
                          -Nsetvalue=nostruct -Nuse_rodata

 External subroutine subprogram "SRFEXX"
  (line-no.)(nest)(optimize)
          1                     C======================================================================C
          2                     C                                                                      C
          3                     C SOFTWARE NAME : FRONTFLOW_BLUE.8.1                                   C
          4                     C                                                                      C
          5                     C  SUB ROUTINE : SRFEXX                                                C
          6                     C                                                                      C
          7                     C                                       WRITTEN BY Y.YAMADE            C
          8                     C                                                                      C
          9                     C                                                                      C
         10                     C CONTACT ADDRESS : IIS, THE UNIVERSITY OF TOKYO, CISS                 C
         11                     C                                                                      C
         12                     C THERMO-FLUID ANALYSIS SOLVERS FOR LARGE-SCALE-ASSEMBLY               C
         13                     C                                                                      C
         14                     C======================================================================C
         15                           SUBROUTINE SRFEXX(MESURF,MLST,NE,NP,N2,NEX,NS,NSP,N2D,
         16                          *                  LPNT,NPNT,LOCAL,NODE,
         17                          *                  LESURF,NESURF,MWRK,IWRK,IUT0,IERR)
         18                     C
         19                           IMPLICIT NONE
         20                     C
         21                           INTEGER*4 MESURF,MLST,NE,NP,N2,NEX,NS,NSP,N2D,
         22                          *          LPNT,NPNT,LOCAL,NODE,
         23                          *          LESURF,NESURF,MWRK,IWRK,IUT0,IERR
         24                     C
         25                           DIMENSION LPNT(NPNT),LOCAL(NSP,NS,4),NODE(N2,NE),NEX(8),
         26                          1          LESURF(MLST,MESURF),IWRK(MWRK)
         27                     C
         28                           CHARACTER*60 ERMSGB
         29                          & /' ## SUBROUTINE SRFEXX: FATAL      ERROR OCCURENCE; RETURNED' /
         30                           CHARACTER*60 EREXP1
         31                          & /' THE FIRST DIMENSION OF OUTPUT LIST PASSED IS NOT SUFFICIENT'/
         32                           CHARACTER*60 EREXP2
         33                          & /' THE PASSED NODAL POINT LIST CONTAINS ILLEGAL NODE NUMBER   '/
         34                           CHARACTER*60 EREXP3
         35                          & /' NUMBER OF SURFACE ELEMENTS EXCEEDED LIMIT OF               '/
         36                     C
         37                           INTEGER*4 IPNT,IP,IS,IE,IETYPE,NSURF,IBMAX,I,II,IPF,JP,J,J1,J2,
         38                          *          IS1,IE1,IS2,IE2,IETYPE1,IETYPE2,LIST1,LIST2,NBUF,IMATCH
         39                     C
         40                           DIMENSION LIST1(4),LIST2(4)
         41                     C
         42                     C
         43                     C      EXTRACT ALL BOUNDARY SURFACES / ALL SURFACES COMPOSED OF A GIVEN
         44                     C     GROUP OF NODAL POINTS
         45                     C         ( 3-D CALCULATION : SINGLE WORD & MULTI ELEMENT VERSION )
         46                     C                                           CODED BASED ON 'SURFEX'
         47                     C
         48                     C     ARGUMENT LISTINGS
         49                     C       (1) INPUT
         50                     C          LPNT  (IPNT); NODE NUMBERS    FOR SURFACE EXTRACTION
         51                     C          NPNT        ; NUMBER OF NODES FOR SURFACE EXTRACTION
         52                     C          LOCAL (I,IS); NODE NUMBER TABLE DEFINING ELEMENT SURFACES
         53                     C          NODE  (I,IE); NODE NUMBER TABLE BASED ON ELEMENT
         54                     C          NEP     (IP); NUMBER OF ADJACENT ELEMENTS TO NODE IP
         55                     C          NE          ; NUMBER OF TOTAL ELEMENTS
         56                     C          NP          ; NUMBER OF TOTAL    NODES
         57                     C          MESURF      ; THE MAXIMUM NUMBER  OF SURFACE ELEMENTS
         58                     C          MLST        ; THE FIRST DIMENSION OF ARRAY LESURF
         59                     C                        MLST SHOULD BE 2 IN THIS VERSION
         60                     C          N           ; NUMBER OF NODES ASSIGNED TO ONE ELEMENT
         61                     C          IUT0        ; FILE NUMBER TO WRITE  ERROR MESSAGE
         62                     C          IERR        ; RETURN CODE WHOSE VALUE WILL BE EITHER
         63                     C                   0 --- INDICATING SUCCESSFUL TERMINATION
         64                     C                OR 1 --- INDICATING OCCURENCE OF SOME ERROR CONDITIONS
         65                     C
         66                     C       (2) OUTPUT
         67                     C          LESURF(I,IESURF); THE EXTRACTED SURFACES ARE REPRESENTED
         68                     C               BY ELEMENT NUMBER FACING ON THE SURFACE, CONTAINED IN
         69                     C               ARGUMENT LESURF(1,IESURF), AND THE LOCAL SURFACE NUMBER
         70                     C               IN THE ELEMENT, CONTAINED IN ARGUMENT LESURF(2,IESURF).
         71                     C               THE LOCAL SURFACE NUMBER IS THE SAME AS THE PASSED
         72                     C               LOCAL SURFACE NODE LIST ARGUMENT 'LOCAL'.
         73                     C
         74                     C          NESURF      ; NUMBER OF SURFACE ELEMENTS EXTRACTED
         75                     C
         76                     C
         77                           IERR = 0
         78                     C
         79                     C CHECK PASSED PARAMETERS
         80                     C
         81     1                     IF(MLST.NE.2) THEN
         82     1                         WRITE(IUT0,*) ERMSGB
         83     1                         WRITE(IUT0,*) EREXP1
         84     1                         IERR = 1
         85     1                         RETURN
         86     1                     ENDIF
         87                     C
                              <<< Loop-information Start >>>
                              <<<  [OPTIMIZATION]
                              <<<    PREFETCH(HARD) Expected by compiler :
                              <<<      LPNT
                              <<<    SPILLS :
                              <<<      GENERAL   : SPILL 2  FILL 10
                              <<<      SIMD&FP   : SPILL 0  FILL 0
                              <<<      SCALABLE  : SPILL 0  FILL 0
                              <<<      PREDICATE : SPILL 0  FILL 0
                              <<< Loop-information  End >>>
         88     1   s    s            DO 100 IPNT = 1 , NPNT
         89     2   p    m                IF(LPNT(IPNT).LT.1 .OR. LPNT(IPNT).GT.NP) THEN
         90     2   m    s                    WRITE(IUT0,*) ERMSGB
         91     2   m    s                    WRITE(IUT0,*) EREXP2
         92     2   m    s                    WRITE(IUT0,*)
         93     2                    &        ' *** POINT NO. = ',IPNT,' *** NODE NO. = ',LPNT(IPNT)
         94     2   p    s                    IERR = 1
         95     2   p    v                ENDIF
         96     1   p    v        100 CONTINUE
         97                           IF(IERR.EQ.1) RETURN
         98                     C
         99                           NESURF = 0
        100                     C
        101                     C EXTRACT ALL THE SURFACES COMPOSED OF GIVEN SET OF NODES
        102                     C
        103                     C
        104                     C EXTRACT ALL THE SURFACES COMPOSED OF GIVEN SET OF NODES
        105                     C
                              <<< Loop-information Start >>>
                              <<<  [PARALLELIZATION]
                              <<<    Standard iteration count: 2000
                              <<<  [OPTIMIZATION]
                              <<<    SIMD(VL: 16)
                              <<<    PREFETCH(HARD) Expected by compiler :
                              <<<      IWRK
                              <<< Loop-information  End >>>
        106     1  pp   4v            DO 200 IP=1,NP
        107     1   p   4v                IWRK(IP)=0
        108     1   p   4v        200 CONTINUE
        109                     C
                              <<< Loop-information Start >>>
                              <<<  [OPTIMIZATION]
                              <<<    SIMD(VL: 16)
                              <<<    SOFTWARE PIPELINING(IPC: 1.83, ITR: 320, MVE: 3)
                              <<<    PREFETCH(HARD) Expected by compiler :
                              <<<      LPNT
                              <<< Loop-information  End >>>
        110     1   s   4v            DO 300 IPNT=1,NPNT
        111     1   p   4v                IP = LPNT(IPNT)
        112     1   m   4v                IWRK(IP)=1
        113     1   p   4v        300 CONTINUE
        114                     C
        115     1                     DO 400 IE = 1 , NE
        116     1               C
        117     2                        IF(NESURF+6.GT.MESURF) THEN
        118     2                           WRITE(IUT0,*) ERMSGB
        119     2                           WRITE(IUT0,*) EREXP3, MESURF
        120     2                           IERR   = 1
        121     2                           RETURN
        122     2                        ENDIF
        123     1               C
        124     2                        IF(     NODE(8,IE).GE.1) THEN ! HEX
        125     2                           IETYPE = 4
        126     2                           NSURF  = 6
        127     2                        ELSE IF(NODE(6,IE).GE.1) THEN ! PRS
        128     2                           IETYPE = 3
        129     2                           NSURF  = 5
        130     2                        ELSE IF(NODE(5,IE).GE.1) THEN ! PYR
        131     2                           IETYPE = 2
        132     2                           NSURF  = 5
        133     2                        ELSE                          ! TET
        134     2                           IETYPE = 1
        135     2                           NSURF  = 4
        136     2                        ENDIF
        137     1               C
        138     2                        DO 401 IS=1,NSURF
                              <<< Loop-information Start >>>
                              <<<  [OPTIMIZATION]
                              <<<    PREFETCH(HARD) Expected by compiler :
                              <<<      LOCAL
                              <<< Loop-information  End >>>
        139     3                           DO 402 I=1,N2D
        140     3                              II = LOCAL(I,IS,IETYPE)
        141     4                              IF(II.GE.1) THEN
        142     4                                 IPF = NODE(II,IE)
        143     4                                 IF(IWRK(IPF).EQ.0) GOTO 401
        144     4                              ENDIF
        145     3                402        CONTINUE
        146     2                           NESURF = NESURF +1
        147     2                           LESURF(1,NESURF) = IE
        148     2                           LESURF(2,NESURF) = IS
        149     2                401     CONTINUE
        150     1               C
        151     1                400  CONTINUE
        152                     C
        153                     C REMOVE INNER SURFACE
        154                     C
                              <<< Loop-information Start >>>
                              <<<  [PARALLELIZATION]
                              <<<    Standard iteration count: 2000
                              <<<  [OPTIMIZATION]
                              <<<    SIMD(VL: 16)
                              <<<    PREFETCH(HARD) Expected by compiler :
                              <<<      IWRK
                              <<< Loop-information  End >>>
        155     1  pp   4v            DO 500 J=1,NESURF
        156     1   p   4v                IWRK(J)=0
        157     1   p   4v        500 CONTINUE
        158                     C
        159     1                     DO 610 J1=1,NESURF-1
        160     1                        IF(IWRK(J1).EQ.1) GOTO 610
        161     1                        IE1=LESURF(1,J1)
        162     1                        IS1=LESURF(2,J1)
        163     2                        IF(     NODE(8,IE1).GE.1) THEN ! HEX
        164     2                           IETYPE1 = 4
        165     2                        ELSE IF(NODE(6,IE1).GE.1) THEN ! PRS
        166     2                           IETYPE1 = 3
        167     2                        ELSE IF(NODE(5,IE1).GE.1) THEN ! PYR
        168     2                           IETYPE1 = 2
        169     2                        ELSE                           ! TET
        170     2                           IETYPE1 = 1
        171     2                        ENDIF
        172     1                        LIST1(1) = NODE(LOCAL(1,IS1,IETYPE1),IE1)
        173     1                        LIST1(2) = NODE(LOCAL(2,IS1,IETYPE1),IE1)
        174     1                        LIST1(3) = NODE(LOCAL(3,IS1,IETYPE1),IE1)
        175     2                        IF(LOCAL(4,IS1,IETYPE1).GE.1) THEN
        176     2                           LIST1(4) = NODE(LOCAL(4,IS1,IETYPE1),IE1)
        177     2                        ELSE
        178     2                           LIST1(4) = 0
        179     2                        ENDIF
                              <<< Loop-information Start >>>
                              <<<  [OPTIMIZATION]
                              <<<    PREFETCH(HARD) Expected by compiler :
                              <<<      IWRK
                              <<<    SPILLS :
                              <<<      GENERAL   : SPILL 1  FILL 4
                              <<<      SIMD&FP   : SPILL 0  FILL 0
                              <<<      SCALABLE  : SPILL 0  FILL 0
                              <<<      PREDICATE : SPILL 0  FILL 0
                              <<< Loop-information  End >>>
        180     2                        DO 600 J2=J1+1,NESURF
        181     2                           IF(IWRK(J2).EQ.1) GOTO 600
        182     2                           IE2=LESURF(1,J2)
        183     2                           IS2=LESURF(2,J2)
        184     3                           IF(     NODE(8,IE2).GE.1) THEN ! HEX
        185     3                              IETYPE2 = 4
        186     3                           ELSE IF(NODE(6,IE2).GE.1) THEN ! PRS
        187     3                              IETYPE2 = 3
        188     3                           ELSE IF(NODE(5,IE2).GE.1) THEN ! PYR
        189     3                              IETYPE2 = 2
        190     3                           ELSE
        191     3                              IETYPE2 = 1                 ! TET
        192     3                           ENDIF
        193     2                           LIST2(1) = NODE(LOCAL(1,IS2,IETYPE2),IE2)
        194     2                           LIST2(2) = NODE(LOCAL(2,IS2,IETYPE2),IE2)
        195     2                           LIST2(3) = NODE(LOCAL(3,IS2,IETYPE2),IE2)
        196     3                           IF(LOCAL(4,IS2,IETYPE2).GE.1) THEN
        197     3                              LIST2(4) = NODE(LOCAL(4,IS2,IETYPE2),IE2)
        198     3                           ELSE
        199     3                              LIST2(4) = 0
        200     3                           ENDIF
        201     2               C
        202     2                           IMATCH=0
        203     2                           CALL MATCH4(LIST1,LIST2,IMATCH)
        204     3                           IF(IMATCH.EQ.1) THEN
        205     3                              IWRK(J1)=1
        206     3                              IWRK(J2)=1
        207     3                              GOTO 610
        208     3                           ENDIF
        209     2                600     CONTINUE
        210     1                610  CONTINUE
        211                     C
        212                           NBUF=NESURF
        213                           NESURF=0
                              <<< Loop-information Start >>>
                              <<<  [OPTIMIZATION]
                              <<<    PREFETCH(HARD) Expected by compiler :
                              <<<      IWRK
                              <<< Loop-information  End >>>
        214     1   s   2s            DO 700 J=1,NBUF
        215     1   p   2v                IF(IWRK(J).EQ.1)GOTO 700
        216     1   s   2s                NESURF=NESURF+1
        217     1   m   2m                LESURF(1,NESURF)=LESURF(1,J)
        218     1   s   2s                LESURF(2,NESURF)=LESURF(2,J)
        219     1   p   2v        700 CONTINUE
        220                     C
        221                           RETURN
        222                           END

 Diagnostic messages: program name(SRFEXX)
   jwd2008i-i  "srfexx.f", line 25: この仮引数'NEX'は、副プログラム中で使用されていません。
   jwd2006i-i  "srfexx.f", line 37: この名前'JP'は、宣言だけされていて引用されていません。
   jwd2006i-i  "srfexx.f", line 37: この名前'IBMAX'は、宣言だけされていて引用されていません。
   jwd6229s-i  "srfexx.f", line 88: IF文が存在するため、このDOループのSIMD化を抑止しました。
   jwd8664o-i  "srfexx.f", line 88: ループ内に関数呼出しなどの最適化対象外の命令があるため、ソフトウェアパイプライニングを適用できません。
   jwd5121p-i  "srfexx.f", line 90: DOループ内に、自動並列化の制約となる入出力文が存在します。
   jwd6121s-i  "srfexx.f", line 90: DOループ内に、SIMD化の制約となる入出力文が存在します。
   jwd5121p-i  "srfexx.f", line 91: DOループ内に、自動並列化の制約となる入出力文が存在します。
   jwd6121s-i  "srfexx.f", line 91: DOループ内に、SIMD化の制約となる入出力文が存在します。
   jwd5121p-i  "srfexx.f", line 92: DOループ内に、自動並列化の制約となる入出力文が存在します。
   jwd6121s-i  "srfexx.f", line 92: DOループ内に、SIMD化の制約となる入出力文が存在します。
   jwd5001p-i  "srfexx.f", line 106: このDOループを並列化しました。(名前:IP)
   jwd6001s-i  "srfexx.f", line 106: このDOループをSIMD化しました。(名前:IP)
   jwd8663o-i  "srfexx.f", line 106: ソフトウェアパイプライニングの効果がないループと判断したため、ソフトウェアパイプライニングを抑止しました。
   jwd8202o-i  "srfexx.f", line 106: ループを展開数4回でアンローリングしました。
   jwd6001s-i  "srfexx.f", line 110: このDOループをSIMD化しました。(名前:IPNT)
   jwd8204o-i  "srfexx.f", line 110: ループにソフトウェアパイプライニングを適用しました。
   jwd8205o-i  "srfexx.f", line 110: ループの繰返し数が320回以上の時、ソフトウェアパイプライニングを適用したループが実行時に選択されます。
   jwd5209p-i  "srfexx.f", line 112: 配列'IWRK'の添字式中の変数'IP'をループ中で定義しているため、このDOループは並列化できません。
   jwd5131p-i  "srfexx.f", line 115: ループ出口が2つ以上あるため、このDOループは並列化できません。
   jwd5202p-i  "srfexx.f", line 138: データの定義引用の順序が逐次実行と異なるため、このDOループは並列化できません。(名前:NESURF)
   jwd5208p-i  "srfexx.f", line 138: 定義引用の順序が分からないため、定義引用順序が逐次実行と異なる可能性があり、このDOループは並列化できません。(名前:LESURF)
   jwd5131p-i  "srfexx.f", line 139: ループ出口が2つ以上あるため、このDOループは並列化できません。
   jwd6131s-i  "srfexx.f", line 139: ループ出口が2つ以上あるため、このDOループはSIMD化できません。
   jwd8671o-i  "srfexx.f", line 139: ループの形状が最適化の対象外であるため、ソフトウェアパイプライニングを適用できません。
   jwd5001p-i  "srfexx.f", line 155: このDOループを並列化しました。(名前:J)
   jwd6001s-i  "srfexx.f", line 155: このDOループをSIMD化しました。(名前:J)
   jwd8663o-i  "srfexx.f", line 155: ソフトウェアパイプライニングの効果がないループと判断したため、ソフトウェアパイプライニングを抑止しました。
   jwd8202o-i  "srfexx.f", line 155: ループを展開数4回でアンローリングしました。
   jwd5122p-i  "srfexx.f", line 159: DOループ内に、自動並列化の制約となる手続引用が存在します。
   jwd5133p-i  "srfexx.f", line 159: このDOループは構造が複雑なため、並列化できません。
   jwd5131p-i  "srfexx.f", line 180: ループ出口が2つ以上あるため、このDOループは並列化できません。
   jwd6131s-i  "srfexx.f", line 180: ループ出口が2つ以上あるため、このDOループはSIMD化できません。
   jwd8664o-i  "srfexx.f", line 180: ループ内に関数呼出しなどの最適化対象外の命令があるため、ソフトウェアパイプライニングを適用できません。
   jwd6229s-i  "srfexx.f", line 214: IF文が存在するため、このDOループのSIMD化を抑止しました。
   jwd8670o-i  "srfexx.f", line 214: ループ内に分岐命令があるため、ソフトウェアパイプライニングを適用できません。
   jwd8202o-i  "srfexx.f", line 214: ループを展開数2回でアンローリングしました。
   jwd5202p-i  "srfexx.f", line 216: データの定義引用の順序が逐次実行と異なるため、このDOループは並列化できません。(名前:NESURF)
   jwd6202s-i  "srfexx.f", line 216: データの定義引用の順序が逐次実行と異なるため、このDOループはSIMD化できません。(名前:NESURF)
   jwd5209p-i  "srfexx.f", line 217: 配列'LESURF'の添字式中の変数'NESURF'をループ中で定義しているため、このDOループは並列化できません。
   jwd6209s-i  "srfexx.f", line 217: 配列'LESURF'の添字式中の変数'NESURF'をループ中で定義しているため、このDOループはSIMD化できません。

 Procedure information
   Lines      : 222
   Statements : 131
   Stack(byte): 2144
   Prefetch num: 0

 Total information
   Procedures       : 1
   Total lines      : 222
   Total statements : 131
   Total stack(byte): 2144
   Total prefetch num: 0

