
 Fujitsu Fortran Version 4.1.0  Tue Apr 28 18:53:32 2020

 Compilation information
   Current directory : /vol0001/g9300001/u93021/09.FFB/2020.04.28a_v630202_from_Yamade/FFB.63.02.02/ver.63.02.02
   Source file       : sscoef.f

 Option information
   Command line options : -Kident_mpi -f2004 -I/home/g9300001/u93021/09.FFB/2020.04.28a_v630202_from_Yamade/FFB.63.02.02/include -I/include/mpi/fujitsu/ -Kvisimpact,ocl,optmsg=2,openmp -Dcputime -DUSE_TIMER -DUSE_BARRIER -Nlst=t -Cpp -Nfjomplib -c -I/opt/FJSVxtclanga/.common/MELI014/include/mpi/fujitsu -I/opt/FJSVxtclanga/.common/MELI014/lib64 -Knointentopt
   Cpp options          : -I/home/g9300001/u93021/09.FFB/2020.04.28a_v630202_from_Yamade/FFB.63.02.02/include -I/include/mpi/fujitsu/ -Dcputime -DUSE_TIMER -DUSE_BARRIER -I/opt/FJSVxtclanga/.common/MELI014/include/mpi/fujitsu -I/opt/FJSVxtclanga/.common/MELI014/lib64 -Dunix -Dlinux -D__FUJITSU -D__FRT_major__=4 -D__FRT_minor__=1 -D__FRT_patchlevel__=0 -D__FRT_version__="4.1.0" -D__aarch64__ -D__unix -D_OPENMP=201511 -D__frt_version=800 -D__ARM_ARCH=8 -D__ARM_FEATURE_SVE -D__ELF__ -D__unix__ -D__linux__ -D__linux -Asystem(unix) -otmp
   Effective options    : -fi -g0 -AE -Fixed -O3 -X08
                          -x0 -xaccept=nomodule_allocatable
                          -KA64FX -KARMV8_3_A -KSVE -Kalign_commons
                          -Kalign_loops -Kassume=noshortloop
                          -Kassume=nomemory_bandwidth
                          -Kassume=notime_saving_compilation -Kauto
                          -Kautoobjstack -Knocalleralloc -Kcmodel=small
                          -Keval -Keval_noconcurrent -Knofenv_access
                          -Kfp_contract -Kfp_relaxed -Kfsimple -Kfz -Khpctag
                          -Kilfunc=procedure -Knointentopt -Klargepage
                          -Kloop_blocking -Kloop_fission
                          -Kloop_nofission_stripmining
                          -Kloop_fission_threshold=50 -Kloop_fusion
                          -Kloop_interchange -Kloop_part_parallel
                          -Kloop_part_simd -Kloop_perfect_nest
                          -Kloop_noversioning -Knolto -Kmfunc=1 -Kocl
                          -Komitfp -Knooptlib_string -Koptmsg=2
                          -Knopc_relative_literal_loads -Kplt -Knopreex
                          -Kprefetch_noconditional -Kprefetch_noindirect
                          -Kprefetch_sequential=auto -Kprefetch_nostride
                          -Kprefetch_cache_level=all -Kprefetch_noinfer
                          -Kprefetch_strong -Kprefetch_strong_L2 -Knopreload
                          -Ksch_post_ra -Ksch_pre_ra -Ksibling_calls
                          -Ksimd=auto -Ksimd_packed_promotion
                          -Ksimd_reduction_product -Ksimd_reg_size=512
                          -Ksimd_nouncounted_loop
                          -Ksimd_use_multiple_structures -Knostriping -Kswp
                          -Kswp_freg_rate=100 -Kswp_ireg_rate=100
                          -Kswp_preg_rate=100 -Ktemparraystack -Kunroll
                          -Knounroll_and_jam -Knozfill
                          -Kopenmp -Kopenmp_noassume_norecurrence
                          -Kopenmp_nocollapse_except_innermost
                          -Kopenmp_noordered_reduction -Knoopenmp_simd
                          -Kthreadsafe -Kparallel -Kparallel_nofp_precision
                          -Knoarray_private -Knodynamic_iteration -Kreduction
                          -Kregion_extension
                          -Nallextput -Nnoalloc_assign
                          -Ncancel_overtime_compilation -Nnocheck_global
                          -Nnocoarray -Nnocompdisp -Nnocopyarg -Nnocoverage
                          -Nfjprof -Nfreealloc -Nf90move -Nnohook_func
                          -Nnohook_time -Nfjomplib -Nline -Nlst -Nlst=p
                          -Nlst=t -Nnomallocfree -Nnoobsfun -Nnoprivatealloc
                          -Nquickdbg=noargchk -Nquickdbg=nosubchk
                          -Nquickdbg=noundef -NRnotrap -Nnorecursive
                          -Nnoreordered_variable_stack -Nrt_notune -Nnosave
                          -Nsetvalue=noheap -Nsetvalue=nostack
                          -Nsetvalue=noscalar -Nsetvalue=noarray
                          -Nsetvalue=nostruct -Nuse_rodata

 External subroutine subprogram "SSCOEF"
  (line-no.)(nest)(optimize)
          1                           SUBROUTINE SSCOEF(IMODE,N2,NEX,NE,NP,NODE,X,Y,Z,NUMSSB,CODSSB,
          2                          *                  MZ,MBLK,NDIVX,NDIVY,NDIVZ,NEZ,IELIST,ISTART,
          3                          *                  XMIN,YMIN,ZMIN,XMAX,YMAX,ZMAX,
          4                          *                  XMINE,YMINE,ZMINE,XMAXE,YMAXE,ZMAXE,
          5                          *                  NPASRC,LPASRC,LEASRC,COEAS1,COEAS2,COEAS3,
          6                          *                  IUT0,IERR)
          7                           IMPLICIT NONE
          8                     C
          9                     C[INPUT]
         10                           INTEGER*4 IMODE,N2,NEX(8),NE,NP,NODE(N2,NE),NUMSSB(3),IUT0
         11                           INTEGER*4 MZ,MBLK,NDIVX,NDIVY,NDIVZ,
         12                          *          NEZ(MZ),IELIST(MBLK),ISTART(MZ)
         13                           REAL*4    CODSSB(4),X(NP),Y(NP),Z(NP),
         14                          *          XMIN,YMIN,ZMIN,XMAX,YMAX,ZMAX,
         15                          *          XMINE(NE),YMINE(NE),ZMINE(NE),
         16                          *          XMAXE(NE),YMAXE(NE),ZMAXE(NE)
         17                     C
         18                     C[OUTPUT]
         19                           INTEGER*4 NPASRC,LPASRC(*),LEASRC(*),IERR
         20                           REAL*4    COEAS1(*),COEAS2(*),COEAS3(*)
         21                     C
         22                     C[LOCAL]
         23                           INTEGER*4 IX,IY,IZ,NX,NY,NZ,IGP,IE
         24                           INTEGER*4 INX,INY,INZ,IZZ
         25                           REAL*4    XP,YP,ZP,COEF1,COEF2,COEF3,X0,Y0,Z0,DD
         26                     C
         27                     C
         28                     C     NOTE THAT IMODE CONTROLS ACTION AS FOLLOWS
         29                     C      IMODE=1  : COUNT NOUNBER OF SOUND SOURCE POINTS
         30                     C      IMODE=2  : SORE NOSED NUMBER AND COEFFICIENT
         31                     C
         32                           IERR=0
         33                     C
         34                           IGP=0
         35                           NPASRC=0
         36                     C
         37                           NX=NUMSSB(1)
         38                           NY=NUMSSB(2)
         39                           NZ=NUMSSB(3)
         40                           X0=CODSSB(1)
         41                           Y0=CODSSB(2)
         42                           Z0=CODSSB(3)
         43                           DD=CODSSB(4)
         44                     C
                              <<< Loop-information Start >>>
                              <<<  [OPTIMIZATION]
                              <<<    UNSWITCHING
                              <<< Loop-information  End >>>
         45     1                     DO 1000 IZ=0,NZ
         46     2                     DO 1100 IY=0,NY
                              <<< Loop-information Start >>>
                              <<<  [OPTIMIZATION]
                              <<<    SPILLS :
                              <<<      GENERAL   : SPILL 0  FILL 45
                              <<<      SIMD&FP   : SPILL 0  FILL 0
                              <<<      SCALABLE  : SPILL 0  FILL 0
                              <<<      PREDICATE : SPILL 0  FILL 0
                              <<< Loop-information  End >>>
         47     3   s    s            DO 1200 IX=0,NX
         48     3               C
         49     3   p    v                IGP=IGP+1
         50     3   m    m                XP=X0+DD*FLOAT(IX)
         51     3   s    s                YP=Y0+DD*FLOAT(IY)
         52     3   s    s                ZP=Z0+DD*FLOAT(IZ)
         53     3               C
         54     3   s    s                INX = NDIVX*(XP-XMIN)/(XMAX-XMIN)+1
         55     3   s    s                INY = NDIVY*(YP-YMIN)/(YMAX-YMIN)+1
         56     3   s    s                INZ = NDIVZ*(ZP-ZMIN)/(ZMAX-ZMIN)+1
         57     3   s    s                IF(INX.LT.1) INX = 1
         58     3   m    m                IF(INY.LT.1) INY = 1
         59     3   m    m                IF(INZ.LT.1) INZ = 1
         60     3   m    m                IF(INX.GT.NDIVX) INX = NDIVX
         61     3   m    m                IF(INY.GT.NDIVY) INY = NDIVY
         62     3   m    m                IF(INZ.GT.NDIVZ) INZ = NDIVZ
         63     3   m    m                IZZ = (INZ-1)*(NDIVX*NDIVY)+(INY-1)*NDIVX+INX
         64     3   s    s                IF(NEZ(IZZ).EQ.0) GOTO 1200
         65     3               C
         66     3   s    s                CALL FNDSSB(N2,NEZ(IZZ),NE,NP,NEX,X,Y,Z,
         67     3                    *                NODE,IELIST(ISTART(IZZ)),
         68     3                    *                XMINE,YMINE,ZMINE,
         69     3                    *                XMAXE,YMAXE,ZMAXE,
         70     3                    *                XP,YP,ZP,IE,COEF1,COEF2,COEF3,IUT0,IERR)
         71     3               C
         72     3   s    s                IF(IE.EQ.0) GOTO 1200
         73     3               C
         74     3   s    s                NPASRC=NPASRC+1
         75     3   s    s                IF(IMODE.NE.2) GOTO 1200
         76     3               C
         77     3   s    s                LPASRC(NPASRC)=IGP
         78     3   s    s                LEASRC(NPASRC)=IE
         79     3   s    s                COEAS1(NPASRC)=COEF1
         80     3   s    s                COEAS2(NPASRC)=COEF2
         81     3   s    s                COEAS3(NPASRC)=COEF3
         82     3               C
         83     3   p    v       1200 CONTINUE
         84     2                1100 CONTINUE
         85     1                1000 CONTINUE
         86                     C
         87                           RETURN
         88                           END

 Diagnostic messages: program name(SSCOEF)
   jwd8220o-i  "sscoef.f", line 1: 副作用の可能性のある最適化を行いました。
   jwd8321o-i  "sscoef.f", line 45: ループをループアンスイッチングしました。
   jwd5122p-i  "sscoef.f", line 45: DOループ内に、自動並列化の制約となる手続引用が存在します。
   jwd5122p-i  "sscoef.f", line 46: DOループ内に、自動並列化の制約となる手続引用が存在します。
   jwd6229s-i  "sscoef.f", line 47: IF文が存在するため、このDOループのSIMD化を抑止しました。
   jwd8209o-i  "sscoef.f", line 47: 多項式の演算順序を変更しました。
   jwd8664o-i  "sscoef.f", line 47: ループ内に関数呼出しなどの最適化対象外の命令があるため、ソフトウェアパイプライニングを適用できません。
   jwd5208p-i  "sscoef.f", line 50: 定義引用の順序が分からないため、定義引用順序が逐次実行と異なる可能性があり、このDOループは並列化できません。(名前:XP)
   jwd6208s-i  "sscoef.f", line 50: 定義引用の順序が分からないため、定義引用順序が逐次実行と異なる可能性があり、このDOループはSIMD化できません。(名前:XP)
   jwd5208p-i  "sscoef.f", line 51: 定義引用の順序が分からないため、定義引用順序が逐次実行と異なる可能性があり、このDOループは並列化できません。(名前:YP)
   jwd6208s-i  "sscoef.f", line 51: 定義引用の順序が分からないため、定義引用順序が逐次実行と異なる可能性があり、このDOループはSIMD化できません。(名前:YP)
   jwd5208p-i  "sscoef.f", line 52: 定義引用の順序が分からないため、定義引用順序が逐次実行と異なる可能性があり、このDOループは並列化できません。(名前:ZP)
   jwd6208s-i  "sscoef.f", line 52: 定義引用の順序が分からないため、定義引用順序が逐次実行と異なる可能性があり、このDOループはSIMD化できません。(名前:ZP)
   jwd8209o-i  "sscoef.f", line 54: 多項式の演算順序を変更しました。
   jwd8209o-i  "sscoef.f", line 55: 多項式の演算順序を変更しました。
   jwd8209o-i  "sscoef.f", line 56: 多項式の演算順序を変更しました。
   jwd5208p-i  "sscoef.f", line 64: 定義引用の順序が分からないため、定義引用順序が逐次実行と異なる可能性があり、このDOループは並列化できません。(名前:NEZ)
   jwd6208s-i  "sscoef.f", line 64: 定義引用の順序が分からないため、定義引用順序が逐次実行と異なる可能性があり、このDOループはSIMD化できません。(名前:NEZ)
   jwd5208p-i  "sscoef.f", line 66: 定義引用の順序が分からないため、定義引用順序が逐次実行と異なる可能性があり、このDOループは並列化できません。(名前:X)
   jwd5208p-i  "sscoef.f", line 66: 定義引用の順序が分からないため、定義引用順序が逐次実行と異なる可能性があり、このDOループは並列化できません。(名前:Y)
   jwd5208p-i  "sscoef.f", line 66: 定義引用の順序が分からないため、定義引用順序が逐次実行と異なる可能性があり、このDOループは並列化できません。(名前:Z)
   jwd5208p-i  "sscoef.f", line 66: 定義引用の順序が分からないため、定義引用順序が逐次実行と異なる可能性があり、このDOループは並列化できません。(名前:XMINE)
   jwd5208p-i  "sscoef.f", line 66: 定義引用の順序が分からないため、定義引用順序が逐次実行と異なる可能性があり、このDOループは並列化できません。(名前:YMINE)
   jwd5208p-i  "sscoef.f", line 66: 定義引用の順序が分からないため、定義引用順序が逐次実行と異なる可能性があり、このDOループは並列化できません。(名前:ZMINE)
   jwd5208p-i  "sscoef.f", line 66: 定義引用の順序が分からないため、定義引用順序が逐次実行と異なる可能性があり、このDOループは並列化できません。(名前:XMAXE)
   jwd5208p-i  "sscoef.f", line 66: 定義引用の順序が分からないため、定義引用順序が逐次実行と異なる可能性があり、このDOループは並列化できません。(名前:YMAXE)
   jwd5208p-i  "sscoef.f", line 66: 定義引用の順序が分からないため、定義引用順序が逐次実行と異なる可能性があり、このDOループは並列化できません。(名前:ZMAXE)
   jwd5208p-i  "sscoef.f", line 66: 定義引用の順序が分からないため、定義引用順序が逐次実行と異なる可能性があり、このDOループは並列化できません。(名前:N2)
   jwd5208p-i  "sscoef.f", line 66: 定義引用の順序が分からないため、定義引用順序が逐次実行と異なる可能性があり、このDOループは並列化できません。(名前:NE)
   jwd5208p-i  "sscoef.f", line 66: 定義引用の順序が分からないため、定義引用順序が逐次実行と異なる可能性があり、このDOループは並列化できません。(名前:NP)
   jwd5208p-i  "sscoef.f", line 66: 定義引用の順序が分からないため、定義引用順序が逐次実行と異なる可能性があり、このDOループは並列化できません。(名前:NEX)
   jwd5208p-i  "sscoef.f", line 66: 定義引用の順序が分からないため、定義引用順序が逐次実行と異なる可能性があり、このDOループは並列化できません。(名前:NODE)
   jwd5208p-i  "sscoef.f", line 66: 定義引用の順序が分からないため、定義引用順序が逐次実行と異なる可能性があり、このDOループは並列化できません。(名前:IELIST)
   jwd5208p-i  "sscoef.f", line 66: 定義引用の順序が分からないため、定義引用順序が逐次実行と異なる可能性があり、このDOループは並列化できません。(名前:IUT0)
   jwd5208p-i  "sscoef.f", line 66: 定義引用の順序が分からないため、定義引用順序が逐次実行と異なる可能性があり、このDOループは並列化できません。(名前:IERR)
   jwd5208p-i  "sscoef.f", line 66: 定義引用の順序が分からないため、定義引用順序が逐次実行と異なる可能性があり、このDOループは並列化できません。(名前:COEF3)
   jwd5208p-i  "sscoef.f", line 66: 定義引用の順序が分からないため、定義引用順序が逐次実行と異なる可能性があり、このDOループは並列化できません。(名前:COEF2)
   jwd5208p-i  "sscoef.f", line 66: 定義引用の順序が分からないため、定義引用順序が逐次実行と異なる可能性があり、このDOループは並列化できません。(名前:COEF1)
   jwd5208p-i  "sscoef.f", line 66: 定義引用の順序が分からないため、定義引用順序が逐次実行と異なる可能性があり、このDOループは並列化できません。(名前:IE)
   jwd5122p-i  "sscoef.f", line 66: DOループ内に、自動並列化の制約となる手続引用が存在します。
   jwd6208s-i  "sscoef.f", line 66: 定義引用の順序が分からないため、定義引用順序が逐次実行と異なる可能性があり、このDOループはSIMD化できません。(名前:COEF3)
   jwd6208s-i  "sscoef.f", line 66: 定義引用の順序が分からないため、定義引用順序が逐次実行と異なる可能性があり、このDOループはSIMD化できません。(名前:COEF2)
   jwd6208s-i  "sscoef.f", line 66: 定義引用の順序が分からないため、定義引用順序が逐次実行と異なる可能性があり、このDOループはSIMD化できません。(名前:COEF1)
   jwd6208s-i  "sscoef.f", line 66: 定義引用の順序が分からないため、定義引用順序が逐次実行と異なる可能性があり、このDOループはSIMD化できません。(名前:IE)
   jwd6122s-i  "sscoef.f", line 66: DOループ内に、SIMD化の制約となる手続引用が存在します。
   jwd5202p-i  "sscoef.f", line 74: データの定義引用の順序が逐次実行と異なるため、このDOループは並列化できません。(名前:NPASRC)
   jwd5208p-i  "sscoef.f", line 74: 定義引用の順序が分からないため、定義引用順序が逐次実行と異なる可能性があり、このDOループは並列化できません。(名前:NPASRC)
   jwd6202s-i  "sscoef.f", line 74: データの定義引用の順序が逐次実行と異なるため、このDOループはSIMD化できません。(名前:NPASRC)
   jwd6208s-i  "sscoef.f", line 74: 定義引用の順序が分からないため、定義引用順序が逐次実行と異なる可能性があり、このDOループはSIMD化できません。(名前:NPASRC)
   jwd5209p-i  "sscoef.f", line 77: 配列'LPASRC'の添字式中の変数'NPASRC'をループ中で定義しているため、このDOループは並列化できません。
   jwd5208p-i  "sscoef.f", line 77: 定義引用の順序が分からないため、定義引用順序が逐次実行と異なる可能性があり、このDOループは並列化できません。(名前:LPASRC)
   jwd6208s-i  "sscoef.f", line 77: 定義引用の順序が分からないため、定義引用順序が逐次実行と異なる可能性があり、このDOループはSIMD化できません。(名前:LPASRC)
   jwd5209p-i  "sscoef.f", line 78: 配列'LEASRC'の添字式中の変数'NPASRC'をループ中で定義しているため、このDOループは並列化できません。
   jwd5208p-i  "sscoef.f", line 78: 定義引用の順序が分からないため、定義引用順序が逐次実行と異なる可能性があり、このDOループは並列化できません。(名前:LEASRC)
   jwd6208s-i  "sscoef.f", line 78: 定義引用の順序が分からないため、定義引用順序が逐次実行と異なる可能性があり、このDOループはSIMD化できません。(名前:LEASRC)
   jwd5209p-i  "sscoef.f", line 79: 配列'COEAS1'の添字式中の変数'NPASRC'をループ中で定義しているため、このDOループは並列化できません。
   jwd5209p-i  "sscoef.f", line 80: 配列'COEAS2'の添字式中の変数'NPASRC'をループ中で定義しているため、このDOループは並列化できません。
   jwd5209p-i  "sscoef.f", line 81: 配列'COEAS3'の添字式中の変数'NPASRC'をループ中で定義しているため、このDOループは並列化できません。

 Procedure information
   Lines      : 88
   Statements : 52
   Stack(byte): 864
   Prefetch num: 0

 Total information
   Procedures       : 1
   Total lines      : 88
   Total statements : 52
   Total stack(byte): 864
   Total prefetch num: 0

