
 Fujitsu Fortran Version 4.1.0  Tue Apr 28 18:53:26 2020

 Compilation information
   Current directory : /vol0001/g9300001/u93021/09.FFB/2020.04.28a_v630202_from_Yamade/FFB.63.02.02/ver.63.02.02
   Source file       : subcnv.f

 Option information
   Command line options : -Kident_mpi -f2004 -I/home/g9300001/u93021/09.FFB/2020.04.28a_v630202_from_Yamade/FFB.63.02.02/include -I/include/mpi/fujitsu/ -Kvisimpact,ocl,optmsg=2,openmp -Dcputime -DUSE_TIMER -DUSE_BARRIER -Nlst=t -Cpp -Nfjomplib -c -I/opt/FJSVxtclanga/.common/MELI014/include/mpi/fujitsu -I/opt/FJSVxtclanga/.common/MELI014/lib64 -Knointentopt
   Cpp options          : -I/home/g9300001/u93021/09.FFB/2020.04.28a_v630202_from_Yamade/FFB.63.02.02/include -I/include/mpi/fujitsu/ -Dcputime -DUSE_TIMER -DUSE_BARRIER -I/opt/FJSVxtclanga/.common/MELI014/include/mpi/fujitsu -I/opt/FJSVxtclanga/.common/MELI014/lib64 -Dunix -Dlinux -D__FUJITSU -D__FRT_major__=4 -D__FRT_minor__=1 -D__FRT_patchlevel__=0 -D__FRT_version__="4.1.0" -D__aarch64__ -D__unix -D_OPENMP=201511 -D__frt_version=800 -D__ARM_ARCH=8 -D__ARM_FEATURE_SVE -D__ELF__ -D__unix__ -D__linux__ -D__linux -Asystem(unix) -otmp
   Effective options    : -fi -g0 -AE -Fixed -O3 -X08
                          -x0 -xaccept=nomodule_allocatable
                          -KA64FX -KARMV8_3_A -KSVE -Kalign_commons
                          -Kalign_loops -Kassume=noshortloop
                          -Kassume=nomemory_bandwidth
                          -Kassume=notime_saving_compilation -Kauto
                          -Kautoobjstack -Knocalleralloc -Kcmodel=small
                          -Keval -Keval_noconcurrent -Knofenv_access
                          -Kfp_contract -Kfp_relaxed -Kfsimple -Kfz -Khpctag
                          -Kilfunc=procedure -Knointentopt -Klargepage
                          -Kloop_blocking -Kloop_fission
                          -Kloop_nofission_stripmining
                          -Kloop_fission_threshold=50 -Kloop_fusion
                          -Kloop_interchange -Kloop_part_parallel
                          -Kloop_part_simd -Kloop_perfect_nest
                          -Kloop_noversioning -Knolto -Kmfunc=1 -Kocl
                          -Komitfp -Knooptlib_string -Koptmsg=2
                          -Knopc_relative_literal_loads -Kplt -Knopreex
                          -Kprefetch_noconditional -Kprefetch_noindirect
                          -Kprefetch_sequential=auto -Kprefetch_nostride
                          -Kprefetch_cache_level=all -Kprefetch_noinfer
                          -Kprefetch_strong -Kprefetch_strong_L2 -Knopreload
                          -Ksch_post_ra -Ksch_pre_ra -Ksibling_calls
                          -Ksimd=auto -Ksimd_packed_promotion
                          -Ksimd_reduction_product -Ksimd_reg_size=512
                          -Ksimd_nouncounted_loop
                          -Ksimd_use_multiple_structures -Knostriping -Kswp
                          -Kswp_freg_rate=100 -Kswp_ireg_rate=100
                          -Kswp_preg_rate=100 -Ktemparraystack -Kunroll
                          -Knounroll_and_jam -Knozfill
                          -Kopenmp -Kopenmp_noassume_norecurrence
                          -Kopenmp_nocollapse_except_innermost
                          -Kopenmp_noordered_reduction -Knoopenmp_simd
                          -Kthreadsafe -Kparallel -Kparallel_nofp_precision
                          -Knoarray_private -Knodynamic_iteration -Kreduction
                          -Kregion_extension
                          -Nallextput -Nnoalloc_assign
                          -Ncancel_overtime_compilation -Nnocheck_global
                          -Nnocoarray -Nnocompdisp -Nnocopyarg -Nnocoverage
                          -Nfjprof -Nfreealloc -Nf90move -Nnohook_func
                          -Nnohook_time -Nfjomplib -Nline -Nlst -Nlst=p
                          -Nlst=t -Nnomallocfree -Nnoobsfun -Nnoprivatealloc
                          -Nquickdbg=noargchk -Nquickdbg=nosubchk
                          -Nquickdbg=noundef -NRnotrap -Nnorecursive
                          -Nnoreordered_variable_stack -Nrt_notune -Nnosave
                          -Nsetvalue=noheap -Nsetvalue=nostack
                          -Nsetvalue=noscalar -Nsetvalue=noarray
                          -Nsetvalue=nostruct -Nuse_rodata

 External subroutine subprogram "LSTCNV"
  (line-no.)(nest)(optimize)
          1                     CC
          2                     CC    CONVERSION SUBROUTINE FOR LIST DATA
          3                     CC
          4                           SUBROUTINE LSTCNV(N,NLST,LLST,LCNV,IERR,IUT0)
          5                     C
          6                           IMPLICIT NONE
          7                           INTEGER*4 N,NLST
          8                           INTEGER*4 LLST(NLST),LCNV(N)
          9                           INTEGER*4 IERR,IUT0
         10                     C
         11                           INTEGER*4 ILST,I
         12                     C
                              <<< Loop-information Start >>>
                              <<<  [OPTIMIZATION]
                              <<<    PREFETCH(HARD) Expected by compiler :
                              <<<      LLST
                              <<< Loop-information  End >>>
         13     1        s            DO 1000 ILST=1,NLST
         14     1        s               I=LLST(ILST)
         15     1        s               IF (I.LT.1.OR.I.GT.N) GOTO 9999
         16     1        s               LLST(ILST)=LCNV(I)
         17     1        s       1000 CONTINUE
         18                     C
         19                           RETURN
         20                     C
         21                      9999 CONTINUE
         22                           WRITE(IUT0,*)  ' ** LSTCNV: INVALID NUMBER IN LSTCNV ***'
         23                           IERR=1
         24                           RETURN
         25                     C
         26                           END

 Diagnostic messages: program name(LSTCNV)
   jwd5131p-i  "subcnv.f", line 13: ループ出口が2つ以上あるため、このDOループは並列化できません。
   jwd5228p-i  "subcnv.f", line 13: データの定義引用の順序が逐次実行と異なるため、このDOループは並列化できません。
   jwd6229s-i  "subcnv.f", line 13: IF文が存在するため、このDOループのSIMD化を抑止しました。
   jwd6131s-i  "subcnv.f", line 13: ループ出口が2つ以上あるため、このDOループはSIMD化できません。
   jwd8671o-i  "subcnv.f", line 13: ループの形状が最適化の対象外であるため、ソフトウェアパイプライニングを適用できません。
   jwd6208s-i  "subcnv.f", line 14: 定義引用の順序が分からないため、定義引用順序が逐次実行と異なる可能性があり、このDOループはSIMD化できません。(名前:LLST)

 Procedure information
   Lines      : 26
   Statements : 17
   Stack(byte): 448
   Prefetch num: 0

 External subroutine subprogram "INTCNV"
  (line-no.)(nest)(optimize)
         27                     C
         28                     CC
         29                     CC    CONVERSION SUBROUTINE FOR INTEGER TYPE DATA
         30                     CC
         31                           SUBROUTINE INTCNV(N,NR,IDATA,LCNV,IWORK,IERR,IUT0)
         32                     C
         33                           IMPLICIT NONE
         34                           INTEGER*4 N,NR
         35                           INTEGER*4 IDATA(NR),IWORK(NR)
         36                           INTEGER*4 LCNV(NR)
         37                           INTEGER*4 IERR,IUT0
         38                     C
         39                           INTEGER*4 I,IR
         40                     C
                              <<< Loop-information Start >>>
                              <<<  [PARALLELIZATION]
                              <<<    Standard iteration count: 1455
                              <<<  [OPTIMIZATION]
                              <<<    SIMD(VL: 16)
                              <<<    SOFTWARE PIPELINING(IPC: 2.00, ITR: 320, MVE: 3)
                              <<<    PREFETCH(HARD) Expected by compiler :
                              <<<      IDATA, IWORK
                              <<< Loop-information  End >>>
         41     1  pp   4v            DO 1000 I=1,N
         42     1   p   4v               IWORK(I)=IDATA(I)
         43     1   p   4v       1000 CONTINUE
         44                     C
                              <<< Loop-information Start >>>
                              <<<  [OPTIMIZATION]
                              <<<    PREFETCH(HARD) Expected by compiler :
                              <<<      LCNV
                              <<< Loop-information  End >>>
         45     1        s            DO 2000 IR=1,NR
         46     1        s               I=LCNV(IR)
         47     1        s               IF(I.LT.1.OR.I.GT.N) GOTO 9999
         48     1        s               IDATA(I)=IWORK(IR)
         49     1        s       2000 CONTINUE
         50                     C
         51                           RETURN
         52                     C
         53                      9999 CONTINUE
         54                           WRITE(IUT0,*)  ' ** INTCNV: INVALID NUMBER IN INTCNV ***'
         55                           IERR=1
         56                           RETURN
         57                     C
         58                           END

 Diagnostic messages: program name(INTCNV)
   jwd5001p-i  "subcnv.f", line 41: このDOループを並列化しました。(名前:I)
   jwd6001s-i  "subcnv.f", line 41: このDOループをSIMD化しました。(名前:I)
   jwd8204o-i  "subcnv.f", line 41: ループにソフトウェアパイプライニングを適用しました。
   jwd8205o-i  "subcnv.f", line 41: ループの繰返し数が320回以上の時、ソフトウェアパイプライニングを適用したループが実行時に選択されます。
   jwd5131p-i  "subcnv.f", line 45: ループ出口が2つ以上あるため、このDOループは並列化できません。
   jwd5228p-i  "subcnv.f", line 45: データの定義引用の順序が逐次実行と異なるため、このDOループは並列化できません。
   jwd6229s-i  "subcnv.f", line 45: IF文が存在するため、このDOループのSIMD化を抑止しました。
   jwd6131s-i  "subcnv.f", line 45: ループ出口が2つ以上あるため、このDOループはSIMD化できません。
   jwd8671o-i  "subcnv.f", line 45: ループの形状が最適化の対象外であるため、ソフトウェアパイプライニングを適用できません。

 Procedure information
   Lines      : 32
   Statements : 21
   Stack(byte): 848
   Prefetch num: 0

 External subroutine subprogram "RELCNV"
  (line-no.)(nest)(optimize)
         59                     C
         60                     CC
         61                     CC    CONVERSION SUBROUTINE FOR REAL TYPE DATA
         62                     CC
         63                           SUBROUTINE RELCNV(N,NR,ADATA,LCNV,AWORK,IERR,IUT0)
         64                     C
         65                           IMPLICIT NONE
         66                           INTEGER*4 N,NR
         67                           REAL*4    ADATA(NR),AWORK(NR)
         68                           INTEGER*4 LCNV(NR)
         69                           INTEGER*4 IERR,IUT0
         70                     C
         71                           INTEGER*4 I,IR
         72                     C
                              <<< Loop-information Start >>>
                              <<<  [PARALLELIZATION]
                              <<<    Standard iteration count: 1455
                              <<<  [OPTIMIZATION]
                              <<<    SIMD(VL: 16)
                              <<<    SOFTWARE PIPELINING(IPC: 2.00, ITR: 320, MVE: 3)
                              <<<    PREFETCH(HARD) Expected by compiler :
                              <<<      ADATA, AWORK
                              <<< Loop-information  End >>>
         73     1  pp   4v            DO 1000 I=1,N
         74     1   p   4v               AWORK(I)=ADATA(I)
         75     1   p   4v       1000 CONTINUE
         76                     C
                              <<< Loop-information Start >>>
                              <<<  [OPTIMIZATION]
                              <<<    PREFETCH(HARD) Expected by compiler :
                              <<<      LCNV
                              <<< Loop-information  End >>>
         77     1        s            DO 2000 IR=1,NR
         78     1        s               I=LCNV(IR)
         79     1        s               IF(I.LT.1.OR.I.GT.N) GOTO 9999
         80     1        s               ADATA(I)=AWORK(IR)
         81     1        s       2000 CONTINUE
         82                     C
         83                           RETURN
         84                     C
         85                      9999 CONTINUE
         86                           WRITE(IUT0,*)  ' ** RELCNV: INVALID NUMBER IN INTCNV ***'
         87                           IERR=1
         88                           RETURN
         89                     C
         90                           END

 Diagnostic messages: program name(RELCNV)
   jwd5001p-i  "subcnv.f", line 73: このDOループを並列化しました。(名前:I)
   jwd6001s-i  "subcnv.f", line 73: このDOループをSIMD化しました。(名前:I)
   jwd8204o-i  "subcnv.f", line 73: ループにソフトウェアパイプライニングを適用しました。
   jwd8205o-i  "subcnv.f", line 73: ループの繰返し数が320回以上の時、ソフトウェアパイプライニングを適用したループが実行時に選択されます。
   jwd5131p-i  "subcnv.f", line 77: ループ出口が2つ以上あるため、このDOループは並列化できません。
   jwd5228p-i  "subcnv.f", line 77: データの定義引用の順序が逐次実行と異なるため、このDOループは並列化できません。
   jwd6229s-i  "subcnv.f", line 77: IF文が存在するため、このDOループのSIMD化を抑止しました。
   jwd6131s-i  "subcnv.f", line 77: ループ出口が2つ以上あるため、このDOループはSIMD化できません。
   jwd8671o-i  "subcnv.f", line 77: ループの形状が最適化の対象外であるため、ソフトウェアパイプライニングを適用できません。

 Procedure information
   Lines      : 32
   Statements : 21
   Stack(byte): 848
   Prefetch num: 0

 External subroutine subprogram "DBLCNV"
  (line-no.)(nest)(optimize)
         91                     C
         92                     CC
         93                     CC    CONVERSION SUBROUTINE FOR REAL TYPE DATA
         94                     CC
         95                           SUBROUTINE DBLCNV(N,NR,ADATA,LCNV,IERR,IUT0)
         96                     C
         97                           IMPLICIT NONE
         98                           INTEGER*4 N,NR
         99                           REAL*8    ADATA(NR),AWORK(NR)
        100                           INTEGER*4 LCNV(NR)
        101                           INTEGER*4 IERR,IUT0
        102                     C
        103                           INTEGER*4 I,IR
        104                     C
                              <<< Loop-information Start >>>
                              <<<  [PARALLELIZATION]
                              <<<    Standard iteration count: 1455
                              <<<  [OPTIMIZATION]
                              <<<    SIMD(VL: 8)
                              <<<    SOFTWARE PIPELINING(IPC: 2.00, ITR: 160, MVE: 3)
                              <<<    PREFETCH(HARD) Expected by compiler :
                              <<<      ADATA, AWORK
                              <<< Loop-information  End >>>
        105     1  pp   4v            DO 1000 I=1,N
        106     1   p   4v               AWORK(I)=ADATA(I)
        107     1   p   4v       1000 CONTINUE
        108                     C
                              <<< Loop-information Start >>>
                              <<<  [OPTIMIZATION]
                              <<<    PREFETCH(HARD) Expected by compiler :
                              <<<      LCNV
                              <<< Loop-information  End >>>
        109     1        s            DO 2000 IR=1,NR
        110     1        s               I=LCNV(IR)
        111     1        s               IF(I.LT.1.OR.I.GT.N) GOTO 9999
        112     1        s               ADATA(I)=AWORK(IR)
        113     1        s       2000 CONTINUE
        114                     C
        115                           RETURN
        116                     C
        117                      9999 CONTINUE
        118                           WRITE(IUT0,*)  ' ** DBLCNV: INVALID NUMBER IN INTCNV ***'
        119                           IERR=1
        120                           RETURN
        121                     C
        122                           END

 Diagnostic messages: program name(DBLCNV)
   jwd5001p-i  "subcnv.f", line 105: このDOループを並列化しました。(名前:I)
   jwd6001s-i  "subcnv.f", line 105: このDOループをSIMD化しました。(名前:I)
   jwd8204o-i  "subcnv.f", line 105: ループにソフトウェアパイプライニングを適用しました。
   jwd8205o-i  "subcnv.f", line 105: ループの繰返し数が160回以上の時、ソフトウェアパイプライニングを適用したループが実行時に選択されます。
   jwd5131p-i  "subcnv.f", line 109: ループ出口が2つ以上あるため、このDOループは並列化できません。
   jwd5228p-i  "subcnv.f", line 109: データの定義引用の順序が逐次実行と異なるため、このDOループは並列化できません。
   jwd6229s-i  "subcnv.f", line 109: IF文が存在するため、このDOループのSIMD化を抑止しました。
   jwd6131s-i  "subcnv.f", line 109: ループ出口が2つ以上あるため、このDOループはSIMD化できません。
   jwd8671o-i  "subcnv.f", line 109: ループの形状が最適化の対象外であるため、ソフトウェアパイプライニングを適用できません。

 Procedure information
   Lines      : 32
   Statements : 21
   Stack(byte): 848
   Prefetch num: 0

 External subroutine subprogram "NODCNV"
  (line-no.)(nest)(optimize)
        123                     C
        124                     CC
        125                     CC    CONVERSION SUBROUTINE FOR INTEGER TYPE DATA
        126                     CC
        127                           SUBROUTINE NODCNV(NP,NE,N2,NODE,LPCNV,LECNV,NODWK1,IERR,IUT0)
        128                     C
        129                           IMPLICIT NONE
        130                           INTEGER*4 NP,NE,N2
        131                           INTEGER*4 NODE(N2,NE),LPCNV(NP),LECNV(NE)
        132                           INTEGER*4 NODWK1(N2,NE)
        133                           INTEGER*4 IERR,IUT0
        134                     C
        135                           INTEGER*4 I,IE,IP,IEC,IPC
        136                     C
                              <<< Loop-information Start >>>
                              <<<  [PARALLELIZATION]
                              <<<    Standard iteration count: 113
                              <<< Loop-information  End >>>
        137     1  pp   4             DO 1000 IE=1,NE
                              <<< Loop-information Start >>>
                              <<<  [OPTIMIZATION]
                              <<<    SIMD(VL: 8)
                              <<< Loop-information  End >>>
        138     2   p   4v               DO 1100 I=1,8
        139     2   p   4v                  NODWK1(I,IE)=0
        140     2   p   4v       1100    CONTINUE
        141     1   p   4        1000 CONTINUE
        142                     C
                              <<< Loop-information Start >>>
                              <<<  [OPTIMIZATION]
                              <<<    PREFETCH(HARD) Expected by compiler :
                              <<<      LECNV
                              <<< Loop-information  End >>>
        143     1                     DO 2000 IE=1,NE
        144     1                        IEC=LECNV(IE)
        145     1                        IF(IEC.LT.1.OR.IEC.GT.NE) GOTO 9999
                              <<< Loop-information Start >>>
                              <<<  [OPTIMIZATION]
                              <<<    FULL UNROLLING
                              <<< Loop-information  End >>>
        146     2       fs               DO 2100 I=1,8
        147     2       fs                  IP=NODE(I,IE)
        148     2       fs                  IF (IP.EQ.0) GOTO 2100
        149     2       fs                  IPC=LPCNV(IP)
        150     2       fs                  IF(IPC.LT.1.OR.IPC.GT.NP) GOTO 9999
        151     2       fs                  NODWK1(I,IEC)=IPC
        152     2       fs       2100    CONTINUE
        153     1                2000 CONTINUE
        154                     C
                              <<< Loop-information Start >>>
                              <<<  [PARALLELIZATION]
                              <<<    Standard iteration count: 92
                              <<<  [OPTIMIZATION]
                              <<<    SOFTWARE PIPELINING(IPC: 3.00, ITR: 224, MVE: 4)
                              <<< Loop-information  End >>>
        155     1  pp   4             DO 3000 IE=1,NE
                              <<< Loop-information Start >>>
                              <<<  [OPTIMIZATION]
                              <<<    SIMD(VL: 8)
                              <<< Loop-information  End >>>
        156     2   p   4v               DO 3100 I=1,8
        157     2   p   4v                  NODE(I,IE)=NODWK1(I,IE)
        158     2   p   4v       3100    CONTINUE
        159     1   p   4        3000 CONTINUE
        160                     C
        161                           RETURN
        162                     C
        163                      9999 CONTINUE
        164                           WRITE(IUT0,*)  ' ** NODCNV: INVALID NUMBER IN NODCNV ***'
        165                           IERR=1
        166                           RETURN
        167                     C
        168                           END

 Diagnostic messages: program name(NODCNV)
   jwd5001p-i  "subcnv.f", line 137: このDOループを並列化しました。(名前:IE)
   jwd8663o-i  "subcnv.f", line 137: ソフトウェアパイプライニングの効果がないループと判断したため、ソフトウェアパイプライニングを抑止しました。
   jwd8202o-i  "subcnv.f", line 137: ループを展開数4回でアンローリングしました。
   jwd6001s-i  "subcnv.f", line 138: このDOループをSIMD化しました。(名前:I)
   jwd5131p-i  "subcnv.f", line 143: ループ出口が2つ以上あるため、このDOループは並列化できません。
   jwd8671o-i  "subcnv.f", line 143: ループの形状が最適化の対象外であるため、ソフトウェアパイプライニングを適用できません。
   jwd5228p-i  "subcnv.f", line 146: データの定義引用の順序が逐次実行と異なるため、このDOループは並列化できません。
   jwd5131p-i  "subcnv.f", line 146: ループ出口が2つ以上あるため、このDOループは並列化できません。
   jwd6229s-i  "subcnv.f", line 146: IF文が存在するため、このDOループのSIMD化を抑止しました。
   jwd6131s-i  "subcnv.f", line 146: ループ出口が2つ以上あるため、このDOループはSIMD化できません。
   jwd8203o-i  "subcnv.f", line 146: ループをフルアンローリングしました。
   jwd5001p-i  "subcnv.f", line 155: このDOループを並列化しました。(名前:IE)
   jwd8204o-i  "subcnv.f", line 155: ループにソフトウェアパイプライニングを適用しました。
   jwd8205o-i  "subcnv.f", line 155: ループの繰返し数が224回以上の時、ソフトウェアパイプライニングを適用したループが実行時に選択されます。
   jwd6001s-i  "subcnv.f", line 156: このDOループをSIMD化しました。(名前:I)

 Procedure information
   Lines      : 46
   Statements : 34
   Stack(byte): 1200
   Prefetch num: 0

 External subroutine subprogram "ATRCNV"
  (line-no.)(nest)(optimize)
        169                     C
        170                     CC
        171                     CC    CONVERSION SUBROUTINE FOR REFINED ATTRIBUTE DATA
        172                     CC
        173                           SUBROUTINE ATRCNV(NE0,NE,LEATTR,LEACNV,LWORK,IERR,IUT0,IUT6)
        174                     C
        175                           IMPLICIT NONE
        176                           INTEGER*4 NE0,NE
        177                           INTEGER*4 LEATTR(NE),LEACNV(NE),LWORK(NE)
        178                           INTEGER*4 IERR,IUT0,IUT6
        179                     C
        180                           INTEGER*4 IE0,IE
        181                     C
                              <<< Loop-information Start >>>
                              <<<  [PARALLELIZATION]
                              <<<    Standard iteration count: 1455
                              <<<  [OPTIMIZATION]
                              <<<    SIMD(VL: 16)
                              <<<    SOFTWARE PIPELINING(IPC: 2.00, ITR: 320, MVE: 3)
                              <<<    PREFETCH(HARD) Expected by compiler :
                              <<<      LEATTR, LWORK
                              <<< Loop-information  End >>>
        182     1  pp   4v            DO 1000 IE0=1,NE0
        183     1   p   4v                LWORK(IE0)=LEATTR(IE0)
        184     1   p   4v       1000 CONTINUE
        185                     C
                              <<< Loop-information Start >>>
                              <<<  [OPTIMIZATION]
                              <<<    PREFETCH(HARD) Expected by compiler :
                              <<<      LEACNV
                              <<< Loop-information  End >>>
        186     1        s            DO 2000 IE=1,NE
        187     1        s                IE0=LEACNV(IE)
        188     1        s                IF(IE0.LT.1.OR.IE0.GT.NE0) GOTO 9999
        189     1        s                LEATTR(IE)=LWORK(IE0)
        190     1        s       2000 CONTINUE
        191                     C
        192                           RETURN
        193                     C
        194                      9999 CONTINUE
        195                           WRITE(IUT0,*)  ' ** ATRCONV: INVALID ELM. NUM. IN LEACNV ***'
        196                           IERR=1
        197                           RETURN
        198                     C
        199                           END

 Diagnostic messages: program name(ATRCNV)
   jwd2008i-i  "subcnv.f", line 173: この仮引数'IUT6'は、副プログラム中で使用されていません。
   jwd5001p-i  "subcnv.f", line 182: このDOループを並列化しました。(名前:IE0)
   jwd6001s-i  "subcnv.f", line 182: このDOループをSIMD化しました。(名前:IE0)
   jwd8204o-i  "subcnv.f", line 182: ループにソフトウェアパイプライニングを適用しました。
   jwd8205o-i  "subcnv.f", line 182: ループの繰返し数が320回以上の時、ソフトウェアパイプライニングを適用したループが実行時に選択されます。
   jwd5131p-i  "subcnv.f", line 186: ループ出口が2つ以上あるため、このDOループは並列化できません。
   jwd5228p-i  "subcnv.f", line 186: データの定義引用の順序が逐次実行と異なるため、このDOループは並列化できません。
   jwd6229s-i  "subcnv.f", line 186: IF文が存在するため、このDOループのSIMD化を抑止しました。
   jwd6131s-i  "subcnv.f", line 186: ループ出口が2つ以上あるため、このDOループはSIMD化できません。
   jwd8671o-i  "subcnv.f", line 186: ループの形状が最適化の対象外であるため、ソフトウェアパイプライニングを適用できません。

 Procedure information
   Lines      : 31
   Statements : 20
   Stack(byte): 864
   Prefetch num: 0

 External subroutine subprogram "CRSCVI"
  (line-no.)(nest)(optimize)
        200                     C=======================================================================
        201                           SUBROUTINE CRSCVI(NP,NPPMAX,NCRS,NCRS2,NPP,IPCRS,ITPCRS)
        202                     C=======================================================================
        203                           IMPLICIT NONE
        204                     C
        205                           INTEGER NP,NPPMAX,NCRS,NCRS2
        206                           INTEGER NPP(NP),IPCRS(NCRS),ITPCRS(NCRS2)
        207                           INTEGER ITCRS,ICRS,IP,K
        208                     C
        209                           CALL USTSTA(74)
        210                     C
        211                           ITCRS=0
        212                           ICRS =0
        213     1                     DO 110 IP=1,NP
                              <<< Loop-information Start >>>
                              <<<  [OPTIMIZATION]
                              <<<    PREFETCH(HARD) Expected by compiler :
                              <<<      ITPCRS
                              <<< Loop-information  End >>>
        214     2       2s               DO 120 K=1,NPPMAX
        215     2       2v                  ITCRS=ITCRS+1
        216     3       2v                  IF (K.GT.NPP(IP)) THEN
        217     3       2v                     ITPCRS(ITCRS)=0
        218     3       2v                  ELSE
        219     3       2m                     ICRS=ICRS+1
        220     3       2s                     ITPCRS(ITCRS)=IPCRS(ICRS)
        221     3       2v                  ENDIF
        222     2       2v       120     CONTINUE
        223     1                110  CONTINUE
        224                     C
        225                           CALL USTEND(74)
        226                     C
        227                           RETURN
        228                           END

 Diagnostic messages: program name(CRSCVI)
   jwd5202p-i  "subcnv.f", line 213: データの定義引用の順序が逐次実行と異なるため、このDOループは並列化できません。(名前:ICRS)
   jwd5202p-i  "subcnv.f", line 213: データの定義引用の順序が逐次実行と異なるため、このDOループは並列化できません。(名前:ITCRS)
   jwd5208p-i  "subcnv.f", line 213: 定義引用の順序が分からないため、定義引用順序が逐次実行と異なる可能性があり、このDOループは並列化できません。(名前:ITPCRS)
   jwd5228p-i  "subcnv.f", line 214: データの定義引用の順序が逐次実行と異なるため、このDOループは並列化できません。
   jwd5208p-i  "subcnv.f", line 214: 定義引用の順序が分からないため、定義引用順序が逐次実行と異なる可能性があり、このDOループは並列化できません。(名前:ICRS)
   jwd6229s-i  "subcnv.f", line 214: IF文が存在するため、このDOループのSIMD化を抑止しました。
   jwd8670o-i  "subcnv.f", line 214: ループ内に分岐命令があるため、ソフトウェアパイプライニングを適用できません。
   jwd8202o-i  "subcnv.f", line 214: ループを展開数2回でアンローリングしました。

 Procedure information
   Lines      : 29
   Statements : 22
   Stack(byte): 352
   Prefetch num: 0

 External subroutine subprogram "CRSCVA"
  (line-no.)(nest)(optimize)
        229                     C=======================================================================
        230                     !     SUBROUTINE CRSCVA(NP,NPPMAX,NCRS,NCRS2,NPP,A,TA)
        231                           SUBROUTINE CRSCVA(NP,NPPMAX,NCRS,NCRS2,NPP,A,TA,ICRS_T)
        232                     C=======================================================================
        233                           IMPLICIT NONE
        234                     C
        235                           INTEGER NP,NPPMAX,NCRS,NCRS2
        236                           INTEGER NPP(NP),IPCRS(NCRS)
        237                           REAL*4  A(NCRS),TA(NCRS2)
        238                           INTEGER ITCRS,ICRS,IP,K, ICRS_T(NP)
        239                     
        240                     C
        241                           ITCRS=0
        242                           ICRS =0
        243                     !ocl norecurrence
                              <<< Loop-information Start >>>
                              <<<  [PARALLELIZATION]
                              <<<    Standard iteration count: 3
                              <<<  [OPTIMIZATION]
                              <<<    PREFETCH(HARD) Expected by compiler :
                              <<<      A, TA
                              <<< Loop-information  End >>>
        244     1  pp                 DO 110 IP=1,NP
        245     1   p                    ICRS =ICRS_T(IP)
                              <<< Loop-information Start >>>
                              <<<  [OPTIMIZATION]
                              <<<    SIMD(VL: 16)
                              <<<    SOFTWARE PIPELINING(IPC: 3.00, ITR: 288, MVE: 5)
                              <<<    PREFETCH(HARD) Expected by compiler :
                              <<<      A, TA
                              <<< Loop-information  End >>>
        246     2   p   2v               DO 120 K=1,NPP(IP)
        247     2   p   2v                  ITCRS=NPPMAX*(IP-1)+K
        248     2   p   2v                  TA(ITCRS)=A(ICRS+K)
        249     2   p   2v       120     CONTINUE
                              <<< Loop-information Start >>>
                              <<<  [OPTIMIZATION]
                              <<<    SIMD(VL: 16)
                              <<<    PREFETCH(HARD) Expected by compiler :
                              <<<      TA
                              <<< Loop-information  End >>>
        250     2   p   4v               DO 130 K=NPP(IP)+1,NPPMAX
        251     2   p   4v                  ITCRS=NPPMAX*(IP-1)+K
        252     2   p   4v                  TA(ITCRS)=0.0E0
        253     2   p   4v       130     CONTINUE
        254     1   p            110  CONTINUE
        255                     C
        256                           RETURN
        257                           END

 Diagnostic messages: program name(CRSCVA)
   jwd2006i-i  "subcnv.f", line 236: この名前'IPCRS'は、宣言だけされていて引用されていません。
   jwd5001p-i  "subcnv.f", line 244: このDOループを並列化しました。(名前:IP)
   jwd6001s-i  "subcnv.f", line 246: このDOループをSIMD化しました。(名前:K)
   jwd8204o-i  "subcnv.f", line 246: ループにソフトウェアパイプライニングを適用しました。
   jwd8205o-i  "subcnv.f", line 246: ループの繰返し数が288回以上の時、ソフトウェアパイプライニングを適用したループが実行時に選択されます。
   jwd6001s-i  "subcnv.f", line 250: このDOループをSIMD化しました。(名前:K)
   jwd8663o-i  "subcnv.f", line 250: ソフトウェアパイプライニングの効果がないループと判断したため、ソフトウェアパイプライニングを抑止しました。
   jwd8202o-i  "subcnv.f", line 250: ループを展開数4回でアンローリングしました。

 Procedure information
   Lines      : 29
   Statements : 21
   Stack(byte): 800
   Prefetch num: 0

 Total information
   Procedures       : 8
   Total lines      : 257
   Total statements : 177
   Total stack(byte): 6208
   Total prefetch num: 0

