Fujitsu C/C++ Version 4.1.0   Tue Apr 28 18:53:36 2020
Compilation information
  Current directory : /vol0001/g9300001/u93021/09.FFB/2020.04.28a_v630202_from_Yamade/FFB.63.02.02/ver.63.02.02
  Source file       : zeroclear1.c
(line-no.)(optimize)
        1             #include <stdio.h>
        2             #include <string.h>
        3             
        4             void zeroclear1_(float* PA, int* PSZ)
        5             {
        6             	int SZ = *PSZ;
        7             
        8             //	printf("PA=%x, SZ=%d\n", PA, SZ);
        9             
       10             	memset((void*)PA,
       11             		   0,
       12             		   SZ*sizeof(float));
       13             }
Total prefetch num: 0
Statistics information
  Option information
    Command line options : -Kident_mpi -Kvisimpact,ocl,openmp -Dcputime -DUSE_TIMER -DUSE_BARRIER -Nlst=t -Nfjomplib -c -I/opt/FJSVxtclanga/.common/MELI014/include/mpi/fujitsu -pthread
    Effective options    : -g0 -mt -Qy -std=gnu11 -x- -O3 -Knoalias_const -Kalign_loops
                           -Knoarray_private -Kassume=noshortloop
                           -Kassume=nomemory_bandwidth -Kassume=notime_saving_compilation
                           -Kcmodel=small -Kconst -Knodynamic_iteration -Keval
                           -Keval_noconcurrent -Kfast_matmul -Knofconst -Knofenv_access
                           -Kfp_contract -Kfp_relaxed -Kfsimple -Kfz -Khpctag
                           -Kilfunc=procedure -Klargepage -Klib -Kloop_blocking
                           -Kloop_fission -Kloop_nofission_stripmining
                           -Kloop_fission_threshold=50 -Kloop_fusion -Kloop_interchange
                           -Kloop_part_parallel -Kloop_part_simd -Kloop_perfect_nest
                           -Kloop_noversioning -Klooptype=f -Knomemalias -Kmfunc=1 -Kocl
                           -Komitfp -Kopenmp -Kopenmp_noassume_norecurrence
                           -Kopenmp_nocollapse_except_innermost -Kopenmp_noordered_reduction
                           -Knoopenmp_simd -Knooptlib_string -Knooptmsg
                           -Knopc_relative_literal_loads -Kparallel
                           -Kparallel_nofp_precision -Knopreex -Kprefetch_cache_level=all
                           -Kprefetch_noconditional -Kprefetch_noindirect -Kprefetch_noinfer
                           -Kprefetch_sequential=auto -Kprefetch_nostride -Kprefetch_strong
                           -Kprefetch_strong_L2 -Knopreload -Krdconv=1 -Kreduction
                           -Kregion_extension -Krestp=restrict -Ksch_post_ra -Ksch_pre_ra
                           -Ksibling_calls -Ksimd=auto -Ksimd_packed_promotion
                           -Ksimd_reduction_product -Ksimd_reg_size=512
                           -Ksimd_nouncounted_loop -Ksimd_use_multiple_structures
                           -Knostrict_aliasing -Knostriping -KA64FX -KARMV8_3_A -KSVE -Kswp
                           -Kswp_freg_rate=100 -Kswp_ireg_rate=100 -Kswp_preg_rate=100
                           -Kunroll -Knounroll_and_jam -Knozfill
                           -Ncancel_overtime_compilation -Nnocoverage -Nnoexceptions
                           -Nnofjcex -Nfjprof -Nnohook_func -Nnohook_time -Nfjomplib -Nline
                           -Nlst=p -Nlst=t -Nquickdbg=noheapchk -Nquickdbg=nosubchk
                           -NRnotrap -Nnoreordered_variable_stack -Nrt_notune
                           -Nsetvalue=noheap -Nsetvalue=nostack -Nsetvalue=noscalar
                           -Nsetvalue=noarray -Nsetvalue=nostruct -Nsrc -Nsta
