
 Fujitsu Fortran Version 4.7.0  Mon Jan 31 20:16:12 2022

 Compilation information
   Current directory : /vol0005/hp120295/u00324/FFBs/FFB.63.02.02/lib/src/dd_dmy
   Source file       : ddcom4.f

 Option information
   Command line options : -Kident_mpi -f2004 -I/vol0005/hp120295/u00324/FFB/include -I/include/mpi/fujitsu/ -Kvisimpact,ocl,optmsg=2,openmp -Dcputime -Nlst=t -Cpp -Cfpp -c -I/opt/FJSVxtclanga/.common/MELI026/include/mpi/fujitsu -I/opt/FJSVxtclanga/.common/MELI026/lib64 -Knointentopt
   Cpp options          : -I/vol0005/hp120295/u00324/FFB/include -I/include/mpi/fujitsu/ -Dcputime -I/opt/FJSVxtclanga/.common/MELI026/include/mpi/fujitsu -I/opt/FJSVxtclanga/.common/MELI026/lib64 -Dunix -Dlinux -D__FUJITSU -D__FRT_major__=4 -D__FRT_minor__=7 -D__FRT_patchlevel__=0 -D__FRT_version__="4.7.0" -D__aarch64__ -D__unix -D_OPENMP=201511 -D__frt_version=800 -D__ARM_ARCH=8 -D__ARM_FEATURE_SVE -D__ELF__ -D__unix__ -D__linux__ -D__linux -Asystem(unix) -otmp
   Effective options    : -fi -g0 -AE -Fixed -O3 -X08
                          -x0 -xaccept=nomodule_allocatable
                          -KA64FX -KARMV8_3_A -KSVE -Kalign_commons
                          -Kalign_loops -Knoarray_declaration_opt
                          -Kassume=noshortloop -Kassume=nomemory_bandwidth
                          -Kassume=notime_saving_compilation -Kauto
                          -Kautoobjstack -Knocalleralloc -Kcmodel=small
                          -Keval -Keval_noconcurrent -Knoextract_stride_store
                          -Knofenv_access -Kfp_contract -Kfp_relaxed
                          -Kfsimple -Kfz -Khpctag -Kilfunc=procedure
                          -Knointentopt -Klargepage -Kloop_blocking
                          -Kloop_fission -Kloop_nofission_stripmining
                          -Kloop_fission_threshold=50 -Kloop_fusion
                          -Kloop_interchange -Kloop_part_parallel
                          -Kloop_part_simd -Kloop_perfect_nest
                          -Kloop_noversioning -Knolto -Kmfunc=1 -Kocl
                          -Komitfp -Knooptlib_string -Koptmsg=2
                          -Knopc_relative_literal_loads -Kplt -Knopreex
                          -Kprefetch_noconditional -Kprefetch_noindirect
                          -Kprefetch_sequential=auto -Kprefetch_nostride
                          -Kprefetch_cache_level=all -Kprefetch_noinfer
                          -Kprefetch_strong -Kprefetch_strong_L2 -Knopreload
                          -Ksch_post_ra -Ksch_pre_ra -Ksibling_calls
                          -Ksimd=auto -Ksimd_packed_promotion
                          -Ksimd_reduction_product -Ksimd_reg_size=512
                          -Ksimd_nouncounted_loop
                          -Ksimd_use_multiple_structures -Knostriping
                          -Knosubscript_opt -Kswp -Kswp_freg_rate=100
                          -Kswp_ireg_rate=100 -Kswp_preg_rate=100
                          -Kswp_policy=auto -Ktemparraystack -Kunroll
                          -Knounroll_and_jam -Knozfill
                          -Kopenmp -Kopenmp_noassume_norecurrence
                          -Kopenmp_nocollapse_except_innermost
                          -Kopenmp_noordered_reduction -Knoopenmp_simd
                          -Kthreadsafe -Kparallel -Kparallel_nofp_precision
                          -Knoarray_private -Knodynamic_iteration -Kreduction
                          -Kregion_extension
                          -Nallextput -Nalloc_assign
                          -Ncancel_overtime_compilation -Nnocheck_global
                          -Nnocoarray -Nnocompdisp -Nnocopyarg -Nnocoverage
                          -Nfjprof -Nfreealloc -Nf90move -Nnohook_func
                          -Nnohook_time -Nlibomp -Nline -Nlst -Nlst=p -Nlst=t
                          -Nnomallocfree -Nnoobsfun -Nnoprivatealloc
                          -Nquickdbg=noargchk -Nquickdbg=nosubchk
                          -Nquickdbg=noundef -NRnotrap -Nnorecursive
                          -Nnoreordered_variable_stack -Nrt_notune -Nnosave
                          -Nsetvalue=noheap -Nsetvalue=nostack
                          -Nsetvalue=noscalar -Nsetvalue=noarray
                          -Nsetvalue=nostruct -Nuse_rodata

 External subroutine subprogram "DDCOM4"
  (line-no.)(nest)(optimize)
          1                           SUBROUTINE DDCOM4(NDOM,LDOM,MAX,
          2                          *                  NPB1,LPB1,XPB1,YPB1,ZPB1,
          3                          *                  NPB2,LPB2,XPB2,YPB2,ZPB2,
          4                          *                  MAXBUF,BUFSND,BUFRCV,
          5                          *                  IUT0,IERR)
          6                           IMPLICIT REAL*4 (A-H,O-Z)
          7                           DIMENSION LDOM(NDOM),
          8                          *          LPB1(MAX,NDOM),LPB2(MAX,NDOM),
          9                          *          XPB1(MAX,NDOM),XPB2(MAX,NDOM),
         10                          *          YPB1(MAX,NDOM),YPB2(MAX,NDOM),
         11                          *          ZPB1(MAX,NDOM),ZPB2(MAX,NDOM),
         12                          *          BUFSND(MAXBUF),BUFRCV(MAXBUF)
         13                     C
         14                           RETURN
         15                           END

 Diagnostic messages: program name(DDCOM4)
   jwd2008i-i  "ddcom4.f", line 1: Dummy argument 'IERR' not used in this subprogram.
   jwd2008i-i  "ddcom4.f", line 1: Dummy argument 'IUT0' not used in this subprogram.
   jwd2008i-i  "ddcom4.f", line 1: Dummy argument 'NPB2' not used in this subprogram.
   jwd2008i-i  "ddcom4.f", line 1: Dummy argument 'NPB1' not used in this subprogram.
   jwd2008i-i  "ddcom4.f", line 7: Dummy argument 'BUFRCV' not used in this subprogram.
   jwd2008i-i  "ddcom4.f", line 7: Dummy argument 'BUFSND' not used in this subprogram.
   jwd2008i-i  "ddcom4.f", line 7: Dummy argument 'ZPB2' not used in this subprogram.
   jwd2008i-i  "ddcom4.f", line 7: Dummy argument 'YPB2' not used in this subprogram.
   jwd2008i-i  "ddcom4.f", line 7: Dummy argument 'XPB2' not used in this subprogram.
   jwd2008i-i  "ddcom4.f", line 7: Dummy argument 'LPB2' not used in this subprogram.
   jwd2008i-i  "ddcom4.f", line 7: Dummy argument 'ZPB1' not used in this subprogram.
   jwd2008i-i  "ddcom4.f", line 7: Dummy argument 'YPB1' not used in this subprogram.
   jwd2008i-i  "ddcom4.f", line 7: Dummy argument 'XPB1' not used in this subprogram.
   jwd2008i-i  "ddcom4.f", line 7: Dummy argument 'LPB1' not used in this subprogram.
   jwd2008i-i  "ddcom4.f", line 7: Dummy argument 'LDOM' not used in this subprogram.

 Procedure information
   Lines      : 15
   Statements : 5
   Stack(byte): 400
   Prefetch num: 0

 Total information
   Procedures       : 1
   Total lines      : 15
   Total statements : 5
   Total stack(byte): 400
   Total prefetch num: 0

