
 Fujitsu Fortran Version 4.7.0  Mon Jan 31 20:16:13 2022

 Compilation information
   Current directory : /vol0005/hp120295/u00324/FFBs/FFB.63.02.02/lib/src/dd_dmy
   Source file       : ddmid1.f

 Option information
   Command line options : -Kident_mpi -f2004 -I/vol0005/hp120295/u00324/FFB/include -I/include/mpi/fujitsu/ -Kvisimpact,ocl,optmsg=2,openmp -Dcputime -Nlst=t -Cpp -Cfpp -c -I/opt/FJSVxtclanga/.common/MELI026/include/mpi/fujitsu -I/opt/FJSVxtclanga/.common/MELI026/lib64 -Knointentopt
   Cpp options          : -I/vol0005/hp120295/u00324/FFB/include -I/include/mpi/fujitsu/ -Dcputime -I/opt/FJSVxtclanga/.common/MELI026/include/mpi/fujitsu -I/opt/FJSVxtclanga/.common/MELI026/lib64 -Dunix -Dlinux -D__FUJITSU -D__FRT_major__=4 -D__FRT_minor__=7 -D__FRT_patchlevel__=0 -D__FRT_version__="4.7.0" -D__aarch64__ -D__unix -D_OPENMP=201511 -D__frt_version=800 -D__ARM_ARCH=8 -D__ARM_FEATURE_SVE -D__ELF__ -D__unix__ -D__linux__ -D__linux -Asystem(unix) -otmp
   Effective options    : -fi -g0 -AE -Fixed -O3 -X08
                          -x0 -xaccept=nomodule_allocatable
                          -KA64FX -KARMV8_3_A -KSVE -Kalign_commons
                          -Kalign_loops -Knoarray_declaration_opt
                          -Kassume=noshortloop -Kassume=nomemory_bandwidth
                          -Kassume=notime_saving_compilation -Kauto
                          -Kautoobjstack -Knocalleralloc -Kcmodel=small
                          -Keval -Keval_noconcurrent -Knoextract_stride_store
                          -Knofenv_access -Kfp_contract -Kfp_relaxed
                          -Kfsimple -Kfz -Khpctag -Kilfunc=procedure
                          -Knointentopt -Klargepage -Kloop_blocking
                          -Kloop_fission -Kloop_nofission_stripmining
                          -Kloop_fission_threshold=50 -Kloop_fusion
                          -Kloop_interchange -Kloop_part_parallel
                          -Kloop_part_simd -Kloop_perfect_nest
                          -Kloop_noversioning -Knolto -Kmfunc=1 -Kocl
                          -Komitfp -Knooptlib_string -Koptmsg=2
                          -Knopc_relative_literal_loads -Kplt -Knopreex
                          -Kprefetch_noconditional -Kprefetch_noindirect
                          -Kprefetch_sequential=auto -Kprefetch_nostride
                          -Kprefetch_cache_level=all -Kprefetch_noinfer
                          -Kprefetch_strong -Kprefetch_strong_L2 -Knopreload
                          -Ksch_post_ra -Ksch_pre_ra -Ksibling_calls
                          -Ksimd=auto -Ksimd_packed_promotion
                          -Ksimd_reduction_product -Ksimd_reg_size=512
                          -Ksimd_nouncounted_loop
                          -Ksimd_use_multiple_structures -Knostriping
                          -Knosubscript_opt -Kswp -Kswp_freg_rate=100
                          -Kswp_ireg_rate=100 -Kswp_preg_rate=100
                          -Kswp_policy=auto -Ktemparraystack -Kunroll
                          -Knounroll_and_jam -Knozfill
                          -Kopenmp -Kopenmp_noassume_norecurrence
                          -Kopenmp_nocollapse_except_innermost
                          -Kopenmp_noordered_reduction -Knoopenmp_simd
                          -Kthreadsafe -Kparallel -Kparallel_nofp_precision
                          -Knoarray_private -Knodynamic_iteration -Kreduction
                          -Kregion_extension
                          -Nallextput -Nalloc_assign
                          -Ncancel_overtime_compilation -Nnocheck_global
                          -Nnocoarray -Nnocompdisp -Nnocopyarg -Nnocoverage
                          -Nfjprof -Nfreealloc -Nf90move -Nnohook_func
                          -Nnohook_time -Nlibomp -Nline -Nlst -Nlst=p -Nlst=t
                          -Nnomallocfree -Nnoobsfun -Nnoprivatealloc
                          -Nquickdbg=noargchk -Nquickdbg=nosubchk
                          -Nquickdbg=noundef -NRnotrap -Nnorecursive
                          -Nnoreordered_variable_stack -Nrt_notune -Nnosave
                          -Nsetvalue=noheap -Nsetvalue=nostack
                          -Nsetvalue=noscalar -Nsetvalue=noarray
                          -Nsetvalue=nostruct -Nuse_rodata

 External subroutine subprogram "DDMID1"
  (line-no.)(nest)(optimize)
          1                           SUBROUTINE DDMID1(IMODE,MPT,MDOM,NPMID,MAXBUF,
          2                          *                  NPGAT,LPGAT,VGAT,
          3                          *                  NPSCT,LESCT,CSCT,VSCT,
          4                          *                  NGAT,LGAT,NPTGAT,IPMID,IPGAT,
          5                          *                  NSCT,LSCT,NPTSCT,IEMID,IPSCT,
          6                          *                  BUFRCV,BUFSND,IUT0,IERR)
          7                           IMPLICIT NONE
          8                           INTEGER*4 IMODE,
          9                          *          MPT,MDOM,NPMID,MAXBUF,NGAT,NSCT,NPGAT,NPSCT,IUT0,IERR
         10                           INTEGER*4 LGAT(MDOM),NPTGAT(MDOM),IPMID(MPT,MDOM),IPGAT(MPT,MDOM),
         11                          *          LSCT(MDOM),NPTSCT(MDOM),IEMID(MPT,MDOM),IPSCT(MPT,MDOM)
         12                     C
         13                           INTEGER*4 LPGAT(NPMID),LESCT(NPMID)
         14                           REAL*4    VGAT(NPMID),VSCT(NPMID),CSCT(3,NPMID)
         15                     C
         16                           REAL*4    BUFRCV(MAXBUF),BUFSND(MAXBUF)
         17                           INTEGER*4 NSTART,IDOM,IPT,IRECV,ISEND,MSGTYP,MSGLEN
         18                     C
         19                           CHARACTER*60 ERMSGB
         20                          & / ' ## SUBROUTINE DDMID1: FATAL     ERROR OCCURRENCE; RETURNED' /
         21                           CHARACTER*60 EREXP1
         22                          & / ' DIMENSION SIZE OF INTERNAL      ARRAYS IS NOT SUFFICIENT  ' /
         23                           CHARACTER*60 EREXP2
         24                          & / ' DIMENSION SIZE OF PASSED BUFFER ARRAYS IS NOT SUFFICIENT  ' /
         25                           CHARACTER*60 EREXP3
         26                          & / ' RECEIVED NODE NUMBER IS OUT OF THE GLOBAL NODE NUMBER     ' /
         27                     C
         28                     C
         29                           RETURN
         30                           END

 Diagnostic messages: program name(DDMID1)
   jwd2008i-i  "ddmid1.f", line 1: Dummy argument 'IERR' not used in this subprogram.
   jwd2008i-i  "ddmid1.f", line 1: Dummy argument 'IUT0' not used in this subprogram.
   jwd2008i-i  "ddmid1.f", line 1: Dummy argument 'NSCT' not used in this subprogram.
   jwd2008i-i  "ddmid1.f", line 1: Dummy argument 'NGAT' not used in this subprogram.
   jwd2008i-i  "ddmid1.f", line 1: Dummy argument 'NPSCT' not used in this subprogram.
   jwd2008i-i  "ddmid1.f", line 1: Dummy argument 'NPGAT' not used in this subprogram.
   jwd2008i-i  "ddmid1.f", line 1: Dummy argument 'IMODE' not used in this subprogram.
   jwd2008i-i  "ddmid1.f", line 10: Dummy argument 'IPSCT' not used in this subprogram.
   jwd2008i-i  "ddmid1.f", line 10: Dummy argument 'IEMID' not used in this subprogram.
   jwd2008i-i  "ddmid1.f", line 10: Dummy argument 'NPTSCT' not used in this subprogram.
   jwd2008i-i  "ddmid1.f", line 10: Dummy argument 'LSCT' not used in this subprogram.
   jwd2008i-i  "ddmid1.f", line 10: Dummy argument 'IPGAT' not used in this subprogram.
   jwd2008i-i  "ddmid1.f", line 10: Dummy argument 'IPMID' not used in this subprogram.
   jwd2008i-i  "ddmid1.f", line 10: Dummy argument 'NPTGAT' not used in this subprogram.
   jwd2008i-i  "ddmid1.f", line 10: Dummy argument 'LGAT' not used in this subprogram.
   jwd2008i-i  "ddmid1.f", line 13: Dummy argument 'LESCT' not used in this subprogram.
   jwd2008i-i  "ddmid1.f", line 13: Dummy argument 'LPGAT' not used in this subprogram.
   jwd2008i-i  "ddmid1.f", line 14: Dummy argument 'VSCT' not used in this subprogram.
   jwd2008i-i  "ddmid1.f", line 14: Dummy argument 'CSCT' not used in this subprogram.
   jwd2008i-i  "ddmid1.f", line 14: Dummy argument 'VGAT' not used in this subprogram.
   jwd2008i-i  "ddmid1.f", line 16: Dummy argument 'BUFSND' not used in this subprogram.
   jwd2008i-i  "ddmid1.f", line 16: Dummy argument 'BUFRCV' not used in this subprogram.
   jwd2006i-i  "ddmid1.f", line 17: 'MSGLEN' is declared but never referenced.
   jwd2006i-i  "ddmid1.f", line 17: 'MSGTYP' is declared but never referenced.
   jwd2006i-i  "ddmid1.f", line 17: 'ISEND' is declared but never referenced.
   jwd2006i-i  "ddmid1.f", line 17: 'IRECV' is declared but never referenced.
   jwd2006i-i  "ddmid1.f", line 17: 'IPT' is declared but never referenced.
   jwd2006i-i  "ddmid1.f", line 17: 'IDOM' is declared but never referenced.
   jwd2006i-i  "ddmid1.f", line 17: 'NSTART' is declared but never referenced.

 Procedure information
   Lines      : 30
   Statements : 14
   Stack(byte): 384
   Prefetch num: 0

 Total information
   Procedures       : 1
   Total lines      : 30
   Total statements : 14
   Total stack(byte): 384
   Total prefetch num: 0

