
 Fujitsu Fortran Version 4.7.0  Mon Jan 31 20:16:13 2022

 Compilation information
   Current directory : /vol0005/hp120295/u00324/FFBs/FFB.63.02.02/lib/src/dd_dmy
   Source file       : ddset4.f

 Option information
   Command line options : -Kident_mpi -f2004 -I/vol0005/hp120295/u00324/FFB/include -I/include/mpi/fujitsu/ -Kvisimpact,ocl,optmsg=2,openmp -Dcputime -Nlst=t -Cpp -Cfpp -c -I/opt/FJSVxtclanga/.common/MELI026/include/mpi/fujitsu -I/opt/FJSVxtclanga/.common/MELI026/lib64 -Knointentopt
   Cpp options          : -I/vol0005/hp120295/u00324/FFB/include -I/include/mpi/fujitsu/ -Dcputime -I/opt/FJSVxtclanga/.common/MELI026/include/mpi/fujitsu -I/opt/FJSVxtclanga/.common/MELI026/lib64 -Dunix -Dlinux -D__FUJITSU -D__FRT_major__=4 -D__FRT_minor__=7 -D__FRT_patchlevel__=0 -D__FRT_version__="4.7.0" -D__aarch64__ -D__unix -D_OPENMP=201511 -D__frt_version=800 -D__ARM_ARCH=8 -D__ARM_FEATURE_SVE -D__ELF__ -D__unix__ -D__linux__ -D__linux -Asystem(unix) -otmp
   Effective options    : -fi -g0 -AE -Fixed -O3 -X08
                          -x0 -xaccept=nomodule_allocatable
                          -KA64FX -KARMV8_3_A -KSVE -Kalign_commons
                          -Kalign_loops -Knoarray_declaration_opt
                          -Kassume=noshortloop -Kassume=nomemory_bandwidth
                          -Kassume=notime_saving_compilation -Kauto
                          -Kautoobjstack -Knocalleralloc -Kcmodel=small
                          -Keval -Keval_noconcurrent -Knoextract_stride_store
                          -Knofenv_access -Kfp_contract -Kfp_relaxed
                          -Kfsimple -Kfz -Khpctag -Kilfunc=procedure
                          -Knointentopt -Klargepage -Kloop_blocking
                          -Kloop_fission -Kloop_nofission_stripmining
                          -Kloop_fission_threshold=50 -Kloop_fusion
                          -Kloop_interchange -Kloop_part_parallel
                          -Kloop_part_simd -Kloop_perfect_nest
                          -Kloop_noversioning -Knolto -Kmfunc=1 -Kocl
                          -Komitfp -Knooptlib_string -Koptmsg=2
                          -Knopc_relative_literal_loads -Kplt -Knopreex
                          -Kprefetch_noconditional -Kprefetch_noindirect
                          -Kprefetch_sequential=auto -Kprefetch_nostride
                          -Kprefetch_cache_level=all -Kprefetch_noinfer
                          -Kprefetch_strong -Kprefetch_strong_L2 -Knopreload
                          -Ksch_post_ra -Ksch_pre_ra -Ksibling_calls
                          -Ksimd=auto -Ksimd_packed_promotion
                          -Ksimd_reduction_product -Ksimd_reg_size=512
                          -Ksimd_nouncounted_loop
                          -Ksimd_use_multiple_structures -Knostriping
                          -Knosubscript_opt -Kswp -Kswp_freg_rate=100
                          -Kswp_ireg_rate=100 -Kswp_preg_rate=100
                          -Kswp_policy=auto -Ktemparraystack -Kunroll
                          -Knounroll_and_jam -Knozfill
                          -Kopenmp -Kopenmp_noassume_norecurrence
                          -Kopenmp_nocollapse_except_innermost
                          -Kopenmp_noordered_reduction -Knoopenmp_simd
                          -Kthreadsafe -Kparallel -Kparallel_nofp_precision
                          -Knoarray_private -Knodynamic_iteration -Kreduction
                          -Kregion_extension
                          -Nallextput -Nalloc_assign
                          -Ncancel_overtime_compilation -Nnocheck_global
                          -Nnocoarray -Nnocompdisp -Nnocopyarg -Nnocoverage
                          -Nfjprof -Nfreealloc -Nf90move -Nnohook_func
                          -Nnohook_time -Nlibomp -Nline -Nlst -Nlst=p -Nlst=t
                          -Nnomallocfree -Nnoobsfun -Nnoprivatealloc
                          -Nquickdbg=noargchk -Nquickdbg=nosubchk
                          -Nquickdbg=noundef -NRnotrap -Nnorecursive
                          -Nnoreordered_variable_stack -Nrt_notune -Nnosave
                          -Nsetvalue=noheap -Nsetvalue=nostack
                          -Nsetvalue=noscalar -Nsetvalue=noarray
                          -Nsetvalue=nostruct -Nuse_rodata

 External subroutine subprogram "DDMAXI"
  (line-no.)(nest)(optimize)
          1                           SUBROUTINE DDMAXI(IBUF,IMAX,IERR)
          2                           IMPLICIT NONE
          3                     C
          4                           INTEGER*4 IBUF,IMAX,IERR
          5                     C
          6                           IMAX=IBUF
          7                     C
          8                           RETURN
          9                           END

 Diagnostic messages: program name(DDMAXI)
   jwd2008i-i  "ddset4.f", line 1: Dummy argument 'IERR' not used in this subprogram.

 Procedure information
   Lines      : 9
   Statements : 6
   Stack(byte): 368
   Prefetch num: 0

 External subroutine subprogram "DDSET4"
  (line-no.)(nest)(optimize)
         10                     C
         11                           SUBROUTINE DDSET4(IPART,NPART,NUM,LDATA,IERR)
         12                           IMPLICIT NONE
         13                           INTEGER*4 IPART,NPART,NUM,LDATA(NUM,NPART),IERR
         14                           INTEGER*4 LBUF(NUM),I
         15                     C
         16                           RETURN
         17                           END

 Diagnostic messages: program name(DDSET4)
   jwd2008i-i  "ddset4.f", line 11: Dummy argument 'IERR' not used in this subprogram.
   jwd2008i-i  "ddset4.f", line 11: Dummy argument 'IPART' not used in this subprogram.
   jwd2008i-i  "ddset4.f", line 13: Dummy argument 'LDATA' not used in this subprogram.
   jwd2006i-i  "ddset4.f", line 14: 'I' is declared but never referenced.
   jwd2006i-i  "ddset4.f", line 14: 'LBUF' is declared but never referenced.

 Procedure information
   Lines      : 8
   Statements : 6
   Stack(byte): 384
   Prefetch num: 0

 External subroutine subprogram "DDSET5"
  (line-no.)(nest)(optimize)
         18                     C
         19                           SUBROUTINE DDSET5(IPART,MBPDOM,
         20                          *                  NDOMS,LDOMS,NBDOMS,LBUFS,
         21                          *                  NDOMR,LDOMR,NBDOMR,LBUFR,IERR)
         22                           IMPLICIT NONE
         23                           INTEGER*4 IPART,MBPDOM,IERR,
         24                          *          NDOMS               ,NDOMR               ,
         25                          *          LDOMS (       NDOMS),LDOMR (       NDOMR),
         26                          *          NBDOMS(       NDOMS),NBDOMR(       NDOMR),
         27                          *          LBUFS (MBPDOM,NDOMS),LBUFR (MBPDOM,NDOMR)
         28                     C
         29                           INTEGER*4 NCOM,ISLFR,ISLFS,IDOMR,IDOMS,I
         30                           DATA NCOM  /0/
         31                           DATA ISLFR /0/
         32                           DATA ISLFS /0/
         33                     C
         34                           RETURN
         35                           END

 Diagnostic messages: program name(DDSET5)
   jwd2008i-i  "ddset4.f", line 19: Dummy argument 'IERR' not used in this subprogram.
   jwd2008i-i  "ddset4.f", line 19: Dummy argument 'IPART' not used in this subprogram.
   jwd2008i-i  "ddset4.f", line 23: Dummy argument 'LBUFR' not used in this subprogram.
   jwd2008i-i  "ddset4.f", line 23: Dummy argument 'NBDOMR' not used in this subprogram.
   jwd2008i-i  "ddset4.f", line 23: Dummy argument 'LDOMR' not used in this subprogram.
   jwd2008i-i  "ddset4.f", line 23: Dummy argument 'LBUFS' not used in this subprogram.
   jwd2008i-i  "ddset4.f", line 23: Dummy argument 'NBDOMS' not used in this subprogram.
   jwd2008i-i  "ddset4.f", line 23: Dummy argument 'LDOMS' not used in this subprogram.
   jwd2006i-i  "ddset4.f", line 29: 'I' is declared but never referenced.
   jwd2006i-i  "ddset4.f", line 29: 'IDOMS' is declared but never referenced.
   jwd2006i-i  "ddset4.f", line 29: 'IDOMR' is declared but never referenced.

 Procedure information
   Lines      : 18
   Statements : 9
   Stack(byte): 400
   Prefetch num: 0

 External subroutine subprogram "DDSET6"
  (line-no.)(nest)(optimize)
         36                     C
         37                           SUBROUTINE DDSET6(IPART,MCOMM,
         38                          *                  NDOMS,LDOMS,NBDOMS,LISTS,LBUFS,
         39                          *                  NDOMR,LDOMR,NBDOMR,LISTR,LBUFR,IERR)
         40                           IMPLICIT NONE
         41                           INTEGER*4 IPART,MBPDOM,IERR,
         42                          *          MCOMM,NDOMS,NDOMR,
         43                          *          LDOMS (NDOMS),LDOMR (NDOMR),
         44                          *          NBDOMS(NDOMS),NBDOMR(NDOMR),
         45                          *          LISTS (NDOMS),LISTR (NDOMR),
         46                          *          LBUFS (MCOMM),LBUFR (MCOMM)
         47                     C
         48                           INTEGER*4 NCOM,ISLFR,ISLFS,IDOMR,IDOMS,I
         49                           DATA NCOM  /0/
         50                           DATA ISLFR /0/
         51                           DATA ISLFS /0/
         52                     C
         53                           RETURN
         54                           END
         55                     C

 Diagnostic messages: program name(DDSET6)
   jwd2008i-i  "ddset4.f", line 37: Dummy argument 'IERR' not used in this subprogram.
   jwd2008i-i  "ddset4.f", line 37: Dummy argument 'IPART' not used in this subprogram.
   jwd2006i-i  "ddset4.f", line 41: 'MBPDOM' is declared but never referenced.
   jwd2008i-i  "ddset4.f", line 41: Dummy argument 'LBUFR' not used in this subprogram.
   jwd2008i-i  "ddset4.f", line 41: Dummy argument 'LISTR' not used in this subprogram.
   jwd2008i-i  "ddset4.f", line 41: Dummy argument 'NBDOMR' not used in this subprogram.
   jwd2008i-i  "ddset4.f", line 41: Dummy argument 'LDOMR' not used in this subprogram.
   jwd2008i-i  "ddset4.f", line 41: Dummy argument 'LBUFS' not used in this subprogram.
   jwd2008i-i  "ddset4.f", line 41: Dummy argument 'LISTS' not used in this subprogram.
   jwd2008i-i  "ddset4.f", line 41: Dummy argument 'NBDOMS' not used in this subprogram.
   jwd2008i-i  "ddset4.f", line 41: Dummy argument 'LDOMS' not used in this subprogram.
   jwd2006i-i  "ddset4.f", line 48: 'I' is declared but never referenced.
   jwd2006i-i  "ddset4.f", line 48: 'IDOMS' is declared but never referenced.
   jwd2006i-i  "ddset4.f", line 48: 'IDOMR' is declared but never referenced.

 Procedure information
   Lines      : 20
   Statements : 9
   Stack(byte): 400
   Prefetch num: 0

 Total information
   Procedures       : 4
   Total lines      : 55
   Total statements : 30
   Total stack(byte): 1552
   Total prefetch num: 0

