
 Fujitsu Fortran Version 4.7.0  Tue Dec 21 10:39:29 2021

 Compilation information
   Current directory : /vol0005/hp120295/u00324/FFBs/FFB.63.02.02/lib/src/dd_mpi
   Source file       : ddmid2.f

 Option information
   Command line options : -Kident_mpi -f2004 -I/vol0005/hp120295/u00324/FFB/include -I/include/mpi/fujitsu/ -Kvisimpact,ocl,optmsg=2,openmp -Dcputime -Nlst=t -Cpp -Cfpp -c -I/opt/FJSVxtclanga/.common/MELI026/include/mpi/fujitsu -I/opt/FJSVxtclanga/.common/MELI026/lib64 -Knointentopt
   Cpp options          : -I/vol0005/hp120295/u00324/FFB/include -I/include/mpi/fujitsu/ -Dcputime -I/opt/FJSVxtclanga/.common/MELI026/include/mpi/fujitsu -I/opt/FJSVxtclanga/.common/MELI026/lib64 -Dunix -Dlinux -D__FUJITSU -D__FRT_major__=4 -D__FRT_minor__=7 -D__FRT_patchlevel__=0 -D__FRT_version__="4.7.0" -D__aarch64__ -D__unix -D_OPENMP=201511 -D__frt_version=800 -D__ARM_ARCH=8 -D__ARM_FEATURE_SVE -D__ELF__ -D__unix__ -D__linux__ -D__linux -Asystem(unix) -otmp
   Effective options    : -fi -g0 -AE -Fixed -O3 -X08
                          -x0 -xaccept=nomodule_allocatable
                          -KA64FX -KARMV8_3_A -KSVE -Kalign_commons
                          -Kalign_loops -Knoarray_declaration_opt
                          -Kassume=noshortloop -Kassume=nomemory_bandwidth
                          -Kassume=notime_saving_compilation -Kauto
                          -Kautoobjstack -Knocalleralloc -Kcmodel=small
                          -Keval -Keval_noconcurrent -Knoextract_stride_store
                          -Knofenv_access -Kfp_contract -Kfp_relaxed
                          -Kfsimple -Kfz -Khpctag -Kilfunc=procedure
                          -Knointentopt -Klargepage -Kloop_blocking
                          -Kloop_fission -Kloop_nofission_stripmining
                          -Kloop_fission_threshold=50 -Kloop_fusion
                          -Kloop_interchange -Kloop_part_parallel
                          -Kloop_part_simd -Kloop_perfect_nest
                          -Kloop_noversioning -Knolto -Kmfunc=1 -Kocl
                          -Komitfp -Knooptlib_string -Koptmsg=2
                          -Knopc_relative_literal_loads -Kplt -Knopreex
                          -Kprefetch_noconditional -Kprefetch_noindirect
                          -Kprefetch_sequential=auto -Kprefetch_nostride
                          -Kprefetch_cache_level=all -Kprefetch_noinfer
                          -Kprefetch_strong -Kprefetch_strong_L2 -Knopreload
                          -Ksch_post_ra -Ksch_pre_ra -Ksibling_calls
                          -Ksimd=auto -Ksimd_packed_promotion
                          -Ksimd_reduction_product -Ksimd_reg_size=512
                          -Ksimd_nouncounted_loop
                          -Ksimd_use_multiple_structures -Knostriping
                          -Knosubscript_opt -Kswp -Kswp_freg_rate=100
                          -Kswp_ireg_rate=100 -Kswp_preg_rate=100
                          -Kswp_policy=auto -Ktemparraystack -Kunroll
                          -Knounroll_and_jam -Knozfill
                          -Kopenmp -Kopenmp_noassume_norecurrence
                          -Kopenmp_nocollapse_except_innermost
                          -Kopenmp_noordered_reduction -Knoopenmp_simd
                          -Kthreadsafe -Kparallel -Kparallel_nofp_precision
                          -Knoarray_private -Knodynamic_iteration -Kreduction
                          -Kregion_extension
                          -Nallextput -Nalloc_assign
                          -Ncancel_overtime_compilation -Nnocheck_global
                          -Nnocoarray -Nnocompdisp -Nnocopyarg -Nnocoverage
                          -Nfjprof -Nfreealloc -Nf90move -Nnohook_func
                          -Nnohook_time -Nlibomp -Nline -Nlst -Nlst=p -Nlst=t
                          -Nnomallocfree -Nnoobsfun -Nnoprivatealloc
                          -Nquickdbg=noargchk -Nquickdbg=nosubchk
                          -Nquickdbg=noundef -NRnotrap -Nnorecursive
                          -Nnoreordered_variable_stack -Nrt_notune -Nnosave
                          -Nsetvalue=noheap -Nsetvalue=nostack
                          -Nsetvalue=noscalar -Nsetvalue=noarray
                          -Nsetvalue=nostruct -Nuse_rodata

 External subroutine subprogram "DDMID2"
  (line-no.)(nest)(optimize)
          1                           SUBROUTINE DDMID2(IMODE,MPT,MDOM,NPMID,MAXBUF,
          2                          *                  NPGAT,LPGAT,VGAT,
          3                          *                  NPSCT,LESCT,CSCT,VSCT,
          4                          *                  NGAT,LGAT,NPTGAT,IPMID,IPGAT,
          5                          *                  NSCT,LSCT,NPTSCT,IEMID,IPSCT,
          6                          *                  BUFRCV,BUFSND,IUT0,IERR)
          7                           IMPLICIT NONE
          8                           INTEGER*4 IMODE,
          9                          *          MPT,MDOM,NPMID,MAXBUF,NGAT,NSCT,NPGAT,NPSCT,IUT0,IERR
         10                           INTEGER*4 LGAT(MDOM),NPTGAT(MDOM),IPMID(MPT,MDOM),IPGAT(MPT,MDOM),
         11                          *          LSCT(MDOM),NPTSCT(MDOM),IEMID(MPT,MDOM),IPSCT(MPT,MDOM)
         12                     C
         13                           INTEGER*4 LPGAT(NPMID),LESCT(NPMID)
         14                           REAL*4    VGAT(NPMID),VSCT(NPMID),CSCT(3,NPMID)
         15                     C
         16                           REAL*4    BUFRCV(MAXBUF),BUFSND(MAXBUF)
         17                           INTEGER*4 NSTART,IDOM,IPT,IRECV,ISEND,MSGTYP,MSGLEN,IPT2,ISTART
         18                     C
         19                           INCLUDE 'mpif.h'
         20                     C
         21                           INTEGER*4 MAXDOM
         22                           PARAMETER ( MAXDOM = 10000 )
         23                           INTEGER*4 MSGIDS(MAXDOM),MSGSTS(MPI_STATUS_SIZE,MAXDOM)
         24                     C
         25                           INTEGER*4 NGATR,NGATS,NSCTR,NSCTS
         26                     C
         27                           CHARACTER*60 ERMSGB
         28                          & / ' ## SUBROUTINE DDMID1: FATAL     ERROR OCCURRENCE; RETURNED' /
         29                           CHARACTER*60 EREXP1
         30                          & / ' DIMENSION SIZE OF INTERNAL      ARRAYS IS NOT SUFFICIENT  ' /
         31                           CHARACTER*60 EREXP2
         32                          & / ' DIMENSION SIZE OF PASSED BUFFER ARRAYS IS NOT SUFFICIENT  ' /
         33                           CHARACTER*60 EREXP3
         34                          & / ' RECEIVED NODE NUMBER IS OUT OF THE GLOBAL NODE NUMBER     ' /
         35                     C
         36                     C
         37                     C     COMMUNICATE MID NODE DATA (MPI VERSION)
         38                     C
         39                     C     WRITTEN BY Y.YAMADE 2011.01.03
         40                     C
         41                     C
         42                     C     ARGUMENT LISTINGS
         43                     C (1) INPUT
         44                     C INT *4   MPT         ; THE DIMENSION SIZE OF THE FIRST ELEMENTS OF THE
         45                     C                        PASSED ARRAYS 'IPSET', 'IPGAT', 'IEMID', AND 'IPSCT'
         46                     C                        (I.E. THE MAXIMUM NUMBER OF THE MID NODES FOR A
         47                     C                         SINGLE SUB-DOMAIN)
         48                     C INT *4   MDOM        ; MAX. NUMBER OF THE SUB-DOMAINS
         49                     C INT *4   MB          ; MAX. NUMBER OF GATHER/SCATTER DATA TO BE RETURNED
         50                     C INT *4   MAXBUF      ; LENGTH OF THE PASSED COMMUNICATION BUFFERS
         51                     C                        'BUFSND' AND 'BUFRCV' IN WORDS.
         52                     C INT *4   NGAT             ; NUMBER OF DOMAINS FOR GATHERING
         53                     C INT *4   LGAT      (IDOM) ; DOMAIN NUMBER     FOR GATHERING
         54                     C INT *4   NPTGAT    (IDOM) ; NUMBER OF GATHERED VALUES FOR THE
         55                     C                             DOMAIN 'LGAT'
         56                     C INT *4   IPMID (IPT,IDOM) ; MIN NODE NUMBER IN THE DOMAIN
         57                     C                             WHICH WILL RECEIVE GATHERED VALUES
         58                     C INT *4   IPGAT (IPT,IDOM) ; INDICATES POSITION OF GATHERED DATA
         59                     C                             IN THE PASSING MID NODE ARRAYS
         60                     C REAL*4   BUFGAT      (IB) ; GATHERD VALUE TO BE SENT
         61                     C
         62                     C INT *4   NSCT             ; NUMBER OF DOMAINS FOR SCATTERING
         63                     C INT *4   LSCT      (IDOM) ; DOMAIN NUMBER     FOR SCATTERING
         64                     C INT *4   NPTSCT    (IDOM) ; NUMBER OF VALUES TO BE SCATTERED
         65                     C                             FOR THE DOMAIN 'LGAT'
         66                     C INT *4   IEMID (IPT,IDOM) ; PARANT ELEMENT NUMBER IN THE DOMAIN
         67                     C                             WHICH WILL RECEIVE VALUES AND SCATTER IT
         68                     C INT *4   IPSCT (IPT,IDOM) ; INDICATES POSITION OF DATA TO BE SENT AND
         69                     C                             SCATTERED IN THE PASSING MID NODE ARRAYS
         70                     C REAL*4   BUFSCT      (IB) ; VALUE TO BE SENT AND SCATTERED
         71                     C REAL*4   CBUFST    (I,IB) ; COEEFECIENTS FOR SCATTERING
         72                     C
         73                     C INT *4   IUT0        ; FILE NUMBER TO WRITE ERROR MESSAGE
         74                     C
         75                     C (2) INPUT-OUTPUT
         76                     C INT *4   NPGAT       ; NUMBER OF GATHER GATA TO BE SENT AND RECIEVED
         77                     C INT *4   LPGAT  (IB) ; MID NODE NUMBER
         78                     C REAL*4   VGAT   (IB) ; GATHERED VALUES AT MID NODES
         79                     C INT *4   NPSCT       ; NUMBER OF SCATTER GATA TO BE SENT AND RECIEVED
         80                     C INT *4   LESCT  (IB) ; PARENT ELEMENT NUMBER
         81                     C REAL*4   CSCT (I,IB) ; COEEFECIENTS FOR SCATTERING
         82                     C REAL*4   VSCT   (IB) ; VALUES TO BE SCATTERED
         83                     C
         84                     C (3) OUTPUT
         85                     C INT *4   IERR             ; RETURN CODE WHOSE VALUE WILL BE EITHER
         86                     C                   0 --- INDICATING SUCCESSFUL TERMINATION
         87                     C                OR 1 --- INDICATING OCCURRENCE OF SOME ERROR CONDITIONS
         88                     C
         89                           IERR = 0
         90                     C
         91     1                     IF(IMODE.EQ.1) THEN
         92     1                         NGATS=NGAT
         93     1                         NGATR=NSCT
         94     1                         NSCTS=0
         95     1                         NSCTR=0
         96     1                     ELSE IF(IMODE.EQ.2) THEN
         97     1                         NGATS=0
         98     1                         NGATR=0
         99     1                         NSCTS=NSCT
        100     1                         NSCTR=NGAT
        101     1                     ELSE
        102     1                         IERR=1
        103     1                         RETURN
        104     1                     ENDIF
        105                     C
        106                     C
        107                     C
        108                     C CHECK THE INTERNAL ARRAY SIZE
        109                     C
        110                     C
        111                     C
        112     1                     IF(NGATR+NGATS+NSCTR+NSCTS.GT.MAXDOM) THEN
        113     1                         WRITE(IUT0,*) ERMSGB
        114     1                         WRITE(IUT0,*) EREXP1
        115     1                         IERR = 1
        116     1                         RETURN
        117     1                     ENDIF
        118                     C
        119                     C
        120                     C
        121                     C POST FOR SCATTER DATA
        122                     C
        123                     C
        124                     C NOTE THAT FOLLOWING TWO VALUES ARE SAME
        125                     C (1) NUM. OF GATHER  DATA TO BE SENT
        126                     C (2) NUM. OF SCATTER DATA TO BE RECIEVED
        127                     C
        128                           NSTART = 1
                              <<< Loop-information Start >>>
                              <<<  [OPTIMIZATION]
                              <<<    PREFETCH(HARD) Expected by compiler :
                              <<<      LGAT, NPTGAT
                              <<<    SPILLS :
                              <<<      GENERAL   : SPILL 1  FILL 4
                              <<<      SIMD&FP   : SPILL 0  FILL 0
                              <<<      SCALABLE  : SPILL 0  FILL 0
                              <<<      PREDICATE : SPILL 0  FILL 0
                              <<< Loop-information  End >>>
        129     1                     DO 1000 IDOM = 1 , NSCTR
        130     1                         MSGTYP = 2
        131     1                         IRECV  = LGAT(IDOM)-1
        132     1                         MSGLEN = 5*NPTGAT(IDOM)
        133     1               C
        134     2                         IF(NSTART+MSGLEN-1.GT.MAXBUF) THEN
        135     2                             WRITE(IUT0,*) ERMSGB
        136     2                             WRITE(IUT0,*) EREXP2
        137     2                             IERR = 1
        138     2                             RETURN
        139     2                         ENDIF
        140     1               C
        141     1               #ifdef PRECEXP
        142     1                         CALL MPI_IRECV(BUFRCV(NSTART),MSGLEN,MPI_REAL8,IRECV,MSGTYP,
        143     1                    &                   MPI_COMM_WORLD,MSGIDS(IDOM),IERR)
        144     1               #else
        145     1                         CALL MPI_IRECV(BUFRCV(NSTART),MSGLEN,MPI_REAL ,IRECV,MSGTYP,
        146     1                    &                   MPI_COMM_WORLD,MSGIDS(IDOM),IERR)
        147     1               #endif
        148     1               C
        149     1                         NSTART = NSTART+MSGLEN
        150     1                1000 CONTINUE
        151                     C
        152                     C
        153                     C
        154                     C POST FOR GATHER DATA
        155                     C
        156                     C
        157                     C
        158                     C
        159                     C NOTE THAT FOLLOWING TWO VALUES ARE SAME
        160                     C (1) NUM. OF SCATTER DATA TO BE SENT
        161                     C (2) NUM. OF GATHER  DATA TO BE RECIEVED
        162                     C
                              <<< Loop-information Start >>>
                              <<<  [OPTIMIZATION]
                              <<<    PREFETCH(HARD) Expected by compiler :
                              <<<      LSCT, NPTSCT
                              <<<    SPILLS :
                              <<<      GENERAL   : SPILL 1  FILL 4
                              <<<      SIMD&FP   : SPILL 0  FILL 0
                              <<<      SCALABLE  : SPILL 0  FILL 0
                              <<<      PREDICATE : SPILL 0  FILL 0
                              <<< Loop-information  End >>>
        163     1                     DO 1100 IDOM = 1 , NGATR
        164     1                         MSGTYP = 2
        165     1                         IRECV  = LSCT(IDOM)-1
        166     1                         MSGLEN = 2*NPTSCT(IDOM)
        167     1               C
        168     2                         IF(NSTART+MSGLEN-1.GT.MAXBUF) THEN
        169     2                             WRITE(IUT0,*) ERMSGB
        170     2                             WRITE(IUT0,*) EREXP2
        171     2                             IERR = 1
        172     2                             RETURN
        173     2                         ENDIF
        174     1               C
        175     1               #ifdef PRECEXP
        176     1                         CALL MPI_IRECV(BUFRCV(NSTART),MSGLEN,MPI_REAL8,IRECV,MSGTYP,
        177     1                    &                   MPI_COMM_WORLD,MSGIDS(NSCTR+IDOM),IERR)
        178     1               #else
        179     1                         CALL MPI_IRECV(BUFRCV(NSTART),MSGLEN,MPI_REAL ,IRECV,MSGTYP,
        180     1                    &                   MPI_COMM_WORLD,MSGIDS(NSCTR+IDOM),IERR)
        181     1               #endif
        182     1               C
        183     1                         NSTART = NSTART+MSGLEN
        184     1                1100 CONTINUE
        185                     C
        186                     C
        187                     C
        188                     C SET UP SEND BUFFER AND SEND GATHER DATA FOR EACH DOMAIN
        189                     C
        190                     C
        191                     C
        192                     C NOTE THAT FOLLOWING TWO VALUES ARE SAME
        193                     C
        194                           NSTART = 1
                              <<< Loop-information Start >>>
                              <<<  [OPTIMIZATION]
                              <<<    PREFETCH(HARD) Expected by compiler :
                              <<<      IPGAT, IPMID, BUFSND
                              <<< Loop-information  End >>>
        195     1                     DO 2000 IDOM = 1 , NGATS
        196     1                         MSGTYP = 2
        197     1                         ISEND  = LGAT(IDOM)-1
        198     1                         MSGLEN = 2*NPTGAT(IDOM)
        199     1               C
        200     2                         IF(NSTART+MSGLEN-1.GT.MAXBUF) THEN
        201     2                             WRITE(IUT0,*) ERMSGB
        202     2                             WRITE(IUT0,*) EREXP2
        203     2                             IERR = 1
        204     2                             RETURN
        205     2                         ENDIF
        206     1               #ifdef USE_DETAIL
        207     1                         call start_collection('ddmid1_2100')
        208     1               #endif
        209     1               !ocl norecurrence(BUFSND)
                              <<< Loop-information Start >>>
                              <<<  [PARALLELIZATION]
                              <<<    Standard iteration count: 433
                              <<<  [OPTIMIZATION]
                              <<<    SIMD(VL: 16)
                              <<<    SOFTWARE PIPELINING(IPC: 3.16, ITR: 320, MVE: 4, POL: S)
                              <<<    PREFETCH(HARD) Expected by compiler :
                              <<<      IPMID, IPGAT, BUFSND
                              <<< Loop-information  End >>>
        210     2  pp   2v                DO 2100 IPT = 1 , NPTGAT(IDOM)
        211     2   p   2v                    BUFSND(NSTART+2*(IPT-1)  ) = IPMID(IPT,IDOM)
        212     2   p   2v                    BUFSND(NSTART+2*(IPT-1)+1) = VGAT(IPGAT(IPT,IDOM))
        213     2   p   2v       2100     CONTINUE
        214     1               #ifdef USE_DETAIL
        215     1                         call stop_collection('ddmid1_2100')
        216     1               #endif
        217     1               C
        218     1               #ifdef PRECEXP
        219     1                         CALL MPI_ISEND(BUFSND(NSTART),MSGLEN,MPI_REAL8,ISEND,MSGTYP,
        220     1                    &                   MPI_COMM_WORLD,MSGIDS(NSCTR+NGATR+IDOM),IERR)
        221     1               #else
        222     1                         CALL MPI_ISEND(BUFSND(NSTART),MSGLEN,MPI_REAL ,ISEND,MSGTYP,
        223     1                    &                   MPI_COMM_WORLD,MSGIDS(NSCTR+NGATR+IDOM),IERR)
        224     1               #endif
        225     1               C
        226     1                         NSTART = NSTART+MSGLEN
        227     1                2000 CONTINUE
        228                     C
        229                     C
        230                     C
        231                     C SET UP SEND BUFFER AND SEND SCATTER DATA FOR EACH DOMAIN
        232                     C
        233                     C
        234                     C
                              <<< Loop-information Start >>>
                              <<<  [OPTIMIZATION]
                              <<<    PREFETCH(HARD) Expected by compiler :
                              <<<      IPSCT, IEMID, BUFSND
                              <<< Loop-information  End >>>
        235     1                     DO 2200 IDOM = 1 , NSCTS
        236     1                         MSGTYP = 2
        237     1                         ISEND  = LSCT(IDOM)-1
        238     1                         MSGLEN = 5*NPTSCT(IDOM)
        239     1               C
        240     2                         IF(NSTART+MSGLEN-1.GT.MAXBUF) THEN
        241     2                             WRITE(IUT0,*) ERMSGB
        242     2                             WRITE(IUT0,*) EREXP2
        243     2                             IERR = 1
        244     2                             RETURN
        245     2                         ENDIF
        246     1               C
        247     1               #ifdef USE_DETAIL
        248     1                         call start_collection('ddmid1_2300')
        249     1               #endif
        250     1               !ocl norecurrence(BUFSND)
                              <<< Loop-information Start >>>
                              <<<  [PARALLELIZATION]
                              <<<    Standard iteration count: 281
                              <<<  [OPTIMIZATION]
                              <<<    SIMD(VL: 16)
                              <<<    SOFTWARE PIPELINING(IPC: 2.60, ITR: 112, MVE: 3, POL: S)
                              <<<    PREFETCH(HARD) Expected by compiler :
                              <<<      IEMID, BUFSND, IPSCT
                              <<< Loop-information  End >>>
        251     2  pp    v                DO 2300 IPT = 1 , NPTSCT(IDOM)
        252     2   p    v                    BUFSND(NSTART+5*(IPT-1)  ) = IEMID(IPT,IDOM)
        253     2   p    v                    BUFSND(NSTART+5*(IPT-1)+1) = CSCT(1,IPSCT(IPT,IDOM))
        254     2   p    v                    BUFSND(NSTART+5*(IPT-1)+2) = CSCT(2,IPSCT(IPT,IDOM))
        255     2   p    v                    BUFSND(NSTART+5*(IPT-1)+3) = CSCT(3,IPSCT(IPT,IDOM))
        256     2   p    v                    BUFSND(NSTART+5*(IPT-1)+4) = VSCT(  IPSCT(IPT,IDOM))
        257     2   p    v       2300     CONTINUE
        258     1               #ifdef USE_DETAIL
        259     1                         call stop_collection('ddmid1_2300')
        260     1               #endif
        261     1               C
        262     1               #ifdef PRECEXP
        263     1                         CALL MPI_ISEND(BUFSND(NSTART),MSGLEN,MPI_REAL8,ISEND,MSGTYP,
        264     1                    &                   MPI_COMM_WORLD,MSGIDS(NGATR+NSCTR+NGATS+IDOM),
        265     1                    &                   IERR)
        266     1               #else
        267     1                         CALL MPI_ISEND(BUFSND(NSTART),MSGLEN,MPI_REAL ,ISEND,MSGTYP,
        268     1                    &                   MPI_COMM_WORLD,MSGIDS(NGATR+NSCTR+NGATS+IDOM),
        269     1                    &                   IERR)
        270     1               #endif
        271     1               C
        272     1                         NSTART = NSTART+MSGLEN
        273     1                2200 CONTINUE
        274                     C
        275                     C
        276                     C
        277                     C WAIT FOR THE COMPLETION OF ALL THE REQUESTED COMMUNICATIONS
        278                     C
        279                     C
        280                     C
        281                           CALL MPI_WAITALL(NGATR+NSCTR+NGATS+NSCTS,MSGIDS,MSGSTS,IERR)
        282                     C
        283                     C
        284                     C IMPORTANT NOTES!
        285                     C        AFTER A NON-BLOCKING SEND/RECEIVE ROUTINE, SUCH AS 'MPI_ISEND'
        286                     C    OR 'MPI_IRECV', IS CALLED, THE COMMUNICATION REQUEST CREATED BY
        287                     C    THESE ROUTINES MUST BE FREED EITHER BY EXPLICITLY OR IMPLICITLY.
        288                     C   'MPI_REQUEST_FREE' FREES SUCH REQUEST EXPLICITLY, WHILE A ROUTINE
        289                     C    WHICH IDENTIFIES COMPLETION OF THE REQUEST, SUCH AS 'MPI_WAIT',
        290                     C    'MPI_WAITANY', OR 'MPI_WAITALL' IMPLICITLY FREES THE REQUEST.
        291                     C        THIS INTERFACE PROGRAM USES 'MPI_WAITALL' ROUTINES TO FREE SUCH
        292                     C    REQUESTS. PAY PARTICULAR ATTENTION IF YOU WISH TO, INSTEAD, USE
        293                     C   'MPI_REQUEST_FREE', BECAUSE 'MPI_REQUEST_FREE' FREES THE REQUESTS
        294                     C    REGARDLESS OF THE STATE OF THE PREVIOUSLY CALLED COMMUNICATION
        295                     C    ROUTINES, THUS SOMETIMES FREES REQUESTS WHICH HAVE NOT BEEN
        296                     C    COMPLETED.
        297                     C
        298                     C
        299                     C
        300                     C    STORE SCATTER DATA FROM RECIEVE BUFFER
        301                     C
        302                     C
        303                     C
        304                     #ifdef USE_DETAIL
        305                           call start_collection('ddmid1_3000')
        306                     #endif
        307                     C
        308                           NPSCT=0
        309                           IF (NSCTR.EQ.0) GOTO 3300
        310                     C
                              <<< Loop-information Start >>>
                              <<<  [PARALLELIZATION]
                              <<<    Standard iteration count: 1067
                              <<<  [OPTIMIZATION]
                              <<<    SIMD(VL: 16)
                              <<< Loop-information  End >>>
        311     1  pp    v            DO 3000 IDOM = 1, NSCTR
        312     1   p    v               NPSCT=NPSCT+NPTGAT(IDOM)
        313     1   p    v       3000 CONTINUE
        314     1                     IF(NPSCT.GT.NPMID) THEN
        315     1                        WRITE(IUT0,*) ERMSGB
        316     1                        WRITE(IUT0,*) EREXP2
        317     1                        IERR = 1
        318     1                        RETURN
        319     1                     ENDIF
        320                     C
        321                           NSTART=1
                              <<< Loop-information Start >>>
                              <<<  [OPTIMIZATION]
                              <<<    PREFETCH(HARD) Expected by compiler :
                              <<<      BUFRCV, LESCT, VSCT, CSCT
                              <<< Loop-information  End >>>
        322     1                     DO 3100 IDOM = 1 , NSCTR
                              <<< Loop-information Start >>>
                              <<<  [PARALLELIZATION]
                              <<<    Standard iteration count: 320
                              <<<  [OPTIMIZATION]
                              <<<    SIMD(VL: 16)
                              <<<    SOFTWARE PIPELINING(IPC: 2.60, ITR: 128, MVE: 3, POL: S)
                              <<<    PREFETCH(HARD) Expected by compiler :
                              <<<      LESCT, BUFRCV, VSCT, CSCT
                              <<< Loop-information  End >>>
        323     2  pp    v               DO 3200 IPT = 1 , NPTGAT(IDOM)
        324     2   p    v                  IPT2=NSTART+IPT-1
        325     2   p    v                  ISTART=5*(NSTART+IPT-2)+1
        326     2   p    v                  LESCT(  IPT2)=BUFRCV(ISTART  )+0.1
        327     2   p    v                  CSCT (1,IPT2)=BUFRCV(ISTART+1)
        328     2   p    v                  CSCT (2,IPT2)=BUFRCV(ISTART+2)
        329     2   p    v                  CSCT (3,IPT2)=BUFRCV(ISTART+3)
        330     2   p    v                  VSCT (  IPT2)=BUFRCV(ISTART+4)
        331     2   p    v       3200    CONTINUE
        332     1                        NSTART=NSTART+NPTGAT(IDOM)
        333     1                3100 CONTINUE
        334                     C
        335                      3300 CONTINUE
        336                     #ifdef USE_DETAIL
        337                           call stop_collection('ddmid1_3000')
        338                     #endif
        339                     C
        340                     C
        341                     C
        342                     C    STORE SCATTER DATA FROM RECIEVE BUFFER
        343                     C
        344                     C
        345                     C
        346                     #ifdef USE_DETAIL
        347                           call start_collection('ddmid1_4000')
        348                     #endif
        349                     C
        350                           NPGAT=0
        351                           IF (NGATR.EQ.0) GOTO 4300
        352                     C
                              <<< Loop-information Start >>>
                              <<<  [PARALLELIZATION]
                              <<<    Standard iteration count: 1067
                              <<<  [OPTIMIZATION]
                              <<<    SIMD(VL: 16)
                              <<< Loop-information  End >>>
        353     1  pp    v            DO 4000 IDOM = 1, NGATR
        354     1   p    v               NPGAT=NPGAT+NPTSCT(IDOM)
        355     1   p    v       4000 CONTINUE
        356     1                     IF(NPGAT.GT.NPMID) THEN
        357     1                        WRITE(IUT0,*) ERMSGB
        358     1                        WRITE(IUT0,*) EREXP2
        359     1                        IERR = 1
        360     1                        RETURN
        361     1                     ENDIF
        362                     C
        363                           NSTART=1
                              <<< Loop-information Start >>>
                              <<<  [OPTIMIZATION]
                              <<<    PREFETCH(HARD) Expected by compiler :
                              <<<      BUFRCV, VGAT, LPGAT
                              <<< Loop-information  End >>>
        364     1                     DO 4100 IDOM = 1 , NGATR
                              <<< Loop-information Start >>>
                              <<<  [PARALLELIZATION]
                              <<<    Standard iteration count: 517
                              <<<  [OPTIMIZATION]
                              <<<    SIMD(VL: 16)
                              <<<    SOFTWARE PIPELINING(IPC: 3.16, ITR: 384, MVE: 6, POL: S)
                              <<<    PREFETCH(HARD) Expected by compiler :
                              <<<      VGAT, LPGAT, BUFRCV
                              <<< Loop-information  End >>>
        365     2  pp   2v               DO 4200 IPT = 1 , NPTSCT(IDOM)
        366     2   p   2v                  IPT2=NSTART+IPT-1
        367     2   p   2v                  ISTART=2*(NSTART+IPT-2)+1
        368     2   p   2v                  LPGAT(IPT2)=BUFRCV(ISTART  )+0.1
        369     2   p   2v                  VGAT (IPT2)=BUFRCV(ISTART+1)
        370     2   p   2v       4200    CONTINUE
        371     1                        NSTART=NSTART+NPTSCT(IDOM)
        372     1                4100 CONTINUE
        373                     C
        374                      4300 CONTINUE
        375                     #ifdef USE_DETAIL
        376                           call stop_collection('ddmid1_4000')
        377                     #endif
        378                     C
        379                           RETURN
        380                           END

 Diagnostic messages: program name(DDMID2)
   jwd8220o-i  "ddmid2.f", line 1: Optimizations is performed in this program unit with possibility of side effects. See informational messages below to determine which such optimizations have been performed.
   jwd5131p-i  "ddmid2.f", line 129: DO loop is not parallelized: multiple exits were found in the loop.
   jwd6131s-i  "ddmid2.f", line 129: SIMD conversion cannot be applied to DO loop: multiple exits are found in the loop.
   jwd8664o-i  "ddmid2.f", line 129: This loop cannot be software pipelined because the loop contains an instruction, such as function call, which is not supported by software pipelining.
   jwd5131p-i  "ddmid2.f", line 163: DO loop is not parallelized: multiple exits were found in the loop.
   jwd6131s-i  "ddmid2.f", line 163: SIMD conversion cannot be applied to DO loop: multiple exits are found in the loop.
   jwd8664o-i  "ddmid2.f", line 163: This loop cannot be software pipelined because the loop contains an instruction, such as function call, which is not supported by software pipelining.
   jwd5131p-i  "ddmid2.f", line 195: DO loop is not parallelized: multiple exits were found in the loop.
   jwd5001p-i  "ddmid2.f", line 210: DO loop with DO variable 'IPT' is parallelized.
   jwd6001s-i  "ddmid2.f", line 210: SIMD conversion is applied to DO loop with DO variable 'IPT'.
   jwd8204o-i  "ddmid2.f", line 210: This loop is software pipelined.
   jwd8205o-i  "ddmid2.f", line 210: The software-pipelined loop is chosen at run time when the iteration count is greater than or equal to 320.
   jwd5131p-i  "ddmid2.f", line 235: DO loop is not parallelized: multiple exits were found in the loop.
   jwd5001p-i  "ddmid2.f", line 251: DO loop with DO variable 'IPT' is parallelized.
   jwd6001s-i  "ddmid2.f", line 251: SIMD conversion is applied to DO loop with DO variable 'IPT'.
   jwd8204o-i  "ddmid2.f", line 251: This loop is software pipelined.
   jwd8205o-i  "ddmid2.f", line 251: The software-pipelined loop is chosen at run time when the iteration count is greater than or equal to 112.
   jwd5004p-i  "ddmid2.f", line 311: DO loop with DO variable 'IDOM' is parallelized. The DO loop contains the reduction operation.
   jwd6004s-i  "ddmid2.f", line 311: SIMD conversion is applied to DO loop with DO variable 'IDOM'. The DO loop contains a reduction operation.
   jwd5202p-i  "ddmid2.f", line 322: DO loop is not parallelized: data dependency of variable 'NSTART' may cause different results from serial execution for loop.
   jwd5208p-i  "ddmid2.f", line 322: DO loop is not parallelized: the assign-refer order of 'LESCT' in a parallel execution may differ from the assign-refer order in the serial execution.
   jwd5208p-i  "ddmid2.f", line 322: DO loop is not parallelized: the assign-refer order of 'VSCT' in a parallel execution may differ from the assign-refer order in the serial execution.
   jwd5208p-i  "ddmid2.f", line 322: DO loop is not parallelized: the assign-refer order of 'CSCT' in a parallel execution may differ from the assign-refer order in the serial execution.
   jwd5001p-i  "ddmid2.f", line 323: DO loop with DO variable 'IPT' is parallelized.
   jwd6001s-i  "ddmid2.f", line 323: SIMD conversion is applied to DO loop with DO variable 'IPT'.
   jwd8204o-i  "ddmid2.f", line 323: This loop is software pipelined.
   jwd8205o-i  "ddmid2.f", line 323: The software-pipelined loop is chosen at run time when the iteration count is greater than or equal to 128.
   jwd8209o-i  "ddmid2.f", line 324: Evaluation order of polynomial expression is changed according to commutative law of addition and multiplication.
   jwd8209o-i  "ddmid2.f", line 325: Evaluation order of polynomial expression is changed according to commutative law of addition and multiplication.
   jwd5004p-i  "ddmid2.f", line 353: DO loop with DO variable 'IDOM' is parallelized. The DO loop contains the reduction operation.
   jwd6004s-i  "ddmid2.f", line 353: SIMD conversion is applied to DO loop with DO variable 'IDOM'. The DO loop contains a reduction operation.
   jwd5202p-i  "ddmid2.f", line 364: DO loop is not parallelized: data dependency of variable 'NSTART' may cause different results from serial execution for loop.
   jwd5208p-i  "ddmid2.f", line 364: DO loop is not parallelized: the assign-refer order of 'LPGAT' in a parallel execution may differ from the assign-refer order in the serial execution.
   jwd5208p-i  "ddmid2.f", line 364: DO loop is not parallelized: the assign-refer order of 'VGAT' in a parallel execution may differ from the assign-refer order in the serial execution.
   jwd5001p-i  "ddmid2.f", line 365: DO loop with DO variable 'IPT' is parallelized.
   jwd6001s-i  "ddmid2.f", line 365: SIMD conversion is applied to DO loop with DO variable 'IPT'.
   jwd8204o-i  "ddmid2.f", line 365: This loop is software pipelined.
   jwd8205o-i  "ddmid2.f", line 365: The software-pipelined loop is chosen at run time when the iteration count is greater than or equal to 384.
   jwd8209o-i  "ddmid2.f", line 366: Evaluation order of polynomial expression is changed according to commutative law of addition and multiplication.
   jwd8209o-i  "ddmid2.f", line 367: Evaluation order of polynomial expression is changed according to commutative law of addition and multiplication.

 Procedure information
   Lines      : 4409
   Statements : 3409
   Stack(byte): 310848
   Prefetch num: 0

 Total information
   Procedures       : 1
   Total lines      : 4409
   Total statements : 3409
   Total stack(byte): 310848
   Total prefetch num: 0

