
 Fujitsu Fortran Version 4.4.0a  Thu Feb 18 12:40:08 2021

 Compilation information
   Current directory : /vol0004/hp120295/u00324/FFBs/FFB.63.02.02/lib/src/gf2
   Source file       : chkdd2.f

 Option information
   Command line options : -Kident_mpi -f2004 -I/vol0004/hp120295/u00324/FFB/include -I/include/mpi/fujitsu/ -Kvisimpact,ocl,optmsg=2,openmp -Dcputime -DUSE_TIMER -DUSE_BARRIER -Nlst=t -Cpp -Nfjomplib -c -I/opt/FJSVxtclanga/.common/MELI023/include/mpi/fujitsu -I/opt/FJSVxtclanga/.common/MELI023/lib64 -Knointentopt
   Cpp options          : -I/vol0004/hp120295/u00324/FFB/include -I/include/mpi/fujitsu/ -Dcputime -DUSE_TIMER -DUSE_BARRIER -I/opt/FJSVxtclanga/.common/MELI023/include/mpi/fujitsu -I/opt/FJSVxtclanga/.common/MELI023/lib64 -Dunix -Dlinux -D__FUJITSU -D__FRT_major__=4 -D__FRT_minor__=4 -D__FRT_patchlevel__=0 -D__FRT_version__="4.4.0a" -D__aarch64__ -D__unix -D_OPENMP=201511 -D__frt_version=800 -D__ARM_ARCH=8 -D__ARM_FEATURE_SVE -D__ELF__ -D__unix__ -D__linux__ -D__linux -Asystem(unix) -otmp
   Effective options    : -fi -g0 -AE -Fixed -O3 -X08
                          -x0 -xaccept=nomodule_allocatable
                          -KA64FX -KARMV8_3_A -KSVE -Kalign_commons
                          -Kalign_loops -Karray_declaration_opt
                          -Kassume=noshortloop -Kassume=nomemory_bandwidth
                          -Kassume=notime_saving_compilation -Kauto
                          -Kautoobjstack -Knocalleralloc -Kcmodel=small
                          -Keval -Keval_noconcurrent -Knoextract_stride_store
                          -Knofenv_access -Kfp_contract -Kfp_relaxed
                          -Kfsimple -Kfz -Khpctag -Kilfunc=procedure
                          -Knointentopt -Klargepage -Kloop_blocking
                          -Kloop_fission -Kloop_nofission_stripmining
                          -Kloop_fission_threshold=50 -Kloop_fusion
                          -Kloop_interchange -Kloop_part_parallel
                          -Kloop_part_simd -Kloop_perfect_nest
                          -Kloop_noversioning -Knolto -Kmfunc=1 -Kocl
                          -Komitfp -Knooptlib_string -Koptmsg=2
                          -Knopc_relative_literal_loads -Kplt -Knopreex
                          -Kprefetch_noconditional -Kprefetch_noindirect
                          -Kprefetch_sequential=auto -Kprefetch_nostride
                          -Kprefetch_cache_level=all -Kprefetch_noinfer
                          -Kprefetch_strong -Kprefetch_strong_L2 -Knopreload
                          -Ksch_post_ra -Ksch_pre_ra -Ksibling_calls
                          -Ksimd=auto -Ksimd_packed_promotion
                          -Ksimd_reduction_product -Ksimd_reg_size=512
                          -Ksimd_nouncounted_loop
                          -Ksimd_use_multiple_structures -Knostriping
                          -Knosubscript_opt -Kswp -Kswp_freg_rate=100
                          -Kswp_ireg_rate=100 -Kswp_preg_rate=100
                          -Kswp_policy=auto -Ktemparraystack -Kunroll
                          -Knounroll_and_jam -Knozfill
                          -Kopenmp -Kopenmp_noassume_norecurrence
                          -Kopenmp_nocollapse_except_innermost
                          -Kopenmp_noordered_reduction -Knoopenmp_simd
                          -Kthreadsafe -Kparallel -Kparallel_nofp_precision
                          -Knoarray_private -Knodynamic_iteration -Kreduction
                          -Kregion_extension
                          -Nallextput -Nalloc_assign
                          -Ncancel_overtime_compilation -Nnocheck_global
                          -Nnocoarray -Nnocompdisp -Nnocopyarg -Nnocoverage
                          -Nfjprof -Nfreealloc -Nf90move -Nnohook_func
                          -Nnohook_time -Nfjomplib -Nline -Nlst -Nlst=p
                          -Nlst=t -Nnomallocfree -Nnoobsfun -Nnoprivatealloc
                          -Nquickdbg=noargchk -Nquickdbg=nosubchk
                          -Nquickdbg=noundef -NRnotrap -Nnorecursive
                          -Nnoreordered_variable_stack -Nrt_notune -Nnosave
                          -Nsetvalue=noheap -Nsetvalue=nostack
                          -Nsetvalue=noscalar -Nsetvalue=noarray
                          -Nsetvalue=nostruct -Nuse_rodata

 External subroutine subprogram "CHKDD2"
  (line-no.)(nest)(optimize)
          1                           SUBROUTINE CHKDD2(MPART,MPPT,MEPT,MBPT,
          2                          *                  FILE,IUTDDD,IUT0,IUT6,
          3                          *                  MDOM,MBPDOM,
          4                          *                  LPWRK, LEWRK,
          5                          *                  LPINT1,LPINT2,LPINT3,
          6                          *                  LDOM,NBPDOM,IERR)
          7                           IMPLICIT NONE
          8                           INCLUDE 'gf2.h'
          9                     C
         10                     C[INPUT]
         11                           INTEGER*4 MPART,MPPT,MEPT,MBPT
         12                           INTEGER*4 IUTDDD
         13                           INTEGER*4 IUT0,IUT6
         14                           CHARACTER*60 FILE
         15                     C
         16                     C[OUTPUT]
         17                           INTEGER*4 MDOM,MBPDOM,IERR
         18                     C
         19                     C[WORK]
         20                           INTEGER*4 LPWRK(MPPT),LEWRK(MEPT),
         21                          *          LPINT1(MBPT),LPINT2(MBPT),LPINT3(MBPT),
         22                          *          LDOM(MPART),NBPDOM(MPART)
         23                     C
         24                     C[LOCAL]
         25                           INTEGER*4 NPPT,NEPT,NBPT,NDOM,NBPMAX
         26                     C
         27                           MDOM  =0
         28                           MBPDOM=0
         29                     C
         30                     CC[OPEN]
         31                           IACT = 3
         32                           CALL GFALL(IUT0,IUT6,IUTDDD,FILE,
         33                          *           MCOM,NCOMFL,COMFLE,
         34                          *           MCOM,NCOMST,COMSET,
         35                          *           IACT,IWRITE,INAME,IRESV,
         36                          *           ICAST,IDATA0,IALL,ISKIP,IERR,
         37                          *           '*PT_NODE *PT_ELEM *BC_INTR !',
         38                          *           NAME,MPPT,NPPT,LPWRK,
         39                          *           NAME,MEPT,NEPT,LEWRK,
         40                          *           NAME,MBPT,NBPT,LPINT1,LPINT2,LPINT3,
         41                          *           ICHECK)
         42                           IF (IERR.NE.0) RETURN
         43                     C
         44                      1000 CONTINUE
         45                     CC[CHECK DATA SIZE]
         46                           IACT = 5
         47                           CALL GFALL(IUT0,IUT6,IUTDDD,FILE,
         48                          *           MCOM,NCOMFL,COMFLE,
         49                          *           MCOM,NCOMST,COMSET,
         50                          *           IACT,IWRITE,INAME,IRESV,
         51                          *           ICAST,IDATA0,IALL,ISKIP,IERR,
         52                          *           '*PT_NODE *PT_ELEM *BC_INTR !',
         53                          *           NAME,MPPT,NPPT,LPWRK,
         54                          *           NAME,MEPT,NEPT,LEWRK,
         55                          *           NAME,MBPT,NBPT,LPINT1,LPINT2,LPINT3,
         56                          *           ICHECK)
         57                           IF (IERR.NE.0) RETURN
         58                     C
         59                           IF(IACT.EQ.7) GOTO 2000
         60                     C
         61                           CALL CHKCOM(MPART,NBPT,LPINT2,NDOM,NBPMAX,
         62                          *            LDOM,NBPDOM)
         63                           IF(NDOM  .GT.MDOM  ) MDOM  =NDOM
         64                           IF(NBPMAX.GT.MBPDOM) MBPDOM=NBPMAX
         65                     C
         66                           GOTO 1000
         67                     C
         68                      2000 CONTINUE
         69                     CC[CLOSE]
         70                           CALL GFALL(IUT0,IUT6,IUTDDD,FILE,
         71                          *           MCOM,NCOMFL,COMFLE,
         72                          *           MCOM,NCOMST,COMSET,
         73                          *           IACT,IWRITE,INAME,IRESV,
         74                          *           ICAST,IDATA0,IALL,ISKIP,IERR,
         75                          *           '*PT_NODE *PT_ELEM *BC_INTR !',
         76                          *           NAME,MPPT,NPPT,LPWRK,
         77                          *           NAME,MEPT,NEPT,LEWRK,
         78                          *           NAME,MBPT,NBPT,LPINT1,LPINT2,LPINT3,
         79                          *           ICHECK)
         80                           IF (IERR.NE.0) RETURN
         81                     C
         82                           WRITE(IUT6,*)
         83                           WRITE(IUT6,*) 'CHKDD2: MDOM  ',MDOM
         84                           WRITE(IUT6,*) 'CHKDD2: MBPDOM',MBPDOM
         85                     
         86                     C
         87                           RETURN
         88                           END

 Diagnostic messages: program name(CHKDD2)
   jwd2003i-i  "/vol0004/hp120295/u00324/FFB/include/gf2.h", line 16: 'CFLEFF' is declared in INCLUDE but never referenced.
   jwd2003i-i  "/vol0004/hp120295/u00324/FFB/include/gf2.h", line 16: 'CFLEBC' is declared in INCLUDE but never referenced.
   jwd2003i-i  "/vol0004/hp120295/u00324/FFB/include/gf2.h", line 16: 'CFLEMS' is declared in INCLUDE but never referenced.
   jwd2003i-i  "/vol0004/hp120295/u00324/FFB/include/gf2.h", line 17: 'CSETFF' is declared in INCLUDE but never referenced.
   jwd2003i-i  "/vol0004/hp120295/u00324/FFB/include/gf2.h", line 17: 'CSETBC' is declared in INCLUDE but never referenced.
   jwd2003i-i  "/vol0004/hp120295/u00324/FFB/include/gf2.h", line 17: 'CSETMS' is declared in INCLUDE but never referenced.
   jwd2003i-i  "/vol0004/hp120295/u00324/FFB/include/gf2.h", line 25: 'LERR' is declared in INCLUDE but never referenced.
   jwd5132p-i  "chkdd2.f", line 44: Loop is not parallelized: cannot parallelize DO WHILE constructs, DO UNTIL constructs, or loops by IF/GO TO statements.
   jwd6132s-i  "chkdd2.f", line 44: SIMD conversion cannot be applied to DO WHILE constructs, DO UNTIL constructs, or loops by IF/GO TO statements.
   jwd5132p-i  "chkdd2.f", line 57: Loop is not parallelized: cannot parallelize DO WHILE constructs, DO UNTIL constructs, or loops by IF/GO TO statements.

 Procedure information
   Lines      : 114
   Statements : 51
   Stack(byte): 1200880
   Prefetch num: 0

 External subroutine subprogram "CHKCOM"
  (line-no.)(nest)(optimize)
         89                     C
         90                     C
         91                           SUBROUTINE CHKCOM(MPART,NPINT,LPINT2,NDOM,NBPMAX,
         92                          *                  LDOM,NBPDOM)
         93                           IMPLICIT NONE
         94                     C
         95                     C[INPUT]
         96                           INTEGER*4 MPART,NPINT,LPINT2(NPINT)
         97                     C
         98                     C[OUTPUT]
         99                           INTEGER*4 NDOM,NBPMAX
        100                     C
        101                     C[WORK]
        102                           INTEGER*4 LDOM(MPART),NBPDOM(MPART)
        103                     C
        104                     C[LOACAL]
        105                           INTEGER*4 IDOM,ICHK,IPINT,IFNEW,I
        106                     C
                              <<< Loop-information Start >>>
                              <<<  [PARALLELIZATION]
                              <<<    Standard iteration count: 2000
                              <<<  [OPTIMIZATION]
                              <<<    SIMD(VL: 16)
                              <<<    PREFETCH(HARD) Expected by compiler :
                              <<<      NBPDOM
                              <<< Loop-information  End >>>
        107     1  pp   4v            DO 1000 IDOM=1,MPART
        108     1   p   4v                NBPDOM(IDOM)=0
        109     1   p   4v       1000 CONTINUE
        110                     C
        111                           NDOM  =0
        112                           NBPMAX=0
        113                     C
        114     1                     DO 2000 IPINT=1,NPINT
        115     1                         IFNEW=LPINT2(IPINT)
                              <<< Loop-information Start >>>
                              <<<  [OPTIMIZATION]
                              <<<    PREFETCH(HARD) Expected by compiler :
                              <<<      LDOM
                              <<< Loop-information  End >>>
        116     2                         DO 2100 ICHK=1,NDOM
        117     3                             IF(LDOM(ICHK).EQ.IFNEW) THEN
        118     3                                 IDOM=IFNEW
        119     3                                 GOTO 2200
        120     3                             ENDIF
        121     2                2100     CONTINUE
        122     1               C
        123     1                         NDOM=NDOM+1
        124     1                         IDOM=IFNEW
        125     1                         LDOM(NDOM)=IFNEW
        126     1               C
        127     1                2200     CONTINUE
        128     1                         NBPDOM(IDOM)=NBPDOM(IDOM)+1
        129     1                         IF(NBPDOM(IDOM).GT.NBPMAX) NBPMAX=NBPDOM(IDOM)
        130     1                2000 CONTINUE
        131                     C
        132                           RETURN
        133                           END
        134                     

 Diagnostic messages: program name(CHKCOM)
   jwd2006i-i  "chkdd2.f", line 105: 'I' is declared but never referenced.
   jwd5001p-i  "chkdd2.f", line 107: DO loop with DO variable 'IDOM' is parallelized.
   jwd6001s-i  "chkdd2.f", line 107: SIMD conversion is applied to DO loop with DO variable 'IDOM'.
   jwd8663o-i  "chkdd2.f", line 107: This loop is not software pipelined because the software pipelining does not improve the performance.
   jwd8202o-i  "chkdd2.f", line 107: Loop unrolled 4 times.
   jwd5202p-i  "chkdd2.f", line 114: DO loop is not parallelized: data dependency of variable 'NBPMAX' may cause different results from serial execution for loop.
   jwd5202p-i  "chkdd2.f", line 114: DO loop is not parallelized: data dependency of variable 'NDOM' may cause different results from serial execution for loop.
   jwd5208p-i  "chkdd2.f", line 114: DO loop is not parallelized: the assign-refer order of 'LDOM' in a parallel execution may differ from the assign-refer order in the serial execution.
   jwd5208p-i  "chkdd2.f", line 114: DO loop is not parallelized: the assign-refer order of 'NBPDOM' in a parallel execution may differ from the assign-refer order in the serial execution.
   jwd5131p-i  "chkdd2.f", line 116: DO loop is not parallelized: multiple exits were found in the loop.
   jwd6131s-i  "chkdd2.f", line 116: SIMD conversion cannot be applied to DO loop: multiple exits are found in the loop.
   jwd8671o-i  "chkdd2.f", line 116: This loop cannot be software pipelined because the shape of the loop is not covered by software pipelining.

 Procedure information
   Lines      : 46
   Statements : 28
   Stack(byte): 736
   Prefetch num: 0

 Total information
   Procedures       : 2
   Total lines      : 160
   Total statements : 79
   Total stack(byte): 1201616
   Total prefetch num: 0

