
 Fujitsu Fortran Version 4.4.0a  Thu Feb 18 12:40:07 2021

 Compilation information
   Current directory : /vol0004/hp120295/u00324/FFBs/FFB.63.02.02/lib/src/gf2
   Source file       : chkddd.f

 Option information
   Command line options : -Kident_mpi -f2004 -I/vol0004/hp120295/u00324/FFB/include -I/include/mpi/fujitsu/ -Kvisimpact,ocl,optmsg=2,openmp -Dcputime -DUSE_TIMER -DUSE_BARRIER -Nlst=t -Cpp -Nfjomplib -c -I/opt/FJSVxtclanga/.common/MELI023/include/mpi/fujitsu -I/opt/FJSVxtclanga/.common/MELI023/lib64 -Knointentopt
   Cpp options          : -I/vol0004/hp120295/u00324/FFB/include -I/include/mpi/fujitsu/ -Dcputime -DUSE_TIMER -DUSE_BARRIER -I/opt/FJSVxtclanga/.common/MELI023/include/mpi/fujitsu -I/opt/FJSVxtclanga/.common/MELI023/lib64 -Dunix -Dlinux -D__FUJITSU -D__FRT_major__=4 -D__FRT_minor__=4 -D__FRT_patchlevel__=0 -D__FRT_version__="4.4.0a" -D__aarch64__ -D__unix -D_OPENMP=201511 -D__frt_version=800 -D__ARM_ARCH=8 -D__ARM_FEATURE_SVE -D__ELF__ -D__unix__ -D__linux__ -D__linux -Asystem(unix) -otmp
   Effective options    : -fi -g0 -AE -Fixed -O3 -X08
                          -x0 -xaccept=nomodule_allocatable
                          -KA64FX -KARMV8_3_A -KSVE -Kalign_commons
                          -Kalign_loops -Karray_declaration_opt
                          -Kassume=noshortloop -Kassume=nomemory_bandwidth
                          -Kassume=notime_saving_compilation -Kauto
                          -Kautoobjstack -Knocalleralloc -Kcmodel=small
                          -Keval -Keval_noconcurrent -Knoextract_stride_store
                          -Knofenv_access -Kfp_contract -Kfp_relaxed
                          -Kfsimple -Kfz -Khpctag -Kilfunc=procedure
                          -Knointentopt -Klargepage -Kloop_blocking
                          -Kloop_fission -Kloop_nofission_stripmining
                          -Kloop_fission_threshold=50 -Kloop_fusion
                          -Kloop_interchange -Kloop_part_parallel
                          -Kloop_part_simd -Kloop_perfect_nest
                          -Kloop_noversioning -Knolto -Kmfunc=1 -Kocl
                          -Komitfp -Knooptlib_string -Koptmsg=2
                          -Knopc_relative_literal_loads -Kplt -Knopreex
                          -Kprefetch_noconditional -Kprefetch_noindirect
                          -Kprefetch_sequential=auto -Kprefetch_nostride
                          -Kprefetch_cache_level=all -Kprefetch_noinfer
                          -Kprefetch_strong -Kprefetch_strong_L2 -Knopreload
                          -Ksch_post_ra -Ksch_pre_ra -Ksibling_calls
                          -Ksimd=auto -Ksimd_packed_promotion
                          -Ksimd_reduction_product -Ksimd_reg_size=512
                          -Ksimd_nouncounted_loop
                          -Ksimd_use_multiple_structures -Knostriping
                          -Knosubscript_opt -Kswp -Kswp_freg_rate=100
                          -Kswp_ireg_rate=100 -Kswp_preg_rate=100
                          -Kswp_policy=auto -Ktemparraystack -Kunroll
                          -Knounroll_and_jam -Knozfill
                          -Kopenmp -Kopenmp_noassume_norecurrence
                          -Kopenmp_nocollapse_except_innermost
                          -Kopenmp_noordered_reduction -Knoopenmp_simd
                          -Kthreadsafe -Kparallel -Kparallel_nofp_precision
                          -Knoarray_private -Knodynamic_iteration -Kreduction
                          -Kregion_extension
                          -Nallextput -Nalloc_assign
                          -Ncancel_overtime_compilation -Nnocheck_global
                          -Nnocoarray -Nnocompdisp -Nnocopyarg -Nnocoverage
                          -Nfjprof -Nfreealloc -Nf90move -Nnohook_func
                          -Nnohook_time -Nfjomplib -Nline -Nlst -Nlst=p
                          -Nlst=t -Nnomallocfree -Nnoobsfun -Nnoprivatealloc
                          -Nquickdbg=noargchk -Nquickdbg=nosubchk
                          -Nquickdbg=noundef -NRnotrap -Nnorecursive
                          -Nnoreordered_variable_stack -Nrt_notune -Nnosave
                          -Nsetvalue=noheap -Nsetvalue=nostack
                          -Nsetvalue=noscalar -Nsetvalue=noarray
                          -Nsetvalue=nostruct -Nuse_rodata

 External subroutine subprogram "CHKDDD"
  (line-no.)(nest)(optimize)
          1                           SUBROUTINE CHKDDD(FILE,IUTDDD,IUT0,IUT6,
          2                          *                  MPART,MPPT,MEPT,MBPT,IERR)
          3                           IMPLICIT NONE
          4                           INCLUDE 'gf2.h'
          5                     C
          6                     C[INPUT]
          7                           INTEGER*4 IUTDDD
          8                           INTEGER*4 IUT0,IUT6
          9                           CHARACTER*60 FILE
         10                     C
         11                     C[OUTPUT]
         12                           INTEGER*4 MP,MPPT,MEPT,MBPT,IERR
         13                     C
         14                     C[LOCAL]
         15                           INTEGER*4 LDUM
         16                           INTEGER*4 MPART,NPPT,NEPT,NBPT
         17                     C
         18                           MPART=0
         19                           MPPT=0
         20                           MEPT=0
         21                           MBPT=0
         22                     C
         23                     CC[OPEN]
         24                           IACT = 3
         25                           CALL GFALL(IUT0,IUT6,IUTDDD,FILE,
         26                          *           MCOM,NCOMFL,COMFLE,
         27                          *           MCOM,NCOMST,COMSET,
         28                          *           IACT,IWRITE,INAME,IRESV,
         29                          *           ICAST,IDATA0,IALL,ISKIP1,IERR,
         30                          *           '*PT_NODE *PT_ELEM *BC_INTR !',
         31                          *           NAME,MPPT,NPPT,LDUM,
         32                          *           NAME,MEPT,NEPT,LDUM,
         33                          *           NAME,MBPT,NBPT,LDUM,LDUM,LDUM,
         34                          *           ICHECK)
         35                           IF (IERR.NE.0) RETURN
         36                     C
         37                      1000 CONTINUE
         38                     CC[CHECK DATA SIZE]
         39                           IACT = 5
         40                           CALL GFALL(IUT0,IUT6,IUTDDD,FILE,
         41                          *           MCOM,NCOMFL,COMFLE,
         42                          *           MCOM,NCOMST,COMSET,
         43                          *           IACT,IWRITE,INAME,IRESV,
         44                          *           ICAST,IDATA0,IALL,ISKIP1,IERR,
         45                          *           '*PT_NODE *PT_ELEM *BC_INTR !',
         46                          *           NAME,MPPT,NPPT,LDUM,
         47                          *           NAME,MEPT,NEPT,LDUM,
         48                          *           NAME,MBPT,NBPT,LDUM,LDUM,LDUM,
         49                          *           ICHECK)
         50                           IF (IERR.NE.0) RETURN
         51                           MPART=MPART+1
         52                     C
         53                           IF(NPPT.GT.MPPT) MPPT=NPPT
         54                           IF(NEPT.GT.MEPT) MEPT=NEPT
         55                           IF(NBPT.GT.MBPT) MBPT=NBPT
         56                     C
         57                           IF(IACT.NE.7) GOTO 1000
         58                     C
         59                     CC[CLOSE]
         60                           CALL GFALL(IUT0,IUT6,IUTDDD,FILE,
         61                          *           MCOM,NCOMFL,COMFLE,
         62                          *           MCOM,NCOMST,COMSET,
         63                          *           IACT,IWRITE,INAME,IRESV,
         64                          *           ICAST,IDATA0,IALL,ISKIP1,IERR,
         65                          *           '*PT_NODE *PT_ELEM *BC_INTR !',
         66                          *           NAME,MPPT,NPPT,LDUM,
         67                          *           NAME,MEPT,NEPT,LDUM,
         68                          *           NAME,MBPT,NBPT,LDUM,LDUM,LDUM,
         69                          *           ICHECK)
         70                           IF (IERR.NE.0) RETURN
         71                     C
         72                           MPART=MPART-1
         73                     C
         74                           WRITE(IUT6,*)
         75                           WRITE(IUT6,*) 'CHKDDD: MPART',MPART
         76                           WRITE(IUT6,*) 'CHKDDD: MPPT ',MPPT
         77                           WRITE(IUT6,*) 'CHKDDD: MEPT ',MEPT
         78                           WRITE(IUT6,*) 'CHKDDD: MBPT ',MBPT
         79                     C
         80                           RETURN
         81                           END
         82                     C
         83                     

 Diagnostic messages: program name(CHKDDD)
   jwd2006i-i  "chkddd.f", line 12: 'MP' is declared but never referenced.
   jwd5132p-i  "chkddd.f", line 37: Loop is not parallelized: cannot parallelize DO WHILE constructs, DO UNTIL constructs, or loops by IF/GO TO statements.
   jwd6132s-i  "chkddd.f", line 37: SIMD conversion cannot be applied to DO WHILE constructs, DO UNTIL constructs, or loops by IF/GO TO statements.
   jwd2003i-i  "/vol0004/hp120295/u00324/FFB/include/gf2.h", line 16: 'CFLEFF' is declared in INCLUDE but never referenced.
   jwd2003i-i  "/vol0004/hp120295/u00324/FFB/include/gf2.h", line 16: 'CFLEBC' is declared in INCLUDE but never referenced.
   jwd2003i-i  "/vol0004/hp120295/u00324/FFB/include/gf2.h", line 16: 'CFLEMS' is declared in INCLUDE but never referenced.
   jwd2003i-i  "/vol0004/hp120295/u00324/FFB/include/gf2.h", line 17: 'CSETFF' is declared in INCLUDE but never referenced.
   jwd2003i-i  "/vol0004/hp120295/u00324/FFB/include/gf2.h", line 17: 'CSETBC' is declared in INCLUDE but never referenced.
   jwd2003i-i  "/vol0004/hp120295/u00324/FFB/include/gf2.h", line 17: 'CSETMS' is declared in INCLUDE but never referenced.
   jwd2003i-i  "/vol0004/hp120295/u00324/FFB/include/gf2.h", line 25: 'LERR' is declared in INCLUDE but never referenced.

 Procedure information
   Lines      : 109
   Statements : 54
   Stack(byte): 1201024
   Prefetch num: 0

 Total information
   Procedures       : 1
   Total lines      : 109
   Total statements : 54
   Total stack(byte): 1201024
   Total prefetch num: 0

