+ unset _mlre _mlIFS _mlshdbg
+ '[' 0 = 1 ']'
+ export MODULES_RUN_QUARANTINE=LD_LIBRARY_PATH
+ MODULES_RUN_QUARANTINE=LD_LIBRARY_PATH
+ '[' -n x ']'
+ _mlIFS=' 	
'
+ IFS=' '
+ for _mlv in ${MODULES_RUN_QUARANTINE:-}
+ '[' LD_LIBRARY_PATH = LD_LIBRARY_PATH -a LD_LIBRARY_PATH = LD_LIBRARY_PATH ']'
++ eval 'echo ${LD_LIBRARY_PATH+x}'
+++ echo x
+ '[' -n x ']'
++ eval 'echo ${LD_LIBRARY_PATH}'
+++ echo /var/crash/opt/FJSVxtclanga/.common/MECA014/lib64:/opt/FJSVxtclanga/tcsds-1.2.24/lib64
+ _mlre='LD_LIBRARY_PATH_modquar='\''/var/crash/opt/FJSVxtclanga/.common/MECA014/lib64:/opt/FJSVxtclanga/tcsds-1.2.24/lib64'\'' '
+ _mlrv=MODULES_RUNENV_LD_LIBRARY_PATH
++ eval 'echo ${MODULES_RUNENV_LD_LIBRARY_PATH:-}'
+++ echo
+ _mlre='LD_LIBRARY_PATH_modquar='\''/var/crash/opt/FJSVxtclanga/.common/MECA014/lib64:/opt/FJSVxtclanga/tcsds-1.2.24/lib64'\'' LD_LIBRARY_PATH='\'''\'' '
+ '[' -n 'LD_LIBRARY_PATH_modquar='\''/var/crash/opt/FJSVxtclanga/.common/MECA014/lib64:/opt/FJSVxtclanga/tcsds-1.2.24/lib64'\'' LD_LIBRARY_PATH='\'''\'' ' ']'
+ _mlre='eval LD_LIBRARY_PATH_modquar='\''/var/crash/opt/FJSVxtclanga/.common/MECA014/lib64:/opt/FJSVxtclanga/tcsds-1.2.24/lib64'\'' LD_LIBRARY_PATH='\'''\'' '
++ eval 'LD_LIBRARY_PATH_modquar='\''/var/crash/opt/FJSVxtclanga/.common/MECA014/lib64:/opt/FJSVxtclanga/tcsds-1.2.24/lib64'\''' 'LD_LIBRARY_PATH='\'''\''' /usr/bin/tclsh /usr/share/Modules/libexec/modulecmd.tcl bash autoinit
+++ LD_LIBRARY_PATH_modquar=/var/crash/opt/FJSVxtclanga/.common/MECA014/lib64:/opt/FJSVxtclanga/tcsds-1.2.24/lib64
+++ LD_LIBRARY_PATH=
+++ /usr/bin/tclsh /usr/share/Modules/libexec/modulecmd.tcl bash autoinit
+ eval 'module() {
   unset _mlre _mlIFS _mlshdbg;
   if [ "${MODULES_SILENT_SHELL_DEBUG:-0}" = '\''1'\'' ]; then
      case "$-" in
         *v*x*) set +vx; _mlshdbg='\''vx'\'' ;;
         *v*) set +v; _mlshdbg='\''v'\'' ;;
         *x*) set +x; _mlshdbg='\''x'\'' ;;
         *) _mlshdbg='\'''\'' ;;
      esac;
   fi;
   if [ -n "${IFS+x}" ]; then
      _mlIFS=$IFS;
   fi;
   IFS='\'' '\'';
   for _mlv in ${MODULES_RUN_QUARANTINE:-}; do
      if [ "${_mlv}" = "${_mlv##*[!A-Za-z0-9_]}" -a "${_mlv}" = "${_mlv#[0-9]}" ]; then
         if [ -n "`eval '\''echo ${'\''$_mlv'\''+x}'\''`" ]; then
            _mlre="${_mlre:-}${_mlv}_modquar='\''`eval '\''echo ${'\''$_mlv'\''}'\''`'\'' ";
         fi;
         _mlrv="MODULES_RUNENV_${_mlv}";
         _mlre="${_mlre:-}${_mlv}='\''`eval '\''echo ${'\''$_mlrv'\'':-}'\''`'\'' ";
      fi;
   done;
   if [ -n "${_mlre:-}" ]; then
      eval `eval ${_mlre}/usr/bin/tclsh /usr/share/Modules/libexec/modulecmd.tcl bash '\''"$@"'\''`;
   else
      eval `/usr/bin/tclsh /usr/share/Modules/libexec/modulecmd.tcl bash "$@"`;
   fi;
   _mlstatus=$?;
   if [ -n "${_mlIFS+x}" ]; then
      IFS=$_mlIFS;
   else
      unset IFS;
   fi;
   if [ -n "${_mlshdbg:-}" ]; then
      set -$_mlshdbg;
   fi;
   unset _mlre _mlv _mlrv _mlIFS _mlshdbg;
   return $_mlstatus;
};
MODULES_CMD=/usr/share/Modules/libexec/modulecmd.tcl; export MODULES_CMD;
MODULESHOME=/usr/share/Modules; export MODULESHOME;
test 0;'
++ MODULES_CMD=/usr/share/Modules/libexec/modulecmd.tcl
++ export MODULES_CMD
++ MODULESHOME=/usr/share/Modules
++ export MODULESHOME
++ test 0
+ '[' -n x ']'
+ IFS=' 	
'
+ unset _mlIFS
+ unset _mlre _mlv _mlrv
+ '[' 0 = 1 ']'
+ '[' -t 2 ']'
+ export -f module
+ export -f switchml
+ ENV=/usr/share/Modules/init/profile.sh
+ export ENV
+ BASH_ENV=/usr/share/Modules/init/bash
+ export BASH_ENV
+ '[' 4 -ge 3 ']'
+ [[ hxB =~ i ]]
+ [[ ! :/home/g9300001/u93021/bin:/home/g9300001/u93021/local/bin:/var/crash/opt/FJSVxtclanga/.common/MECA014/bin:/opt/FJSVxtclanga/tcsds-1.2.24/bin:/usr/share/Modules/bin:/usr/local/bin:/usr/bin:/usr/local/sbin:/usr/sbin: =~ :/usr/share/Modules/bin: ]]
++ manpath
+ manpath=/home/g9300001/u93021/local/share/man:/usr/local/share/man:/usr/share/man
+ [[ ! :/home/g9300001/u93021/local/share/man:/usr/local/share/man:/usr/share/man: =~ :/usr/share/man: ]]
+ '[' -n '' ']'
+ module load lang/tcsds-1.2.24
+ unset _mlre _mlIFS _mlshdbg
+ '[' 0 = 1 ']'
+ '[' -n x ']'
+ _mlIFS=' 	
'
+ IFS=' '
+ for _mlv in ${MODULES_RUN_QUARANTINE:-}
+ '[' LD_LIBRARY_PATH = LD_LIBRARY_PATH -a LD_LIBRARY_PATH = LD_LIBRARY_PATH ']'
++ eval 'echo ${LD_LIBRARY_PATH+x}'
+++ echo x
+ '[' -n x ']'
++ eval 'echo ${LD_LIBRARY_PATH}'
+++ echo /var/crash/opt/FJSVxtclanga/.common/MECA014/lib64:/opt/FJSVxtclanga/tcsds-1.2.24/lib64
+ _mlre='LD_LIBRARY_PATH_modquar='\''/var/crash/opt/FJSVxtclanga/.common/MECA014/lib64:/opt/FJSVxtclanga/tcsds-1.2.24/lib64'\'' '
+ _mlrv=MODULES_RUNENV_LD_LIBRARY_PATH
++ eval 'echo ${MODULES_RUNENV_LD_LIBRARY_PATH:-}'
+++ echo
+ _mlre='LD_LIBRARY_PATH_modquar='\''/var/crash/opt/FJSVxtclanga/.common/MECA014/lib64:/opt/FJSVxtclanga/tcsds-1.2.24/lib64'\'' LD_LIBRARY_PATH='\'''\'' '
+ '[' -n 'LD_LIBRARY_PATH_modquar='\''/var/crash/opt/FJSVxtclanga/.common/MECA014/lib64:/opt/FJSVxtclanga/tcsds-1.2.24/lib64'\'' LD_LIBRARY_PATH='\'''\'' ' ']'
++ eval 'LD_LIBRARY_PATH_modquar='\''/var/crash/opt/FJSVxtclanga/.common/MECA014/lib64:/opt/FJSVxtclanga/tcsds-1.2.24/lib64'\''' 'LD_LIBRARY_PATH='\'''\''' /usr/bin/tclsh /usr/share/Modules/libexec/modulecmd.tcl bash '"$@"'
+++ LD_LIBRARY_PATH_modquar=/var/crash/opt/FJSVxtclanga/.common/MECA014/lib64:/opt/FJSVxtclanga/tcsds-1.2.24/lib64
+++ LD_LIBRARY_PATH=
+++ /usr/bin/tclsh /usr/share/Modules/libexec/modulecmd.tcl bash load lang/tcsds-1.2.24
+ eval
+ _mlstatus=0
+ '[' -n x ']'
+ IFS=' 	
'
+ '[' -n '' ']'
+ unset _mlre _mlv _mlrv _mlIFS _mlshdbg
+ return 0
+ export FFB=./les3x.mpi
+ FFB=./les3x.mpi
+ export MESHGEN=./mesh_bound
+ MESHGEN=./mesh_bound
+ export PARALLEL=12
+ PARALLEL=12
+ export OMP_NUM_THREADS=12
+ OMP_NUM_THREADS=12
+ export OMPI_MCA_plm_ple_memory_allocation_policy=bind_local
+ OMPI_MCA_plm_ple_memory_allocation_policy=bind_local
+ export 'NUMAPARAM=-C12-59 -m4-7'
+ NUMAPARAM='-C12-59 -m4-7'
+ export 'FIPP=fipp -C -d FIPP.dir -Icall,hwm -Puserfunc -Srange -l0 -i10 -m10000'
+ FIPP='fipp -C -d FIPP.dir -Icall,hwm -Puserfunc -Srange -l0 -i10 -m10000'
+ export 'TIMEX=/usr/bin/time -p'
+ TIMEX='/usr/bin/time -p'
+ export LANG=C
+ LANG=C
++ /usr/bin/id -g -n
+ export MYGROUP=g9300001
+ MYGROUP=g9300001
++ /usr/bin/id -u -n
+ export MYNAME=u93021
+ MYNAME=u93021
+ export SLEEP=10
+ SLEEP=10
+ echo ----------------------------------------
+ echo pre-process
+ echo 'making rankdir, copy files, making mesh'
+ echo ----------------------------------------
+ mkdir 01.PREPARE
+ mpiexec -oferr-proc 01.PREPARE/file_stderr -ofout-proc 01.PREPARE/file_stdout ./script01.PREPARE.sh
+ echo ''
+ echo ----------------------------------------
+ echo 'pre-run, clear files'
+ echo ----------------------------------------
+ mkdir 02.PRERUN
+ mpiexec -oferr-proc 02.PRERUN/file_stderr -ofout-proc 02.PRERUN/file_stdout ./script02.PRERUN.sh
+ echo ''
+ echo ----------------------------------------
+ echo 'main-run, copy files'
+ echo ----------------------------------------
+ mkdir 03.MAINRUN
+ mkdir 10.HISTORY
+ mkdir 11.LES3XLOG
+ mkdir 12.TIMECSV
+ mpiexec -oferr-proc 03.MAINRUN/file_stderr -ofout-proc 03.MAINRUN/file_stdout ./script03.MAINRUN.sh
+ cp 03.MAINRUN/file_stdout.3.0 11.LES3XLOG/les3x.log.P000001
+ echo ''
+ echo ----------------------------------------
+ echo post-process
+ echo 'copy files, delete job files'
+ echo ----------------------------------------
+ mkdir 99.POST
+ mpiexec -oferr-proc 99.POST/file_stderr -ofout-proc 99.POST/file_stdout ./script99.POST.sh
+ echo ''
